#
# A fatal error has been detected by the Java Runtime Environment:
#
#  EXCEPTION_ACCESS_VIOLATION (0xc0000005) at pc=0x00007ffa9990b445, pid=14548, tid=13496
#
# JRE version: Java(TM) SE Runtime Environment 18.9 (11.0.18+9) (build 11.0.18+9-LTS-195)
# Java VM: Java HotSpot(TM) 64-Bit Server VM 18.9 (11.0.18+9-LTS-195, mixed mode, tiered, compressed oops, g1 gc, windows-amd64)
# Problematic frame:
# C  0x00007ffa9990b445
#
# No core dump will be written. Minidumps are not enabled by default on client versions of Windows
#
# If you would like to submit a bug report, please visit:
#   https://bugreport.java.com/bugreport/crash.jsp
# The crash happened outside the Java Virtual Machine in native code.
# See problematic frame for where to report the bug.
#

---------------  S U M M A R Y ------------

Command Line: -javaagent:D:\tools\IntelliJ IDEA 2021.1.1\lib\idea_rt.jar=55547:D:\tools\IntelliJ IDEA 2021.1.1\bin -Dfile.encoding=UTF-8 org.openjfx.Main

Host: Intel(R) Core(TM) i5-8300H CPU @ 2.30GHz, 8 cores, 15G,  Windows 10 , 64 bit Build 19041 (10.0.19041.2546)
Time: Thu Mar 16 18:56:21 2023  Windows 10 , 64 bit Build 19041 (10.0.19041.2546) elapsed time: 228.168845 seconds (0d 0h 3m 48s)

---------------  T H R E A D  ---------------

Current thread (0x00000251687f6800):  JavaThread "Thread-11" [_thread_in_native, id=13496, stack(0x000000a73a100000,0x000000a73a200000)]

Stack: [0x000000a73a100000,0x000000a73a200000],  sp=0x000000a73a1fee38,  free space=1019k
Native frames: (J=compiled Java code, j=interpreted, Vv=VM code, C=native code)
C  0x00007ffa9990b445

Java frames: (J=compiled Java code, j=interpreted, Vv=VM code)
J 5569  org.bytedeco.ffmpeg.global.swscale.sws_scale(Lorg/bytedeco/ffmpeg/swscale/SwsContext;Lorg/bytedeco/javacpp/PointerPointer;Lorg/bytedeco/javacpp/IntPointer;IILorg/bytedeco/javacpp/PointerPointer;Lorg/bytedeco/javacpp/IntPointer;)I (0 bytes) @ 0x000002514b19fa6b [0x000002514b19f9a0+0x00000000000000cb]
J 5670 c1 org.bytedeco.javacv.FFmpegFrameGrabber.processImage()V (508 bytes) @ 0x00000251445c3024 [0x00000251445c2000+0x0000000000001024]
J 5561 c1 org.bytedeco.javacv.FFmpegFrameGrabber.grabFrame(ZZZZ)Lorg/bytedeco/javacv/Frame; (901 bytes) @ 0x000002514456d324 [0x000002514456b9e0+0x0000000000001944]
J 5560 c1 org.bytedeco.javacv.FFmpegFrameGrabber.grabImage()Lorg/bytedeco/javacv/Frame; (9 bytes) @ 0x000002514456f0dc [0x000002514456f040+0x000000000000009c]
j  org.openjfx.service.PullStream.lambda$getPullStream$0(Ljava/lang/String;Lorg/bytedeco/javacv/FFmpegFrameGrabber;)V+45
j  org.openjfx.service.PullStream$$Lambda$734.run()V+12
j  java.lang.Thread.run()V+11 java.base@11.0.18
v  ~StubRoutines::call_stub

siginfo: EXCEPTION_ACCESS_VIOLATION (0xc0000005), reading address 0x000002512079c000


Register to memory mapping:

RIP=0x00007ffa9990b445 points into unknown readable memory: 66 41 0f
RAX=0x00000000000004fd is an unknown value
RBX=0x0000000000000429 is an unknown value
RCX=0x00000000000004fb is an unknown value
RDX=0x0000025124005cc0 points into unknown readable memory: 0x4000400040004000 | 00 40 00 40 00 40 00 40
RSP=0x000000a73a1fee38 is pointing into the stack for thread: 0x00000251687f6800
RBP=0x000002516f7917c0 points into unknown readable memory: 0x00000251243bd100 | 00 d1 3b 24 51 02 00 00
RSI=0x000002511fb9bb00 points into unknown readable memory: 0x00007ffa9992b540 | 40 b5 92 99 fa 7f 00 00
RDI=0x00000000000003c0 is an unknown value
R8 =0xfffffffffffffebc is an unknown value
R9 =0x000002512079bb00 points into unknown readable memory: 0x0000000000000000 | 00 00 00 00 00 00 00 00
R10=0x00000251243bef00 points into unknown readable memory: 0x2000180008000000 | 00 00 00 08 00 18 00 20
R11=0x0000025123e3d380 points into unknown readable memory: 0x0000077c0000077c | 7c 07 00 00 7c 07 00 00
R12=0x0000000000000780 is an unknown value
R13=0x0000000000020000 is an unknown value
R14=0x000002516f729a08 points into unknown readable memory: 0x0000025124005540 | 40 55 00 24 51 02 00 00
R15=0x000002516f7291c0 points into unknown readable memory: 0x0000025120631ac0 | c0 1a 63 20 51 02 00 00


Registers:
RAX=0x00000000000004fd, RBX=0x0000000000000429, RCX=0x00000000000004fb, RDX=0x0000025124005cc0
RSP=0x000000a73a1fee38, RBP=0x000002516f7917c0, RSI=0x000002511fb9bb00, RDI=0x00000000000003c0
R8 =0xfffffffffffffebc, R9 =0x000002512079bb00, R10=0x00000251243bef00, R11=0x0000025123e3d380
R12=0x0000000000000780, R13=0x0000000000020000, R14=0x000002516f729a08, R15=0x000002516f7291c0
RIP=0x00007ffa9990b445, EFLAGS=0x0000000000010282

Top of Stack: (sp=0x000000a73a1fee38)
0x000000a73a1fee38:   00007ffa998b25d2 00007ffa000003c0
0x000000a73a1fee48:   00007ffa00000212 00000251243b9300
0x000000a73a1fee58:   000003c000000212 00000251243bd100
0x000000a73a1fee68:   0000025123e3c480 0000025100000004
0x000000a73a1fee78:   000002516f79d5c0 000002516f79c380
0x000000a73a1fee88:   0000042d00000780 00000251157cb080
0x000000a73a1fee98:   000002511fb9bb00 0000000000000006
0x000000a73a1feea8:   0000000000000427 000002516f7291e8
0x000000a73a1feeb8:   000002516f7291c0 0000000000000428
0x000000a73a1feec8:   0000000000000002 0000000000000428
0x000000a73a1feed8:   00007ffa998e8611 0000000000000000
0x000000a73a1feee8:   0000000100000000 000000a73a1fef80
0x000000a73a1feef8:   00007ffa00000006 00007ffa00000426
0x000000a73a1fef08:   00007ffa00000426 00007ffa00000000
0x000000a73a1fef18:   000000000000021c 000000a700000000
0x000000a73a1fef28:   00000251687f6800 000000a73a1fef60 

Instructions: (pc=0x00007ffa9990b445)
0x00007ffa9990b425:   63 44 83 04 66 41 0f 6e 04 09 66 41 0f 6e 24 01
0x00007ffa9990b435:   4b 63 4c 83 08 4b 63 44 83 0c 66 41 0f 6e 0c 09
0x00007ffa9990b445:   66 41 0f 6e 2c 01 66 0f 62 c4 66 0f 62 cd 66 0f
0x00007ffa9990b455:   60 c3 66 0f 60 cb 66 43 0f f5 04 c2 66 43 0f f5 


Stack slot to memory mapping:
stack at sp + 0 slots: 0x00007ffa998b25d2 points into unknown readable memory: e9 1c ff ff ff 66
stack at sp + 1 slots: 0x00007ffa000003c0 is an unknown value
stack at sp + 2 slots: 0x00007ffa00000212 is an unknown value
stack at sp + 3 slots: 0x00000251243b9300 points into unknown readable memory: 0x0000080018002000 | 00 20 00 18 00 08 00 00
stack at sp + 4 slots: 0x000003c000000212 is an unknown value
stack at sp + 5 slots: 0x00000251243bd100 points into unknown readable memory: 0x0000080018002000 | 00 20 00 18 00 08 00 00
stack at sp + 6 slots: 0x0000025123e3c480 points into unknown readable memory: 0x0000000100000000 | 00 00 00 00 01 00 00 00
stack at sp + 7 slots: 0x0000025100000004 points into unknown readable memory: 00 00 00 00


---------------  P R O C E S S  ---------------

Threads class SMR info:
_java_thread_list=0x0000025166f29470, length=29, elements={
0x000002513a522800, 0x000002515f973000, 0x000002515f974800, 0x000002515fa04800,
0x000002515fa06800, 0x000002515fa08000, 0x000002515fa0d000, 0x000002515fa19000,
0x000002515fa1c000, 0x000002515f0ab000, 0x00000251605a8800, 0x0000025160319000,
0x000002516082c800, 0x000002516084b800, 0x00000251608a8000, 0x0000025161095800,
0x000002516708c000, 0x0000025167132000, 0x0000025161413800, 0x0000025161414800,
0x0000025161417800, 0x0000025161417000, 0x000002516141a000, 0x0000025161416000,
0x0000025161418800, 0x0000025161419800, 0x00000251687f5800, 0x00000251687f6800,
0x00000251687f0800
}

Java Threads: ( => current thread )
  0x000002513a522800 JavaThread "main" [_thread_blocked, id=8320, stack(0x000000a735000000,0x000000a735100000)]
  0x000002515f973000 JavaThread "Reference Handler" daemon [_thread_blocked, id=10316, stack(0x000000a735700000,0x000000a735800000)]
  0x000002515f974800 JavaThread "Finalizer" daemon [_thread_blocked, id=1356, stack(0x000000a735800000,0x000000a735900000)]
  0x000002515fa04800 JavaThread "Signal Dispatcher" daemon [_thread_blocked, id=5836, stack(0x000000a735900000,0x000000a735a00000)]
  0x000002515fa06800 JavaThread "Attach Listener" daemon [_thread_blocked, id=15080, stack(0x000000a735a00000,0x000000a735b00000)]
  0x000002515fa08000 JavaThread "Service Thread" daemon [_thread_blocked, id=9492, stack(0x000000a735b00000,0x000000a735c00000)]
  0x000002515fa0d000 JavaThread "C2 CompilerThread0" daemon [_thread_blocked, id=4420, stack(0x000000a735c00000,0x000000a735d00000)]
  0x000002515fa19000 JavaThread "C1 CompilerThread0" daemon [_thread_blocked, id=7064, stack(0x000000a735d00000,0x000000a735e00000)]
  0x000002515fa1c000 JavaThread "Sweeper thread" daemon [_thread_blocked, id=5548, stack(0x000000a735e00000,0x000000a735f00000)]
  0x000002515f0ab000 JavaThread "Common-Cleaner" daemon [_thread_blocked, id=15020, stack(0x000000a735f00000,0x000000a736000000)]
  0x00000251605a8800 JavaThread "Monitor Ctrl-Break" daemon [_thread_in_native, id=9564, stack(0x000000a736100000,0x000000a736200000)]
  0x0000025160319000 JavaThread "JavaFX-Launcher" [_thread_blocked, id=15352, stack(0x000000a736300000,0x000000a736400000)]
  0x000002516082c800 JavaThread "QuantumRenderer-0" daemon [_thread_blocked, id=8464, stack(0x000000a736400000,0x000000a736500000)]
  0x000002516084b800 JavaThread "InvokeLaterDispatcher" daemon [_thread_blocked, id=14088, stack(0x000000a736600000,0x000000a736700000)]
  0x00000251608a8000 JavaThread "JavaFX Application Thread" [_thread_in_native, id=11612, stack(0x000000a736700000,0x000000a736800000)]
  0x0000025161095800 JavaThread "Thread-2" daemon [_thread_in_native, id=9264, stack(0x000000a737000000,0x000000a737100000)]
  0x000002516708c000 JavaThread "Prism Font Disposer" daemon [_thread_blocked, id=3788, stack(0x000000a737400000,0x000000a737500000)]
  0x0000025167132000 JavaThread "Cleaner-0" daemon [_thread_blocked, id=12344, stack(0x000000a737700000,0x000000a737800000)]
  0x0000025161413800 JavaThread "mysql-cj-abandoned-connection-cleanup" daemon [_thread_blocked, id=2732, stack(0x000000a736000000,0x000000a736100000)]
  0x0000025161414800 JavaThread "Java2D Disposer" daemon [_thread_blocked, id=3732, stack(0x000000a737800000,0x000000a737900000)]
  0x0000025161417800 JavaThread "AWT-Windows" daemon [_thread_in_native, id=2704, stack(0x000000a737a00000,0x000000a737b00000)]
  0x0000025161417000 JavaThread "Thread-4" [_thread_in_native, id=14504, stack(0x000000a736500000,0x000000a736600000)]
  0x000002516141a000 JavaThread "JavaCPP Deallocator" daemon [_thread_blocked, id=13420, stack(0x000000a737d00000,0x000000a737e00000)]
  0x0000025161416000 JavaThread "Thread-7" [_thread_in_native, id=12148, stack(0x000000a739a00000,0x000000a739b00000)]
  0x0000025161418800 JavaThread "AWT-Shutdown" [_thread_blocked, id=11632, stack(0x000000a739b00000,0x000000a739c00000)]
  0x0000025161419800 JavaThread "AWT-EventQueue-0" [_thread_blocked, id=10556, stack(0x000000a739c00000,0x000000a739d00000)]
  0x00000251687f5800 JavaThread "Thread-9" [_thread_in_native, id=12920, stack(0x000000a739d00000,0x000000a739e00000)]
=>0x00000251687f6800 JavaThread "Thread-11" [_thread_in_native, id=13496, stack(0x000000a73a100000,0x000000a73a200000)]
  0x00000251687f0800 JavaThread "Thread-12" [_thread_in_native, id=11144, stack(0x000000a736900000,0x000000a736a00000)]

Other Threads:
  0x000002515f0ed000 VMThread "VM Thread" [stack: 0x000000a735600000,0x000000a735700000] [id=9500]
  0x00000251605a9000 WatcherThread [stack: 0x000000a736200000,0x000000a736300000] [id=11008]
  0x000002513a539000 GCTaskThread "GC Thread#0" [stack: 0x000000a735100000,0x000000a735200000] [id=7068]
  0x0000025161184800 GCTaskThread "GC Thread#1" [stack: 0x000000a736b00000,0x000000a736c00000] [id=12240]
  0x000002516116a800 GCTaskThread "GC Thread#2" [stack: 0x000000a736c00000,0x000000a736d00000] [id=9380]
  0x0000025161172000 GCTaskThread "GC Thread#3" [stack: 0x000000a736d00000,0x000000a736e00000] [id=7412]
  0x000002516119c000 GCTaskThread "GC Thread#4" [stack: 0x000000a736e00000,0x000000a736f00000] [id=11532]
  0x0000025160f5c000 GCTaskThread "GC Thread#5" [stack: 0x000000a736f00000,0x000000a737000000] [id=13904]
  0x0000025167c63000 GCTaskThread "GC Thread#6" [stack: 0x000000a737b00000,0x000000a737c00000] [id=1248]
  0x0000025167c83800 GCTaskThread "GC Thread#7" [stack: 0x000000a737c00000,0x000000a737d00000] [id=15004]
  0x000002513a594000 ConcurrentGCThread "G1 Main Marker" [stack: 0x000000a735200000,0x000000a735300000] [id=12640]
  0x000002513a597800 ConcurrentGCThread "G1 Conc#0" [stack: 0x000000a735300000,0x000000a735400000] [id=1268]
  0x0000025166b53800 ConcurrentGCThread "G1 Conc#1" [stack: 0x000000a737500000,0x000000a737600000] [id=2856]
  0x000002515efcb000 ConcurrentGCThread "G1 Refine#0" [stack: 0x000000a735400000,0x000000a735500000] [id=14500]
  0x000002515efcc000 ConcurrentGCThread "G1 Young RemSet Sampling" [stack: 0x000000a735500000,0x000000a735600000] [id=1912]

Threads with active compile tasks:

VM state:not at safepoint (normal execution)

VM Mutex/Monitor currently owned by a thread: None

Heap address: 0x0000000701a00000, size: 4070 MB, Compressed Oops mode: Zero based, Oop shift amount: 3
Narrow klass base: 0x0000000800000000, Narrow klass shift: 0
Compressed class space size: 1073741824 Address: 0x0000000800000000

Heap:
 garbage-first heap   total 349184K, used 150850K [0x0000000701a00000, 0x0000000800000000)
  region size 1024K, 19 young (19456K), 1 survivors (1024K)
 Metaspace       used 42961K, capacity 44152K, committed 44412K, reserved 1089536K
  class space    used 4759K, capacity 5325K, committed 5376K, reserved 1048576K
Heap Regions: E=young(eden), S=young(survivor), O=old, HS=humongous(starts), HC=humongous(continues), CS=collection set, F=free, A=archive, TAMS=top-at-mark-start (previous, next)
|   0|0x0000000701a00000, 0x0000000701b00000, 0x0000000701b00000|100%| O|  |TAMS 0x0000000701b00000, 0x0000000701a00000| Untracked 
|   1|0x0000000701b00000, 0x0000000701c00000, 0x0000000701c00000|100%| O|  |TAMS 0x0000000701c00000, 0x0000000701b00000| Untracked 
|   2|0x0000000701c00000, 0x0000000701d00000, 0x0000000701d00000|100%| O|  |TAMS 0x0000000701d00000, 0x0000000701c00000| Untracked 
|   3|0x0000000701d00000, 0x0000000701e00000, 0x0000000701e00000|100%| O|  |TAMS 0x0000000701e00000, 0x0000000701d00000| Untracked 
|   4|0x0000000701e00000, 0x0000000701f00000, 0x0000000701f00000|100%| O|  |TAMS 0x0000000701f00000, 0x0000000701e00000| Untracked 
|   5|0x0000000701f00000, 0x0000000702000000, 0x0000000702000000|100%| O|  |TAMS 0x0000000702000000, 0x0000000701f00000| Untracked 
|   6|0x0000000702000000, 0x0000000702100000, 0x0000000702100000|100%| O|  |TAMS 0x0000000702100000, 0x0000000702000000| Untracked 
|   7|0x0000000702100000, 0x0000000702200000, 0x0000000702200000|100%|HS|  |TAMS 0x0000000702200000, 0x0000000702100000| Complete 
|   8|0x0000000702200000, 0x0000000702300000, 0x0000000702300000|100%|HC|  |TAMS 0x0000000702300000, 0x0000000702200000| Complete 
|   9|0x0000000702300000, 0x0000000702400000, 0x0000000702400000|100%|HS|  |TAMS 0x0000000702400000, 0x0000000702300000| Complete 
|  10|0x0000000702400000, 0x0000000702500000, 0x0000000702500000|100%| O|  |TAMS 0x0000000702500000, 0x0000000702400000| Untracked 
|  11|0x0000000702500000, 0x0000000702600000, 0x0000000702600000|100%| O|  |TAMS 0x0000000702600000, 0x0000000702500000| Untracked 
|  12|0x0000000702600000, 0x0000000702700000, 0x0000000702700000|100%| O|  |TAMS 0x0000000702700000, 0x0000000702600000| Untracked 
|  13|0x0000000702700000, 0x0000000702800000, 0x0000000702800000|100%| O|  |TAMS 0x0000000702800000, 0x0000000702700000| Untracked 
|  14|0x0000000702800000, 0x0000000702900000, 0x0000000702900000|100%| O|  |TAMS 0x0000000702900000, 0x0000000702800000| Untracked 
|  15|0x0000000702900000, 0x0000000702a00000, 0x0000000702a00000|100%| O|  |TAMS 0x0000000702a00000, 0x0000000702900000| Untracked 
|  16|0x0000000702a00000, 0x0000000702b00000, 0x0000000702b00000|100%| O|  |TAMS 0x0000000702b00000, 0x0000000702a00000| Untracked 
|  17|0x0000000702b00000, 0x0000000702c00000, 0x0000000702c00000|100%| O|  |TAMS 0x0000000702c00000, 0x0000000702b00000| Untracked 
|  18|0x0000000702c00000, 0x0000000702d00000, 0x0000000702d00000|100%| O|  |TAMS 0x0000000702d00000, 0x0000000702c00000| Untracked 
|  19|0x0000000702d00000, 0x0000000702e00000, 0x0000000702e00000|100%| O|  |TAMS 0x0000000702e00000, 0x0000000702d00000| Untracked 
|  20|0x0000000702e00000, 0x0000000702f00000, 0x0000000702f00000|100%| O|  |TAMS 0x0000000702f00000, 0x0000000702e00000| Untracked 
|  21|0x0000000702f00000, 0x0000000703000000, 0x0000000703000000|100%| O|  |TAMS 0x0000000703000000, 0x0000000702f00000| Untracked 
|  22|0x0000000703000000, 0x0000000703100000, 0x0000000703100000|100%| O|  |TAMS 0x0000000703100000, 0x0000000703000000| Untracked 
|  23|0x0000000703100000, 0x0000000703200000, 0x0000000703200000|100%|HS|  |TAMS 0x0000000703100000, 0x0000000703100000| Complete 
|  24|0x0000000703200000, 0x0000000703300000, 0x0000000703300000|100%|HC|  |TAMS 0x0000000703200000, 0x0000000703200000| Complete 
|  25|0x0000000703300000, 0x0000000703400000, 0x0000000703400000|100%|HC|  |TAMS 0x0000000703300000, 0x0000000703300000| Complete 
|  26|0x0000000703400000, 0x0000000703500000, 0x0000000703500000|100%|HC|  |TAMS 0x0000000703400000, 0x0000000703400000| Complete 
|  27|0x0000000703500000, 0x0000000703600000, 0x0000000703600000|100%|HC|  |TAMS 0x0000000703500000, 0x0000000703500000| Complete 
|  28|0x0000000703600000, 0x0000000703700000, 0x0000000703700000|100%|HC|  |TAMS 0x0000000703600000, 0x0000000703600000| Complete 
|  29|0x0000000703700000, 0x0000000703749000, 0x0000000703800000| 28%| O|  |TAMS 0x0000000703749000, 0x0000000703700000| Untracked 
|  30|0x0000000703800000, 0x0000000703800000, 0x0000000703900000|  0%| F|  |TAMS 0x0000000703800000, 0x0000000703800000| Untracked 
|  31|0x0000000703900000, 0x0000000703a00000, 0x0000000703a00000|100%|HS|  |TAMS 0x0000000703a00000, 0x0000000703900000| Complete 
|  32|0x0000000703a00000, 0x0000000703b00000, 0x0000000703b00000|100%|HC|  |TAMS 0x0000000703b00000, 0x0000000703a00000| Complete 
|  33|0x0000000703b00000, 0x0000000703c00000, 0x0000000703c00000|100%|HS|  |TAMS 0x0000000703c00000, 0x0000000703b00000| Complete 
|  34|0x0000000703c00000, 0x0000000703d00000, 0x0000000703d00000|100%|HC|  |TAMS 0x0000000703d00000, 0x0000000703c00000| Complete 
|  35|0x0000000703d00000, 0x0000000703e00000, 0x0000000703e00000|100%|HS|  |TAMS 0x0000000703e00000, 0x0000000703d00000| Complete 
|  36|0x0000000703e00000, 0x0000000703f00000, 0x0000000703f00000|100%|HC|  |TAMS 0x0000000703f00000, 0x0000000703e00000| Complete 
|  37|0x0000000703f00000, 0x0000000704000000, 0x0000000704000000|100%|HS|  |TAMS 0x0000000704000000, 0x0000000703f00000| Complete 
|  38|0x0000000704000000, 0x0000000704100000, 0x0000000704100000|100%|HC|  |TAMS 0x0000000704100000, 0x0000000704000000| Complete 
|  39|0x0000000704100000, 0x0000000704200000, 0x0000000704200000|100%|HC|  |TAMS 0x0000000704200000, 0x0000000704100000| Complete 
|  40|0x0000000704200000, 0x0000000704300000, 0x0000000704300000|100%|HC|  |TAMS 0x0000000704300000, 0x0000000704200000| Complete 
|  41|0x0000000704300000, 0x0000000704400000, 0x0000000704400000|100%|HC|  |TAMS 0x0000000704400000, 0x0000000704300000| Complete 
|  42|0x0000000704400000, 0x0000000704500000, 0x0000000704500000|100%|HC|  |TAMS 0x0000000704500000, 0x0000000704400000| Complete 
|  43|0x0000000704500000, 0x0000000704600000, 0x0000000704600000|100%|HS|  |TAMS 0x0000000704600000, 0x0000000704500000| Complete 
|  44|0x0000000704600000, 0x0000000704700000, 0x0000000704700000|100%|HC|  |TAMS 0x0000000704700000, 0x0000000704600000| Complete 
|  45|0x0000000704700000, 0x0000000704800000, 0x0000000704800000|100%|HC|  |TAMS 0x0000000704800000, 0x0000000704700000| Complete 
|  46|0x0000000704800000, 0x0000000704900000, 0x0000000704900000|100%|HC|  |TAMS 0x0000000704900000, 0x0000000704800000| Complete 
|  47|0x0000000704900000, 0x0000000704a00000, 0x0000000704a00000|100%|HC|  |TAMS 0x0000000704a00000, 0x0000000704900000| Complete 
|  48|0x0000000704a00000, 0x0000000704b00000, 0x0000000704b00000|100%|HC|  |TAMS 0x0000000704b00000, 0x0000000704a00000| Complete 
|  49|0x0000000704b00000, 0x0000000704c00000, 0x0000000704c00000|100%|HC|  |TAMS 0x0000000704c00000, 0x0000000704b00000| Complete 
|  50|0x0000000704c00000, 0x0000000704d00000, 0x0000000704d00000|100%|HC|  |TAMS 0x0000000704d00000, 0x0000000704c00000| Complete 
|  51|0x0000000704d00000, 0x0000000704e00000, 0x0000000704e00000|100%| O|  |TAMS 0x0000000704e00000, 0x0000000704d00000| Untracked 
|  52|0x0000000704e00000, 0x0000000704e00000, 0x0000000704f00000|  0%| F|  |TAMS 0x0000000704e00000, 0x0000000704e00000| Untracked 
|  53|0x0000000704f00000, 0x0000000705000000, 0x0000000705000000|100%|HS|  |TAMS 0x0000000705000000, 0x0000000704f00000| Complete 
|  54|0x0000000705000000, 0x0000000705100000, 0x0000000705100000|100%| O|  |TAMS 0x0000000705100000, 0x0000000705000000| Untracked 
|  55|0x0000000705100000, 0x0000000705200000, 0x0000000705200000|100%|HS|  |TAMS 0x0000000705100000, 0x0000000705100000| Complete 
|  56|0x0000000705200000, 0x0000000705300000, 0x0000000705300000|100%|HC|  |TAMS 0x0000000705200000, 0x0000000705200000| Complete 
|  57|0x0000000705300000, 0x0000000705400000, 0x0000000705400000|100%|HC|  |TAMS 0x0000000705300000, 0x0000000705300000| Complete 
|  58|0x0000000705400000, 0x0000000705500000, 0x0000000705500000|100%|HC|  |TAMS 0x0000000705400000, 0x0000000705400000| Complete 
|  59|0x0000000705500000, 0x0000000705600000, 0x0000000705600000|100%|HC|  |TAMS 0x0000000705500000, 0x0000000705500000| Complete 
|  60|0x0000000705600000, 0x0000000705700000, 0x0000000705700000|100%|HC|  |TAMS 0x0000000705600000, 0x0000000705600000| Complete 
|  61|0x0000000705700000, 0x0000000705800000, 0x0000000705800000|100%|HC|  |TAMS 0x0000000705700000, 0x0000000705700000| Complete 
|  62|0x0000000705800000, 0x0000000705900000, 0x0000000705900000|100%|HC|  |TAMS 0x0000000705800000, 0x0000000705800000| Complete 
|  63|0x0000000705900000, 0x0000000705a00000, 0x0000000705a00000|100%|HS|  |TAMS 0x0000000705900000, 0x0000000705900000| Complete 
|  64|0x0000000705a00000, 0x0000000705b00000, 0x0000000705b00000|100%|HC|  |TAMS 0x0000000705a00000, 0x0000000705a00000| Complete 
|  65|0x0000000705b00000, 0x0000000705c00000, 0x0000000705c00000|100%|HC|  |TAMS 0x0000000705b00000, 0x0000000705b00000| Complete 
|  66|0x0000000705c00000, 0x0000000705d00000, 0x0000000705d00000|100%|HC|  |TAMS 0x0000000705c00000, 0x0000000705c00000| Complete 
|  67|0x0000000705d00000, 0x0000000705e00000, 0x0000000705e00000|100%|HC|  |TAMS 0x0000000705d00000, 0x0000000705d00000| Complete 
|  68|0x0000000705e00000, 0x0000000705f00000, 0x0000000705f00000|100%|HC|  |TAMS 0x0000000705e00000, 0x0000000705e00000| Complete 
|  69|0x0000000705f00000, 0x0000000706000000, 0x0000000706000000|100%|HC|  |TAMS 0x0000000705f00000, 0x0000000705f00000| Complete 
|  70|0x0000000706000000, 0x0000000706100000, 0x0000000706100000|100%|HC|  |TAMS 0x0000000706000000, 0x0000000706000000| Complete 
|  71|0x0000000706100000, 0x0000000706200000, 0x0000000706200000|100%|HS|  |TAMS 0x0000000706100000, 0x0000000706100000| Complete 
|  72|0x0000000706200000, 0x0000000706300000, 0x0000000706300000|100%|HC|  |TAMS 0x0000000706200000, 0x0000000706200000| Complete 
|  73|0x0000000706300000, 0x0000000706400000, 0x0000000706400000|100%|HC|  |TAMS 0x0000000706300000, 0x0000000706300000| Complete 
|  74|0x0000000706400000, 0x0000000706500000, 0x0000000706500000|100%|HC|  |TAMS 0x0000000706400000, 0x0000000706400000| Complete 
|  75|0x0000000706500000, 0x0000000706600000, 0x0000000706600000|100%|HC|  |TAMS 0x0000000706500000, 0x0000000706500000| Complete 
|  76|0x0000000706600000, 0x0000000706700000, 0x0000000706700000|100%|HC|  |TAMS 0x0000000706600000, 0x0000000706600000| Complete 
|  77|0x0000000706700000, 0x0000000706800000, 0x0000000706800000|100%|HS|  |TAMS 0x0000000706800000, 0x0000000706700000| Complete 
|  78|0x0000000706800000, 0x0000000706900000, 0x0000000706900000|100%|HC|  |TAMS 0x0000000706900000, 0x0000000706800000| Complete 
|  79|0x0000000706900000, 0x0000000706a00000, 0x0000000706a00000|100%|HC|  |TAMS 0x0000000706a00000, 0x0000000706900000| Complete 
|  80|0x0000000706a00000, 0x0000000706b00000, 0x0000000706b00000|100%|HC|  |TAMS 0x0000000706b00000, 0x0000000706a00000| Complete 
|  81|0x0000000706b00000, 0x0000000706c00000, 0x0000000706c00000|100%|HC|  |TAMS 0x0000000706c00000, 0x0000000706b00000| Complete 
|  82|0x0000000706c00000, 0x0000000706d00000, 0x0000000706d00000|100%|HC|  |TAMS 0x0000000706d00000, 0x0000000706c00000| Complete 
|  83|0x0000000706d00000, 0x0000000706e00000, 0x0000000706e00000|100%|HS|  |TAMS 0x0000000706d00000, 0x0000000706d00000| Complete 
|  84|0x0000000706e00000, 0x0000000706f00000, 0x0000000706f00000|100%|HC|  |TAMS 0x0000000706e00000, 0x0000000706e00000| Complete 
|  85|0x0000000706f00000, 0x0000000707000000, 0x0000000707000000|100%|HC|  |TAMS 0x0000000706f00000, 0x0000000706f00000| Complete 
|  86|0x0000000707000000, 0x0000000707100000, 0x0000000707100000|100%|HC|  |TAMS 0x0000000707000000, 0x0000000707000000| Complete 
|  87|0x0000000707100000, 0x0000000707200000, 0x0000000707200000|100%|HC|  |TAMS 0x0000000707100000, 0x0000000707100000| Complete 
|  88|0x0000000707200000, 0x0000000707300000, 0x0000000707300000|100%|HC|  |TAMS 0x0000000707200000, 0x0000000707200000| Complete 
|  89|0x0000000707300000, 0x0000000707400000, 0x0000000707400000|100%|HC|  |TAMS 0x0000000707300000, 0x0000000707300000| Complete 
|  90|0x0000000707400000, 0x0000000707500000, 0x0000000707500000|100%|HC|  |TAMS 0x0000000707400000, 0x0000000707400000| Complete 
|  91|0x0000000707500000, 0x0000000707600000, 0x0000000707600000|100%|HS|  |TAMS 0x0000000707600000, 0x0000000707500000| Complete 
|  92|0x0000000707600000, 0x0000000707700000, 0x0000000707700000|100%|HC|  |TAMS 0x0000000707700000, 0x0000000707600000| Complete 
|  93|0x0000000707700000, 0x0000000707800000, 0x0000000707800000|100%|HC|  |TAMS 0x0000000707800000, 0x0000000707700000| Complete 
|  94|0x0000000707800000, 0x0000000707900000, 0x0000000707900000|100%|HC|  |TAMS 0x0000000707900000, 0x0000000707800000| Complete 
|  95|0x0000000707900000, 0x0000000707a00000, 0x0000000707a00000|100%|HC|  |TAMS 0x0000000707a00000, 0x0000000707900000| Complete 
|  96|0x0000000707a00000, 0x0000000707b00000, 0x0000000707b00000|100%|HC|  |TAMS 0x0000000707b00000, 0x0000000707a00000| Complete 
|  97|0x0000000707b00000, 0x0000000707c00000, 0x0000000707c00000|100%|HC|  |TAMS 0x0000000707c00000, 0x0000000707b00000| Complete 
|  98|0x0000000707c00000, 0x0000000707d00000, 0x0000000707d00000|100%|HC|  |TAMS 0x0000000707d00000, 0x0000000707c00000| Complete 
|  99|0x0000000707d00000, 0x0000000707e00000, 0x0000000707e00000|100%|HS|  |TAMS 0x0000000707d00000, 0x0000000707d00000| Complete 
| 100|0x0000000707e00000, 0x0000000707f00000, 0x0000000707f00000|100%|HC|  |TAMS 0x0000000707e00000, 0x0000000707e00000| Complete 
| 101|0x0000000707f00000, 0x0000000708000000, 0x0000000708000000|100%|HC|  |TAMS 0x0000000707f00000, 0x0000000707f00000| Complete 
| 102|0x0000000708000000, 0x0000000708100000, 0x0000000708100000|100%|HC|  |TAMS 0x0000000708000000, 0x0000000708000000| Complete 
| 103|0x0000000708100000, 0x0000000708200000, 0x0000000708200000|100%|HC|  |TAMS 0x0000000708100000, 0x0000000708100000| Complete 
| 104|0x0000000708200000, 0x0000000708300000, 0x0000000708300000|100%|HC|  |TAMS 0x0000000708200000, 0x0000000708200000| Complete 
| 105|0x0000000708300000, 0x0000000708400000, 0x0000000708400000|100%|HC|  |TAMS 0x0000000708300000, 0x0000000708300000| Complete 
| 106|0x0000000708400000, 0x0000000708500000, 0x0000000708500000|100%|HC|  |TAMS 0x0000000708400000, 0x0000000708400000| Complete 
| 107|0x0000000708500000, 0x0000000708600000, 0x0000000708600000|100%|HS|  |TAMS 0x0000000708600000, 0x0000000708500000| Complete 
| 108|0x0000000708600000, 0x0000000708700000, 0x0000000708700000|100%|HC|  |TAMS 0x0000000708700000, 0x0000000708600000| Complete 
| 109|0x0000000708700000, 0x0000000708800000, 0x0000000708800000|100%|HC|  |TAMS 0x0000000708800000, 0x0000000708700000| Complete 
| 110|0x0000000708800000, 0x0000000708900000, 0x0000000708900000|100%|HC|  |TAMS 0x0000000708900000, 0x0000000708800000| Complete 
| 111|0x0000000708900000, 0x0000000708a00000, 0x0000000708a00000|100%|HC|  |TAMS 0x0000000708a00000, 0x0000000708900000| Complete 
| 112|0x0000000708a00000, 0x0000000708b00000, 0x0000000708b00000|100%|HC|  |TAMS 0x0000000708b00000, 0x0000000708a00000| Complete 
| 113|0x0000000708b00000, 0x0000000708c00000, 0x0000000708c00000|100%|HS|  |TAMS 0x0000000708b00000, 0x0000000708b00000| Complete 
| 114|0x0000000708c00000, 0x0000000708d00000, 0x0000000708d00000|100%|HC|  |TAMS 0x0000000708c00000, 0x0000000708c00000| Complete 
| 115|0x0000000708d00000, 0x0000000708e00000, 0x0000000708e00000|100%|HS|  |TAMS 0x0000000708d00000, 0x0000000708d00000| Complete 
| 116|0x0000000708e00000, 0x0000000708f00000, 0x0000000708f00000|100%|HC|  |TAMS 0x0000000708e00000, 0x0000000708e00000| Complete 
| 117|0x0000000708f00000, 0x0000000708f00000, 0x0000000709000000|  0%| F|  |TAMS 0x0000000708f00000, 0x0000000708f00000| Untracked 
| 118|0x0000000709000000, 0x0000000709000000, 0x0000000709100000|  0%| F|  |TAMS 0x0000000709000000, 0x0000000709000000| Untracked 
| 119|0x0000000709100000, 0x0000000709100000, 0x0000000709200000|  0%| F|  |TAMS 0x0000000709100000, 0x0000000709100000| Untracked 
| 120|0x0000000709200000, 0x0000000709200000, 0x0000000709300000|  0%| F|  |TAMS 0x0000000709200000, 0x0000000709200000| Untracked 
| 121|0x0000000709300000, 0x0000000709300000, 0x0000000709400000|  0%| F|  |TAMS 0x0000000709300000, 0x0000000709300000| Untracked 
| 122|0x0000000709400000, 0x0000000709400000, 0x0000000709500000|  0%| F|  |TAMS 0x0000000709400000, 0x0000000709400000| Untracked 
| 123|0x0000000709500000, 0x0000000709500000, 0x0000000709600000|  0%| F|  |TAMS 0x0000000709500000, 0x0000000709500000| Untracked 
| 124|0x0000000709600000, 0x0000000709600000, 0x0000000709700000|  0%| F|  |TAMS 0x0000000709600000, 0x0000000709600000| Untracked 
| 125|0x0000000709700000, 0x0000000709700000, 0x0000000709800000|  0%| F|  |TAMS 0x0000000709700000, 0x0000000709700000| Untracked 
| 126|0x0000000709800000, 0x0000000709800000, 0x0000000709900000|  0%| F|  |TAMS 0x0000000709800000, 0x0000000709800000| Untracked 
| 127|0x0000000709900000, 0x0000000709900000, 0x0000000709a00000|  0%| F|  |TAMS 0x0000000709900000, 0x0000000709900000| Untracked 
| 128|0x0000000709a00000, 0x0000000709a00000, 0x0000000709b00000|  0%| F|  |TAMS 0x0000000709a00000, 0x0000000709a00000| Untracked 
| 129|0x0000000709b00000, 0x0000000709b00000, 0x0000000709c00000|  0%| F|  |TAMS 0x0000000709b00000, 0x0000000709b00000| Untracked 
| 130|0x0000000709c00000, 0x0000000709c00000, 0x0000000709d00000|  0%| F|  |TAMS 0x0000000709c00000, 0x0000000709c00000| Untracked 
| 131|0x0000000709d00000, 0x0000000709d00000, 0x0000000709e00000|  0%| F|  |TAMS 0x0000000709d00000, 0x0000000709d00000| Untracked 
| 132|0x0000000709e00000, 0x0000000709e00000, 0x0000000709f00000|  0%| F|  |TAMS 0x0000000709e00000, 0x0000000709e00000| Untracked 
| 133|0x0000000709f00000, 0x0000000709f00000, 0x000000070a000000|  0%| F|  |TAMS 0x0000000709f00000, 0x0000000709f00000| Untracked 
| 134|0x000000070a000000, 0x000000070a000000, 0x000000070a100000|  0%| F|  |TAMS 0x000000070a000000, 0x000000070a000000| Untracked 
| 135|0x000000070a100000, 0x000000070a200000, 0x000000070a200000|100%|HS|  |TAMS 0x000000070a200000, 0x000000070a100000| Complete 
| 136|0x000000070a200000, 0x000000070a300000, 0x000000070a300000|100%|HC|  |TAMS 0x000000070a300000, 0x000000070a200000| Complete 
| 137|0x000000070a300000, 0x000000070a400000, 0x000000070a400000|100%|HC|  |TAMS 0x000000070a400000, 0x000000070a300000| Complete 
| 138|0x000000070a400000, 0x000000070a500000, 0x000000070a500000|100%|HC|  |TAMS 0x000000070a500000, 0x000000070a400000| Complete 
| 139|0x000000070a500000, 0x000000070a600000, 0x000000070a600000|100%|HC|  |TAMS 0x000000070a600000, 0x000000070a500000| Complete 
| 140|0x000000070a600000, 0x000000070a700000, 0x000000070a700000|100%|HC|  |TAMS 0x000000070a700000, 0x000000070a600000| Complete 
| 141|0x000000070a700000, 0x000000070a800000, 0x000000070a800000|100%|HC|  |TAMS 0x000000070a800000, 0x000000070a700000| Complete 
| 142|0x000000070a800000, 0x000000070a900000, 0x000000070a900000|100%|HC|  |TAMS 0x000000070a900000, 0x000000070a800000| Complete 
| 143|0x000000070a900000, 0x000000070aa00000, 0x000000070aa00000|100%|HS|  |TAMS 0x000000070aa00000, 0x000000070a900000| Complete 
| 144|0x000000070aa00000, 0x000000070ab00000, 0x000000070ab00000|100%|HC|  |TAMS 0x000000070ab00000, 0x000000070aa00000| Complete 
| 145|0x000000070ab00000, 0x000000070ac00000, 0x000000070ac00000|100%|HC|  |TAMS 0x000000070ac00000, 0x000000070ab00000| Complete 
| 146|0x000000070ac00000, 0x000000070ad00000, 0x000000070ad00000|100%|HC|  |TAMS 0x000000070ad00000, 0x000000070ac00000| Complete 
| 147|0x000000070ad00000, 0x000000070ae00000, 0x000000070ae00000|100%|HC|  |TAMS 0x000000070ae00000, 0x000000070ad00000| Complete 
| 148|0x000000070ae00000, 0x000000070af00000, 0x000000070af00000|100%|HC|  |TAMS 0x000000070af00000, 0x000000070ae00000| Complete 
| 149|0x000000070af00000, 0x000000070b000000, 0x000000070b000000|100%|HC|  |TAMS 0x000000070b000000, 0x000000070af00000| Complete 
| 150|0x000000070b000000, 0x000000070b100000, 0x000000070b100000|100%|HC|  |TAMS 0x000000070b100000, 0x000000070b000000| Complete 
| 151|0x000000070b100000, 0x000000070b100000, 0x000000070b200000|  0%| F|  |TAMS 0x000000070b100000, 0x000000070b100000| Untracked 
| 152|0x000000070b200000, 0x000000070b200000, 0x000000070b300000|  0%| F|  |TAMS 0x000000070b200000, 0x000000070b200000| Untracked 
| 153|0x000000070b300000, 0x000000070b300000, 0x000000070b400000|  0%| F|  |TAMS 0x000000070b300000, 0x000000070b300000| Untracked 
| 154|0x000000070b400000, 0x000000070b400000, 0x000000070b500000|  0%| F|  |TAMS 0x000000070b400000, 0x000000070b400000| Untracked 
| 155|0x000000070b500000, 0x000000070b500000, 0x000000070b600000|  0%| F|  |TAMS 0x000000070b500000, 0x000000070b500000| Untracked 
| 156|0x000000070b600000, 0x000000070b600000, 0x000000070b700000|  0%| F|  |TAMS 0x000000070b600000, 0x000000070b600000| Untracked 
| 157|0x000000070b700000, 0x000000070b700000, 0x000000070b800000|  0%| F|  |TAMS 0x000000070b700000, 0x000000070b700000| Untracked 
| 158|0x000000070b800000, 0x000000070b800000, 0x000000070b900000|  0%| F|  |TAMS 0x000000070b800000, 0x000000070b800000| Untracked 
| 159|0x000000070b900000, 0x000000070b900000, 0x000000070ba00000|  0%| F|  |TAMS 0x000000070b900000, 0x000000070b900000| Untracked 
| 160|0x000000070ba00000, 0x000000070ba00000, 0x000000070bb00000|  0%| F|  |TAMS 0x000000070ba00000, 0x000000070ba00000| Untracked 
| 161|0x000000070bb00000, 0x000000070bb00000, 0x000000070bc00000|  0%| F|  |TAMS 0x000000070bb00000, 0x000000070bb00000| Untracked 
| 162|0x000000070bc00000, 0x000000070bc00000, 0x000000070bd00000|  0%| F|  |TAMS 0x000000070bc00000, 0x000000070bc00000| Untracked 
| 163|0x000000070bd00000, 0x000000070bd00000, 0x000000070be00000|  0%| F|  |TAMS 0x000000070bd00000, 0x000000070bd00000| Untracked 
| 164|0x000000070be00000, 0x000000070be00000, 0x000000070bf00000|  0%| F|  |TAMS 0x000000070be00000, 0x000000070be00000| Untracked 
| 165|0x000000070bf00000, 0x000000070bf00000, 0x000000070c000000|  0%| F|  |TAMS 0x000000070bf00000, 0x000000070bf00000| Untracked 
| 166|0x000000070c000000, 0x000000070c000000, 0x000000070c100000|  0%| F|  |TAMS 0x000000070c000000, 0x000000070c000000| Untracked 
| 167|0x000000070c100000, 0x000000070c100000, 0x000000070c200000|  0%| F|  |TAMS 0x000000070c100000, 0x000000070c100000| Untracked 
| 168|0x000000070c200000, 0x000000070c200000, 0x000000070c300000|  0%| F|  |TAMS 0x000000070c200000, 0x000000070c200000| Untracked 
| 169|0x000000070c300000, 0x000000070c300000, 0x000000070c400000|  0%| F|  |TAMS 0x000000070c300000, 0x000000070c300000| Untracked 
| 170|0x000000070c400000, 0x000000070c400000, 0x000000070c500000|  0%| F|  |TAMS 0x000000070c400000, 0x000000070c400000| Untracked 
| 171|0x000000070c500000, 0x000000070c500000, 0x000000070c600000|  0%| F|  |TAMS 0x000000070c500000, 0x000000070c500000| Untracked 
| 172|0x000000070c600000, 0x000000070c600000, 0x000000070c700000|  0%| F|  |TAMS 0x000000070c600000, 0x000000070c600000| Untracked 
| 173|0x000000070c700000, 0x000000070c700000, 0x000000070c800000|  0%| F|  |TAMS 0x000000070c700000, 0x000000070c700000| Untracked 
| 174|0x000000070c800000, 0x000000070c800000, 0x000000070c900000|  0%| F|  |TAMS 0x000000070c800000, 0x000000070c800000| Untracked 
| 175|0x000000070c900000, 0x000000070c900000, 0x000000070ca00000|  0%| F|  |TAMS 0x000000070c900000, 0x000000070c900000| Untracked 
| 176|0x000000070ca00000, 0x000000070ca00000, 0x000000070cb00000|  0%| F|  |TAMS 0x000000070ca00000, 0x000000070ca00000| Untracked 
| 177|0x000000070cb00000, 0x000000070cb00000, 0x000000070cc00000|  0%| F|  |TAMS 0x000000070cb00000, 0x000000070cb00000| Untracked 
| 178|0x000000070cc00000, 0x000000070cc00000, 0x000000070cd00000|  0%| F|  |TAMS 0x000000070cc00000, 0x000000070cc00000| Untracked 
| 179|0x000000070cd00000, 0x000000070cd00000, 0x000000070ce00000|  0%| F|  |TAMS 0x000000070cd00000, 0x000000070cd00000| Untracked 
| 180|0x000000070ce00000, 0x000000070ce00000, 0x000000070cf00000|  0%| F|  |TAMS 0x000000070ce00000, 0x000000070ce00000| Untracked 
| 181|0x000000070cf00000, 0x000000070cf00000, 0x000000070d000000|  0%| F|  |TAMS 0x000000070cf00000, 0x000000070cf00000| Untracked 
| 182|0x000000070d000000, 0x000000070d000000, 0x000000070d100000|  0%| F|  |TAMS 0x000000070d000000, 0x000000070d000000| Untracked 
| 183|0x000000070d100000, 0x000000070d100000, 0x000000070d200000|  0%| F|  |TAMS 0x000000070d100000, 0x000000070d100000| Untracked 
| 184|0x000000070d200000, 0x000000070d200000, 0x000000070d300000|  0%| F|  |TAMS 0x000000070d200000, 0x000000070d200000| Untracked 
| 185|0x000000070d300000, 0x000000070d300000, 0x000000070d400000|  0%| F|  |TAMS 0x000000070d300000, 0x000000070d300000| Untracked 
| 186|0x000000070d400000, 0x000000070d400000, 0x000000070d500000|  0%| F|  |TAMS 0x000000070d400000, 0x000000070d400000| Untracked 
| 187|0x000000070d500000, 0x000000070d500000, 0x000000070d600000|  0%| F|  |TAMS 0x000000070d500000, 0x000000070d500000| Untracked 
| 188|0x000000070d600000, 0x000000070d600000, 0x000000070d700000|  0%| F|  |TAMS 0x000000070d600000, 0x000000070d600000| Untracked 
| 189|0x000000070d700000, 0x000000070d700000, 0x000000070d800000|  0%| F|  |TAMS 0x000000070d700000, 0x000000070d700000| Untracked 
| 190|0x000000070d800000, 0x000000070d800000, 0x000000070d900000|  0%| F|  |TAMS 0x000000070d800000, 0x000000070d800000| Untracked 
| 191|0x000000070d900000, 0x000000070d900000, 0x000000070da00000|  0%| F|  |TAMS 0x000000070d900000, 0x000000070d900000| Untracked 
| 192|0x000000070da00000, 0x000000070da00000, 0x000000070db00000|  0%| F|  |TAMS 0x000000070da00000, 0x000000070da00000| Untracked 
| 193|0x000000070db00000, 0x000000070db00000, 0x000000070dc00000|  0%| F|  |TAMS 0x000000070db00000, 0x000000070db00000| Untracked 
| 194|0x000000070dc00000, 0x000000070dc00000, 0x000000070dd00000|  0%| F|  |TAMS 0x000000070dc00000, 0x000000070dc00000| Untracked 
| 195|0x000000070dd00000, 0x000000070dd00000, 0x000000070de00000|  0%| F|  |TAMS 0x000000070dd00000, 0x000000070dd00000| Untracked 
| 196|0x000000070de00000, 0x000000070de00000, 0x000000070df00000|  0%| F|  |TAMS 0x000000070de00000, 0x000000070de00000| Untracked 
| 197|0x000000070df00000, 0x000000070df00000, 0x000000070e000000|  0%| F|  |TAMS 0x000000070df00000, 0x000000070df00000| Untracked 
| 198|0x000000070e000000, 0x000000070e000000, 0x000000070e100000|  0%| F|  |TAMS 0x000000070e000000, 0x000000070e000000| Untracked 
| 199|0x000000070e100000, 0x000000070e100000, 0x000000070e200000|  0%| F|  |TAMS 0x000000070e100000, 0x000000070e100000| Untracked 
| 200|0x000000070e200000, 0x000000070e200000, 0x000000070e300000|  0%| F|  |TAMS 0x000000070e200000, 0x000000070e200000| Untracked 
| 201|0x000000070e300000, 0x000000070e300000, 0x000000070e400000|  0%| F|  |TAMS 0x000000070e300000, 0x000000070e300000| Untracked 
| 202|0x000000070e400000, 0x000000070e400000, 0x000000070e500000|  0%| F|  |TAMS 0x000000070e400000, 0x000000070e400000| Untracked 
| 203|0x000000070e500000, 0x000000070e500000, 0x000000070e600000|  0%| F|  |TAMS 0x000000070e500000, 0x000000070e500000| Untracked 
| 204|0x000000070e600000, 0x000000070e600000, 0x000000070e700000|  0%| F|  |TAMS 0x000000070e600000, 0x000000070e600000| Untracked 
| 205|0x000000070e700000, 0x000000070e700000, 0x000000070e800000|  0%| F|  |TAMS 0x000000070e700000, 0x000000070e700000| Untracked 
| 206|0x000000070e800000, 0x000000070e800000, 0x000000070e900000|  0%| F|  |TAMS 0x000000070e800000, 0x000000070e800000| Untracked 
| 207|0x000000070e900000, 0x000000070e900000, 0x000000070ea00000|  0%| F|  |TAMS 0x000000070e900000, 0x000000070e900000| Untracked 
| 208|0x000000070ea00000, 0x000000070ea00000, 0x000000070eb00000|  0%| F|  |TAMS 0x000000070ea00000, 0x000000070ea00000| Untracked 
| 209|0x000000070eb00000, 0x000000070eb00000, 0x000000070ec00000|  0%| F|  |TAMS 0x000000070eb00000, 0x000000070eb00000| Untracked 
| 210|0x000000070ec00000, 0x000000070ec00000, 0x000000070ed00000|  0%| F|  |TAMS 0x000000070ec00000, 0x000000070ec00000| Untracked 
| 211|0x000000070ed00000, 0x000000070ed00000, 0x000000070ee00000|  0%| F|  |TAMS 0x000000070ed00000, 0x000000070ed00000| Untracked 
| 212|0x000000070ee00000, 0x000000070ee00000, 0x000000070ef00000|  0%| F|  |TAMS 0x000000070ee00000, 0x000000070ee00000| Untracked 
| 213|0x000000070ef00000, 0x000000070ef00000, 0x000000070f000000|  0%| F|  |TAMS 0x000000070ef00000, 0x000000070ef00000| Untracked 
| 214|0x000000070f000000, 0x000000070f000000, 0x000000070f100000|  0%| F|  |TAMS 0x000000070f000000, 0x000000070f000000| Untracked 
| 215|0x000000070f100000, 0x000000070f100000, 0x000000070f200000|  0%| F|  |TAMS 0x000000070f100000, 0x000000070f100000| Untracked 
| 216|0x000000070f200000, 0x000000070f200000, 0x000000070f300000|  0%| F|  |TAMS 0x000000070f200000, 0x000000070f200000| Untracked 
| 217|0x000000070f300000, 0x000000070f300000, 0x000000070f400000|  0%| F|  |TAMS 0x000000070f300000, 0x000000070f300000| Untracked 
| 218|0x000000070f400000, 0x000000070f400000, 0x000000070f500000|  0%| F|  |TAMS 0x000000070f400000, 0x000000070f400000| Untracked 
| 219|0x000000070f500000, 0x000000070f500000, 0x000000070f600000|  0%| F|  |TAMS 0x000000070f500000, 0x000000070f500000| Untracked 
| 220|0x000000070f600000, 0x000000070f600000, 0x000000070f700000|  0%| F|  |TAMS 0x000000070f600000, 0x000000070f600000| Untracked 
| 221|0x000000070f700000, 0x000000070f700000, 0x000000070f800000|  0%| F|  |TAMS 0x000000070f700000, 0x000000070f700000| Untracked 
| 222|0x000000070f800000, 0x000000070f800000, 0x000000070f900000|  0%| F|  |TAMS 0x000000070f800000, 0x000000070f800000| Untracked 
| 223|0x000000070f900000, 0x000000070f900000, 0x000000070fa00000|  0%| F|  |TAMS 0x000000070f900000, 0x000000070f900000| Untracked 
| 224|0x000000070fa00000, 0x000000070fa00000, 0x000000070fb00000|  0%| F|  |TAMS 0x000000070fa00000, 0x000000070fa00000| Untracked 
| 225|0x000000070fb00000, 0x000000070fb00000, 0x000000070fc00000|  0%| F|  |TAMS 0x000000070fb00000, 0x000000070fb00000| Untracked 
| 226|0x000000070fc00000, 0x000000070fc00000, 0x000000070fd00000|  0%| F|  |TAMS 0x000000070fc00000, 0x000000070fc00000| Untracked 
| 227|0x000000070fd00000, 0x000000070fd00000, 0x000000070fe00000|  0%| F|  |TAMS 0x000000070fd00000, 0x000000070fd00000| Untracked 
| 228|0x000000070fe00000, 0x000000070fe00000, 0x000000070ff00000|  0%| F|  |TAMS 0x000000070fe00000, 0x000000070fe00000| Untracked 
| 229|0x000000070ff00000, 0x000000070ff00000, 0x0000000710000000|  0%| F|  |TAMS 0x000000070ff00000, 0x000000070ff00000| Untracked 
| 230|0x0000000710000000, 0x0000000710000000, 0x0000000710100000|  0%| F|  |TAMS 0x0000000710000000, 0x0000000710000000| Untracked 
| 231|0x0000000710100000, 0x0000000710100000, 0x0000000710200000|  0%| F|  |TAMS 0x0000000710100000, 0x0000000710100000| Untracked 
| 232|0x0000000710200000, 0x0000000710200000, 0x0000000710300000|  0%| F|  |TAMS 0x0000000710200000, 0x0000000710200000| Untracked 
| 233|0x0000000710300000, 0x0000000710300000, 0x0000000710400000|  0%| F|  |TAMS 0x0000000710300000, 0x0000000710300000| Untracked 
| 234|0x0000000710400000, 0x0000000710400000, 0x0000000710500000|  0%| F|  |TAMS 0x0000000710400000, 0x0000000710400000| Untracked 
| 235|0x0000000710500000, 0x0000000710500000, 0x0000000710600000|  0%| F|  |TAMS 0x0000000710500000, 0x0000000710500000| Untracked 
| 236|0x0000000710600000, 0x0000000710600000, 0x0000000710700000|  0%| F|  |TAMS 0x0000000710600000, 0x0000000710600000| Untracked 
| 237|0x0000000710700000, 0x0000000710700000, 0x0000000710800000|  0%| F|  |TAMS 0x0000000710700000, 0x0000000710700000| Untracked 
| 238|0x0000000710800000, 0x0000000710800000, 0x0000000710900000|  0%| F|  |TAMS 0x0000000710800000, 0x0000000710800000| Untracked 
| 239|0x0000000710900000, 0x0000000710900000, 0x0000000710a00000|  0%| F|  |TAMS 0x0000000710900000, 0x0000000710900000| Untracked 
| 240|0x0000000710a00000, 0x0000000710a00000, 0x0000000710b00000|  0%| F|  |TAMS 0x0000000710a00000, 0x0000000710a00000| Untracked 
| 241|0x0000000710b00000, 0x0000000710b00000, 0x0000000710c00000|  0%| F|  |TAMS 0x0000000710b00000, 0x0000000710b00000| Untracked 
| 242|0x0000000710c00000, 0x0000000710c00000, 0x0000000710d00000|  0%| F|  |TAMS 0x0000000710c00000, 0x0000000710c00000| Untracked 
| 243|0x0000000710d00000, 0x0000000710d00000, 0x0000000710e00000|  0%| F|  |TAMS 0x0000000710d00000, 0x0000000710d00000| Untracked 
| 244|0x0000000710e00000, 0x0000000710e00000, 0x0000000710f00000|  0%| F|  |TAMS 0x0000000710e00000, 0x0000000710e00000| Untracked 
| 245|0x0000000710f00000, 0x0000000710f00000, 0x0000000711000000|  0%| F|  |TAMS 0x0000000710f00000, 0x0000000710f00000| Untracked 
| 246|0x0000000711000000, 0x0000000711000000, 0x0000000711100000|  0%| F|  |TAMS 0x0000000711000000, 0x0000000711000000| Untracked 
| 247|0x0000000711100000, 0x0000000711100000, 0x0000000711200000|  0%| F|  |TAMS 0x0000000711100000, 0x0000000711100000| Untracked 
| 248|0x0000000711200000, 0x0000000711200000, 0x0000000711300000|  0%| F|  |TAMS 0x0000000711200000, 0x0000000711200000| Untracked 
| 249|0x0000000711300000, 0x0000000711300000, 0x0000000711400000|  0%| F|  |TAMS 0x0000000711300000, 0x0000000711300000| Untracked 
| 250|0x0000000711400000, 0x0000000711400000, 0x0000000711500000|  0%| F|  |TAMS 0x0000000711400000, 0x0000000711400000| Untracked 
| 251|0x0000000711500000, 0x0000000711500000, 0x0000000711600000|  0%| F|  |TAMS 0x0000000711500000, 0x0000000711500000| Untracked 
| 252|0x0000000711600000, 0x0000000711600000, 0x0000000711700000|  0%| F|  |TAMS 0x0000000711600000, 0x0000000711600000| Untracked 
| 253|0x0000000711700000, 0x0000000711700000, 0x0000000711800000|  0%| F|  |TAMS 0x0000000711700000, 0x0000000711700000| Untracked 
| 254|0x0000000711800000, 0x0000000711800000, 0x0000000711900000|  0%| F|  |TAMS 0x0000000711800000, 0x0000000711800000| Untracked 
| 255|0x0000000711900000, 0x0000000711900000, 0x0000000711a00000|  0%| F|  |TAMS 0x0000000711900000, 0x0000000711900000| Untracked 
| 256|0x0000000711a00000, 0x0000000711a00000, 0x0000000711b00000|  0%| F|  |TAMS 0x0000000711a00000, 0x0000000711a00000| Untracked 
| 257|0x0000000711b00000, 0x0000000711b00000, 0x0000000711c00000|  0%| F|  |TAMS 0x0000000711b00000, 0x0000000711b00000| Untracked 
| 258|0x0000000711c00000, 0x0000000711c00000, 0x0000000711d00000|  0%| F|  |TAMS 0x0000000711c00000, 0x0000000711c00000| Untracked 
| 259|0x0000000711d00000, 0x0000000711d00000, 0x0000000711e00000|  0%| F|  |TAMS 0x0000000711d00000, 0x0000000711d00000| Untracked 
| 260|0x0000000711e00000, 0x0000000711e00000, 0x0000000711f00000|  0%| F|  |TAMS 0x0000000711e00000, 0x0000000711e00000| Untracked 
| 261|0x0000000711f00000, 0x0000000711f00000, 0x0000000712000000|  0%| F|  |TAMS 0x0000000711f00000, 0x0000000711f00000| Untracked 
| 262|0x0000000712000000, 0x0000000712000000, 0x0000000712100000|  0%| F|  |TAMS 0x0000000712000000, 0x0000000712000000| Untracked 
| 263|0x0000000712100000, 0x0000000712100000, 0x0000000712200000|  0%| F|  |TAMS 0x0000000712100000, 0x0000000712100000| Untracked 
| 264|0x0000000712200000, 0x0000000712200000, 0x0000000712300000|  0%| F|  |TAMS 0x0000000712200000, 0x0000000712200000| Untracked 
| 265|0x0000000712300000, 0x0000000712300000, 0x0000000712400000|  0%| F|  |TAMS 0x0000000712300000, 0x0000000712300000| Untracked 
| 266|0x0000000712400000, 0x0000000712400000, 0x0000000712500000|  0%| F|  |TAMS 0x0000000712400000, 0x0000000712400000| Untracked 
| 267|0x0000000712500000, 0x0000000712500000, 0x0000000712600000|  0%| F|  |TAMS 0x0000000712500000, 0x0000000712500000| Untracked 
| 268|0x0000000712600000, 0x0000000712600000, 0x0000000712700000|  0%| F|  |TAMS 0x0000000712600000, 0x0000000712600000| Untracked 
| 269|0x0000000712700000, 0x0000000712700000, 0x0000000712800000|  0%| F|  |TAMS 0x0000000712700000, 0x0000000712700000| Untracked 
| 270|0x0000000712800000, 0x0000000712800000, 0x0000000712900000|  0%| F|  |TAMS 0x0000000712800000, 0x0000000712800000| Untracked 
| 271|0x0000000712900000, 0x0000000712900000, 0x0000000712a00000|  0%| F|  |TAMS 0x0000000712900000, 0x0000000712900000| Untracked 
| 272|0x0000000712a00000, 0x0000000712a00000, 0x0000000712b00000|  0%| F|  |TAMS 0x0000000712a00000, 0x0000000712a00000| Untracked 
| 273|0x0000000712b00000, 0x0000000712b00000, 0x0000000712c00000|  0%| F|  |TAMS 0x0000000712b00000, 0x0000000712b00000| Untracked 
| 274|0x0000000712c00000, 0x0000000712c00000, 0x0000000712d00000|  0%| F|  |TAMS 0x0000000712c00000, 0x0000000712c00000| Untracked 
| 275|0x0000000712d00000, 0x0000000712d00000, 0x0000000712e00000|  0%| F|  |TAMS 0x0000000712d00000, 0x0000000712d00000| Untracked 
| 276|0x0000000712e00000, 0x0000000712e00000, 0x0000000712f00000|  0%| F|  |TAMS 0x0000000712e00000, 0x0000000712e00000| Untracked 
| 277|0x0000000712f00000, 0x0000000712f00000, 0x0000000713000000|  0%| F|  |TAMS 0x0000000712f00000, 0x0000000712f00000| Untracked 
| 278|0x0000000713000000, 0x0000000713000000, 0x0000000713100000|  0%| F|  |TAMS 0x0000000713000000, 0x0000000713000000| Untracked 
| 279|0x0000000713100000, 0x0000000713100000, 0x0000000713200000|  0%| F|  |TAMS 0x0000000713100000, 0x0000000713100000| Untracked 
| 280|0x0000000713200000, 0x0000000713200000, 0x0000000713300000|  0%| F|  |TAMS 0x0000000713200000, 0x0000000713200000| Untracked 
| 281|0x0000000713300000, 0x0000000713300000, 0x0000000713400000|  0%| F|  |TAMS 0x0000000713300000, 0x0000000713300000| Untracked 
| 282|0x0000000713400000, 0x0000000713400000, 0x0000000713500000|  0%| F|  |TAMS 0x0000000713400000, 0x0000000713400000| Untracked 
| 283|0x0000000713500000, 0x0000000713500000, 0x0000000713600000|  0%| F|  |TAMS 0x0000000713500000, 0x0000000713500000| Untracked 
| 284|0x0000000713600000, 0x0000000713600000, 0x0000000713700000|  0%| F|  |TAMS 0x0000000713600000, 0x0000000713600000| Untracked 
| 285|0x0000000713700000, 0x0000000713700000, 0x0000000713800000|  0%| F|  |TAMS 0x0000000713700000, 0x0000000713700000| Untracked 
| 286|0x0000000713800000, 0x0000000713800000, 0x0000000713900000|  0%| F|  |TAMS 0x0000000713800000, 0x0000000713800000| Untracked 
| 287|0x0000000713900000, 0x0000000713900000, 0x0000000713a00000|  0%| F|  |TAMS 0x0000000713900000, 0x0000000713900000| Untracked 
| 288|0x0000000713a00000, 0x0000000713a00000, 0x0000000713b00000|  0%| F|  |TAMS 0x0000000713a00000, 0x0000000713a00000| Untracked 
| 289|0x0000000713b00000, 0x0000000713b00000, 0x0000000713c00000|  0%| F|  |TAMS 0x0000000713b00000, 0x0000000713b00000| Untracked 
| 290|0x0000000713c00000, 0x0000000713c00000, 0x0000000713d00000|  0%| F|  |TAMS 0x0000000713c00000, 0x0000000713c00000| Untracked 
| 291|0x0000000713d00000, 0x0000000713d00000, 0x0000000713e00000|  0%| F|  |TAMS 0x0000000713d00000, 0x0000000713d00000| Untracked 
| 292|0x0000000713e00000, 0x0000000713e00000, 0x0000000713f00000|  0%| F|  |TAMS 0x0000000713e00000, 0x0000000713e00000| Untracked 
| 293|0x0000000713f00000, 0x0000000713f00000, 0x0000000714000000|  0%| F|  |TAMS 0x0000000713f00000, 0x0000000713f00000| Untracked 
| 294|0x0000000714000000, 0x0000000714000000, 0x0000000714100000|  0%| F|  |TAMS 0x0000000714000000, 0x0000000714000000| Untracked 
| 295|0x0000000714100000, 0x0000000714100000, 0x0000000714200000|  0%| F|  |TAMS 0x0000000714100000, 0x0000000714100000| Untracked 
| 296|0x0000000714200000, 0x0000000714200000, 0x0000000714300000|  0%| F|  |TAMS 0x0000000714200000, 0x0000000714200000| Untracked 
| 297|0x0000000714300000, 0x0000000714300000, 0x0000000714400000|  0%| F|  |TAMS 0x0000000714300000, 0x0000000714300000| Untracked 
| 298|0x0000000714400000, 0x0000000714400000, 0x0000000714500000|  0%| F|  |TAMS 0x0000000714400000, 0x0000000714400000| Untracked 
| 299|0x0000000714500000, 0x0000000714500000, 0x0000000714600000|  0%| F|  |TAMS 0x0000000714500000, 0x0000000714500000| Untracked 
| 300|0x0000000714600000, 0x0000000714600000, 0x0000000714700000|  0%| F|  |TAMS 0x0000000714600000, 0x0000000714600000| Untracked 
| 301|0x0000000714700000, 0x0000000714700000, 0x0000000714800000|  0%| F|  |TAMS 0x0000000714700000, 0x0000000714700000| Untracked 
| 302|0x0000000714800000, 0x0000000714800000, 0x0000000714900000|  0%| F|  |TAMS 0x0000000714800000, 0x0000000714800000| Untracked 
| 303|0x0000000714900000, 0x0000000714900000, 0x0000000714a00000|  0%| F|  |TAMS 0x0000000714900000, 0x0000000714900000| Untracked 
| 304|0x0000000714a00000, 0x0000000714a00000, 0x0000000714b00000|  0%| F|  |TAMS 0x0000000714a00000, 0x0000000714a00000| Untracked 
| 305|0x0000000714b00000, 0x0000000714b00000, 0x0000000714c00000|  0%| F|  |TAMS 0x0000000714b00000, 0x0000000714b00000| Untracked 
| 306|0x0000000714c00000, 0x0000000714c00000, 0x0000000714d00000|  0%| F|  |TAMS 0x0000000714c00000, 0x0000000714c00000| Untracked 
| 307|0x0000000714d00000, 0x0000000714d00000, 0x0000000714e00000|  0%| F|  |TAMS 0x0000000714d00000, 0x0000000714d00000| Untracked 
| 308|0x0000000714e00000, 0x0000000714e00000, 0x0000000714f00000|  0%| F|  |TAMS 0x0000000714e00000, 0x0000000714e00000| Untracked 
| 309|0x0000000714f00000, 0x0000000714f00000, 0x0000000715000000|  0%| F|  |TAMS 0x0000000714f00000, 0x0000000714f00000| Untracked 
| 310|0x0000000715000000, 0x0000000715000000, 0x0000000715100000|  0%| F|  |TAMS 0x0000000715000000, 0x0000000715000000| Untracked 
| 311|0x0000000715100000, 0x0000000715100000, 0x0000000715200000|  0%| F|  |TAMS 0x0000000715100000, 0x0000000715100000| Untracked 
| 312|0x0000000715200000, 0x0000000715200000, 0x0000000715300000|  0%| F|  |TAMS 0x0000000715200000, 0x0000000715200000| Untracked 
| 313|0x0000000715300000, 0x0000000715300000, 0x0000000715400000|  0%| F|  |TAMS 0x0000000715300000, 0x0000000715300000| Untracked 
| 314|0x0000000715400000, 0x0000000715400000, 0x0000000715500000|  0%| F|  |TAMS 0x0000000715400000, 0x0000000715400000| Untracked 
| 315|0x0000000715500000, 0x0000000715500000, 0x0000000715600000|  0%| F|  |TAMS 0x0000000715500000, 0x0000000715500000| Untracked 
| 316|0x0000000715600000, 0x0000000715600000, 0x0000000715700000|  0%| F|  |TAMS 0x0000000715600000, 0x0000000715600000| Untracked 
| 317|0x0000000715700000, 0x0000000715700000, 0x0000000715800000|  0%| F|  |TAMS 0x0000000715700000, 0x0000000715700000| Untracked 
| 318|0x0000000715800000, 0x0000000715800000, 0x0000000715900000|  0%| F|  |TAMS 0x0000000715800000, 0x0000000715800000| Untracked 
| 319|0x0000000715900000, 0x0000000715900000, 0x0000000715a00000|  0%| F|  |TAMS 0x0000000715900000, 0x0000000715900000| Untracked 
| 320|0x0000000715a00000, 0x0000000715a00000, 0x0000000715b00000|  0%| F|  |TAMS 0x0000000715a00000, 0x0000000715a00000| Untracked 
| 321|0x0000000715b00000, 0x0000000715b00000, 0x0000000715c00000|  0%| F|  |TAMS 0x0000000715b00000, 0x0000000715b00000| Untracked 
| 322|0x0000000715c00000, 0x0000000715d00000, 0x0000000715d00000|100%| E|  |TAMS 0x0000000715c00000, 0x0000000715c00000| Complete 
| 323|0x0000000715d00000, 0x0000000715e00000, 0x0000000715e00000|100%| E|CS|TAMS 0x0000000715d00000, 0x0000000715d00000| Complete 
| 324|0x0000000715e00000, 0x0000000715f00000, 0x0000000715f00000|100%| E|CS|TAMS 0x0000000715e00000, 0x0000000715e00000| Complete 
| 325|0x0000000715f00000, 0x0000000716000000, 0x0000000716000000|100%| E|CS|TAMS 0x0000000715f00000, 0x0000000715f00000| Complete 
| 326|0x0000000716000000, 0x0000000716100000, 0x0000000716100000|100%| E|CS|TAMS 0x0000000716000000, 0x0000000716000000| Complete 
| 327|0x0000000716100000, 0x0000000716200000, 0x0000000716200000|100%| E|CS|TAMS 0x0000000716100000, 0x0000000716100000| Complete 
| 328|0x0000000716200000, 0x0000000716300000, 0x0000000716300000|100%| E|CS|TAMS 0x0000000716200000, 0x0000000716200000| Complete 
| 329|0x0000000716300000, 0x0000000716400000, 0x0000000716400000|100%| E|CS|TAMS 0x0000000716300000, 0x0000000716300000| Complete 
| 330|0x0000000716400000, 0x0000000716500000, 0x0000000716500000|100%| E|CS|TAMS 0x0000000716400000, 0x0000000716400000| Complete 
| 331|0x0000000716500000, 0x0000000716600000, 0x0000000716600000|100%| E|CS|TAMS 0x0000000716500000, 0x0000000716500000| Complete 
| 332|0x0000000716600000, 0x0000000716700000, 0x0000000716700000|100%| E|CS|TAMS 0x0000000716600000, 0x0000000716600000| Complete 
| 333|0x0000000716700000, 0x0000000716800000, 0x0000000716800000|100%| E|CS|TAMS 0x0000000716700000, 0x0000000716700000| Complete 
| 334|0x0000000716800000, 0x0000000716900000, 0x0000000716900000|100%| E|CS|TAMS 0x0000000716800000, 0x0000000716800000| Complete 
| 335|0x0000000716900000, 0x0000000716a00000, 0x0000000716a00000|100%| E|CS|TAMS 0x0000000716900000, 0x0000000716900000| Complete 
| 336|0x0000000716a00000, 0x0000000716a078f0, 0x0000000716b00000|  2%| S|CS|TAMS 0x0000000716a00000, 0x0000000716a00000| Complete 
| 337|0x0000000716b00000, 0x0000000716c00000, 0x0000000716c00000|100%| E|CS|TAMS 0x0000000716b00000, 0x0000000716b00000| Complete 
| 338|0x0000000716c00000, 0x0000000716d00000, 0x0000000716d00000|100%| E|CS|TAMS 0x0000000716c00000, 0x0000000716c00000| Complete 
| 339|0x0000000716d00000, 0x0000000716e00000, 0x0000000716e00000|100%| E|CS|TAMS 0x0000000716d00000, 0x0000000716d00000| Complete 
| 340|0x0000000716e00000, 0x0000000716f00000, 0x0000000716f00000|100%| E|CS|TAMS 0x0000000716e00000, 0x0000000716e00000| Complete 

Card table byte_map: [0x0000025153620000,0x0000025153e20000] _byte_map_base: 0x000002514fe13000

Marking Bits (Prev, Next): (CMBitMap*) 0x000002513a583800, (CMBitMap*) 0x000002513a5837c8
 Prev Bits: [0x00000251585c0000, 0x000002515c558000)
 Next Bits: [0x0000025154620000, 0x00000251585b8000)

Polling page: 0x000002513a5e0000

Metaspace:

Usage:
  Non-class:     37.92 MB capacity,    37.31 MB ( 98%) used,   472.88 KB (  1%) free+waste,   152.06 KB ( <1%) overhead. 
      Class:      5.20 MB capacity,     4.65 MB ( 89%) used,   487.84 KB (  9%) free+waste,    77.50 KB (  1%) overhead. 
       Both:     43.12 MB capacity,    41.95 MB ( 97%) used,   960.72 KB (  2%) free+waste,   229.56 KB ( <1%) overhead. 

Virtual space:
  Non-class space:       40.00 MB reserved,      38.12 MB ( 95%) committed 
      Class space:        1.00 GB reserved,       5.25 MB ( <1%) committed 
             Both:        1.04 GB reserved,      43.37 MB (  4%) committed 

Chunk freelists:
   Non-Class:  2.12 KB
       Class:  2.38 KB
        Both:  4.50 KB

CodeHeap 'non-profiled nmethods': size=120000Kb used=4192Kb max_used=4192Kb free=115807Kb
 bounds [0x000002514ae80000, 0x000002514b2a0000, 0x00000251523b0000]
CodeHeap 'profiled nmethods': size=120000Kb used=14572Kb max_used=14572Kb free=105427Kb
 bounds [0x0000025143950000, 0x0000025144790000, 0x000002514ae80000]
CodeHeap 'non-nmethods': size=5760Kb used=1870Kb max_used=1921Kb free=3889Kb
 bounds [0x00000251433b0000, 0x0000025143620000, 0x0000025143950000]
 total_blobs=7937 nmethods=6457 adapters=1391
 compilation: enabled
              stopped_count=0, restarted_count=0
 full_count=0

Compilation events (10 events):
Event: 227.311 Thread 0x000002515fa19000 6455       3       com.sun.javafx.scene.control.LabeledText$1::isSettable (30 bytes)
Event: 227.311 Thread 0x000002515fa19000 nmethod 6455 0x0000025144787e10 code [0x00000251447880a0, 0x0000025144788d18]
Event: 227.311 Thread 0x000002515fa19000 6456       3       com.sun.javafx.scene.control.LabeledText$4::isSettable (9 bytes)
Event: 227.312 Thread 0x000002515fa19000 nmethod 6456 0x0000025144789110 code [0x0000025144789300, 0x0000025144789a88]
Event: 227.312 Thread 0x000002515fa19000 6457       3       com.sun.javafx.scene.control.LabeledText$4::isSettable (19 bytes)
Event: 227.312 Thread 0x000002515fa19000 nmethod 6457 0x0000025144789d10 code [0x0000025144789f00, 0x000002514478a508]
Event: 227.312 Thread 0x000002515fa19000 6458       3       com.sun.javafx.scene.control.LabeledText$3::isSettable (9 bytes)
Event: 227.312 Thread 0x000002515fa19000 nmethod 6458 0x000002514478a710 code [0x000002514478a900, 0x000002514478aff8]
Event: 227.726 Thread 0x000002515fa0d000 6459       4       java.util.AbstractList$Itr::hasNext (20 bytes)
Event: 227.727 Thread 0x000002515fa0d000 nmethod 6459 0x000002514b298090 code [0x000002514b298200, 0x000002514b298298]

GC Heap History (10 events):
Event: 158.772 GC heap before
{Heap before GC invocations=274 (full 0):
 garbage-first heap   total 349184K, used 151827K [0x0000000701a00000, 0x0000000800000000)
  region size 1024K, 2 young (2048K), 1 survivors (1024K)
 Metaspace       used 42842K, capacity 44074K, committed 44156K, reserved 1087488K
  class space    used 4755K, capacity 5321K, committed 5376K, reserved 1048576K
}
Event: 158.773 GC heap after
{Heap after GC invocations=275 (full 0):
 garbage-first heap   total 349184K, used 84253K [0x0000000701a00000, 0x0000000800000000)
  region size 1024K, 1 young (1024K), 1 survivors (1024K)
 Metaspace       used 42842K, capacity 44074K, committed 44156K, reserved 1087488K
  class space    used 4755K, capacity 5321K, committed 5376K, reserved 1048576K
}
Event: 160.261 GC heap before
{Heap before GC invocations=276 (full 0):
 garbage-first heap   total 349184K, used 151837K [0x0000000701a00000, 0x0000000800000000)
  region size 1024K, 2 young (2048K), 1 survivors (1024K)
 Metaspace       used 42846K, capacity 44074K, committed 44156K, reserved 1087488K
  class space    used 4755K, capacity 5321K, committed 5376K, reserved 1048576K
}
Event: 160.262 GC heap after
{Heap after GC invocations=277 (full 0):
 garbage-first heap   total 349184K, used 84259K [0x0000000701a00000, 0x0000000800000000)
  region size 1024K, 1 young (1024K), 1 survivors (1024K)
 Metaspace       used 42846K, capacity 44074K, committed 44156K, reserved 1087488K
  class space    used 4755K, capacity 5321K, committed 5376K, reserved 1048576K
}
Event: 161.763 GC heap before
{Heap before GC invocations=278 (full 0):
 garbage-first heap   total 349184K, used 151843K [0x0000000701a00000, 0x0000000800000000)
  region size 1024K, 2 young (2048K), 1 survivors (1024K)
 Metaspace       used 42846K, capacity 44074K, committed 44156K, reserved 1087488K
  class space    used 4755K, capacity 5321K, committed 5376K, reserved 1048576K
}
Event: 161.765 GC heap after
{Heap after GC invocations=279 (full 0):
 garbage-first heap   total 349184K, used 84267K [0x0000000701a00000, 0x0000000800000000)
  region size 1024K, 1 young (1024K), 1 survivors (1024K)
 Metaspace       used 42846K, capacity 44074K, committed 44156K, reserved 1087488K
  class space    used 4755K, capacity 5321K, committed 5376K, reserved 1048576K
}
Event: 163.270 GC heap before
{Heap before GC invocations=280 (full 0):
 garbage-first heap   total 349184K, used 152875K [0x0000000701a00000, 0x0000000800000000)
  region size 1024K, 3 young (3072K), 1 survivors (1024K)
 Metaspace       used 42847K, capacity 44074K, committed 44156K, reserved 1087488K
  class space    used 4755K, capacity 5321K, committed 5376K, reserved 1048576K
}
Event: 163.271 GC heap after
{Heap after GC invocations=281 (full 0):
 garbage-first heap   total 349184K, used 84277K [0x0000000701a00000, 0x0000000800000000)
  region size 1024K, 1 young (1024K), 1 survivors (1024K)
 Metaspace       used 42847K, capacity 44074K, committed 44156K, reserved 1087488K
  class space    used 4755K, capacity 5321K, committed 5376K, reserved 1048576K
}
Event: 166.610 GC heap before
{Heap before GC invocations=282 (full 0):
 garbage-first heap   total 349184K, used 153909K [0x0000000701a00000, 0x0000000800000000)
  region size 1024K, 4 young (4096K), 1 survivors (1024K)
 Metaspace       used 42853K, capacity 44074K, committed 44156K, reserved 1087488K
  class space    used 4755K, capacity 5321K, committed 5376K, reserved 1048576K
}
Event: 166.612 GC heap after
{Heap after GC invocations=283 (full 0):
 garbage-first heap   total 349184K, used 84290K [0x0000000701a00000, 0x0000000800000000)
  region size 1024K, 1 young (1024K), 1 survivors (1024K)
 Metaspace       used 42853K, capacity 44074K, committed 44156K, reserved 1087488K
  class space    used 4755K, capacity 5321K, committed 5376K, reserved 1048576K
}

Deoptimization events (10 events):
Event: 152.830 Thread 0x000002516082c800 Uncommon trap: reason=profile_predicate action=maybe_recompile pc=0x000002514b232d94 method=com.sun.javafx.sg.prism.NGNode.markCullRegions(Lcom/sun/javafx/geom/DirtyRegionContainer;ILcom/sun/javafx/geom/transform/BaseTransform;Lcom/sun/javafx/geom/transfo
Event: 152.830 Thread 0x000002516082c800 Uncommon trap: reason=profile_predicate action=maybe_recompile pc=0x000002514b232d94 method=com.sun.javafx.sg.prism.NGNode.markCullRegions(Lcom/sun/javafx/geom/DirtyRegionContainer;ILcom/sun/javafx/geom/transform/BaseTransform;Lcom/sun/javafx/geom/transfo
Event: 152.830 Thread 0x000002516082c800 Uncommon trap: reason=profile_predicate action=maybe_recompile pc=0x000002514b232d94 method=com.sun.javafx.sg.prism.NGNode.markCullRegions(Lcom/sun/javafx/geom/DirtyRegionContainer;ILcom/sun/javafx/geom/transform/BaseTransform;Lcom/sun/javafx/geom/transfo
Event: 162.046 Thread 0x00000251608a8000 Uncommon trap: reason=profile_predicate action=maybe_recompile pc=0x000002514b246644 method=javafx.scene.CssStyleHelper.transitionToState(Ljavafx/scene/Node;)V @ 285 c2
Event: 162.046 Thread 0x00000251608a8000 Uncommon trap: reason=profile_predicate action=maybe_recompile pc=0x000002514b246644 method=javafx.scene.CssStyleHelper.transitionToState(Ljavafx/scene/Node;)V @ 285 c2
Event: 162.094 Thread 0x00000251608a8000 Uncommon trap: reason=profile_predicate action=maybe_recompile pc=0x000002514b246644 method=javafx.scene.CssStyleHelper.transitionToState(Ljavafx/scene/Node;)V @ 285 c2
Event: 162.094 Thread 0x00000251608a8000 Uncommon trap: reason=profile_predicate action=maybe_recompile pc=0x000002514b246644 method=javafx.scene.CssStyleHelper.transitionToState(Ljavafx/scene/Node;)V @ 285 c2
Event: 163.528 Thread 0x00000251608a8000 Uncommon trap: reason=unstable_if action=reinterpret pc=0x000002514b043024 method=java.net.URLStreamHandler.parseURL(Ljava/net/URL;Ljava/lang/String;II)V @ 155 c2
Event: 163.528 Thread 0x00000251608a8000 Uncommon trap: reason=unstable_if action=reinterpret pc=0x000002514b0cefd0 method=java.io.WinNTFileSystem.prefixLength(Ljava/lang/String;)I @ 42 c2
Event: 163.528 Thread 0x00000251608a8000 Uncommon trap: reason=unstable_if action=reinterpret pc=0x000002514b03e4e4 method=java.io.WinNTFileSystem.prefixLength(Ljava/lang/String;)I @ 42 c2

Classes redefined (0 events):
No events

Internal exceptions (10 events):
Event: 99.642 Thread 0x00000251608a8000 Exception <a 'java/lang/NullPointerException'{0x00000007135112e8}> (0x00000007135112e8) thrown at [./open/src/hotspot/share/interpreter/linkResolver.cpp, line 1354]
Event: 99.642 Thread 0x00000251608a8000 Exception <a 'java/lang/NullPointerException'{0x00000007135112e8}> (0x00000007135112e8) thrown at [./open/src/hotspot/share/prims/jvm.cpp, line 1309]
Event: 118.865 Thread 0x00000251608a8000 Implicit null exception at 0x000002514b099832 to 0x000002514b09a98c
Event: 131.967 Thread 0x00000251608a8000 Exception <a 'java/lang/NoSuchMethodError'{0x0000000716e0b598}: java.lang.invoke.DirectMethodHandle$Holder.invokeStatic(Ljava/lang/Object;Ljava/lang/Object;Ljava/lang/Object;ILjava/lang/Object;Ljava/lang/Object;Ljava/lang/Object;I)Ljava/lang/Object;> (0x0
Event: 163.528 Thread 0x00000251608a8000 Exception <a 'java/io/FileNotFoundException'{0x0000000716e18688}> (0x0000000716e18688) thrown at [./open/src/hotspot/share/prims/jni.cpp, line 611]
Event: 167.409 Thread 0x00000251608a8000 Exception <a 'java/io/FileNotFoundException'{0x0000000716d9d250}> (0x0000000716d9d250) thrown at [./open/src/hotspot/share/prims/jni.cpp, line 611]
Event: 172.166 Thread 0x00000251608a8000 Exception <a 'java/lang/NullPointerException'{0x0000000716b573e8}> (0x0000000716b573e8) thrown at [./open/src/hotspot/share/interpreter/linkResolver.cpp, line 1354]
Event: 172.166 Thread 0x00000251608a8000 Exception <a 'java/lang/NullPointerException'{0x0000000716b573e8}> (0x0000000716b573e8) thrown at [./open/src/hotspot/share/prims/jvm.cpp, line 1309]
Event: 225.817 Thread 0x00000251608a8000 Exception <a 'java/io/IOException'{0x0000000715de7390}> (0x0000000715de7390) thrown at [./open/src/hotspot/share/prims/jni.cpp, line 611]
Event: 225.817 Thread 0x00000251608a8000 Exception <a 'java/io/IOException'{0x0000000715de7700}> (0x0000000715de7700) thrown at [./open/src/hotspot/share/prims/jni.cpp, line 611]

Events (10 events):
Event: 196.597 Thread 0x00000251687f4800 DEOPT PACKING pc=0x0000025144629647 sp=0x000000a734dfe9b0
Event: 196.597 Thread 0x00000251687f4800 DEOPT UNPACKING pc=0x00000251433d705e sp=0x000000a734dfdf38 mode 0
Event: 200.578 Executing VM operation: RevokeBias
Event: 200.578 Executing VM operation: RevokeBias done
Event: 200.578 Thread 0x00000251687f4800 Thread exited: 0x00000251687f4800
Event: 225.817 Thread 0x00000251687f0800 Thread added: 0x00000251687f0800
Event: 225.817 loading class java/io/FileOutputStream$1
Event: 225.817 loading class java/io/FileOutputStream$1 done
Event: 225.817 Executing VM operation: RevokeBias
Event: 225.818 Executing VM operation: RevokeBias done


Dynamic libraries:
0x00007ff7fab40000 - 0x00007ff7fab50000 	C:\Program Files\Java\jdk-11\bin\java.exe
0x00007ffadf8d0000 - 0x00007ffadfac8000 	C:\windows\SYSTEM32\ntdll.dll
0x00007ffade9f0000 - 0x00007ffadeaaf000 	C:\windows\System32\KERNEL32.DLL
0x00007ffadd470000 - 0x00007ffadd742000 	C:\windows\System32\KERNELBASE.dll
0x00007ffadcfd0000 - 0x00007ffadd0d0000 	C:\windows\System32\ucrtbase.dll
0x00007ffad6570000 - 0x00007ffad6588000 	C:\Program Files\Java\jdk-11\bin\jli.dll
0x00007ffad6590000 - 0x00007ffad65ab000 	C:\Program Files\Java\jdk-11\bin\VCRUNTIME140.dll
0x00007ffadf470000 - 0x00007ffadf51e000 	C:\windows\System32\ADVAPI32.dll
0x00007ffadee60000 - 0x00007ffadeefe000 	C:\windows\System32\msvcrt.dll
0x00007ffadeb90000 - 0x00007ffadec2c000 	C:\windows\System32\sechost.dll
0x00007ffadf660000 - 0x00007ffadf785000 	C:\windows\System32\RPCRT4.dll
0x00007ffadf2c0000 - 0x00007ffadf461000 	C:\windows\System32\USER32.dll
0x00007ffadce40000 - 0x00007ffadce62000 	C:\windows\System32\win32u.dll
0x00007ffadf7e0000 - 0x00007ffadf80b000 	C:\windows\System32\GDI32.dll
0x00007ffad02e0000 - 0x00007ffad057a000 	C:\windows\WinSxS\amd64_microsoft.windows.common-controls_6595b64144ccf1df_6.0.19041.1110_none_60b5254171f9507e\COMCTL32.dll
0x00007ffadccc0000 - 0x00007ffadcdcf000 	C:\windows\System32\gdi32full.dll
0x00007ffadd1a0000 - 0x00007ffadd23d000 	C:\windows\System32\msvcp_win.dll
0x00007ffad0930000 - 0x00007ffad093a000 	C:\windows\SYSTEM32\VERSION.dll
0x00007ffadf790000 - 0x00007ffadf7c2000 	C:\windows\System32\IMM32.DLL
0x00007ffad6560000 - 0x00007ffad656c000 	C:\Program Files\Java\jdk-11\bin\vcruntime140_1.dll
0x00007ffaca7f0000 - 0x00007ffaca87e000 	C:\Program Files\Java\jdk-11\bin\msvcp140.dll
0x00007ffa96b70000 - 0x00007ffa976d8000 	C:\Program Files\Java\jdk-11\bin\server\jvm.dll
0x00007ffadf520000 - 0x00007ffadf528000 	C:\windows\System32\PSAPI.DLL
0x00007ffada410000 - 0x00007ffada419000 	C:\windows\SYSTEM32\WSOCK32.dll
0x00007ffac2ec0000 - 0x00007ffac2ee7000 	C:\windows\SYSTEM32\WINMM.dll
0x00007ffadf080000 - 0x00007ffadf0eb000 	C:\windows\System32\WS2_32.dll
0x00007ffadce20000 - 0x00007ffadce32000 	C:\windows\System32\kernel.appcore.dll
0x00007ffad6550000 - 0x00007ffad6560000 	C:\Program Files\Java\jdk-11\bin\verify.dll
0x00007ffacf9f0000 - 0x00007ffacfbd4000 	C:\windows\SYSTEM32\DBGHELP.DLL
0x00007ffacf9b0000 - 0x00007ffacf9e5000 	C:\windows\SYSTEM32\dbgcore.DLL
0x00007ffadd0d0000 - 0x00007ffadd152000 	C:\windows\System32\bcryptPrimitives.dll
0x00007ffacaa80000 - 0x00007ffacaaa8000 	C:\Program Files\Java\jdk-11\bin\java.dll
0x00007ffacbb90000 - 0x00007ffacbb9a000 	C:\Program Files\Java\jdk-11\bin\jimage.dll
0x00007ffacac30000 - 0x00007ffacac3e000 	C:\Program Files\Java\jdk-11\bin\instrument.dll
0x00007ffaca7d0000 - 0x00007ffaca7e7000 	C:\Program Files\Java\jdk-11\bin\zip.dll
0x00007ffade240000 - 0x00007ffade985000 	C:\windows\System32\SHELL32.dll
0x00007ffadae60000 - 0x00007ffadb5f2000 	C:\windows\SYSTEM32\windows.storage.dll
0x00007ffadda10000 - 0x00007ffaddd65000 	C:\windows\System32\combase.dll
0x00007ffadc6b0000 - 0x00007ffadc6e0000 	C:\windows\SYSTEM32\Wldp.dll
0x00007ffadefd0000 - 0x00007ffadf07d000 	C:\windows\System32\SHCORE.dll
0x00007ffade1e0000 - 0x00007ffade235000 	C:\windows\System32\shlwapi.dll
0x00007ffadcb90000 - 0x00007ffadcbaf000 	C:\windows\SYSTEM32\profapi.dll
0x00007ffaca7a0000 - 0x00007ffaca7b9000 	C:\Program Files\Java\jdk-11\bin\net.dll
0x00007ffad4ef0000 - 0x00007ffad4ffc000 	C:\windows\SYSTEM32\WINHTTP.dll
0x00007ffadc410000 - 0x00007ffadc47a000 	C:\windows\system32\mswsock.dll
0x00007ffac5780000 - 0x00007ffac5792000 	C:\Program Files\Java\jdk-11\bin\nio.dll
0x00007ffac5720000 - 0x00007ffac573a000 	D:\tools\IntelliJ IDEA 2021.1.1\bin\breakgen64.dll
0x0000025161540000 - 0x0000025161543000 	C:\Program Files\Java\jdk-11\bin\api-ms-win-core-console-l1-1-0.dll
0x0000025161550000 - 0x0000025161553000 	C:\Program Files\Java\jdk-11\bin\api-ms-win-core-datetime-l1-1-0.dll
0x0000025161560000 - 0x0000025161563000 	C:\Program Files\Java\jdk-11\bin\api-ms-win-core-debug-l1-1-0.dll
0x0000025161570000 - 0x0000025161573000 	C:\Program Files\Java\jdk-11\bin\api-ms-win-core-errorhandling-l1-1-0.dll
0x0000025161580000 - 0x0000025161584000 	C:\Program Files\Java\jdk-11\bin\api-ms-win-core-file-l1-1-0.dll
0x0000025161590000 - 0x0000025161593000 	C:\Program Files\Java\jdk-11\bin\api-ms-win-core-file-l1-2-0.dll
0x00000251615a0000 - 0x00000251615a3000 	C:\Program Files\Java\jdk-11\bin\api-ms-win-core-file-l2-1-0.dll
0x00000251615b0000 - 0x00000251615b3000 	C:\Program Files\Java\jdk-11\bin\api-ms-win-core-handle-l1-1-0.dll
0x00000251615c0000 - 0x00000251615c3000 	C:\Program Files\Java\jdk-11\bin\api-ms-win-core-heap-l1-1-0.dll
0x00000251615d0000 - 0x00000251615d3000 	C:\Program Files\Java\jdk-11\bin\api-ms-win-core-interlocked-l1-1-0.dll
0x00000251615e0000 - 0x00000251615e3000 	C:\Program Files\Java\jdk-11\bin\api-ms-win-core-libraryloader-l1-1-0.dll
0x00000251615f0000 - 0x00000251615f3000 	C:\Program Files\Java\jdk-11\bin\api-ms-win-core-localization-l1-2-0.dll
0x0000025161600000 - 0x0000025161603000 	C:\Program Files\Java\jdk-11\bin\api-ms-win-core-memory-l1-1-0.dll
0x0000025161610000 - 0x0000025161613000 	C:\Program Files\Java\jdk-11\bin\api-ms-win-core-namedpipe-l1-1-0.dll
0x0000025161620000 - 0x0000025161623000 	C:\Program Files\Java\jdk-11\bin\api-ms-win-core-processenvironment-l1-1-0.dll
0x0000025161630000 - 0x0000025161633000 	C:\Program Files\Java\jdk-11\bin\api-ms-win-core-processthreads-l1-1-0.dll
0x0000025161640000 - 0x0000025161643000 	C:\Program Files\Java\jdk-11\bin\api-ms-win-core-processthreads-l1-1-1.dll
0x0000025161650000 - 0x0000025161653000 	C:\Program Files\Java\jdk-11\bin\api-ms-win-core-profile-l1-1-0.dll
0x0000025161660000 - 0x0000025161663000 	C:\Program Files\Java\jdk-11\bin\api-ms-win-core-rtlsupport-l1-1-0.dll
0x0000025161670000 - 0x0000025161673000 	C:\Program Files\Java\jdk-11\bin\api-ms-win-core-string-l1-1-0.dll
0x0000025161680000 - 0x0000025161683000 	C:\Program Files\Java\jdk-11\bin\api-ms-win-core-synch-l1-1-0.dll
0x0000025161690000 - 0x0000025161693000 	C:\Program Files\Java\jdk-11\bin\api-ms-win-core-synch-l1-2-0.dll
0x00000251616a0000 - 0x00000251616a3000 	C:\Program Files\Java\jdk-11\bin\api-ms-win-core-sysinfo-l1-1-0.dll
0x00000251616b0000 - 0x00000251616b3000 	C:\Program Files\Java\jdk-11\bin\api-ms-win-core-timezone-l1-1-0.dll
0x00000251616c0000 - 0x00000251616c3000 	C:\Program Files\Java\jdk-11\bin\api-ms-win-core-util-l1-1-0.dll
0x00000251616d0000 - 0x00000251616d3000 	C:\Program Files\Java\jdk-11\bin\api-ms-win-crt-conio-l1-1-0.dll
0x00000251616e0000 - 0x00000251616e4000 	C:\Program Files\Java\jdk-11\bin\api-ms-win-crt-convert-l1-1-0.dll
0x00000251616f0000 - 0x00000251616f3000 	C:\Program Files\Java\jdk-11\bin\api-ms-win-crt-environment-l1-1-0.dll
0x0000025161700000 - 0x0000025161703000 	C:\Program Files\Java\jdk-11\bin\api-ms-win-crt-filesystem-l1-1-0.dll
0x0000025161710000 - 0x0000025161713000 	C:\Program Files\Java\jdk-11\bin\api-ms-win-crt-heap-l1-1-0.dll
0x0000025161720000 - 0x0000025161723000 	C:\Program Files\Java\jdk-11\bin\api-ms-win-crt-locale-l1-1-0.dll
0x0000025161730000 - 0x0000025161735000 	C:\Program Files\Java\jdk-11\bin\api-ms-win-crt-math-l1-1-0.dll
0x0000025161740000 - 0x0000025161745000 	C:\Program Files\Java\jdk-11\bin\api-ms-win-crt-multibyte-l1-1-0.dll
0x0000025161750000 - 0x0000025161760000 	C:\Program Files\Java\jdk-11\bin\api-ms-win-crt-private-l1-1-0.dll
0x0000025161760000 - 0x0000025161763000 	C:\Program Files\Java\jdk-11\bin\api-ms-win-crt-process-l1-1-0.dll
0x0000025161770000 - 0x0000025161774000 	C:\Program Files\Java\jdk-11\bin\api-ms-win-crt-runtime-l1-1-0.dll
0x0000025161780000 - 0x0000025161784000 	C:\Program Files\Java\jdk-11\bin\api-ms-win-crt-stdio-l1-1-0.dll
0x0000025161790000 - 0x0000025161794000 	C:\Program Files\Java\jdk-11\bin\api-ms-win-crt-string-l1-1-0.dll
0x00000251617a0000 - 0x00000251617a3000 	C:\Program Files\Java\jdk-11\bin\api-ms-win-crt-time-l1-1-0.dll
0x00000251617b0000 - 0x00000251617b3000 	C:\Program Files\Java\jdk-11\bin\api-ms-win-crt-utility-l1-1-0.dll
0x00007ffa99740000 - 0x00007ffa99840000 	C:\Program Files\Java\jdk-11\bin\ucrtbase.dll
0x00007ffa9c260000 - 0x00007ffa9c2ae000 	C:\Windows\System32\concrt140.dll
0x00007ffac3230000 - 0x00007ffac3253000 	C:\Users\Administrator\.openjfx\cache\12.0.1\prism_d3d.dll
0x00007ffacc450000 - 0x00007ffacc61e000 	C:\windows\system32\d3d9.dll
0x00007ffada890000 - 0x00007ffada8bf000 	C:\windows\SYSTEM32\dwmapi.dll
0x00007ffada740000 - 0x00007ffada7de000 	C:\windows\system32\uxtheme.dll
0x00007ffa95cf0000 - 0x00007ffa95ebd000 	C:\windows\System32\DriverStore\FileRepository\iigd_dch.inf_amd64_b261b2ab559fdee8\igdumdim64.dll
0x00007ffad2db0000 - 0x00007ffad2ed0000 	C:\windows\System32\DriverStore\FileRepository\iigd_dch.inf_amd64_b261b2ab559fdee8\igdgmm64.dll
0x00007ffa90f60000 - 0x00007ffa94b71000 	C:\windows\System32\DriverStore\FileRepository\iigd_dch.inf_amd64_b261b2ab559fdee8\igd9dxva64.dll
0x00007ffadf0f0000 - 0x00007ffadf21a000 	C:\windows\System32\OLE32.dll
0x00007ffadef00000 - 0x00007ffadefcd000 	C:\windows\System32\OLEAUT32.dll
0x00007ffa99950000 - 0x00007ffa99995000 	C:\Users\Administrator\.openjfx\cache\12.0.1\glass.dll
0x00007ffadeab0000 - 0x00007ffadeb8a000 	C:\windows\System32\COMDLG32.dll
0x00007ffadd840000 - 0x00007ffadd955000 	C:\windows\System32\MSCTF.dll
0x00007ffacb1e0000 - 0x00007ffacb201000 	C:\windows\System32\DriverStore\FileRepository\iigd_dch.inf_amd64_b261b2ab559fdee8\igdinfo64.dll
0x00007ffad0a50000 - 0x00007ffad2db0000 	C:\windows\System32\DriverStore\FileRepository\iigd_dch.inf_amd64_b261b2ab559fdee8\igc64.dll
0x00007ffad3dd0000 - 0x00007ffad3e0b000 	C:\windows\SYSTEM32\dxcore.dll
0x00007ffadd240000 - 0x00007ffadd28e000 	C:\windows\System32\cfgmgr32.dll
0x00007ffabdac0000 - 0x00007ffabdad4000 	C:\Users\Administrator\.openjfx\cache\12.0.1\javafx_font.dll
0x00007ffac9a40000 - 0x00007ffac9cbf000 	C:\windows\SYSTEM32\dwrite.dll
0x00007ffadd960000 - 0x00007ffadda09000 	C:\windows\System32\clbcatq.dll
0x00007ffad6c80000 - 0x00007ffad6e34000 	C:\windows\SYSTEM32\WindowsCodecs.dll
0x00007ffadd160000 - 0x00007ffadd187000 	C:\windows\System32\bcrypt.dll
0x00007ffac1ac0000 - 0x00007ffac1afe000 	C:\windows\system32\dataexchange.dll
0x00007ffad91b0000 - 0x00007ffad9413000 	C:\windows\system32\d3d11.dll
0x00007ffad99e0000 - 0x00007ffad9bc3000 	C:\windows\system32\dcomp.dll
0x00007ffadd290000 - 0x00007ffadd383000 	C:\windows\System32\dxgi.dll
0x00007ffad6930000 - 0x00007ffad6b30000 	C:\windows\system32\twinapi.appcore.dll
0x00007ffaa8980000 - 0x00007ffaa89b4000 	C:\Program Files\Common Files\Microsoft Shared\Ink\rtscom.dll
0x00007ffad7480000 - 0x00007ffad7579000 	C:\windows\SYSTEM32\textinputframework.dll
0x00007ffad9bd0000 - 0x00007ffad9f2e000 	C:\windows\System32\CoreUIComponents.dll
0x00007ffada2b0000 - 0x00007ffada3a2000 	C:\windows\System32\CoreMessaging.dll
0x00007ffadbe30000 - 0x00007ffadbe63000 	C:\windows\SYSTEM32\ntmarta.dll
0x00007ffad8bf0000 - 0x00007ffad8d44000 	C:\windows\SYSTEM32\wintypes.dll
0x00007ffadc140000 - 0x00007ffadc20b000 	C:\windows\SYSTEM32\DNSAPI.dll
0x00007ffadc100000 - 0x00007ffadc13b000 	C:\windows\SYSTEM32\IPHLPAPI.DLL
0x00007ffadf630000 - 0x00007ffadf638000 	C:\windows\System32\NSI.dll
0x00007ffad5770000 - 0x00007ffad577a000 	C:\Windows\System32\rasadhlp.dll
0x00007ffad4560000 - 0x00007ffad45e0000 	C:\windows\System32\fwpuclnt.dll
0x00007ffa95b60000 - 0x00007ffa95ce2000 	C:\Program Files\Java\jdk-11\bin\awt.dll
0x00007ffada5c0000 - 0x00007ffada650000 	C:\windows\SYSTEM32\apphelp.dll

dbghelp: loaded successfully - version: 4.0.5 - missing functions: none
symbol engine: initialized successfully - sym options: 0x614 - pdb path: .;C:\Program Files\Java\jdk-11\bin;C:\windows\SYSTEM32;C:\windows\WinSxS\amd64_microsoft.windows.common-controls_6595b64144ccf1df_6.0.19041.1110_none_60b5254171f9507e;C:\Program Files\Java\jdk-11\bin\server;D:\tools\IntelliJ IDEA 2021.1.1\bin;C:\Users\Administrator\.openjfx\cache\12.0.1;C:\windows\System32\DriverStore\FileRepository\iigd_dch.inf_amd64_b261b2ab559fdee8;C:\Program Files\Common Files\Microsoft Shared\Ink;C:\Users\Administrator\.javacpp\cache\ffmpeg-4.2.1-1.5.2-windows-x86_64.jar\org\bytedeco\ffmpeg\windows-x86_64;C:\Users\Administrator\.javacpp\cache\openblas-0.3.7-1.5.2-windows-x86_64.jar\org\bytedeco\openblas\windows-x86_64;C:\Users\Administrator\.javacpp\cache\opencv-4.1.2-1.5.2-windows-x86_64.jar\org\bytedeco\opencv\windows-x86_64;C:\windows\System32\DriverStore\FileRepository\nvhm.inf_amd64_4a725c9a083cb6dc;C:\windows\WinSxS\amd64_microsoft.windows.gdiplus_6595b64144ccf1df_1.1.19041.2251_none_91a40448cc8846c1;D:\game tools\BaiduNetdisk

VM Arguments:
jvm_args: -javaagent:D:\tools\IntelliJ IDEA 2021.1.1\lib\idea_rt.jar=55547:D:\tools\IntelliJ IDEA 2021.1.1\bin -Dfile.encoding=UTF-8 
java_command: org.openjfx.Main
java_class_path (initial): C:\Users\Administrator\Desktop\project01\target\classes;C:\Users\Administrator\.m2\repository\org\openjfx\javafx-controls\11.0.2\javafx-controls-11.0.2.jar;C:\Users\Administrator\.m2\repository\org\openjfx\javafx-controls\11.0.2\javafx-controls-11.0.2-win.jar;C:\Users\Administrator\.m2\repository\org\openjfx\javafx-fxml\11.0.2\javafx-fxml-11.0.2.jar;C:\Users\Administrator\.m2\repository\org\openjfx\javafx-fxml\11.0.2\javafx-fxml-11.0.2-win.jar;C:\Users\Administrator\.m2\repository\org\openjfx\javafx-media\12.0.1\javafx-media-12.0.1.jar;C:\Users\Administrator\.m2\repository\org\openjfx\javafx-media\12.0.1\javafx-media-12.0.1-win.jar;C:\Users\Administrator\.m2\repository\org\openjfx\javafx-graphics\12.0.1\javafx-graphics-12.0.1.jar;C:\Users\Administrator\.m2\repository\org\openjfx\javafx-graphics\12.0.1\javafx-graphics-12.0.1-win.jar;C:\Users\Administrator\.m2\repository\org\openjfx\javafx-base\12.0.1\javafx-base-12.0.1.jar;C:\Users\Administrator\.m2\repository\org\openjfx\javafx-base\12.0.1\javafx-base-12.0.1-win.jar;C:\Users\Administrator\.m2\repository\org\bytedeco\javacv-platform\1.5.2\javacv-platform-1.5.2.jar;C:\Users\Administrator\.m2\repository\org\bytedeco\openblas-platform\0.3.7-1.5.2\openblas-platform-0.3.7-1.5.2.jar;C:\Users\Administrator\.m2\repository\org\bytedeco\openblas\0.3.7-1.5.2\openblas-0.3.7-1.5.2-android-arm.jar;C:\Users\Administrator\.m2\repository\org\bytedeco\openblas\0.3.7-1.5.2\openblas-0.3.7-1.5.2-android-arm64.jar;C:\Users\Administrator\.m2\repository\org\bytedeco\openblas\0.3.7-1.5.2\openblas-0.3.7-1.5.2-android-x86.jar;C:\Users\Administrator\.m2\repository\org\bytedeco\openblas\0.3.7-1.5.2\openblas-0.3.7-1.5.2-android-x86_64.jar;C:\Users\Administrator\.m2\repository\org\bytedeco\openblas\0.3.7-1.5.2\openblas-0.3.7-1.5.2-ios-arm64.jar;C:\Users\Administrator\.m2\repository\org\bytedeco\openblas\0.3.7-1.5.2\openblas-0.3.7-1.5.2-ios-x86_64.jar;C:\Users\Administrator\.m2\repository\org\bytedeco\openblas\0.3.7-1.5
Launcher Type: SUN_STANDARD

[Global flags]
     intx CICompilerCount                          = 4                                         {product} {ergonomic}
     uint ConcGCThreads                            = 2                                         {product} {ergonomic}
     uint G1ConcRefinementThreads                  = 8                                         {product} {ergonomic}
   size_t G1HeapRegionSize                         = 1048576                                   {product} {ergonomic}
    uintx GCDrainStackTargetSize                   = 64                                        {product} {ergonomic}
   size_t InitialHeapSize                          = 268435456                                 {product} {ergonomic}
   size_t MarkStackSize                            = 4194304                                   {product} {ergonomic}
   size_t MaxHeapSize                              = 4267704320                                {product} {ergonomic}
   size_t MaxNewSize                               = 2560622592                                {product} {ergonomic}
   size_t MinHeapDeltaBytes                        = 1048576                                   {product} {ergonomic}
    uintx NonNMethodCodeHeapSize                   = 5836300                                {pd product} {ergonomic}
    uintx NonProfiledCodeHeapSize                  = 122910970                              {pd product} {ergonomic}
    uintx ProfiledCodeHeapSize                     = 122910970                              {pd product} {ergonomic}
    uintx ReservedCodeCacheSize                    = 251658240                              {pd product} {ergonomic}
     bool SegmentedCodeCache                       = true                                      {product} {ergonomic}
     bool UseCompressedClassPointers               = true                                 {lp64_product} {ergonomic}
     bool UseCompressedOops                        = true                                 {lp64_product} {ergonomic}
     bool UseG1GC                                  = true                                      {product} {ergonomic}
     bool UseLargePagesIndividualAllocation        = false                                  {pd product} {ergonomic}

Logging:
Log output configuration:
 #0: stdout all=warning uptime,level,tags
 #1: stderr all=off uptime,level,tags

Environment Variables:
PATH=C:\Program Files\Common Files\Oracle\Java\javapath;C:\Program Files\Java\jdk1.8.0_201\bin;C:\windows\system32;C:\windows;C:\windows\System32\Wbem;C:\windows\System32\WindowsPowerShell\v1.0\;C:\windows\System32\OpenSSH\;D:\MySQL\MySQL Server 8.0\bin;D:\tools\ffmpeg\ffmpeg-master-latest-win64-gpl-shared\bin;C:\Program Files\Git\cmd;D:\tools\apache-maven-3.9.0\bin;D:\tools\VLC;C:\Program Files\Java\jdk-11\bin;C:\Program Files\dotnet\;D:\MySQL\MySQL Shell 8.0\bin\;C:\Users\Administrator\AppData\Local\Microsoft\WindowsApps;C:\Users\Administrator\.dotnet\tools
USERNAME=Administrator
OS=Windows_NT
PROCESSOR_IDENTIFIER=Intel64 Family 6 Model 158 Stepping 10, GenuineIntel



---------------  S Y S T E M  ---------------

OS: Windows 10 , 64 bit Build 19041 (10.0.19041.2546)

CPU:total 8 (initial active 8) (4 cores per cpu, 2 threads per core) family 6 model 158 stepping 10 microcode 0xb4, cmov, cx8, fxsr, mmx, sse, sse2, sse3, ssse3, sse4.1, sse4.2, popcnt, avx, avx2, aes, clmul, erms, 3dnowpref, lzcnt, ht, tsc, tscinvbit, bmi1, bmi2, adx, fma

Memory: 4k page, system-wide physical 16273M (5897M free)
TotalPageFile size 18705M (AvailPageFile size 3601M)
current process WorkingSet (physical memory assigned to process): 890M, peak: 890M
current process commit charge ("private bytes"): 1402M, peak: 1402M

vm_info: Java HotSpot(TM) 64-Bit Server VM (11.0.18+9-LTS-195) for windows-amd64 JRE (11.0.18+9-LTS-195), built on Dec  6 2022 15:50:58 by "mach5one" with MS VC++ 17.1 (VS2022)

END.
