#
# A fatal error has been detected by the Java Runtime Environment:
#
#  EXCEPTION_ACCESS_VIOLATION (0xc0000005) at pc=0x00007ff9da0eb445, pid=5612, tid=10412
#
# JRE version: Java(TM) SE Runtime Environment 18.9 (11.0.18+9) (build 11.0.18+9-LTS-195)
# Java VM: Java HotSpot(TM) 64-Bit Server VM 18.9 (11.0.18+9-LTS-195, mixed mode, tiered, compressed oops, g1 gc, windows-amd64)
# Problematic frame:
# C  0x00007ff9da0eb445
#
# No core dump will be written. Minidumps are not enabled by default on client versions of Windows
#
# If you would like to submit a bug report, please visit:
#   https://bugreport.java.com/bugreport/crash.jsp
# The crash happened outside the Java Virtual Machine in native code.
# See problematic frame for where to report the bug.
#

---------------  S U M M A R Y ------------

Command Line: -javaagent:D:\tools\IntelliJ IDEA 2021.1.1\lib\idea_rt.jar=51258:D:\tools\IntelliJ IDEA 2021.1.1\bin -Dfile.encoding=UTF-8 org.openjfx.Main

Host: Intel(R) Core(TM) i5-8300H CPU @ 2.30GHz, 8 cores, 15G,  Windows 10 , 64 bit Build 19041 (10.0.19041.2546)
Time: Fri Apr  7 16:37:47 2023  Windows 10 , 64 bit Build 19041 (10.0.19041.2546) elapsed time: 293.671357 seconds (0d 0h 4m 53s)

---------------  T H R E A D  ---------------

Current thread (0x000001b198af7800):  JavaThread "Thread-6" [_thread_in_native, id=10412, stack(0x0000002adde00000,0x0000002addf00000)]

Stack: [0x0000002adde00000,0x0000002addf00000],  sp=0x0000002addefea48,  free space=1018k
Native frames: (J=compiled Java code, j=interpreted, Vv=VM code, C=native code)
C  0x00007ff9da0eb445

Java frames: (J=compiled Java code, j=interpreted, Vv=VM code)
J 6155  org.bytedeco.ffmpeg.global.swscale.sws_scale(Lorg/bytedeco/ffmpeg/swscale/SwsContext;Lorg/bytedeco/javacpp/PointerPointer;Lorg/bytedeco/javacpp/IntPointer;IILorg/bytedeco/javacpp/PointerPointer;Lorg/bytedeco/javacpp/IntPointer;)I (0 bytes) @ 0x000001b187e737eb [0x000001b187e73720+0x00000000000000cb]
J 6149 c1 org.bytedeco.javacv.FFmpegFrameGrabber.processImage()V (508 bytes) @ 0x000001b18135c54c [0x000001b18135b500+0x000000000000104c]
J 6798 c1 org.bytedeco.javacv.FFmpegFrameGrabber.grabFrame(ZZZZ)Lorg/bytedeco/javacv/Frame; (901 bytes) @ 0x000001b1814a316c [0x000001b1814a18c0+0x00000000000018ac]
J 6137 c1 org.bytedeco.javacv.FFmpegFrameGrabber.grabImage()Lorg/bytedeco/javacv/Frame; (9 bytes) @ 0x000001b18135485c [0x000001b1813547c0+0x000000000000009c]
j  org.openjfx.service.PullStream.lambda$getPullStream$0(Ljava/lang/String;Lorg/bytedeco/javacv/FFmpegFrameGrabber;)V+45
j  org.openjfx.service.PullStream$$Lambda$989.run()V+12
j  java.lang.Thread.run()V+11 java.base@11.0.18
v  ~StubRoutines::call_stub

siginfo: EXCEPTION_ACCESS_VIOLATION (0xc0000005), reading address 0x000001b1c7742000


Register to memory mapping:

RIP=0x00007ff9da0eb445 points into unknown readable memory: 66 41 0f
RAX=0x00000000000006fd is an unknown value
RBX=0x000001b1c936e840 points into unknown readable memory: 0x00007ff9da10b540 | 40 b5 10 da f9 7f 00 00
RCX=0x00000000000006fb is an unknown value
RDX=0x000001b1cbed80a0 points into unknown readable memory: 0x4000400040004000 | 00 40 00 40 00 40 00 40
RSP=0x0000002addefea48 is pointing into the stack for thread: 0x000001b198af7800
RBP=0x000001b1a5f1b398 points into unknown readable memory: 0x000001b1cbed18e0 | e0 18 ed cb b1 01 00 00
RSI=0x00000000000003c0 is an unknown value
RDI=0x000001b1a5fc1940 points into unknown readable memory: 0x000001b1c7b58380 | 80 83 b5 c7 b1 01 00 00
R8 =0xffffffffffffffbc is an unknown value
R9 =0x000001b1c7741900 points into unknown readable memory: 0x0000000000000000 | 00 00 00 00 00 00 00 00
R10=0x000001b1c7b5a180 points into unknown readable memory: 0x2000180008000000 | 00 00 00 08 00 18 00 20
R11=0x000001b1a7c5f1c0 points into unknown readable memory: 0x0000077c0000077c | 7c 07 00 00 7c 07 00 00
R12=0x000001b1a5f1c058 points into unknown readable memory: 0x000001b1cbed1100 | 00 11 ed cb b1 01 00 00
R13=0x000001b1cb519568 points into unknown readable memory: 0x000001b1c835b540 | 40 b5 35 c8 b1 01 00 00
R14=0x000001b1cad1bb58 points into unknown readable memory: 0x000001b1c77412c0 | c0 12 74 c7 b1 01 00 00
R15=0x0000000000000028 is an unknown value


Registers:
RAX=0x00000000000006fd, RBX=0x000001b1c936e840, RCX=0x00000000000006fb, RDX=0x000001b1cbed80a0
RSP=0x0000002addefea48, RBP=0x000001b1a5f1b398, RSI=0x00000000000003c0, RDI=0x000001b1a5fc1940
R8 =0xffffffffffffffbc, R9 =0x000001b1c7741900, R10=0x000001b1c7b5a180, R11=0x000001b1a7c5f1c0
R12=0x000001b1a5f1c058, R13=0x000001b1cb519568, R14=0x000001b1cad1bb58, R15=0x0000000000000028
RIP=0x00007ff9da0eb445, EFLAGS=0x0000000000010282

Top of Stack: (sp=0x0000002addefea48)
0x0000002addefea48:   00007ff9da092af6 0000000000000000
0x0000002addefea58:   00007ff9da0925d2 00007ff9000003c0
0x0000002addefea68:   00007ff9000001b8 000001b1c7b58380
0x0000002addefea78:   000001b1a7c5e2c0 000001b100000004
0x0000002addefea88:   000001b1a7c5c3c0 000001b100000004
0x0000002addefea98:   000001b1cad2a998 0000000000000030
0x0000002addefeaa8:   0002000000000780 000001b1a7544080
0x0000002addefeab8:   000001b1c936e840 0000000000000373
0x0000002addefeac8:   0000000000000006 000001b1cb519590
0x0000002addefead8:   000001b1cb519568 0000000000000374
0x0000002addefeae8:   0000000000000002 0000000000000374
0x0000002addefeaf8:   00007ff9da0c8383 0000000000000000
0x0000002addefeb08:   0000000100000000 0000002addefeba0
0x0000002addefeb18:   00007ff900000006 00007ff900000372
0x0000002addefeb28:   00007ff900000372 00007ff900000000
0x0000002addefeb38:   000000000000021c 0000002a00000000 

Instructions: (pc=0x00007ff9da0eb445)
0x00007ff9da0eb425:   63 44 83 04 66 41 0f 6e 04 09 66 41 0f 6e 24 01
0x00007ff9da0eb435:   4b 63 4c 83 08 4b 63 44 83 0c 66 41 0f 6e 0c 09
0x00007ff9da0eb445:   66 41 0f 6e 2c 01 66 0f 62 c4 66 0f 62 cd 66 0f
0x00007ff9da0eb455:   60 c3 66 0f 60 cb 66 43 0f f5 04 c2 66 43 0f f5 


Stack slot to memory mapping:
stack at sp + 0 slots: 0x00007ff9da092af6 points into unknown readable memory: e9 60
stack at sp + 1 slots: 0x0 is NULL
stack at sp + 2 slots: 0x00007ff9da0925d2 points into unknown readable memory: e9 1c ff ff ff 66
stack at sp + 3 slots: 0x00007ff9000003c0 is an unknown value
stack at sp + 4 slots: 0x00007ff9000001b8 is an unknown value
stack at sp + 5 slots: 0x000001b1c7b58380 points into unknown readable memory: 0x0000080018002000 | 00 20 00 18 00 08 00 00
stack at sp + 6 slots: 0x000001b1a7c5e2c0 points into unknown readable memory: 0x0000000100000000 | 00 00 00 00 01 00 00 00
stack at sp + 7 slots: 0x000001b100000004 is an unknown value


---------------  P R O C E S S  ---------------

Threads class SMR info:
_java_thread_list=0x000001b1922ae310, length=30, elements={
0x000001b1ed668000, 0x000001b1ffba8800, 0x000001b1ffbd2800, 0x000001b1ffc3b800,
0x000001b1ffc3d800, 0x000001b1ffc40800, 0x000001b1ffc45800, 0x000001b1ffc4a000,
0x000001b1ffc55800, 0x000001b191019800, 0x000001b192112800, 0x000001b191fce000,
0x000001b1922c4000, 0x000001b192254000, 0x000001b19297f000, 0x000001b1929a1000,
0x000001b198025000, 0x000001b192c7a800, 0x000001b19a03d000, 0x000001b19a03f800,
0x000001b19a03e800, 0x000001b19a03e000, 0x000001b198afa800, 0x000001b198afd000,
0x000001b198af7800, 0x000001b198afe000, 0x000001b198af9000, 0x000001b198af8000,
0x000001b198afb800, 0x000001b198aff800
}

Java Threads: ( => current thread )
  0x000001b1ed668000 JavaThread "main" [_thread_blocked, id=5860, stack(0x0000002ad8d00000,0x0000002ad8e00000)]
  0x000001b1ffba8800 JavaThread "Reference Handler" daemon [_thread_blocked, id=6480, stack(0x0000002ad9400000,0x0000002ad9500000)]
  0x000001b1ffbd2800 JavaThread "Finalizer" daemon [_thread_blocked, id=5680, stack(0x0000002ad9500000,0x0000002ad9600000)]
  0x000001b1ffc3b800 JavaThread "Signal Dispatcher" daemon [_thread_blocked, id=532, stack(0x0000002ad9600000,0x0000002ad9700000)]
  0x000001b1ffc3d800 JavaThread "Attach Listener" daemon [_thread_blocked, id=8732, stack(0x0000002ad9700000,0x0000002ad9800000)]
  0x000001b1ffc40800 JavaThread "Service Thread" daemon [_thread_blocked, id=14912, stack(0x0000002ad9800000,0x0000002ad9900000)]
  0x000001b1ffc45800 JavaThread "C2 CompilerThread0" daemon [_thread_blocked, id=12084, stack(0x0000002ad9900000,0x0000002ad9a00000)]
  0x000001b1ffc4a000 JavaThread "C1 CompilerThread0" daemon [_thread_blocked, id=10656, stack(0x0000002ad9a00000,0x0000002ad9b00000)]
  0x000001b1ffc55800 JavaThread "Sweeper thread" daemon [_thread_blocked, id=7636, stack(0x0000002ad9b00000,0x0000002ad9c00000)]
  0x000001b191019800 JavaThread "Common-Cleaner" daemon [_thread_blocked, id=2288, stack(0x0000002ad9c00000,0x0000002ad9d00000)]
  0x000001b192112800 JavaThread "Monitor Ctrl-Break" daemon [_thread_in_native, id=13060, stack(0x0000002ad9e00000,0x0000002ad9f00000)]
  0x000001b191fce000 JavaThread "JavaFX-Launcher" [_thread_blocked, id=1944, stack(0x0000002ada000000,0x0000002ada100000)]
  0x000001b1922c4000 JavaThread "QuantumRenderer-0" daemon [_thread_blocked, id=14312, stack(0x0000002ada100000,0x0000002ada200000)]
  0x000001b192254000 JavaThread "InvokeLaterDispatcher" daemon [_thread_blocked, id=436, stack(0x0000002ada200000,0x0000002ada300000)]
  0x000001b19297f000 JavaThread "JavaFX Application Thread" [_thread_in_native, id=6844, stack(0x0000002ada300000,0x0000002ada400000)]
  0x000001b1929a1000 JavaThread "Thread-2" daemon [_thread_in_native, id=5724, stack(0x0000002adac00000,0x0000002adad00000)]
  0x000001b198025000 JavaThread "Prism Font Disposer" daemon [_thread_blocked, id=9196, stack(0x0000002adb000000,0x0000002adb100000)]
  0x000001b192c7a800 JavaThread "Cleaner-0" daemon [_thread_blocked, id=15280, stack(0x0000002adb300000,0x0000002adb400000)]
  0x000001b19a03d000 JavaThread "mysql-cj-abandoned-connection-cleanup" daemon [_thread_blocked, id=10284, stack(0x0000002ad9d00000,0x0000002ad9e00000)]
  0x000001b19a03f800 JavaThread "Java2D Disposer" daemon [_thread_blocked, id=9848, stack(0x0000002adb600000,0x0000002adb700000)]
  0x000001b19a03e800 JavaThread "AWT-Windows" daemon [_thread_in_native, id=2280, stack(0x0000002adb800000,0x0000002adb900000)]
  0x000001b19a03e000 JavaThread "JavaCPP Deallocator" daemon [_thread_blocked, id=11220, stack(0x0000002adc000000,0x0000002adc100000)]
  0x000001b198afa800 JavaThread "Thread-4" [_thread_in_native, id=8632, stack(0x0000002adcc00000,0x0000002adcd00000)]
  0x000001b198afd000 JavaThread "AWT-Shutdown" [_thread_blocked, id=11776, stack(0x0000002adc900000,0x0000002adca00000)]
=>0x000001b198af7800 JavaThread "Thread-6" [_thread_in_native, id=10412, stack(0x0000002adde00000,0x0000002addf00000)]
  0x000001b198afe000 JavaThread "AWT-EventQueue-0" [_thread_blocked, id=10288, stack(0x0000002addf00000,0x0000002ade000000)]
  0x000001b198af9000 JavaThread "Thread-8" [_thread_in_native, id=5984, stack(0x0000002ade000000,0x0000002ade100000)]
  0x000001b198af8000 JavaThread "Thread-10" [_thread_in_native, id=14460, stack(0x0000002ade500000,0x0000002ade600000)]
  0x000001b198afb800 JavaThread "pool-9-thread-1" [_thread_in_native, id=6460, stack(0x0000002ade800000,0x0000002ade900000)]
  0x000001b198aff800 JavaThread "Thread-11" [_thread_in_native, id=6660, stack(0x0000002adea00000,0x0000002adeb00000)]

Other Threads:
  0x000001b1ffba6800 VMThread "VM Thread" [stack: 0x0000002ad9300000,0x0000002ad9400000] [id=11880]
  0x000001b1910b9800 WatcherThread [stack: 0x0000002ad9f00000,0x0000002ada000000] [id=11516]
  0x000001b1ed67d800 GCTaskThread "GC Thread#0" [stack: 0x0000002ad8e00000,0x0000002ad8f00000] [id=15024]
  0x000001b192852800 GCTaskThread "GC Thread#1" [stack: 0x0000002ada700000,0x0000002ada800000] [id=5944]
  0x000001b192b4b800 GCTaskThread "GC Thread#2" [stack: 0x0000002ada800000,0x0000002ada900000] [id=3212]
  0x000001b19248f000 GCTaskThread "GC Thread#3" [stack: 0x0000002ada900000,0x0000002adaa00000] [id=6912]
  0x000001b19247d800 GCTaskThread "GC Thread#4" [stack: 0x0000002adaa00000,0x0000002adab00000] [id=2096]
  0x000001b19247e000 GCTaskThread "GC Thread#5" [stack: 0x0000002adab00000,0x0000002adac00000] [id=5480]
  0x000001b1912b1800 GCTaskThread "GC Thread#6" [stack: 0x0000002adc800000,0x0000002adc900000] [id=3368]
  0x000001b199a4a800 GCTaskThread "GC Thread#7" [stack: 0x0000002ad8a00000,0x0000002ad8b00000] [id=6076]
  0x000001b1ed6da800 ConcurrentGCThread "G1 Main Marker" [stack: 0x0000002ad8f00000,0x0000002ad9000000] [id=8404]
  0x000001b1ed6de000 ConcurrentGCThread "G1 Conc#0" [stack: 0x0000002ad9000000,0x0000002ad9100000] [id=13124]
  0x000001b198066800 ConcurrentGCThread "G1 Conc#1" [stack: 0x0000002adb100000,0x0000002adb200000] [id=4560]
  0x000001b1ff1fd800 ConcurrentGCThread "G1 Refine#0" [stack: 0x0000002ad9100000,0x0000002ad9200000] [id=8752]
  0x000001b1ff1fe800 ConcurrentGCThread "G1 Young RemSet Sampling" [stack: 0x0000002ad9200000,0x0000002ad9300000] [id=12444]

Threads with active compile tasks:

VM state:not at safepoint (normal execution)

VM Mutex/Monitor currently owned by a thread: None

Heap address: 0x0000000701a00000, size: 4070 MB, Compressed Oops mode: Zero based, Oop shift amount: 3
Narrow klass base: 0x0000000800000000, Narrow klass shift: 0
Compressed class space size: 1073741824 Address: 0x0000000800000000

Heap:
 garbage-first heap   total 315392K, used 98799K [0x0000000701a00000, 0x0000000800000000)
  region size 1024K, 3 young (3072K), 1 survivors (1024K)
 Metaspace       used 49342K, capacity 50909K, committed 51068K, reserved 1093632K
  class space    used 5582K, capacity 6265K, committed 6348K, reserved 1048576K
Heap Regions: E=young(eden), S=young(survivor), O=old, HS=humongous(starts), HC=humongous(continues), CS=collection set, F=free, A=archive, TAMS=top-at-mark-start (previous, next)
|   0|0x0000000701a00000, 0x0000000701b00000, 0x0000000701b00000|100%| O|  |TAMS 0x0000000701b00000, 0x0000000701a00000| Untracked 
|   1|0x0000000701b00000, 0x0000000701c00000, 0x0000000701c00000|100%| O|  |TAMS 0x0000000701c00000, 0x0000000701b00000| Untracked 
|   2|0x0000000701c00000, 0x0000000701d00000, 0x0000000701d00000|100%| O|  |TAMS 0x0000000701d00000, 0x0000000701c00000| Untracked 
|   3|0x0000000701d00000, 0x0000000701e00000, 0x0000000701e00000|100%| O|  |TAMS 0x0000000701e00000, 0x0000000701d00000| Untracked 
|   4|0x0000000701e00000, 0x0000000701f00000, 0x0000000701f00000|100%| O|  |TAMS 0x0000000701f00000, 0x0000000701e00000| Untracked 
|   5|0x0000000701f00000, 0x0000000702000000, 0x0000000702000000|100%| O|  |TAMS 0x0000000702000000, 0x0000000701f00000| Untracked 
|   6|0x0000000702000000, 0x0000000702100000, 0x0000000702100000|100%| O|  |TAMS 0x0000000702100000, 0x0000000702000000| Untracked 
|   7|0x0000000702100000, 0x0000000702200000, 0x0000000702200000|100%| O|  |TAMS 0x0000000702200000, 0x0000000702100000| Untracked 
|   8|0x0000000702200000, 0x0000000702300000, 0x0000000702300000|100%|HS|  |TAMS 0x0000000702300000, 0x0000000702200000| Complete 
|   9|0x0000000702300000, 0x0000000702400000, 0x0000000702400000|100%|HC|  |TAMS 0x0000000702400000, 0x0000000702300000| Complete 
|  10|0x0000000702400000, 0x0000000702500000, 0x0000000702500000|100%| O|  |TAMS 0x0000000702500000, 0x0000000702400000| Untracked 
|  11|0x0000000702500000, 0x0000000702600000, 0x0000000702600000|100%| O|  |TAMS 0x0000000702600000, 0x0000000702500000| Untracked 
|  12|0x0000000702600000, 0x0000000702700000, 0x0000000702700000|100%|HS|  |TAMS 0x0000000702700000, 0x0000000702600000| Complete 
|  13|0x0000000702700000, 0x0000000702800000, 0x0000000702800000|100%| O|  |TAMS 0x0000000702800000, 0x0000000702700000| Untracked 
|  14|0x0000000702800000, 0x0000000702900000, 0x0000000702900000|100%| O|  |TAMS 0x0000000702900000, 0x0000000702800000| Untracked 
|  15|0x0000000702900000, 0x0000000702a00000, 0x0000000702a00000|100%| O|  |TAMS 0x0000000702a00000, 0x0000000702900000| Untracked 
|  16|0x0000000702a00000, 0x0000000702b00000, 0x0000000702b00000|100%| O|  |TAMS 0x0000000702b00000, 0x0000000702a00000| Untracked 
|  17|0x0000000702b00000, 0x0000000702c00000, 0x0000000702c00000|100%| O|  |TAMS 0x0000000702c00000, 0x0000000702b00000| Untracked 
|  18|0x0000000702c00000, 0x0000000702d00000, 0x0000000702d00000|100%| O|  |TAMS 0x0000000702d00000, 0x0000000702c00000| Untracked 
|  19|0x0000000702d00000, 0x0000000702e00000, 0x0000000702e00000|100%| O|  |TAMS 0x0000000702e00000, 0x0000000702d00000| Untracked 
|  20|0x0000000702e00000, 0x0000000702f00000, 0x0000000702f00000|100%| O|  |TAMS 0x0000000702f00000, 0x0000000702e00000| Untracked 
|  21|0x0000000702f00000, 0x0000000703000000, 0x0000000703000000|100%| O|  |TAMS 0x0000000703000000, 0x0000000702f00000| Untracked 
|  22|0x0000000703000000, 0x0000000703100000, 0x0000000703100000|100%| O|  |TAMS 0x0000000703100000, 0x0000000703000000| Untracked 
|  23|0x0000000703100000, 0x0000000703200000, 0x0000000703200000|100%| O|  |TAMS 0x0000000703200000, 0x0000000703100000| Untracked 
|  24|0x0000000703200000, 0x0000000703300000, 0x0000000703300000|100%| O|  |TAMS 0x0000000703300000, 0x0000000703200000| Untracked 
|  25|0x0000000703300000, 0x0000000703400000, 0x0000000703400000|100%| O|  |TAMS 0x0000000703400000, 0x0000000703300000| Untracked 
|  26|0x0000000703400000, 0x0000000703500000, 0x0000000703500000|100%| O|  |TAMS 0x0000000703500000, 0x0000000703400000| Untracked 
|  27|0x0000000703500000, 0x0000000703600000, 0x0000000703600000|100%|HS|  |TAMS 0x0000000703600000, 0x0000000703500000| Complete 
|  28|0x0000000703600000, 0x0000000703700000, 0x0000000703700000|100%| O|  |TAMS 0x0000000703700000, 0x0000000703600000| Untracked 
|  29|0x0000000703700000, 0x0000000703800000, 0x0000000703800000|100%| O|  |TAMS 0x0000000703800000, 0x0000000703700000| Untracked 
|  30|0x0000000703800000, 0x0000000703900000, 0x0000000703900000|100%|HS|  |TAMS 0x0000000703900000, 0x0000000703800000| Complete 
|  31|0x0000000703900000, 0x0000000703a00000, 0x0000000703a00000|100%|HC|  |TAMS 0x0000000703a00000, 0x0000000703900000| Complete 
|  32|0x0000000703a00000, 0x0000000703b00000, 0x0000000703b00000|100%|HS|  |TAMS 0x0000000703b00000, 0x0000000703a00000| Complete 
|  33|0x0000000703b00000, 0x0000000703c00000, 0x0000000703c00000|100%|HC|  |TAMS 0x0000000703c00000, 0x0000000703b00000| Complete 
|  34|0x0000000703c00000, 0x0000000703d00000, 0x0000000703d00000|100%|HS|  |TAMS 0x0000000703d00000, 0x0000000703c00000| Complete 
|  35|0x0000000703d00000, 0x0000000703e00000, 0x0000000703e00000|100%|HC|  |TAMS 0x0000000703e00000, 0x0000000703d00000| Complete 
|  36|0x0000000703e00000, 0x0000000703f00000, 0x0000000703f00000|100%|HS|  |TAMS 0x0000000703f00000, 0x0000000703e00000| Complete 
|  37|0x0000000703f00000, 0x0000000704000000, 0x0000000704000000|100%|HS|  |TAMS 0x0000000703f00000, 0x0000000703f00000| Complete 
|  38|0x0000000704000000, 0x0000000704100000, 0x0000000704100000|100%|HC|  |TAMS 0x0000000704000000, 0x0000000704000000| Complete 
|  39|0x0000000704100000, 0x0000000704200000, 0x0000000704200000|100%|HC|  |TAMS 0x0000000704100000, 0x0000000704100000| Complete 
|  40|0x0000000704200000, 0x0000000704300000, 0x0000000704300000|100%|HC|  |TAMS 0x0000000704200000, 0x0000000704200000| Complete 
|  41|0x0000000704300000, 0x0000000704400000, 0x0000000704400000|100%|HC|  |TAMS 0x0000000704300000, 0x0000000704300000| Complete 
|  42|0x0000000704400000, 0x0000000704500000, 0x0000000704500000|100%|HC|  |TAMS 0x0000000704400000, 0x0000000704400000| Complete 
|  43|0x0000000704500000, 0x0000000704600000, 0x0000000704600000|100%|HC|  |TAMS 0x0000000704500000, 0x0000000704500000| Complete 
|  44|0x0000000704600000, 0x0000000704700000, 0x0000000704700000|100%|HC|  |TAMS 0x0000000704600000, 0x0000000704600000| Complete 
|  45|0x0000000704700000, 0x0000000704800000, 0x0000000704800000|100%|HS|  |TAMS 0x0000000704800000, 0x0000000704700000| Complete 
|  46|0x0000000704800000, 0x0000000704900000, 0x0000000704900000|100%|HC|  |TAMS 0x0000000704900000, 0x0000000704800000| Complete 
|  47|0x0000000704900000, 0x0000000704a00000, 0x0000000704a00000|100%|HC|  |TAMS 0x0000000704a00000, 0x0000000704900000| Complete 
|  48|0x0000000704a00000, 0x0000000704b00000, 0x0000000704b00000|100%|HC|  |TAMS 0x0000000704b00000, 0x0000000704a00000| Complete 
|  49|0x0000000704b00000, 0x0000000704c00000, 0x0000000704c00000|100%|HC|  |TAMS 0x0000000704c00000, 0x0000000704b00000| Complete 
|  50|0x0000000704c00000, 0x0000000704d00000, 0x0000000704d00000|100%|HC|  |TAMS 0x0000000704d00000, 0x0000000704c00000| Complete 
|  51|0x0000000704d00000, 0x0000000704e00000, 0x0000000704e00000|100%|HS|  |TAMS 0x0000000704e00000, 0x0000000704d00000| Complete 
|  52|0x0000000704e00000, 0x0000000704f00000, 0x0000000704f00000|100%|HC|  |TAMS 0x0000000704f00000, 0x0000000704e00000| Complete 
|  53|0x0000000704f00000, 0x0000000705000000, 0x0000000705000000|100%|HC|  |TAMS 0x0000000705000000, 0x0000000704f00000| Complete 
|  54|0x0000000705000000, 0x0000000705100000, 0x0000000705100000|100%|HC|  |TAMS 0x0000000705100000, 0x0000000705000000| Complete 
|  55|0x0000000705100000, 0x0000000705200000, 0x0000000705200000|100%|HC|  |TAMS 0x0000000705200000, 0x0000000705100000| Complete 
|  56|0x0000000705200000, 0x0000000705300000, 0x0000000705300000|100%|HC|  |TAMS 0x0000000705300000, 0x0000000705200000| Complete 
|  57|0x0000000705300000, 0x0000000705300000, 0x0000000705400000|  0%| F|  |TAMS 0x0000000705300000, 0x0000000705300000| Untracked 
|  58|0x0000000705400000, 0x0000000705500000, 0x0000000705500000|100%|HS|  |TAMS 0x0000000705500000, 0x0000000705400000| Complete 
|  59|0x0000000705500000, 0x0000000705600000, 0x0000000705600000|100%|HC|  |TAMS 0x0000000705600000, 0x0000000705500000| Complete 
|  60|0x0000000705600000, 0x00000007056ec600, 0x0000000705700000| 92%| O|  |TAMS 0x00000007056ec600, 0x0000000705600000| Untracked 
|  61|0x0000000705700000, 0x0000000705800000, 0x0000000705800000|100%|HS|  |TAMS 0x0000000705800000, 0x0000000705700000| Complete 
|  62|0x0000000705800000, 0x0000000705800000, 0x0000000705900000|  0%| F|  |TAMS 0x0000000705800000, 0x0000000705800000| Untracked 
|  63|0x0000000705900000, 0x0000000705900000, 0x0000000705a00000|  0%| F|  |TAMS 0x0000000705900000, 0x0000000705900000| Untracked 
|  64|0x0000000705a00000, 0x0000000705a00000, 0x0000000705b00000|  0%| F|  |TAMS 0x0000000705a00000, 0x0000000705a00000| Untracked 
|  65|0x0000000705b00000, 0x0000000705b00000, 0x0000000705c00000|  0%| F|  |TAMS 0x0000000705b00000, 0x0000000705b00000| Untracked 
|  66|0x0000000705c00000, 0x0000000705c00000, 0x0000000705d00000|  0%| F|  |TAMS 0x0000000705c00000, 0x0000000705c00000| Untracked 
|  67|0x0000000705d00000, 0x0000000705d00000, 0x0000000705e00000|  0%| F|  |TAMS 0x0000000705d00000, 0x0000000705d00000| Untracked 
|  68|0x0000000705e00000, 0x0000000705e00000, 0x0000000705f00000|  0%| F|  |TAMS 0x0000000705e00000, 0x0000000705e00000| Untracked 
|  69|0x0000000705f00000, 0x0000000705f00000, 0x0000000706000000|  0%| F|  |TAMS 0x0000000705f00000, 0x0000000705f00000| Untracked 
|  70|0x0000000706000000, 0x0000000706100000, 0x0000000706100000|100%|HS|  |TAMS 0x0000000706100000, 0x0000000706000000| Complete 
|  71|0x0000000706100000, 0x0000000706200000, 0x0000000706200000|100%|HC|  |TAMS 0x0000000706200000, 0x0000000706100000| Complete 
|  72|0x0000000706200000, 0x0000000706300000, 0x0000000706300000|100%|HS|  |TAMS 0x0000000706300000, 0x0000000706200000| Complete 
|  73|0x0000000706300000, 0x0000000706400000, 0x0000000706400000|100%|HC|  |TAMS 0x0000000706400000, 0x0000000706300000| Complete 
|  74|0x0000000706400000, 0x0000000706500000, 0x0000000706500000|100%|HC|  |TAMS 0x0000000706500000, 0x0000000706400000| Complete 
|  75|0x0000000706500000, 0x0000000706600000, 0x0000000706600000|100%|HC|  |TAMS 0x0000000706600000, 0x0000000706500000| Complete 
|  76|0x0000000706600000, 0x0000000706700000, 0x0000000706700000|100%|HC|  |TAMS 0x0000000706700000, 0x0000000706600000| Complete 
|  77|0x0000000706700000, 0x0000000706800000, 0x0000000706800000|100%|HC|  |TAMS 0x0000000706800000, 0x0000000706700000| Complete 
|  78|0x0000000706800000, 0x0000000706900000, 0x0000000706900000|100%|HC|  |TAMS 0x0000000706900000, 0x0000000706800000| Complete 
|  79|0x0000000706900000, 0x0000000706a00000, 0x0000000706a00000|100%|HC|  |TAMS 0x0000000706a00000, 0x0000000706900000| Complete 
|  80|0x0000000706a00000, 0x0000000706a00000, 0x0000000706b00000|  0%| F|  |TAMS 0x0000000706a00000, 0x0000000706a00000| Untracked 
|  81|0x0000000706b00000, 0x0000000706b00000, 0x0000000706c00000|  0%| F|  |TAMS 0x0000000706b00000, 0x0000000706b00000| Untracked 
|  82|0x0000000706c00000, 0x0000000706c00000, 0x0000000706d00000|  0%| F|  |TAMS 0x0000000706c00000, 0x0000000706c00000| Untracked 
|  83|0x0000000706d00000, 0x0000000706d00000, 0x0000000706e00000|  0%| F|  |TAMS 0x0000000706d00000, 0x0000000706d00000| Untracked 
|  84|0x0000000706e00000, 0x0000000706e00000, 0x0000000706f00000|  0%| F|  |TAMS 0x0000000706e00000, 0x0000000706e00000| Untracked 
|  85|0x0000000706f00000, 0x0000000706f00000, 0x0000000707000000|  0%| F|  |TAMS 0x0000000706f00000, 0x0000000706f00000| Untracked 
|  86|0x0000000707000000, 0x0000000707000000, 0x0000000707100000|  0%| F|  |TAMS 0x0000000707000000, 0x0000000707000000| Untracked 
|  87|0x0000000707100000, 0x0000000707100000, 0x0000000707200000|  0%| F|  |TAMS 0x0000000707100000, 0x0000000707100000| Untracked 
|  88|0x0000000707200000, 0x0000000707200000, 0x0000000707300000|  0%| F|  |TAMS 0x0000000707200000, 0x0000000707200000| Untracked 
|  89|0x0000000707300000, 0x0000000707300000, 0x0000000707400000|  0%| F|  |TAMS 0x0000000707300000, 0x0000000707300000| Untracked 
|  90|0x0000000707400000, 0x0000000707400000, 0x0000000707500000|  0%| F|  |TAMS 0x0000000707400000, 0x0000000707400000| Untracked 
|  91|0x0000000707500000, 0x0000000707500000, 0x0000000707600000|  0%| F|  |TAMS 0x0000000707500000, 0x0000000707500000| Untracked 
|  92|0x0000000707600000, 0x0000000707600000, 0x0000000707700000|  0%| F|  |TAMS 0x0000000707600000, 0x0000000707600000| Untracked 
|  93|0x0000000707700000, 0x0000000707700000, 0x0000000707800000|  0%| F|  |TAMS 0x0000000707700000, 0x0000000707700000| Untracked 
|  94|0x0000000707800000, 0x0000000707800000, 0x0000000707900000|  0%| F|  |TAMS 0x0000000707800000, 0x0000000707800000| Untracked 
|  95|0x0000000707900000, 0x0000000707900000, 0x0000000707a00000|  0%| F|  |TAMS 0x0000000707900000, 0x0000000707900000| Untracked 
|  96|0x0000000707a00000, 0x0000000707b00000, 0x0000000707b00000|100%|HS|  |TAMS 0x0000000707b00000, 0x0000000707a00000| Complete 
|  97|0x0000000707b00000, 0x0000000707c00000, 0x0000000707c00000|100%|HC|  |TAMS 0x0000000707c00000, 0x0000000707b00000| Complete 
|  98|0x0000000707c00000, 0x0000000707d00000, 0x0000000707d00000|100%|HC|  |TAMS 0x0000000707d00000, 0x0000000707c00000| Complete 
|  99|0x0000000707d00000, 0x0000000707e00000, 0x0000000707e00000|100%|HC|  |TAMS 0x0000000707e00000, 0x0000000707d00000| Complete 
| 100|0x0000000707e00000, 0x0000000707f00000, 0x0000000707f00000|100%|HC|  |TAMS 0x0000000707f00000, 0x0000000707e00000| Complete 
| 101|0x0000000707f00000, 0x0000000708000000, 0x0000000708000000|100%|HC|  |TAMS 0x0000000708000000, 0x0000000707f00000| Complete 
| 102|0x0000000708000000, 0x0000000708100000, 0x0000000708100000|100%|HC|  |TAMS 0x0000000708100000, 0x0000000708000000| Complete 
| 103|0x0000000708100000, 0x0000000708200000, 0x0000000708200000|100%|HC|  |TAMS 0x0000000708200000, 0x0000000708100000| Complete 
| 104|0x0000000708200000, 0x0000000708200000, 0x0000000708300000|  0%| F|  |TAMS 0x0000000708200000, 0x0000000708200000| Untracked 
| 105|0x0000000708300000, 0x0000000708300000, 0x0000000708400000|  0%| F|  |TAMS 0x0000000708300000, 0x0000000708300000| Untracked 
| 106|0x0000000708400000, 0x0000000708400000, 0x0000000708500000|  0%| F|  |TAMS 0x0000000708400000, 0x0000000708400000| Untracked 
| 107|0x0000000708500000, 0x0000000708500000, 0x0000000708600000|  0%| F|  |TAMS 0x0000000708500000, 0x0000000708500000| Untracked 
| 108|0x0000000708600000, 0x0000000708600000, 0x0000000708700000|  0%| F|  |TAMS 0x0000000708600000, 0x0000000708600000| Untracked 
| 109|0x0000000708700000, 0x0000000708700000, 0x0000000708800000|  0%| F|  |TAMS 0x0000000708700000, 0x0000000708700000| Untracked 
| 110|0x0000000708800000, 0x0000000708800000, 0x0000000708900000|  0%| F|  |TAMS 0x0000000708800000, 0x0000000708800000| Untracked 
| 111|0x0000000708900000, 0x0000000708900000, 0x0000000708a00000|  0%| F|  |TAMS 0x0000000708900000, 0x0000000708900000| Untracked 
| 112|0x0000000708a00000, 0x0000000708a00000, 0x0000000708b00000|  0%| F|  |TAMS 0x0000000708a00000, 0x0000000708a00000| Untracked 
| 113|0x0000000708b00000, 0x0000000708b00000, 0x0000000708c00000|  0%| F|  |TAMS 0x0000000708b00000, 0x0000000708b00000| Untracked 
| 114|0x0000000708c00000, 0x0000000708d00000, 0x0000000708d00000|100%|HS|  |TAMS 0x0000000708d00000, 0x0000000708c00000| Complete 
| 115|0x0000000708d00000, 0x0000000708e00000, 0x0000000708e00000|100%|HC|  |TAMS 0x0000000708e00000, 0x0000000708d00000| Complete 
| 116|0x0000000708e00000, 0x0000000708f00000, 0x0000000708f00000|100%|HC|  |TAMS 0x0000000708f00000, 0x0000000708e00000| Complete 
| 117|0x0000000708f00000, 0x0000000709000000, 0x0000000709000000|100%|HC|  |TAMS 0x0000000709000000, 0x0000000708f00000| Complete 
| 118|0x0000000709000000, 0x0000000709100000, 0x0000000709100000|100%|HC|  |TAMS 0x0000000709100000, 0x0000000709000000| Complete 
| 119|0x0000000709100000, 0x0000000709200000, 0x0000000709200000|100%|HC|  |TAMS 0x0000000709200000, 0x0000000709100000| Complete 
| 120|0x0000000709200000, 0x0000000709300000, 0x0000000709300000|100%|HC|  |TAMS 0x0000000709300000, 0x0000000709200000| Complete 
| 121|0x0000000709300000, 0x0000000709400000, 0x0000000709400000|100%|HC|  |TAMS 0x0000000709400000, 0x0000000709300000| Complete 
| 122|0x0000000709400000, 0x0000000709400000, 0x0000000709500000|  0%| F|  |TAMS 0x0000000709400000, 0x0000000709400000| Untracked 
| 123|0x0000000709500000, 0x0000000709500000, 0x0000000709600000|  0%| F|  |TAMS 0x0000000709500000, 0x0000000709500000| Untracked 
| 124|0x0000000709600000, 0x0000000709600000, 0x0000000709700000|  0%| F|  |TAMS 0x0000000709600000, 0x0000000709600000| Untracked 
| 125|0x0000000709700000, 0x0000000709700000, 0x0000000709800000|  0%| F|  |TAMS 0x0000000709700000, 0x0000000709700000| Untracked 
| 126|0x0000000709800000, 0x0000000709800000, 0x0000000709900000|  0%| F|  |TAMS 0x0000000709800000, 0x0000000709800000| Untracked 
| 127|0x0000000709900000, 0x0000000709900000, 0x0000000709a00000|  0%| F|  |TAMS 0x0000000709900000, 0x0000000709900000| Untracked 
| 128|0x0000000709a00000, 0x0000000709a00000, 0x0000000709b00000|  0%| F|  |TAMS 0x0000000709a00000, 0x0000000709a00000| Untracked 
| 129|0x0000000709b00000, 0x0000000709b00000, 0x0000000709c00000|  0%| F|  |TAMS 0x0000000709b00000, 0x0000000709b00000| Untracked 
| 130|0x0000000709c00000, 0x0000000709c00000, 0x0000000709d00000|  0%| F|  |TAMS 0x0000000709c00000, 0x0000000709c00000| Untracked 
| 131|0x0000000709d00000, 0x0000000709d00000, 0x0000000709e00000|  0%| F|  |TAMS 0x0000000709d00000, 0x0000000709d00000| Untracked 
| 132|0x0000000709e00000, 0x0000000709f00000, 0x0000000709f00000|100%|HS|  |TAMS 0x0000000709f00000, 0x0000000709e00000| Complete 
| 133|0x0000000709f00000, 0x000000070a000000, 0x000000070a000000|100%|HC|  |TAMS 0x000000070a000000, 0x0000000709f00000| Complete 
| 134|0x000000070a000000, 0x000000070a100000, 0x000000070a100000|100%|HC|  |TAMS 0x000000070a100000, 0x000000070a000000| Complete 
| 135|0x000000070a100000, 0x000000070a200000, 0x000000070a200000|100%|HC|  |TAMS 0x000000070a200000, 0x000000070a100000| Complete 
| 136|0x000000070a200000, 0x000000070a300000, 0x000000070a300000|100%|HC|  |TAMS 0x000000070a300000, 0x000000070a200000| Complete 
| 137|0x000000070a300000, 0x000000070a400000, 0x000000070a400000|100%|HC|  |TAMS 0x000000070a400000, 0x000000070a300000| Complete 
| 138|0x000000070a400000, 0x000000070a500000, 0x000000070a500000|100%|HC|  |TAMS 0x000000070a500000, 0x000000070a400000| Complete 
| 139|0x000000070a500000, 0x000000070a600000, 0x000000070a600000|100%|HC|  |TAMS 0x000000070a600000, 0x000000070a500000| Complete 
| 140|0x000000070a600000, 0x000000070a600000, 0x000000070a700000|  0%| F|  |TAMS 0x000000070a600000, 0x000000070a600000| Untracked 
| 141|0x000000070a700000, 0x000000070a700000, 0x000000070a800000|  0%| F|  |TAMS 0x000000070a700000, 0x000000070a700000| Untracked 
| 142|0x000000070a800000, 0x000000070a800000, 0x000000070a900000|  0%| F|  |TAMS 0x000000070a800000, 0x000000070a800000| Untracked 
| 143|0x000000070a900000, 0x000000070a900000, 0x000000070aa00000|  0%| F|  |TAMS 0x000000070a900000, 0x000000070a900000| Untracked 
| 144|0x000000070aa00000, 0x000000070aa00000, 0x000000070ab00000|  0%| F|  |TAMS 0x000000070aa00000, 0x000000070aa00000| Untracked 
| 145|0x000000070ab00000, 0x000000070ab00000, 0x000000070ac00000|  0%| F|  |TAMS 0x000000070ab00000, 0x000000070ab00000| Untracked 
| 146|0x000000070ac00000, 0x000000070ac00000, 0x000000070ad00000|  0%| F|  |TAMS 0x000000070ac00000, 0x000000070ac00000| Untracked 
| 147|0x000000070ad00000, 0x000000070ad00000, 0x000000070ae00000|  0%| F|  |TAMS 0x000000070ad00000, 0x000000070ad00000| Untracked 
| 148|0x000000070ae00000, 0x000000070ae00000, 0x000000070af00000|  0%| F|  |TAMS 0x000000070ae00000, 0x000000070ae00000| Untracked 
| 149|0x000000070af00000, 0x000000070af00000, 0x000000070b000000|  0%| F|  |TAMS 0x000000070af00000, 0x000000070af00000| Untracked 
| 150|0x000000070b000000, 0x000000070b000000, 0x000000070b100000|  0%| F|  |TAMS 0x000000070b000000, 0x000000070b000000| Untracked 
| 151|0x000000070b100000, 0x000000070b100000, 0x000000070b200000|  0%| F|  |TAMS 0x000000070b100000, 0x000000070b100000| Untracked 
| 152|0x000000070b200000, 0x000000070b200000, 0x000000070b300000|  0%| F|  |TAMS 0x000000070b200000, 0x000000070b200000| Untracked 
| 153|0x000000070b300000, 0x000000070b300000, 0x000000070b400000|  0%| F|  |TAMS 0x000000070b300000, 0x000000070b300000| Untracked 
| 154|0x000000070b400000, 0x000000070b400000, 0x000000070b500000|  0%| F|  |TAMS 0x000000070b400000, 0x000000070b400000| Untracked 
| 155|0x000000070b500000, 0x000000070b500000, 0x000000070b600000|  0%| F|  |TAMS 0x000000070b500000, 0x000000070b500000| Untracked 
| 156|0x000000070b600000, 0x000000070b600000, 0x000000070b700000|  0%| F|  |TAMS 0x000000070b600000, 0x000000070b600000| Untracked 
| 157|0x000000070b700000, 0x000000070b700000, 0x000000070b800000|  0%| F|  |TAMS 0x000000070b700000, 0x000000070b700000| Untracked 
| 158|0x000000070b800000, 0x000000070b800000, 0x000000070b900000|  0%| F|  |TAMS 0x000000070b800000, 0x000000070b800000| Untracked 
| 159|0x000000070b900000, 0x000000070b900000, 0x000000070ba00000|  0%| F|  |TAMS 0x000000070b900000, 0x000000070b900000| Untracked 
| 160|0x000000070ba00000, 0x000000070ba00000, 0x000000070bb00000|  0%| F|  |TAMS 0x000000070ba00000, 0x000000070ba00000| Untracked 
| 161|0x000000070bb00000, 0x000000070bb00000, 0x000000070bc00000|  0%| F|  |TAMS 0x000000070bb00000, 0x000000070bb00000| Untracked 
| 162|0x000000070bc00000, 0x000000070bc00000, 0x000000070bd00000|  0%| F|  |TAMS 0x000000070bc00000, 0x000000070bc00000| Untracked 
| 163|0x000000070bd00000, 0x000000070bd00000, 0x000000070be00000|  0%| F|  |TAMS 0x000000070bd00000, 0x000000070bd00000| Untracked 
| 164|0x000000070be00000, 0x000000070be00000, 0x000000070bf00000|  0%| F|  |TAMS 0x000000070be00000, 0x000000070be00000| Untracked 
| 165|0x000000070bf00000, 0x000000070bf00000, 0x000000070c000000|  0%| F|  |TAMS 0x000000070bf00000, 0x000000070bf00000| Untracked 
| 166|0x000000070c000000, 0x000000070c000000, 0x000000070c100000|  0%| F|  |TAMS 0x000000070c000000, 0x000000070c000000| Untracked 
| 167|0x000000070c100000, 0x000000070c100000, 0x000000070c200000|  0%| F|  |TAMS 0x000000070c100000, 0x000000070c100000| Untracked 
| 168|0x000000070c200000, 0x000000070c200000, 0x000000070c300000|  0%| F|  |TAMS 0x000000070c200000, 0x000000070c200000| Untracked 
| 169|0x000000070c300000, 0x000000070c300000, 0x000000070c400000|  0%| F|  |TAMS 0x000000070c300000, 0x000000070c300000| Untracked 
| 170|0x000000070c400000, 0x000000070c400000, 0x000000070c500000|  0%| F|  |TAMS 0x000000070c400000, 0x000000070c400000| Untracked 
| 171|0x000000070c500000, 0x000000070c500000, 0x000000070c600000|  0%| F|  |TAMS 0x000000070c500000, 0x000000070c500000| Untracked 
| 172|0x000000070c600000, 0x000000070c600000, 0x000000070c700000|  0%| F|  |TAMS 0x000000070c600000, 0x000000070c600000| Untracked 
| 173|0x000000070c700000, 0x000000070c700000, 0x000000070c800000|  0%| F|  |TAMS 0x000000070c700000, 0x000000070c700000| Untracked 
| 174|0x000000070c800000, 0x000000070c800000, 0x000000070c900000|  0%| F|  |TAMS 0x000000070c800000, 0x000000070c800000| Untracked 
| 175|0x000000070c900000, 0x000000070c900000, 0x000000070ca00000|  0%| F|  |TAMS 0x000000070c900000, 0x000000070c900000| Untracked 
| 176|0x000000070ca00000, 0x000000070ca00000, 0x000000070cb00000|  0%| F|  |TAMS 0x000000070ca00000, 0x000000070ca00000| Untracked 
| 177|0x000000070cb00000, 0x000000070cb00000, 0x000000070cc00000|  0%| F|  |TAMS 0x000000070cb00000, 0x000000070cb00000| Untracked 
| 178|0x000000070cc00000, 0x000000070cc00000, 0x000000070cd00000|  0%| F|  |TAMS 0x000000070cc00000, 0x000000070cc00000| Untracked 
| 179|0x000000070cd00000, 0x000000070cd00000, 0x000000070ce00000|  0%| F|  |TAMS 0x000000070cd00000, 0x000000070cd00000| Untracked 
| 180|0x000000070ce00000, 0x000000070ce00000, 0x000000070cf00000|  0%| F|  |TAMS 0x000000070ce00000, 0x000000070ce00000| Untracked 
| 181|0x000000070cf00000, 0x000000070cf00000, 0x000000070d000000|  0%| F|  |TAMS 0x000000070cf00000, 0x000000070cf00000| Untracked 
| 182|0x000000070d000000, 0x000000070d000000, 0x000000070d100000|  0%| F|  |TAMS 0x000000070d000000, 0x000000070d000000| Untracked 
| 183|0x000000070d100000, 0x000000070d100000, 0x000000070d200000|  0%| F|  |TAMS 0x000000070d100000, 0x000000070d100000| Untracked 
| 184|0x000000070d200000, 0x000000070d200000, 0x000000070d300000|  0%| F|  |TAMS 0x000000070d200000, 0x000000070d200000| Untracked 
| 185|0x000000070d300000, 0x000000070d300000, 0x000000070d400000|  0%| F|  |TAMS 0x000000070d300000, 0x000000070d300000| Untracked 
| 186|0x000000070d400000, 0x000000070d400000, 0x000000070d500000|  0%| F|  |TAMS 0x000000070d400000, 0x000000070d400000| Untracked 
| 187|0x000000070d500000, 0x000000070d500000, 0x000000070d600000|  0%| F|  |TAMS 0x000000070d500000, 0x000000070d500000| Untracked 
| 188|0x000000070d600000, 0x000000070d600000, 0x000000070d700000|  0%| F|  |TAMS 0x000000070d600000, 0x000000070d600000| Untracked 
| 189|0x000000070d700000, 0x000000070d700000, 0x000000070d800000|  0%| F|  |TAMS 0x000000070d700000, 0x000000070d700000| Untracked 
| 190|0x000000070d800000, 0x000000070d800000, 0x000000070d900000|  0%| F|  |TAMS 0x000000070d800000, 0x000000070d800000| Untracked 
| 191|0x000000070d900000, 0x000000070d900000, 0x000000070da00000|  0%| F|  |TAMS 0x000000070d900000, 0x000000070d900000| Untracked 
| 192|0x000000070da00000, 0x000000070da00000, 0x000000070db00000|  0%| F|  |TAMS 0x000000070da00000, 0x000000070da00000| Untracked 
| 193|0x000000070db00000, 0x000000070db00000, 0x000000070dc00000|  0%| F|  |TAMS 0x000000070db00000, 0x000000070db00000| Untracked 
| 194|0x000000070dc00000, 0x000000070dc00000, 0x000000070dd00000|  0%| F|  |TAMS 0x000000070dc00000, 0x000000070dc00000| Untracked 
| 195|0x000000070dd00000, 0x000000070dd00000, 0x000000070de00000|  0%| F|  |TAMS 0x000000070dd00000, 0x000000070dd00000| Untracked 
| 196|0x000000070de00000, 0x000000070de00000, 0x000000070df00000|  0%| F|  |TAMS 0x000000070de00000, 0x000000070de00000| Untracked 
| 197|0x000000070df00000, 0x000000070df00000, 0x000000070e000000|  0%| F|  |TAMS 0x000000070df00000, 0x000000070df00000| Untracked 
| 198|0x000000070e000000, 0x000000070e000000, 0x000000070e100000|  0%| F|  |TAMS 0x000000070e000000, 0x000000070e000000| Untracked 
| 199|0x000000070e100000, 0x000000070e100000, 0x000000070e200000|  0%| F|  |TAMS 0x000000070e100000, 0x000000070e100000| Untracked 
| 200|0x000000070e200000, 0x000000070e200000, 0x000000070e300000|  0%| F|  |TAMS 0x000000070e200000, 0x000000070e200000| Untracked 
| 201|0x000000070e300000, 0x000000070e300000, 0x000000070e400000|  0%| F|  |TAMS 0x000000070e300000, 0x000000070e300000| Untracked 
| 202|0x000000070e400000, 0x000000070e400000, 0x000000070e500000|  0%| F|  |TAMS 0x000000070e400000, 0x000000070e400000| Untracked 
| 203|0x000000070e500000, 0x000000070e500000, 0x000000070e600000|  0%| F|  |TAMS 0x000000070e500000, 0x000000070e500000| Untracked 
| 204|0x000000070e600000, 0x000000070e600000, 0x000000070e700000|  0%| F|  |TAMS 0x000000070e600000, 0x000000070e600000| Untracked 
| 205|0x000000070e700000, 0x000000070e700000, 0x000000070e800000|  0%| F|  |TAMS 0x000000070e700000, 0x000000070e700000| Untracked 
| 206|0x000000070e800000, 0x000000070e800000, 0x000000070e900000|  0%| F|  |TAMS 0x000000070e800000, 0x000000070e800000| Untracked 
| 207|0x000000070e900000, 0x000000070e900000, 0x000000070ea00000|  0%| F|  |TAMS 0x000000070e900000, 0x000000070e900000| Untracked 
| 208|0x000000070ea00000, 0x000000070ea00000, 0x000000070eb00000|  0%| F|  |TAMS 0x000000070ea00000, 0x000000070ea00000| Untracked 
| 209|0x000000070eb00000, 0x000000070eb00000, 0x000000070ec00000|  0%| F|  |TAMS 0x000000070eb00000, 0x000000070eb00000| Untracked 
| 210|0x000000070ec00000, 0x000000070ec00000, 0x000000070ed00000|  0%| F|  |TAMS 0x000000070ec00000, 0x000000070ec00000| Untracked 
| 211|0x000000070ed00000, 0x000000070ed00000, 0x000000070ee00000|  0%| F|  |TAMS 0x000000070ed00000, 0x000000070ed00000| Untracked 
| 212|0x000000070ee00000, 0x000000070ee00000, 0x000000070ef00000|  0%| F|  |TAMS 0x000000070ee00000, 0x000000070ee00000| Untracked 
| 213|0x000000070ef00000, 0x000000070ef00000, 0x000000070f000000|  0%| F|  |TAMS 0x000000070ef00000, 0x000000070ef00000| Untracked 
| 214|0x000000070f000000, 0x000000070f000000, 0x000000070f100000|  0%| F|  |TAMS 0x000000070f000000, 0x000000070f000000| Untracked 
| 215|0x000000070f100000, 0x000000070f100000, 0x000000070f200000|  0%| F|  |TAMS 0x000000070f100000, 0x000000070f100000| Untracked 
| 216|0x000000070f200000, 0x000000070f200000, 0x000000070f300000|  0%| F|  |TAMS 0x000000070f200000, 0x000000070f200000| Untracked 
| 217|0x000000070f300000, 0x000000070f300000, 0x000000070f400000|  0%| F|  |TAMS 0x000000070f300000, 0x000000070f300000| Untracked 
| 218|0x000000070f400000, 0x000000070f400000, 0x000000070f500000|  0%| F|  |TAMS 0x000000070f400000, 0x000000070f400000| Untracked 
| 219|0x000000070f500000, 0x000000070f500000, 0x000000070f600000|  0%| F|  |TAMS 0x000000070f500000, 0x000000070f500000| Untracked 
| 220|0x000000070f600000, 0x000000070f600000, 0x000000070f700000|  0%| F|  |TAMS 0x000000070f600000, 0x000000070f600000| Untracked 
| 221|0x000000070f700000, 0x000000070f700000, 0x000000070f800000|  0%| F|  |TAMS 0x000000070f700000, 0x000000070f700000| Untracked 
| 222|0x000000070f800000, 0x000000070f800000, 0x000000070f900000|  0%| F|  |TAMS 0x000000070f800000, 0x000000070f800000| Untracked 
| 223|0x000000070f900000, 0x000000070f900000, 0x000000070fa00000|  0%| F|  |TAMS 0x000000070f900000, 0x000000070f900000| Untracked 
| 224|0x000000070fa00000, 0x000000070fa00000, 0x000000070fb00000|  0%| F|  |TAMS 0x000000070fa00000, 0x000000070fa00000| Untracked 
| 225|0x000000070fb00000, 0x000000070fb00000, 0x000000070fc00000|  0%| F|  |TAMS 0x000000070fb00000, 0x000000070fb00000| Untracked 
| 226|0x000000070fc00000, 0x000000070fc00000, 0x000000070fd00000|  0%| F|  |TAMS 0x000000070fc00000, 0x000000070fc00000| Untracked 
| 227|0x000000070fd00000, 0x000000070fd00000, 0x000000070fe00000|  0%| F|  |TAMS 0x000000070fd00000, 0x000000070fd00000| Untracked 
| 228|0x000000070fe00000, 0x000000070fe00000, 0x000000070ff00000|  0%| F|  |TAMS 0x000000070fe00000, 0x000000070fe00000| Untracked 
| 229|0x000000070ff00000, 0x000000070ff00000, 0x0000000710000000|  0%| F|  |TAMS 0x000000070ff00000, 0x000000070ff00000| Untracked 
| 230|0x0000000710000000, 0x0000000710000000, 0x0000000710100000|  0%| F|  |TAMS 0x0000000710000000, 0x0000000710000000| Untracked 
| 231|0x0000000710100000, 0x0000000710100000, 0x0000000710200000|  0%| F|  |TAMS 0x0000000710100000, 0x0000000710100000| Untracked 
| 232|0x0000000710200000, 0x0000000710200000, 0x0000000710300000|  0%| F|  |TAMS 0x0000000710200000, 0x0000000710200000| Untracked 
| 233|0x0000000710300000, 0x0000000710300000, 0x0000000710400000|  0%| F|  |TAMS 0x0000000710300000, 0x0000000710300000| Untracked 
| 234|0x0000000710400000, 0x0000000710400000, 0x0000000710500000|  0%| F|  |TAMS 0x0000000710400000, 0x0000000710400000| Untracked 
| 235|0x0000000710500000, 0x0000000710500000, 0x0000000710600000|  0%| F|  |TAMS 0x0000000710500000, 0x0000000710500000| Untracked 
| 236|0x0000000710600000, 0x0000000710600000, 0x0000000710700000|  0%| F|  |TAMS 0x0000000710600000, 0x0000000710600000| Untracked 
| 237|0x0000000710700000, 0x0000000710700000, 0x0000000710800000|  0%| F|  |TAMS 0x0000000710700000, 0x0000000710700000| Untracked 
| 238|0x0000000710800000, 0x0000000710800000, 0x0000000710900000|  0%| F|  |TAMS 0x0000000710800000, 0x0000000710800000| Untracked 
| 239|0x0000000710900000, 0x0000000710900000, 0x0000000710a00000|  0%| F|  |TAMS 0x0000000710900000, 0x0000000710900000| Untracked 
| 240|0x0000000710a00000, 0x0000000710a00000, 0x0000000710b00000|  0%| F|  |TAMS 0x0000000710a00000, 0x0000000710a00000| Untracked 
| 241|0x0000000710b00000, 0x0000000710b00000, 0x0000000710c00000|  0%| F|  |TAMS 0x0000000710b00000, 0x0000000710b00000| Untracked 
| 242|0x0000000710c00000, 0x0000000710c00000, 0x0000000710d00000|  0%| F|  |TAMS 0x0000000710c00000, 0x0000000710c00000| Untracked 
| 243|0x0000000710d00000, 0x0000000710d00000, 0x0000000710e00000|  0%| F|  |TAMS 0x0000000710d00000, 0x0000000710d00000| Untracked 
| 244|0x0000000710e00000, 0x0000000710e00000, 0x0000000710f00000|  0%| F|  |TAMS 0x0000000710e00000, 0x0000000710e00000| Untracked 
| 245|0x0000000710f00000, 0x0000000710f00000, 0x0000000711000000|  0%| F|  |TAMS 0x0000000710f00000, 0x0000000710f00000| Untracked 
| 246|0x0000000711000000, 0x0000000711000000, 0x0000000711100000|  0%| F|  |TAMS 0x0000000711000000, 0x0000000711000000| Untracked 
| 247|0x0000000711100000, 0x0000000711100000, 0x0000000711200000|  0%| F|  |TAMS 0x0000000711100000, 0x0000000711100000| Untracked 
| 248|0x0000000711200000, 0x0000000711200000, 0x0000000711300000|  0%| F|  |TAMS 0x0000000711200000, 0x0000000711200000| Untracked 
| 249|0x0000000711300000, 0x0000000711300000, 0x0000000711400000|  0%| F|  |TAMS 0x0000000711300000, 0x0000000711300000| Untracked 
| 250|0x0000000711400000, 0x0000000711400000, 0x0000000711500000|  0%| F|  |TAMS 0x0000000711400000, 0x0000000711400000| Untracked 
| 251|0x0000000711500000, 0x0000000711500000, 0x0000000711600000|  0%| F|  |TAMS 0x0000000711500000, 0x0000000711500000| Untracked 
| 252|0x0000000711600000, 0x0000000711600000, 0x0000000711700000|  0%| F|  |TAMS 0x0000000711600000, 0x0000000711600000| Untracked 
| 253|0x0000000711700000, 0x0000000711700000, 0x0000000711800000|  0%| F|  |TAMS 0x0000000711700000, 0x0000000711700000| Untracked 
| 254|0x0000000711800000, 0x0000000711800000, 0x0000000711900000|  0%| F|  |TAMS 0x0000000711800000, 0x0000000711800000| Untracked 
| 255|0x0000000711900000, 0x0000000711900000, 0x0000000711a00000|  0%| F|  |TAMS 0x0000000711900000, 0x0000000711900000| Untracked 
| 256|0x0000000711a00000, 0x0000000711a00000, 0x0000000711b00000|  0%| F|  |TAMS 0x0000000711a00000, 0x0000000711a00000| Untracked 
| 257|0x0000000711b00000, 0x0000000711b00000, 0x0000000711c00000|  0%| F|  |TAMS 0x0000000711b00000, 0x0000000711b00000| Untracked 
| 258|0x0000000711c00000, 0x0000000711c00000, 0x0000000711d00000|  0%| F|  |TAMS 0x0000000711c00000, 0x0000000711c00000| Untracked 
| 259|0x0000000711d00000, 0x0000000711d00000, 0x0000000711e00000|  0%| F|  |TAMS 0x0000000711d00000, 0x0000000711d00000| Untracked 
| 260|0x0000000711e00000, 0x0000000711e00000, 0x0000000711f00000|  0%| F|  |TAMS 0x0000000711e00000, 0x0000000711e00000| Untracked 
| 261|0x0000000711f00000, 0x0000000711f00000, 0x0000000712000000|  0%| F|  |TAMS 0x0000000711f00000, 0x0000000711f00000| Untracked 
| 262|0x0000000712000000, 0x0000000712000000, 0x0000000712100000|  0%| F|  |TAMS 0x0000000712000000, 0x0000000712000000| Untracked 
| 263|0x0000000712100000, 0x0000000712100000, 0x0000000712200000|  0%| F|  |TAMS 0x0000000712100000, 0x0000000712100000| Untracked 
| 264|0x0000000712200000, 0x0000000712200000, 0x0000000712300000|  0%| F|  |TAMS 0x0000000712200000, 0x0000000712200000| Untracked 
| 265|0x0000000712300000, 0x0000000712300000, 0x0000000712400000|  0%| F|  |TAMS 0x0000000712300000, 0x0000000712300000| Untracked 
| 266|0x0000000712400000, 0x0000000712400000, 0x0000000712500000|  0%| F|  |TAMS 0x0000000712400000, 0x0000000712400000| Untracked 
| 267|0x0000000712500000, 0x0000000712500000, 0x0000000712600000|  0%| F|  |TAMS 0x0000000712500000, 0x0000000712500000| Untracked 
| 268|0x0000000712600000, 0x0000000712600000, 0x0000000712700000|  0%| F|  |TAMS 0x0000000712600000, 0x0000000712600000| Untracked 
| 269|0x0000000712700000, 0x0000000712700000, 0x0000000712800000|  0%| F|  |TAMS 0x0000000712700000, 0x0000000712700000| Untracked 
| 270|0x0000000712800000, 0x0000000712800000, 0x0000000712900000|  0%| F|  |TAMS 0x0000000712800000, 0x0000000712800000| Untracked 
| 271|0x0000000712900000, 0x0000000712900000, 0x0000000712a00000|  0%| F|  |TAMS 0x0000000712900000, 0x0000000712900000| Untracked 
| 272|0x0000000712a00000, 0x0000000712a00000, 0x0000000712b00000|  0%| F|  |TAMS 0x0000000712a00000, 0x0000000712a00000| Untracked 
| 273|0x0000000712b00000, 0x0000000712b00000, 0x0000000712c00000|  0%| F|  |TAMS 0x0000000712b00000, 0x0000000712b00000| Untracked 
| 274|0x0000000712c00000, 0x0000000712c00000, 0x0000000712d00000|  0%| F|  |TAMS 0x0000000712c00000, 0x0000000712c00000| Untracked 
| 275|0x0000000712d00000, 0x0000000712d00000, 0x0000000712e00000|  0%| F|  |TAMS 0x0000000712d00000, 0x0000000712d00000| Untracked 
| 276|0x0000000712e00000, 0x0000000712e00000, 0x0000000712f00000|  0%| F|  |TAMS 0x0000000712e00000, 0x0000000712e00000| Untracked 
| 277|0x0000000712f00000, 0x0000000712f00000, 0x0000000713000000|  0%| F|  |TAMS 0x0000000712f00000, 0x0000000712f00000| Untracked 
| 278|0x0000000713000000, 0x0000000713000000, 0x0000000713100000|  0%| F|  |TAMS 0x0000000713000000, 0x0000000713000000| Untracked 
| 279|0x0000000713100000, 0x0000000713100000, 0x0000000713200000|  0%| F|  |TAMS 0x0000000713100000, 0x0000000713100000| Untracked 
| 280|0x0000000713200000, 0x0000000713200000, 0x0000000713300000|  0%| F|  |TAMS 0x0000000713200000, 0x0000000713200000| Untracked 
| 281|0x0000000713300000, 0x0000000713300000, 0x0000000713400000|  0%| F|  |TAMS 0x0000000713300000, 0x0000000713300000| Untracked 
| 282|0x0000000713400000, 0x0000000713400000, 0x0000000713500000|  0%| F|  |TAMS 0x0000000713400000, 0x0000000713400000| Untracked 
| 283|0x0000000713500000, 0x0000000713500000, 0x0000000713600000|  0%| F|  |TAMS 0x0000000713500000, 0x0000000713500000| Untracked 
| 284|0x0000000713600000, 0x0000000713600000, 0x0000000713700000|  0%| F|  |TAMS 0x0000000713600000, 0x0000000713600000| Untracked 
| 285|0x0000000713700000, 0x0000000713700000, 0x0000000713800000|  0%| F|  |TAMS 0x0000000713700000, 0x0000000713700000| Untracked 
| 286|0x0000000713800000, 0x0000000713800000, 0x0000000713900000|  0%| F|  |TAMS 0x0000000713800000, 0x0000000713800000| Untracked 
| 287|0x0000000713900000, 0x0000000713900000, 0x0000000713a00000|  0%| F|  |TAMS 0x0000000713900000, 0x0000000713900000| Untracked 
| 288|0x0000000713a00000, 0x0000000713a00000, 0x0000000713b00000|  0%| F|  |TAMS 0x0000000713a00000, 0x0000000713a00000| Untracked 
| 289|0x0000000713b00000, 0x0000000713b00000, 0x0000000713c00000|  0%| F|  |TAMS 0x0000000713b00000, 0x0000000713b00000| Untracked 
| 290|0x0000000713c00000, 0x0000000713c00000, 0x0000000713d00000|  0%| F|  |TAMS 0x0000000713c00000, 0x0000000713c00000| Untracked 
| 291|0x0000000713d00000, 0x0000000713d00000, 0x0000000713e00000|  0%| F|  |TAMS 0x0000000713d00000, 0x0000000713d00000| Untracked 
| 292|0x0000000713e00000, 0x0000000713e00000, 0x0000000713f00000|  0%| F|  |TAMS 0x0000000713e00000, 0x0000000713e00000| Untracked 
| 293|0x0000000713f00000, 0x0000000713f00000, 0x0000000714000000|  0%| F|  |TAMS 0x0000000713f00000, 0x0000000713f00000| Untracked 
| 294|0x0000000714000000, 0x0000000714000000, 0x0000000714100000|  0%| F|  |TAMS 0x0000000714000000, 0x0000000714000000| Untracked 
| 295|0x0000000714100000, 0x0000000714100000, 0x0000000714200000|  0%| F|  |TAMS 0x0000000714100000, 0x0000000714100000| Untracked 
| 296|0x0000000714200000, 0x0000000714200000, 0x0000000714300000|  0%| F|  |TAMS 0x0000000714200000, 0x0000000714200000| Untracked 
| 297|0x0000000714300000, 0x0000000714300000, 0x0000000714400000|  0%| F|  |TAMS 0x0000000714300000, 0x0000000714300000| Untracked 
| 298|0x0000000714400000, 0x0000000714400000, 0x0000000714500000|  0%| F|  |TAMS 0x0000000714400000, 0x0000000714400000| Untracked 
| 299|0x0000000714500000, 0x0000000714500000, 0x0000000714600000|  0%| F|  |TAMS 0x0000000714500000, 0x0000000714500000| Untracked 
| 300|0x0000000714600000, 0x0000000714600000, 0x0000000714700000|  0%| F|  |TAMS 0x0000000714600000, 0x0000000714600000| Untracked 
| 301|0x0000000714700000, 0x0000000714700000, 0x0000000714800000|  0%| F|  |TAMS 0x0000000714700000, 0x0000000714700000| Untracked 
| 302|0x0000000714800000, 0x0000000714800000, 0x0000000714900000|  0%| F|  |TAMS 0x0000000714800000, 0x0000000714800000| Untracked 
| 303|0x0000000714900000, 0x0000000714900000, 0x0000000714a00000|  0%| F|  |TAMS 0x0000000714900000, 0x0000000714900000| Untracked 
| 304|0x0000000714a00000, 0x0000000714a8f788, 0x0000000714b00000| 56%| S|CS|TAMS 0x0000000714a00000, 0x0000000714a00000| Complete 
| 305|0x0000000714b00000, 0x0000000714b00000, 0x0000000714c00000|  0%| F|  |TAMS 0x0000000714b00000, 0x0000000714b00000| Untracked 
| 306|0x0000000714c00000, 0x0000000714c4c750, 0x0000000714d00000| 29%| E|  |TAMS 0x0000000714c00000, 0x0000000714c00000| Complete 
| 307|0x0000000714d00000, 0x0000000714e00000, 0x0000000714e00000|100%| E|CS|TAMS 0x0000000714d00000, 0x0000000714d00000| Complete 

Card table byte_map: [0x000001b1f5850000,0x000001b1f6050000] _byte_map_base: 0x000001b1f2043000

Marking Bits (Prev, Next): (CMBitMap*) 0x000001b1ed6ca068, (CMBitMap*) 0x000001b1ed6ca0a0
 Prev Bits: [0x000001b1f6850000, 0x000001b1fa7e8000)
 Next Bits: [0x000001b1fa7f0000, 0x000001b1fe788000)

Polling page: 0x000001b1eb5d0000

Metaspace:

Usage:
  Non-class:     43.60 MB capacity,    42.74 MB ( 98%) used,   692.86 KB (  2%) free+waste,   190.50 KB ( <1%) overhead. 
      Class:      6.12 MB capacity,     5.45 MB ( 89%) used,   587.20 KB (  9%) free+waste,    95.56 KB (  2%) overhead. 
       Both:     49.72 MB capacity,    48.19 MB ( 97%) used,     1.25 MB (  3%) free+waste,   286.06 KB ( <1%) overhead. 

Virtual space:
  Non-class space:       44.00 MB reserved,      43.67 MB (>99%) committed 
      Class space:        1.00 GB reserved,       6.20 MB ( <1%) committed 
             Both:        1.04 GB reserved,      49.87 MB (  5%) committed 

Chunk freelists:
   Non-Class:  1.50 KB
       Class:  896 bytes
        Both:  2.38 KB

CodeHeap 'non-profiled nmethods': size=120000Kb used=4698Kb max_used=4698Kb free=115301Kb
 bounds [0x000001b187ad0000, 0x000001b187f70000, 0x000001b18f000000]
CodeHeap 'profiled nmethods': size=120000Kb used=15850Kb max_used=15850Kb free=104149Kb
 bounds [0x000001b1805a0000, 0x000001b181520000, 0x000001b187ad0000]
CodeHeap 'non-nmethods': size=5760Kb used=1885Kb max_used=1928Kb free=3874Kb
 bounds [0x000001b180000000, 0x000001b180270000, 0x000001b1805a0000]
 total_blobs=8520 nmethods=7023 adapters=1407
 compilation: enabled
              stopped_count=0, restarted_count=0
 full_count=0

Compilation events (10 events):
Event: 290.221 Thread 0x000001b1ffc45800 7018       4       com.sun.javafx.geom.transform.Affine3D::setTransform (101 bytes)
Event: 290.227 Thread 0x000001b1ffc45800 nmethod 7018 0x000001b187f63b10 code [0x000001b187f63de0, 0x000001b187f64598]
Event: 290.788 Thread 0x000001b1ffc4a000 7020       3       com.sun.marlin.ByteArrayCache$Reference::putArray (55 bytes)
Event: 290.789 Thread 0x000001b1ffc4a000 nmethod 7020 0x000001b181519c90 code [0x000001b181519ea0, 0x000001b18151a408]
Event: 291.255 Thread 0x000001b1ffc45800 7021       4       java.nio.ByteBuffer::arrayOffset (35 bytes)
Event: 291.256 Thread 0x000001b1ffc45800 nmethod 7021 0x000001b187f64d10 code [0x000001b187f64e80, 0x000001b187f64f18]
Event: 291.269 Thread 0x000001b1ffc4a000 7022       3       java.nio.FloatBuffer::rewind (7 bytes)
Event: 291.269 Thread 0x000001b1ffc4a000 nmethod 7022 0x000001b18151a710 code [0x000001b18151a8a0, 0x000001b18151aa18]
Event: 292.469 Thread 0x000001b1ffc45800 7023       4       org.bytedeco.javacv.Java2DFrameConverter::copy (599 bytes)
Event: 292.475 Thread 0x000001b1ffc45800 nmethod 7023 0x000001b187f65010 code [0x000001b187f651e0, 0x000001b187f65a48]

GC Heap History (10 events):
Event: 288.696 GC heap before
{Heap before GC invocations=80 (full 0):
 garbage-first heap   total 315392K, used 146964K [0x0000000701a00000, 0x0000000800000000)
  region size 1024K, 13 young (13312K), 1 survivors (1024K)
 Metaspace       used 49330K, capacity 50900K, committed 51068K, reserved 1093632K
  class space    used 5580K, capacity 6262K, committed 6348K, reserved 1048576K
}
Event: 288.698 GC heap after
{Heap after GC invocations=81 (full 0):
 garbage-first heap   total 315392K, used 81330K [0x0000000701a00000, 0x0000000800000000)
  region size 1024K, 1 young (1024K), 1 survivors (1024K)
 Metaspace       used 49330K, capacity 50900K, committed 51068K, reserved 1093632K
  class space    used 5580K, capacity 6262K, committed 6348K, reserved 1048576K
}
Event: 289.724 GC heap before
{Heap before GC invocations=82 (full 0):
 garbage-first heap   total 315392K, used 142770K [0x0000000701a00000, 0x0000000800000000)
  region size 1024K, 5 young (5120K), 1 survivors (1024K)
 Metaspace       used 49335K, capacity 50900K, committed 51068K, reserved 1093632K
  class space    used 5580K, capacity 6262K, committed 6348K, reserved 1048576K
}
Event: 289.725 GC heap after
{Heap after GC invocations=83 (full 0):
 garbage-first heap   total 315392K, used 95676K [0x0000000701a00000, 0x0000000800000000)
  region size 1024K, 1 young (1024K), 1 survivors (1024K)
 Metaspace       used 49335K, capacity 50900K, committed 51068K, reserved 1093632K
  class space    used 5580K, capacity 6262K, committed 6348K, reserved 1048576K
}
Event: 290.717 GC heap before
{Heap before GC invocations=84 (full 0):
 garbage-first heap   total 315392K, used 141756K [0x0000000701a00000, 0x0000000800000000)
  region size 1024K, 3 young (3072K), 1 survivors (1024K)
 Metaspace       used 49335K, capacity 50900K, committed 51068K, reserved 1093632K
  class space    used 5580K, capacity 6262K, committed 6348K, reserved 1048576K
}
Event: 290.718 GC heap after
{Heap after GC invocations=85 (full 0):
 garbage-first heap   total 315392K, used 89528K [0x0000000701a00000, 0x0000000800000000)
  region size 1024K, 1 young (1024K), 1 survivors (1024K)
 Metaspace       used 49335K, capacity 50900K, committed 51068K, reserved 1093632K
  class space    used 5580K, capacity 6262K, committed 6348K, reserved 1048576K
}
Event: 291.734 GC heap before
{Heap before GC invocations=86 (full 0):
 garbage-first heap   total 315392K, used 135608K [0x0000000701a00000, 0x0000000800000000)
  region size 1024K, 3 young (3072K), 1 survivors (1024K)
 Metaspace       used 49342K, capacity 50909K, committed 51068K, reserved 1093632K
  class space    used 5582K, capacity 6265K, committed 6348K, reserved 1048576K
}
Event: 291.735 GC heap after
{Heap after GC invocations=87 (full 0):
 garbage-first heap   total 315392K, used 89580K [0x0000000701a00000, 0x0000000800000000)
  region size 1024K, 1 young (1024K), 1 survivors (1024K)
 Metaspace       used 49342K, capacity 50909K, committed 51068K, reserved 1093632K
  class space    used 5582K, capacity 6265K, committed 6348K, reserved 1048576K
}
Event: 292.733 GC heap before
{Heap before GC invocations=88 (full 0):
 garbage-first heap   total 315392K, used 135660K [0x0000000701a00000, 0x0000000800000000)
  region size 1024K, 3 young (3072K), 1 survivors (1024K)
 Metaspace       used 49342K, capacity 50909K, committed 51068K, reserved 1093632K
  class space    used 5582K, capacity 6265K, committed 6348K, reserved 1048576K
}
Event: 292.735 GC heap after
{Heap after GC invocations=89 (full 0):
 garbage-first heap   total 315392K, used 89585K [0x0000000701a00000, 0x0000000800000000)
  region size 1024K, 1 young (1024K), 1 survivors (1024K)
 Metaspace       used 49342K, capacity 50909K, committed 51068K, reserved 1093632K
  class space    used 5582K, capacity 6265K, committed 6348K, reserved 1048576K
}

Deoptimization events (10 events):
Event: 218.341 Thread 0x000001b1922c4000 Uncommon trap: reason=unstable_if action=reinterpret pc=0x000001b187dc1cc4 method=com.sun.prism.d3d.D3DTextureResource.isValid()Z @ 4 c2
Event: 227.861 Thread 0x000001b19297f000 Uncommon trap: reason=unstable_if action=reinterpret pc=0x000001b187d2bd54 method=java.net.URLStreamHandler.parseURL(Ljava/net/URL;Ljava/lang/String;II)V @ 155 c2
Event: 227.861 Thread 0x000001b19297f000 Uncommon trap: reason=unstable_if action=reinterpret pc=0x000001b187d8fcd0 method=java.io.WinNTFileSystem.prefixLength(Ljava/lang/String;)I @ 42 c2
Event: 227.861 Thread 0x000001b19297f000 Uncommon trap: reason=unstable_if action=reinterpret pc=0x000001b187d3dce4 method=java.io.WinNTFileSystem.prefixLength(Ljava/lang/String;)I @ 42 c2
Event: 240.180 Thread 0x000001b198af7800 Uncommon trap: reason=unstable_if action=reinterpret pc=0x000001b187e974b4 method=sun.java2d.loops.RenderCache$Entry.matches(Lsun/java2d/loops/SurfaceType;Lsun/java2d/loops/CompositeType;Lsun/java2d/loops/SurfaceType;)Z @ 21 c2
Event: 240.242 Thread 0x000001b198af7800 Uncommon trap: reason=unstable_if action=reinterpret pc=0x000001b187e9b5ac method=sun.java2d.loops.RenderCache$Entry.matches(Lsun/java2d/loops/SurfaceType;Lsun/java2d/loops/CompositeType;Lsun/java2d/loops/SurfaceType;)Z @ 21 c2
Event: 266.919 Thread 0x000001b198af8000 Uncommon trap: reason=unstable_if action=reinterpret pc=0x000001b187eb62dc method=org.bytedeco.javacv.FFmpegFrameGrabber.grabFrame(ZZZZ)Lorg/bytedeco/javacv/Frame; @ 465 c2
Event: 273.659 Thread 0x000001b19a03e800 Uncommon trap: reason=unstable_if action=reinterpret pc=0x000001b187eb2450 method=java.util.concurrent.locks.AbstractQueuedSynchronizer.acquireQueued(Ljava/util/concurrent/locks/AbstractQueuedSynchronizer$Node;I)Z @ 22 c2
Event: 274.601 Thread 0x000001b198afe000 Uncommon trap: reason=unstable_if action=reinterpret pc=0x000001b187eaa29c method=java.awt.EventQueue.uncacheEQItem(Lsun/awt/EventQueueItem;)V @ 23 c2
Event: 285.342 Thread 0x000001b198afe000 Uncommon trap: reason=unstable_if action=reinterpret pc=0x000001b187ed3bbc method=sun.awt.GlobalCursorManager$NativeUpdater.run()V @ 10 c2

Classes redefined (0 events):
No events

Internal exceptions (10 events):
Event: 218.341 Thread 0x000001b1922c4000 Implicit null exception at 0x000001b187dc1c50 to 0x000001b187dc1cb0
Event: 227.861 Thread 0x000001b19297f000 Exception <a 'java/io/FileNotFoundException'{0x0000000714d10e58}> (0x0000000714d10e58) thrown at [./open/src/hotspot/share/prims/jni.cpp, line 611]
Event: 235.488 Thread 0x000001b19297f000 Exception <a 'java/lang/NullPointerException'{0x000000071493b260}> (0x000000071493b260) thrown at [./open/src/hotspot/share/interpreter/linkResolver.cpp, line 1354]
Event: 235.488 Thread 0x000001b19297f000 Exception <a 'java/lang/NullPointerException'{0x000000071493b260}> (0x000000071493b260) thrown at [./open/src/hotspot/share/prims/jvm.cpp, line 1309]
Event: 287.717 Thread 0x000001b198afb800 Exception <a 'sun/java2d/InvalidPipeException'{0x0000000714dd1948}: bounds changed> (0x0000000714dd1948) thrown at [./open/src/hotspot/share/prims/jni.cpp, line 632]
Event: 287.924 Thread 0x000001b198afb800 Exception <a 'sun/java2d/InvalidPipeException'{0x0000000714d99d60}: bounds changed> (0x0000000714d99d60) thrown at [./open/src/hotspot/share/prims/jni.cpp, line 632]
Event: 288.730 Thread 0x000001b198afe000 Implicit null exception at 0x000001b18133bfce to 0x000001b18133c376
Event: 288.730 Thread 0x000001b198afe000 Exception <a 'java/lang/NullPointerException'{0x0000000714d08520}> (0x0000000714d08520) thrown at [./open/src/hotspot/share/runtime/sharedRuntime.cpp, line 605]
Event: 291.256 Thread 0x000001b19297f000 Exception <a 'java/lang/NullPointerException'{0x0000000714d422f0}> (0x0000000714d422f0) thrown at [./open/src/hotspot/share/interpreter/linkResolver.cpp, line 1354]
Event: 291.256 Thread 0x000001b19297f000 Exception <a 'java/lang/NullPointerException'{0x0000000714d422f0}> (0x0000000714d422f0) thrown at [./open/src/hotspot/share/prims/jvm.cpp, line 1309]

Events (10 events):
Event: 291.759 Executing VM operation: CGC_Operation
Event: 291.763 Executing VM operation: CGC_Operation done
Event: 291.772 Executing VM operation: CGC_Operation
Event: 291.772 Executing VM operation: CGC_Operation done
Event: 292.733 Executing VM operation: G1CollectForAllocation
Event: 292.735 Executing VM operation: G1CollectForAllocation done
Event: 292.754 Executing VM operation: CGC_Operation
Event: 292.757 Executing VM operation: CGC_Operation done
Event: 292.765 Executing VM operation: CGC_Operation
Event: 292.765 Executing VM operation: CGC_Operation done


Dynamic libraries:
0x00007ff671740000 - 0x00007ff671750000 	C:\Program Files\Java\jdk-11\bin\java.exe
0x00007ffa327d0000 - 0x00007ffa329c8000 	C:\windows\SYSTEM32\ntdll.dll
0x00007ffa326d0000 - 0x00007ffa3278f000 	C:\windows\System32\KERNEL32.DLL
0x00007ffa301b0000 - 0x00007ffa30482000 	C:\windows\System32\KERNELBASE.dll
0x00007ffa2fcf0000 - 0x00007ffa2fdf0000 	C:\windows\System32\ucrtbase.dll
0x00007ffa1fe30000 - 0x00007ffa1fe4b000 	C:\Program Files\Java\jdk-11\bin\VCRUNTIME140.dll
0x00007ffa29200000 - 0x00007ffa29218000 	C:\Program Files\Java\jdk-11\bin\jli.dll
0x00007ffa321e0000 - 0x00007ffa3228e000 	C:\windows\System32\ADVAPI32.dll
0x00007ffa32520000 - 0x00007ffa325be000 	C:\windows\System32\msvcrt.dll
0x00007ffa317e0000 - 0x00007ffa3187c000 	C:\windows\System32\sechost.dll
0x00007ffa31880000 - 0x00007ffa319a4000 	C:\windows\System32\RPCRT4.dll
0x00007ffa32350000 - 0x00007ffa324f1000 	C:\windows\System32\USER32.dll
0x00007ffa30630000 - 0x00007ffa30652000 	C:\windows\System32\win32u.dll
0x00007ffa1e940000 - 0x00007ffa1ebda000 	C:\windows\WinSxS\amd64_microsoft.windows.common-controls_6595b64144ccf1df_6.0.19041.1110_none_60b5254171f9507e\COMCTL32.dll
0x00007ffa31450000 - 0x00007ffa3147b000 	C:\windows\System32\GDI32.dll
0x00007ffa2fbe0000 - 0x00007ffa2fcef000 	C:\windows\System32\gdi32full.dll
0x00007ffa30490000 - 0x00007ffa3052d000 	C:\windows\System32\msvcp_win.dll
0x00007ffa28700000 - 0x00007ffa2870a000 	C:\windows\SYSTEM32\VERSION.dll
0x00007ffa30fb0000 - 0x00007ffa30fe0000 	C:\windows\System32\IMM32.DLL
0x00007ffa2b800000 - 0x00007ffa2b80c000 	C:\Program Files\Java\jdk-11\bin\vcruntime140_1.dll
0x00007ffa098f0000 - 0x00007ffa0997e000 	C:\Program Files\Java\jdk-11\bin\msvcp140.dll
0x00007ff9d7c10000 - 0x00007ff9d8778000 	C:\Program Files\Java\jdk-11\bin\server\jvm.dll
0x00007ffa32290000 - 0x00007ffa32298000 	C:\windows\System32\PSAPI.DLL
0x00007ffa1c440000 - 0x00007ffa1c467000 	C:\windows\SYSTEM32\WINMM.dll
0x00007ffa1a1e0000 - 0x00007ffa1a1e9000 	C:\windows\SYSTEM32\WSOCK32.dll
0x00007ffa32160000 - 0x00007ffa321cb000 	C:\windows\System32\WS2_32.dll
0x00007ffa2fdf0000 - 0x00007ffa2fe02000 	C:\windows\System32\kernel.appcore.dll
0x00007ffa2a150000 - 0x00007ffa2a160000 	C:\Program Files\Java\jdk-11\bin\verify.dll
0x00007ffa1b9f0000 - 0x00007ffa1bbd4000 	C:\windows\SYSTEM32\DBGHELP.DLL
0x00007ffa18dc0000 - 0x00007ffa18df5000 	C:\windows\SYSTEM32\dbgcore.DLL
0x00007ffa2ff80000 - 0x00007ffa30002000 	C:\windows\System32\bcryptPrimitives.dll
0x00007ffa1c690000 - 0x00007ffa1c6b8000 	C:\Program Files\Java\jdk-11\bin\java.dll
0x00007ffa1d210000 - 0x00007ffa1d21a000 	C:\Program Files\Java\jdk-11\bin\jimage.dll
0x00007ffa19000000 - 0x00007ffa1900e000 	C:\Program Files\Java\jdk-11\bin\instrument.dll
0x00007ffa162f0000 - 0x00007ffa16307000 	C:\Program Files\Java\jdk-11\bin\zip.dll
0x00007ffa31a10000 - 0x00007ffa32155000 	C:\windows\System32\SHELL32.dll
0x00007ffa2dd70000 - 0x00007ffa2e502000 	C:\windows\SYSTEM32\windows.storage.dll
0x00007ffa30b20000 - 0x00007ffa30e75000 	C:\windows\System32\combase.dll
0x00007ffa2f5c0000 - 0x00007ffa2f5f0000 	C:\windows\SYSTEM32\Wldp.dll
0x00007ffa30740000 - 0x00007ffa307ed000 	C:\windows\System32\SHCORE.dll
0x00007ffa319b0000 - 0x00007ffa31a05000 	C:\windows\System32\shlwapi.dll
0x00007ffa2faa0000 - 0x00007ffa2fabf000 	C:\windows\SYSTEM32\profapi.dll
0x00007ffa16260000 - 0x00007ffa16279000 	C:\Program Files\Java\jdk-11\bin\net.dll
0x00007ffa27da0000 - 0x00007ffa27eaa000 	C:\windows\SYSTEM32\WINHTTP.dll
0x00007ffa293f0000 - 0x00007ffa29433000 	C:\Windows\Netease\Booster\udp_connect_lsp64.dll
0x00007ffa2f320000 - 0x00007ffa2f38a000 	C:\windows\system32\mswsock.dll
0x00007ffa16240000 - 0x00007ffa16252000 	C:\Program Files\Java\jdk-11\bin\nio.dll
0x00007ffa09a30000 - 0x00007ffa09a4a000 	D:\tools\IntelliJ IDEA 2021.1.1\bin\breakgen64.dll
0x000001b192e20000 - 0x000001b192e23000 	C:\Program Files\Java\jdk-11\bin\api-ms-win-core-console-l1-1-0.dll
0x000001b192e30000 - 0x000001b192e33000 	C:\Program Files\Java\jdk-11\bin\api-ms-win-core-datetime-l1-1-0.dll
0x000001b192e40000 - 0x000001b192e43000 	C:\Program Files\Java\jdk-11\bin\api-ms-win-core-debug-l1-1-0.dll
0x000001b192e50000 - 0x000001b192e53000 	C:\Program Files\Java\jdk-11\bin\api-ms-win-core-errorhandling-l1-1-0.dll
0x000001b192e60000 - 0x000001b192e64000 	C:\Program Files\Java\jdk-11\bin\api-ms-win-core-file-l1-1-0.dll
0x000001b192e70000 - 0x000001b192e73000 	C:\Program Files\Java\jdk-11\bin\api-ms-win-core-file-l1-2-0.dll
0x000001b192e80000 - 0x000001b192e83000 	C:\Program Files\Java\jdk-11\bin\api-ms-win-core-file-l2-1-0.dll
0x000001b192e90000 - 0x000001b192e93000 	C:\Program Files\Java\jdk-11\bin\api-ms-win-core-handle-l1-1-0.dll
0x000001b192ea0000 - 0x000001b192ea3000 	C:\Program Files\Java\jdk-11\bin\api-ms-win-core-heap-l1-1-0.dll
0x000001b192eb0000 - 0x000001b192eb3000 	C:\Program Files\Java\jdk-11\bin\api-ms-win-core-interlocked-l1-1-0.dll
0x000001b192ec0000 - 0x000001b192ec3000 	C:\Program Files\Java\jdk-11\bin\api-ms-win-core-libraryloader-l1-1-0.dll
0x000001b192ed0000 - 0x000001b192ed3000 	C:\Program Files\Java\jdk-11\bin\api-ms-win-core-localization-l1-2-0.dll
0x000001b192ee0000 - 0x000001b192ee3000 	C:\Program Files\Java\jdk-11\bin\api-ms-win-core-memory-l1-1-0.dll
0x000001b192ef0000 - 0x000001b192ef3000 	C:\Program Files\Java\jdk-11\bin\api-ms-win-core-namedpipe-l1-1-0.dll
0x000001b192f00000 - 0x000001b192f03000 	C:\Program Files\Java\jdk-11\bin\api-ms-win-core-processenvironment-l1-1-0.dll
0x000001b192f10000 - 0x000001b192f13000 	C:\Program Files\Java\jdk-11\bin\api-ms-win-core-processthreads-l1-1-0.dll
0x000001b192f20000 - 0x000001b192f23000 	C:\Program Files\Java\jdk-11\bin\api-ms-win-core-processthreads-l1-1-1.dll
0x000001b192f30000 - 0x000001b192f33000 	C:\Program Files\Java\jdk-11\bin\api-ms-win-core-profile-l1-1-0.dll
0x000001b192f40000 - 0x000001b192f43000 	C:\Program Files\Java\jdk-11\bin\api-ms-win-core-rtlsupport-l1-1-0.dll
0x000001b192f50000 - 0x000001b192f53000 	C:\Program Files\Java\jdk-11\bin\api-ms-win-core-string-l1-1-0.dll
0x000001b192f60000 - 0x000001b192f63000 	C:\Program Files\Java\jdk-11\bin\api-ms-win-core-synch-l1-1-0.dll
0x000001b192f70000 - 0x000001b192f73000 	C:\Program Files\Java\jdk-11\bin\api-ms-win-core-synch-l1-2-0.dll
0x000001b192f80000 - 0x000001b192f83000 	C:\Program Files\Java\jdk-11\bin\api-ms-win-core-sysinfo-l1-1-0.dll
0x000001b192f90000 - 0x000001b192f93000 	C:\Program Files\Java\jdk-11\bin\api-ms-win-core-timezone-l1-1-0.dll
0x000001b192fa0000 - 0x000001b192fa3000 	C:\Program Files\Java\jdk-11\bin\api-ms-win-core-util-l1-1-0.dll
0x000001b192fb0000 - 0x000001b192fb3000 	C:\Program Files\Java\jdk-11\bin\api-ms-win-crt-conio-l1-1-0.dll
0x000001b192fc0000 - 0x000001b192fc4000 	C:\Program Files\Java\jdk-11\bin\api-ms-win-crt-convert-l1-1-0.dll
0x000001b192fd0000 - 0x000001b192fd3000 	C:\Program Files\Java\jdk-11\bin\api-ms-win-crt-environment-l1-1-0.dll
0x000001b192fe0000 - 0x000001b192fe3000 	C:\Program Files\Java\jdk-11\bin\api-ms-win-crt-filesystem-l1-1-0.dll
0x000001b192ff0000 - 0x000001b192ff3000 	C:\Program Files\Java\jdk-11\bin\api-ms-win-crt-heap-l1-1-0.dll
0x000001b193000000 - 0x000001b193003000 	C:\Program Files\Java\jdk-11\bin\api-ms-win-crt-locale-l1-1-0.dll
0x000001b193010000 - 0x000001b193015000 	C:\Program Files\Java\jdk-11\bin\api-ms-win-crt-math-l1-1-0.dll
0x000001b193020000 - 0x000001b193025000 	C:\Program Files\Java\jdk-11\bin\api-ms-win-crt-multibyte-l1-1-0.dll
0x000001b193030000 - 0x000001b193040000 	C:\Program Files\Java\jdk-11\bin\api-ms-win-crt-private-l1-1-0.dll
0x000001b193040000 - 0x000001b193043000 	C:\Program Files\Java\jdk-11\bin\api-ms-win-crt-process-l1-1-0.dll
0x000001b193050000 - 0x000001b193054000 	C:\Program Files\Java\jdk-11\bin\api-ms-win-crt-runtime-l1-1-0.dll
0x000001b193060000 - 0x000001b193064000 	C:\Program Files\Java\jdk-11\bin\api-ms-win-crt-stdio-l1-1-0.dll
0x000001b193070000 - 0x000001b193074000 	C:\Program Files\Java\jdk-11\bin\api-ms-win-crt-string-l1-1-0.dll
0x000001b193080000 - 0x000001b193083000 	C:\Program Files\Java\jdk-11\bin\api-ms-win-crt-time-l1-1-0.dll
0x000001b193090000 - 0x000001b193093000 	C:\Program Files\Java\jdk-11\bin\api-ms-win-crt-utility-l1-1-0.dll
0x00007ff9f8b80000 - 0x00007ff9f8c80000 	C:\Program Files\Java\jdk-11\bin\ucrtbase.dll
0x00007ff9fa480000 - 0x00007ff9fa4ce000 	C:\Windows\System32\concrt140.dll
0x00007ffa098c0000 - 0x00007ffa098e3000 	C:\Users\Administrator\.openjfx\cache\12.0.1\prism_d3d.dll
0x00007ffa1cf70000 - 0x00007ffa1d13e000 	C:\windows\system32\d3d9.dll
0x00007ffa2d7a0000 - 0x00007ffa2d7cf000 	C:\windows\SYSTEM32\dwmapi.dll
0x00007ffa2d650000 - 0x00007ffa2d6ee000 	C:\windows\system32\uxtheme.dll
0x00007ff9f4530000 - 0x00007ff9f46fd000 	C:\windows\System32\DriverStore\FileRepository\iigd_dch.inf_amd64_b261b2ab559fdee8\igdumdim64.dll
0x00007ffa265f0000 - 0x00007ffa26710000 	C:\windows\System32\DriverStore\FileRepository\iigd_dch.inf_amd64_b261b2ab559fdee8\igdgmm64.dll
0x00007ff9bc250000 - 0x00007ff9bfe61000 	C:\windows\System32\DriverStore\FileRepository\iigd_dch.inf_amd64_b261b2ab559fdee8\igd9dxva64.dll
0x00007ffa30e80000 - 0x00007ffa30faa000 	C:\windows\System32\OLE32.dll
0x00007ffa31710000 - 0x00007ffa317dd000 	C:\windows\System32\OLEAUT32.dll
0x00007ff9fa390000 - 0x00007ff9fa3d5000 	C:\Users\Administrator\.openjfx\cache\12.0.1\glass.dll
0x00007ffa31480000 - 0x00007ffa3155a000 	C:\windows\System32\COMDLG32.dll
0x00007ffa30a00000 - 0x00007ffa30b14000 	C:\windows\System32\MSCTF.dll
0x00007ff9fccd0000 - 0x00007ff9fccf1000 	C:\windows\System32\DriverStore\FileRepository\iigd_dch.inf_amd64_b261b2ab559fdee8\igdinfo64.dll
0x00007ffa24290000 - 0x00007ffa265f0000 	C:\windows\System32\DriverStore\FileRepository\iigd_dch.inf_amd64_b261b2ab559fdee8\igc64.dll
0x00007ffa27610000 - 0x00007ffa2764b000 	C:\windows\SYSTEM32\dxcore.dll
0x00007ffa2fb60000 - 0x00007ffa2fbae000 	C:\windows\System32\cfgmgr32.dll
0x00007ff9fc710000 - 0x00007ff9fc724000 	C:\Users\Administrator\.openjfx\cache\12.0.1\javafx_font.dll
0x00007ffa1ccf0000 - 0x00007ffa1cf6f000 	C:\windows\SYSTEM32\dwrite.dll
0x00007ffa30950000 - 0x00007ffa309f9000 	C:\windows\System32\clbcatq.dll
0x00007ffa29a70000 - 0x00007ffa29c24000 	C:\windows\SYSTEM32\WindowsCodecs.dll
0x00007ffa2fbb0000 - 0x00007ffa2fbd7000 	C:\windows\System32\bcrypt.dll
0x00007ffa103e0000 - 0x00007ffa1041e000 	C:\windows\system32\dataexchange.dll
0x00007ffa2c880000 - 0x00007ffa2ca63000 	C:\windows\system32\dcomp.dll
0x00007ffa2c050000 - 0x00007ffa2c2b3000 	C:\windows\system32\d3d11.dll
0x00007ffa30530000 - 0x00007ffa30623000 	C:\windows\System32\dxgi.dll
0x00007ffa29870000 - 0x00007ffa29a70000 	C:\windows\system32\twinapi.appcore.dll
0x00007ff9f9eb0000 - 0x00007ff9f9ee4000 	C:\Program Files\Common Files\Microsoft Shared\Ink\rtscom.dll
0x00007ffa1ef30000 - 0x00007ffa1f029000 	C:\windows\SYSTEM32\textinputframework.dll
0x00007ffa2d230000 - 0x00007ffa2d322000 	C:\windows\System32\CoreMessaging.dll
0x00007ffa2ca70000 - 0x00007ffa2cdce000 	C:\windows\System32\CoreUIComponents.dll
0x00007ffa2ed40000 - 0x00007ffa2ed73000 	C:\windows\SYSTEM32\ntmarta.dll
0x00007ffa2ba80000 - 0x00007ffa2bbd4000 	C:\windows\SYSTEM32\wintypes.dll
0x00007ffa2f050000 - 0x00007ffa2f11b000 	C:\windows\SYSTEM32\DNSAPI.dll
0x00007ffa2f010000 - 0x00007ffa2f04b000 	C:\windows\SYSTEM32\IPHLPAPI.DLL
0x00007ffa321d0000 - 0x00007ffa321d8000 	C:\windows\System32\NSI.dll
0x00007ffa23d30000 - 0x00007ffa23d3a000 	C:\Windows\System32\rasadhlp.dll
0x00007ffa29290000 - 0x00007ffa29310000 	C:\windows\System32\fwpuclnt.dll
0x00007ff9f3a60000 - 0x00007ff9f3be2000 	C:\Program Files\Java\jdk-11\bin\awt.dll

dbghelp: loaded successfully - version: 4.0.5 - missing functions: none
symbol engine: initialized successfully - sym options: 0x614 - pdb path: .;C:\Program Files\Java\jdk-11\bin;C:\windows\SYSTEM32;C:\windows\WinSxS\amd64_microsoft.windows.common-controls_6595b64144ccf1df_6.0.19041.1110_none_60b5254171f9507e;C:\Program Files\Java\jdk-11\bin\server;C:\Windows\Netease\Booster;D:\tools\IntelliJ IDEA 2021.1.1\bin;C:\Users\Administrator\.openjfx\cache\12.0.1;C:\windows\System32\DriverStore\FileRepository\iigd_dch.inf_amd64_b261b2ab559fdee8;C:\Program Files\Common Files\Microsoft Shared\Ink;D:\game tools\BaiduNetdisk;C:\windows\WinSxS\amd64_microsoft.windows.gdiplus_6595b64144ccf1df_1.1.19041.2251_none_91a40448cc8846c1;C:\Users\Administrator\.javacpp\cache\openblas-0.3.7-1.5.2-windows-x86_64.jar\org\bytedeco\openblas\windows-x86_64;C:\Users\Administrator\.javacpp\cache\opencv-4.1.2-1.5.2-windows-x86_64.jar\org\bytedeco\opencv\windows-x86_64;C:\windows\System32\DriverStore\FileRepository\nvhm.inf_amd64_4a725c9a083cb6dc;C:\Users\Administrator\.javacpp\cache\ffmpeg-4.2.1-1.5.2-windows-x86_64.jar\org\bytedeco\ffmpeg\windows-x86_64

VM Arguments:
jvm_args: -javaagent:D:\tools\IntelliJ IDEA 2021.1.1\lib\idea_rt.jar=51258:D:\tools\IntelliJ IDEA 2021.1.1\bin -Dfile.encoding=UTF-8 
java_command: org.openjfx.Main
java_class_path (initial): C:\Users\Administrator\Desktop\project01\target\classes;C:\Users\Administrator\.m2\repository\org\openjfx\javafx-controls\11.0.2\javafx-controls-11.0.2.jar;C:\Users\Administrator\.m2\repository\org\openjfx\javafx-controls\11.0.2\javafx-controls-11.0.2-win.jar;C:\Users\Administrator\.m2\repository\org\openjfx\javafx-fxml\11.0.2\javafx-fxml-11.0.2.jar;C:\Users\Administrator\.m2\repository\org\openjfx\javafx-fxml\11.0.2\javafx-fxml-11.0.2-win.jar;C:\Users\Administrator\.m2\repository\org\openjfx\javafx-media\12.0.1\javafx-media-12.0.1.jar;C:\Users\Administrator\.m2\repository\org\openjfx\javafx-media\12.0.1\javafx-media-12.0.1-win.jar;C:\Users\Administrator\.m2\repository\org\openjfx\javafx-graphics\12.0.1\javafx-graphics-12.0.1.jar;C:\Users\Administrator\.m2\repository\org\openjfx\javafx-graphics\12.0.1\javafx-graphics-12.0.1-win.jar;C:\Users\Administrator\.m2\repository\org\openjfx\javafx-base\12.0.1\javafx-base-12.0.1.jar;C:\Users\Administrator\.m2\repository\org\openjfx\javafx-base\12.0.1\javafx-base-12.0.1-win.jar;C:\Users\Administrator\.m2\repository\org\bytedeco\javacv-platform\1.5.2\javacv-platform-1.5.2.jar;C:\Users\Administrator\.m2\repository\org\bytedeco\openblas-platform\0.3.7-1.5.2\openblas-platform-0.3.7-1.5.2.jar;C:\Users\Administrator\.m2\repository\org\bytedeco\openblas\0.3.7-1.5.2\openblas-0.3.7-1.5.2-android-arm.jar;C:\Users\Administrator\.m2\repository\org\bytedeco\openblas\0.3.7-1.5.2\openblas-0.3.7-1.5.2-android-arm64.jar;C:\Users\Administrator\.m2\repository\org\bytedeco\openblas\0.3.7-1.5.2\openblas-0.3.7-1.5.2-android-x86.jar;C:\Users\Administrator\.m2\repository\org\bytedeco\openblas\0.3.7-1.5.2\openblas-0.3.7-1.5.2-android-x86_64.jar;C:\Users\Administrator\.m2\repository\org\bytedeco\openblas\0.3.7-1.5.2\openblas-0.3.7-1.5.2-ios-arm64.jar;C:\Users\Administrator\.m2\repository\org\bytedeco\openblas\0.3.7-1.5.2\openblas-0.3.7-1.5.2-ios-x86_64.jar;C:\Users\Administrator\.m2\repository\org\bytedeco\openblas\0.3.7-1.5
Launcher Type: SUN_STANDARD

[Global flags]
     intx CICompilerCount                          = 4                                         {product} {ergonomic}
     uint ConcGCThreads                            = 2                                         {product} {ergonomic}
     uint G1ConcRefinementThreads                  = 8                                         {product} {ergonomic}
   size_t G1HeapRegionSize                         = 1048576                                   {product} {ergonomic}
    uintx GCDrainStackTargetSize                   = 64                                        {product} {ergonomic}
   size_t InitialHeapSize                          = 268435456                                 {product} {ergonomic}
   size_t MarkStackSize                            = 4194304                                   {product} {ergonomic}
   size_t MaxHeapSize                              = 4267704320                                {product} {ergonomic}
   size_t MaxNewSize                               = 2560622592                                {product} {ergonomic}
   size_t MinHeapDeltaBytes                        = 1048576                                   {product} {ergonomic}
    uintx NonNMethodCodeHeapSize                   = 5836300                                {pd product} {ergonomic}
    uintx NonProfiledCodeHeapSize                  = 122910970                              {pd product} {ergonomic}
    uintx ProfiledCodeHeapSize                     = 122910970                              {pd product} {ergonomic}
    uintx ReservedCodeCacheSize                    = 251658240                              {pd product} {ergonomic}
     bool SegmentedCodeCache                       = true                                      {product} {ergonomic}
     bool UseCompressedClassPointers               = true                                 {lp64_product} {ergonomic}
     bool UseCompressedOops                        = true                                 {lp64_product} {ergonomic}
     bool UseG1GC                                  = true                                      {product} {ergonomic}
     bool UseLargePagesIndividualAllocation        = false                                  {pd product} {ergonomic}

Logging:
Log output configuration:
 #0: stdout all=warning uptime,level,tags
 #1: stderr all=off uptime,level,tags

Environment Variables:
PATH=C:\Program Files\Common Files\Oracle\Java\javapath;C:\Program Files\Java\jdk1.8.0_201\bin;C:\windows\system32;C:\windows;C:\windows\System32\Wbem;C:\windows\System32\WindowsPowerShell\v1.0\;C:\windows\System32\OpenSSH\;D:\MySQL\MySQL Server 8.0\bin;D:\tools\ffmpeg\ffmpeg-master-latest-win64-gpl-shared\bin;C:\Program Files\Git\cmd;D:\tools\apache-maven-3.9.0\bin;D:\tools\VLC;C:\Program Files\Java\jdk-11\bin;C:\Program Files\dotnet\;D:\MySQL\MySQL Shell 8.0\bin\;C:\Users\Administrator\AppData\Local\Microsoft\WindowsApps;C:\Users\Administrator\.dotnet\tools
USERNAME=Administrator
OS=Windows_NT
PROCESSOR_IDENTIFIER=Intel64 Family 6 Model 158 Stepping 10, GenuineIntel



---------------  S Y S T E M  ---------------

OS: Windows 10 , 64 bit Build 19041 (10.0.19041.2546)

CPU:total 8 (initial active 8) (4 cores per cpu, 2 threads per core) family 6 model 158 stepping 10 microcode 0xb4, cmov, cx8, fxsr, mmx, sse, sse2, sse3, ssse3, sse4.1, sse4.2, popcnt, avx, avx2, aes, clmul, erms, 3dnowpref, lzcnt, ht, tsc, tscinvbit, bmi1, bmi2, adx, fma

Memory: 4k page, system-wide physical 16273M (7518M free)
TotalPageFile size 18705M (AvailPageFile size 4991M)
current process WorkingSet (physical memory assigned to process): 967M, peak: 969M
current process commit charge ("private bytes"): 1442M, peak: 1442M

vm_info: Java HotSpot(TM) 64-Bit Server VM (11.0.18+9-LTS-195) for windows-amd64 JRE (11.0.18+9-LTS-195), built on Dec  6 2022 15:50:58 by "mach5one" with MS VC++ 17.1 (VS2022)

END.
