#
# A fatal error has been detected by the Java Runtime Environment:
#
#  EXCEPTION_ACCESS_VIOLATION (0xc0000005) at pc=0x00007ff9f5de4a60, pid=12448, tid=12876
#
# JRE version: Java(TM) SE Runtime Environment 18.9 (11.0.18+9) (build 11.0.18+9-LTS-195)
# Java VM: Java HotSpot(TM) 64-Bit Server VM 18.9 (11.0.18+9-LTS-195, mixed mode, tiered, compressed oops, g1 gc, windows-amd64)
# Problematic frame:
# C  0x00007ff9f5de4a60
#
# No core dump will be written. Minidumps are not enabled by default on client versions of Windows
#
# If you would like to submit a bug report, please visit:
#   https://bugreport.java.com/bugreport/crash.jsp
# The crash happened outside the Java Virtual Machine in native code.
# See problematic frame for where to report the bug.
#

---------------  S U M M A R Y ------------

Command Line: -javaagent:D:\tools\IntelliJ IDEA 2021.1.1\lib\idea_rt.jar=50956:D:\tools\IntelliJ IDEA 2021.1.1\bin -Dfile.encoding=UTF-8 org.openjfx.Main

Host: Intel(R) Core(TM) i5-8300H CPU @ 2.30GHz, 8 cores, 15G,  Windows 10 , 64 bit Build 19041 (10.0.19041.2546)
Time: Fri Apr  7 16:28:12 2023  Windows 10 , 64 bit Build 19041 (10.0.19041.2546) elapsed time: 124.607145 seconds (0d 0h 2m 4s)

---------------  T H R E A D  ---------------

Current thread (0x0000022c30def800):  JavaThread "pool-9-thread-1" [_thread_in_native, id=12876, stack(0x00000039c6a00000,0x00000039c6b00000)]

Stack: [0x00000039c6a00000,0x00000039c6b00000],  sp=0x00000039c6afe7a0,  free space=1017k
Native frames: (J=compiled Java code, j=interpreted, Vv=VM code, C=native code)
C  0x00007ff9f5de4a60

Java frames: (J=compiled Java code, j=interpreted, Vv=VM code)
J 5888  org.bytedeco.ffmpeg.global.swscale.sws_scale(Lorg/bytedeco/ffmpeg/swscale/SwsContext;Lorg/bytedeco/javacpp/PointerPointer;Lorg/bytedeco/javacpp/IntPointer;IILorg/bytedeco/javacpp/PointerPointer;Lorg/bytedeco/javacpp/IntPointer;)I (0 bytes) @ 0x0000022c1b104c6b [0x0000022c1b104ba0+0x00000000000000cb]
j  org.bytedeco.javacv.FFmpegFrameRecorder.recordImage(IIIIII[Ljava/nio/Buffer;)Z+625
j  org.bytedeco.javacv.FFmpegFrameRecorder.record(Lorg/bytedeco/javacv/Frame;I)V+70
j  org.bytedeco.javacv.FFmpegFrameRecorder.record(Lorg/bytedeco/javacv/Frame;)V+26
j  org.openjfx.service.VideoRecording.dealImage()V+153
j  org.openjfx.service.VideoRecording$2.run()V+4
J 5059 c1 java.util.concurrent.Executors$RunnableAdapter.call()Ljava/lang/Object; java.base@11.0.18 (14 bytes) @ 0x0000022c14305954 [0x0000022c14305840+0x0000000000000114]
J 5058 c1 java.util.concurrent.FutureTask.runAndReset()Z java.base@11.0.18 (125 bytes) @ 0x0000022c14303c74 [0x0000022c14303580+0x00000000000006f4]
j  java.util.concurrent.ScheduledThreadPoolExecutor$ScheduledFutureTask.run()V+35 java.base@11.0.18
j  java.util.concurrent.ThreadPoolExecutor.runWorker(Ljava/util/concurrent/ThreadPoolExecutor$Worker;)V+92 java.base@11.0.18
j  java.util.concurrent.ThreadPoolExecutor$Worker.run()V+5 java.base@11.0.18
j  java.lang.Thread.run()V+11 java.base@11.0.18
v  ~StubRoutines::call_stub

siginfo: EXCEPTION_ACCESS_VIOLATION (0xc0000005), writing address 0x0000022c6f58d000


Register to memory mapping:

RIP=0x00007ff9f5de4a60 points into unknown readable memory: 0xc18348091ce70f41 | 41 0f e7 1c 09 48 83 c1
RAX=0x0000000000000672 is an unknown value
RBX=0x000000000000041e is an unknown value
RCX=0x0000000000000108 is an unknown value
RDX=0x0000022c461d6988 points into unknown readable memory: 0x0000000000000000 | 00 00 00 00 00 00 00 00
RSP=0x00000039c6afe7a0 is pointing into the stack for thread: 0x0000022c30def800
RBP=0x0000022c461ccbc0 points into unknown readable memory: 0x00007ff9f5dfb540 | 40 b5 df f5 f9 7f 00 00
RSI=0x0 is NULL
RDI=0x0000022c461fcd60 points into unknown readable memory: 0x0000022c461f6570 | 70 65 1f 46 2c 02 00 00
R8 =0x0000022c461d6948 points into unknown readable memory: 0x0000022c46366d40 | 40 6d 36 46 2c 02 00 00
R9 =0x0000022c6f58cef2 is an unknown value
R10=0x0000000000000004 is an unknown value
R11=0x0000022c46385f70 points into unknown readable memory: 0x0000000000000000 | 00 00 00 00 00 00 00 00
R12=0x0000000000000672 is an unknown value
R13=0x0000000000000401 is an unknown value
R14=0x0000000000000001 is an unknown value
R15=0x0000000000000421 is an unknown value


Registers:
RAX=0x0000000000000672, RBX=0x000000000000041e, RCX=0x0000000000000108, RDX=0x0000022c461d6988
RSP=0x00000039c6afe7a0, RBP=0x0000022c461ccbc0, RSI=0x0000000000000000, RDI=0x0000022c461fcd60
R8 =0x0000022c461d6948, R9 =0x0000022c6f58cef2, R10=0x0000000000000004, R11=0x0000022c46385f70
R12=0x0000000000000672, R13=0x0000000000000401, R14=0x0000000000000001, R15=0x0000000000000421
RIP=0x00007ff9f5de4a60, EFLAGS=0x0000000000010246

Top of Stack: (sp=0x00000039c6afe7a0)
0x00000039c6afe7a0:   000000000007d1d0 0000000000000003
0x00000039c6afe7b0:   000000000007d1d0 0000000000000000
0x00000039c6afe7c0:   0000022c463beb40 00007ff9f5dce02a
0x00000039c6afe7d0:   0000022c461eaa80 0000022c00000004
0x00000039c6afe7e0:   0000020000000000 0000022c461eec00
0x00000039c6afe7f0:   0000022c00000672 00007ff9f5dfca38
0x00000039c6afe800:   0000022c00000000 0000022c461ccbc0
0x00000039c6afe810:   0000000000000421 0000022c461ccbc0
0x00000039c6afe820:   0000022c461fcd60 0000022c461fcdb0
0x00000039c6afe830:   0000000000000401 0000022c461f6570
0x00000039c6afe840:   0000000000000421 00007ff9f5db8472
0x00000039c6afe850:   00000039c6afe880 0000000718bb0000
0x00000039c6afe860:   0000000000000000 0000022c00000006
0x00000039c6afe870:   0000000000000421 0000000000000421
0x00000039c6afe880:   0000000000000000 000000000000020d
0x00000039c6afe890:   0000000000000000 00007ff9d82031da 

Instructions: (pc=0x00007ff9f5de4a60)
0x00007ff9f5de4a40:   10 48 8b 32 48 85 f6 0f e5 d0 0f e5 e8 0f fd da
0x00007ff9f5de4a50:   0f fd e5 75 db 0f 71 e3 03 0f 71 e4 03 0f 67 dc
0x00007ff9f5de4a60:   41 0f e7 1c 09 48 83 c1 08 48 39 c1 0f 6f de 0f
0x00007ff9f5de4a70:   6f e7 4c 89 c2 48 8b 32 72 b6 0f 28 7c 24 10 48 


Stack slot to memory mapping:
stack at sp + 0 slots: 512464 is a compressed pointer to class: 0x000000080007d1d0
java.nio.DirectByteBuffer {0x000000080007d1d8}
 - instance size:     8
 - klass size:        147
 - access:            synchronized 
 - state:             fully_initialized
 - name:              'java/nio/DirectByteBuffer'
 - super:             'java/nio/MappedByteBuffer'
 - sub:               'java/nio/DirectByteBufferR'   
 - arrays:            NULL
 - methods:           Array<T>(0x0000022c2edb9e78)
 - method ordering:   Array<T>(0x0000022c2e8b0058)
 - default_methods:   Array<T>(0x0000000000000000)
 - local interfaces:  Array<T>(0x0000022c2edb9e18)
 - trans. interfaces: Array<T>(0x0000022c2edbfe20)
 - constants:         constant pool [499] {0x0000022c2edb8cb0} for 'java/nio/DirectByteBuffer' cache=0x0000022c2edc0420
 - class loader data:  loader data: 0x0000022c2e7dce30 of 'bootstrap'
 - host class:        NULL
 - source file:       'DirectByteBuffer.java'
 - class annotations:       Array<T>(0x0000000000000000)
 - class type annotations:  Array<T>(0x0000000000000000)
 - field annotations:       Array<T>(0x0000000000000000)
 - field type annotations:  Array<T>(0x0000000000000000)
 - inner classes:     Array<T>(0x0000022c2edbe088)
 - nest members:     Array<T>(0x0000022c2edbe0a0)
 - java mirror:       a 'java/lang/Class'{0x0000000701e2a5c8} = 'java/nio/DirectByteBuffer'
 - vtable length      78  (start addr: 0x000000080007d3a0)
 - itable length      10 (start addr: 0x000000080007d610)
 - ---- static fields (2 words):
 - private static final 'ARRAY_BASE_OFFSET' 'J' @112 
 - protected static final 'UNALIGNED' 'Z' @120 
 - static final synthetic '$assertionsDisabled' 'Z' @121 
 - ---- non-static fields (12 words):
 - private 'mark' 'I' @12 
 - 'address' 'J' @16 
 - private 'position' 'I' @24 
 - private 'limit' 'I' @28 
 - private 'capacity' 'I' @32 
 - final 'offset' 'I' @36 
 - 'isReadOnly' 'Z' @40 
 - 'bigEndian' 'Z' @41 
 - 'nativeByteOrder' 'Z' @42 
 - final 'hb' '[B' @44 
 - private final 'fd' 'Ljava/io/FileDescriptor;' @48 
 - private final 'att' 'Ljava/lang/Object;' @52 
 - private final 'cleaner' 'Ljdk/internal/ref/Cleaner;' @56 
 - non-static oop maps: 44-56 
stack at sp + 1 slots: 0x0000000000000003 is an unknown value
stack at sp + 2 slots: 512464 is a compressed pointer to class: 0x000000080007d1d0
java.nio.DirectByteBuffer {0x000000080007d1d8}
 - instance size:     8
 - klass size:        147
 - access:            synchronized 
 - state:             fully_initialized
 - name:              'java/nio/DirectByteBuffer'
 - super:             'java/nio/MappedByteBuffer'
 - sub:               'java/nio/DirectByteBufferR'   
 - arrays:            NULL
 - methods:           Array<T>(0x0000022c2edb9e78)
 - method ordering:   Array<T>(0x0000022c2e8b0058)
 - default_methods:   Array<T>(0x0000000000000000)
 - local interfaces:  Array<T>(0x0000022c2edb9e18)
 - trans. interfaces: Array<T>(0x0000022c2edbfe20)
 - constants:         constant pool [499] {0x0000022c2edb8cb0} for 'java/nio/DirectByteBuffer' cache=0x0000022c2edc0420
 - class loader data:  loader data: 0x0000022c2e7dce30 of 'bootstrap'
 - host class:        NULL
 - source file:       'DirectByteBuffer.java'
 - class annotations:       Array<T>(0x0000000000000000)
 - class type annotations:  Array<T>(0x0000000000000000)
 - field annotations:       Array<T>(0x0000000000000000)
 - field type annotations:  Array<T>(0x0000000000000000)
 - inner classes:     Array<T>(0x0000022c2edbe088)
 - nest members:     Array<T>(0x0000022c2edbe0a0)
 - java mirror:       a 'java/lang/Class'{0x0000000701e2a5c8} = 'java/nio/DirectByteBuffer'
 - vtable length      78  (start addr: 0x000000080007d3a0)
 - itable length      10 (start addr: 0x000000080007d610)
 - ---- static fields (2 words):
 - private static final 'ARRAY_BASE_OFFSET' 'J' @112 
 - protected static final 'UNALIGNED' 'Z' @120 
 - static final synthetic '$assertionsDisabled' 'Z' @121 
 - ---- non-static fields (12 words):
 - private 'mark' 'I' @12 
 - 'address' 'J' @16 
 - private 'position' 'I' @24 
 - private 'limit' 'I' @28 
 - private 'capacity' 'I' @32 
 - final 'offset' 'I' @36 
 - 'isReadOnly' 'Z' @40 
 - 'bigEndian' 'Z' @41 
 - 'nativeByteOrder' 'Z' @42 
 - final 'hb' '[B' @44 
 - private final 'fd' 'Ljava/io/FileDescriptor;' @48 
 - private final 'att' 'Ljava/lang/Object;' @52 
 - private final 'cleaner' 'Ljdk/internal/ref/Cleaner;' @56 
 - non-static oop maps: 44-56 
stack at sp + 3 slots: 0x0 is NULL
stack at sp + 4 slots: 0x0000022c463beb40 points into unknown readable memory: 0x0000022c461d6948 | 48 69 1d 46 2c 02 00 00
stack at sp + 5 slots: 0x00007ff9f5dce02a points into unknown readable memory: 44 8b 4f 10 45 85
stack at sp + 6 slots: 0x0000022c461eaa80 points into unknown readable memory: 0x00000237060007c9 | c9 07 00 06 37 02 00 00
stack at sp + 7 slots: 0x0000022c00000004 is an unknown value


---------------  P R O C E S S  ---------------

Threads class SMR info:
_java_thread_list=0x0000022c36288540, length=25, elements={
0x0000022c0bbf9000, 0x0000022c2e8ac000, 0x0000022c2e8ae000, 0x0000022c2f1ca800,
0x0000022c2f1ce000, 0x0000022c2f1cf000, 0x0000022c2f1d5000, 0x0000022c2f1db000,
0x0000022c2f1ed000, 0x0000022c2f130800, 0x0000022c3064c800, 0x0000022c2f92f800,
0x0000022c305c0800, 0x0000022c30687800, 0x0000022c30ff8800, 0x0000022c30eff800,
0x0000022c36bee000, 0x0000022c37ac8000, 0x0000022c30df4800, 0x0000022c30dee800,
0x0000022c30df3800, 0x0000022c30df5800, 0x0000022c30df0800, 0x0000022c30df2000,
0x0000022c30def800
}

Java Threads: ( => current thread )
  0x0000022c0bbf9000 JavaThread "main" [_thread_blocked, id=10828, stack(0x00000039c1600000,0x00000039c1700000)]
  0x0000022c2e8ac000 JavaThread "Reference Handler" daemon [_thread_blocked, id=8964, stack(0x00000039c1d00000,0x00000039c1e00000)]
  0x0000022c2e8ae000 JavaThread "Finalizer" daemon [_thread_blocked, id=11048, stack(0x00000039c1e00000,0x00000039c1f00000)]
  0x0000022c2f1ca800 JavaThread "Signal Dispatcher" daemon [_thread_blocked, id=8728, stack(0x00000039c1f00000,0x00000039c2000000)]
  0x0000022c2f1ce000 JavaThread "Attach Listener" daemon [_thread_blocked, id=8076, stack(0x00000039c2000000,0x00000039c2100000)]
  0x0000022c2f1cf000 JavaThread "Service Thread" daemon [_thread_blocked, id=6044, stack(0x00000039c2100000,0x00000039c2200000)]
  0x0000022c2f1d5000 JavaThread "C2 CompilerThread0" daemon [_thread_blocked, id=14420, stack(0x00000039c2200000,0x00000039c2300000)]
  0x0000022c2f1db000 JavaThread "C1 CompilerThread0" daemon [_thread_blocked, id=1768, stack(0x00000039c2300000,0x00000039c2400000)]
  0x0000022c2f1ed000 JavaThread "Sweeper thread" daemon [_thread_blocked, id=11240, stack(0x00000039c2400000,0x00000039c2500000)]
  0x0000022c2f130800 JavaThread "Common-Cleaner" daemon [_thread_blocked, id=13292, stack(0x00000039c2500000,0x00000039c2600000)]
  0x0000022c3064c800 JavaThread "Monitor Ctrl-Break" daemon [_thread_in_native, id=11268, stack(0x00000039c2700000,0x00000039c2800000)]
  0x0000022c2f92f800 JavaThread "JavaFX-Launcher" [_thread_blocked, id=1464, stack(0x00000039c2900000,0x00000039c2a00000)]
  0x0000022c305c0800 JavaThread "QuantumRenderer-0" daemon [_thread_blocked, id=4156, stack(0x00000039c2a00000,0x00000039c2b00000)]
  0x0000022c30687800 JavaThread "InvokeLaterDispatcher" daemon [_thread_blocked, id=6076, stack(0x00000039c2b00000,0x00000039c2c00000)]
  0x0000022c30ff8800 JavaThread "JavaFX Application Thread" [_thread_in_native, id=5476, stack(0x00000039c2c00000,0x00000039c2d00000)]
  0x0000022c30eff800 JavaThread "Thread-2" daemon [_thread_in_native, id=12924, stack(0x00000039c3500000,0x00000039c3600000)]
  0x0000022c36bee000 JavaThread "Prism Font Disposer" daemon [_thread_blocked, id=1888, stack(0x00000039c3900000,0x00000039c3a00000)]
  0x0000022c37ac8000 JavaThread "Cleaner-0" daemon [_thread_blocked, id=7096, stack(0x00000039c3d00000,0x00000039c3e00000)]
  0x0000022c30df4800 JavaThread "mysql-cj-abandoned-connection-cleanup" daemon [_thread_blocked, id=652, stack(0x00000039c2600000,0x00000039c2700000)]
  0x0000022c30dee800 JavaThread "Java2D Disposer" daemon [_thread_blocked, id=8608, stack(0x00000039c3e00000,0x00000039c3f00000)]
  0x0000022c30df3800 JavaThread "AWT-Windows" daemon [_thread_in_native, id=3924, stack(0x00000039c4000000,0x00000039c4100000)]
  0x0000022c30df5800 JavaThread "JavaCPP Deallocator" daemon [_thread_blocked, id=1892, stack(0x00000039c4100000,0x00000039c4200000)]
  0x0000022c30df0800 JavaThread "AWT-Shutdown" [_thread_blocked, id=11528, stack(0x00000039c6b00000,0x00000039c6c00000)]
  0x0000022c30df2000 JavaThread "AWT-EventQueue-0" [_thread_blocked, id=14168, stack(0x00000039c7500000,0x00000039c7600000)]
=>0x0000022c30def800 JavaThread "pool-9-thread-1" [_thread_in_native, id=12876, stack(0x00000039c6a00000,0x00000039c6b00000)]

Other Threads:
  0x0000022c2e8a6800 VMThread "VM Thread" [stack: 0x00000039c1c00000,0x00000039c1d00000] [id=8460]
  0x0000022c30774800 WatcherThread [stack: 0x00000039c2800000,0x00000039c2900000] [id=12320]
  0x0000022c0bc0d800 GCTaskThread "GC Thread#0" [stack: 0x00000039c1700000,0x00000039c1800000] [id=13052]
  0x0000022c30e1e800 GCTaskThread "GC Thread#1" [stack: 0x00000039c3000000,0x00000039c3100000] [id=8000]
  0x0000022c30fb1000 GCTaskThread "GC Thread#2" [stack: 0x00000039c3100000,0x00000039c3200000] [id=11700]
  0x0000022c30fbb000 GCTaskThread "GC Thread#3" [stack: 0x00000039c3200000,0x00000039c3300000] [id=8520]
  0x0000022c30fbb800 GCTaskThread "GC Thread#4" [stack: 0x00000039c3300000,0x00000039c3400000] [id=3476]
  0x0000022c30fc7800 GCTaskThread "GC Thread#5" [stack: 0x00000039c3400000,0x00000039c3500000] [id=7000]
  0x0000022c3604e000 GCTaskThread "GC Thread#6" [stack: 0x00000039c4200000,0x00000039c4300000] [id=9448]
  0x0000022c37a2e800 GCTaskThread "GC Thread#7" [stack: 0x00000039c4300000,0x00000039c4400000] [id=7212]
  0x0000022c0bc68800 ConcurrentGCThread "G1 Main Marker" [stack: 0x00000039c1800000,0x00000039c1900000] [id=9644]
  0x0000022c0bc6c000 ConcurrentGCThread "G1 Conc#0" [stack: 0x00000039c1900000,0x00000039c1a00000] [id=10024]
  0x0000022c3108b800 ConcurrentGCThread "G1 Conc#1" [stack: 0x00000039c3b00000,0x00000039c3c00000] [id=13376]
  0x0000022c2e789800 ConcurrentGCThread "G1 Refine#0" [stack: 0x00000039c1a00000,0x00000039c1b00000] [id=2516]
  0x0000022c2e78b000 ConcurrentGCThread "G1 Young RemSet Sampling" [stack: 0x00000039c1b00000,0x00000039c1c00000] [id=15052]

Threads with active compile tasks:

VM state:not at safepoint (normal execution)

VM Mutex/Monitor currently owned by a thread: None

Heap address: 0x0000000701a00000, size: 4070 MB, Compressed Oops mode: Zero based, Oop shift amount: 3
Narrow klass base: 0x0000000800000000, Narrow klass shift: 0
Compressed class space size: 1073741824 Address: 0x0000000800000000

Heap:
 garbage-first heap   total 378880K, used 143307K [0x0000000701a00000, 0x0000000800000000)
  region size 1024K, 3 young (3072K), 1 survivors (1024K)
 Metaspace       used 48278K, capacity 49723K, committed 49788K, reserved 1093632K
  class space    used 5448K, capacity 6058K, committed 6092K, reserved 1048576K
Heap Regions: E=young(eden), S=young(survivor), O=old, HS=humongous(starts), HC=humongous(continues), CS=collection set, F=free, A=archive, TAMS=top-at-mark-start (previous, next)
|   0|0x0000000701a00000, 0x0000000701b00000, 0x0000000701b00000|100%| O|  |TAMS 0x0000000701b00000, 0x0000000701a00000| Untracked 
|   1|0x0000000701b00000, 0x0000000701c00000, 0x0000000701c00000|100%| O|  |TAMS 0x0000000701c00000, 0x0000000701b00000| Untracked 
|   2|0x0000000701c00000, 0x0000000701d00000, 0x0000000701d00000|100%| O|  |TAMS 0x0000000701d00000, 0x0000000701c00000| Untracked 
|   3|0x0000000701d00000, 0x0000000701e00000, 0x0000000701e00000|100%| O|  |TAMS 0x0000000701e00000, 0x0000000701d00000| Untracked 
|   4|0x0000000701e00000, 0x0000000701f00000, 0x0000000701f00000|100%| O|  |TAMS 0x0000000701f00000, 0x0000000701e00000| Untracked 
|   5|0x0000000701f00000, 0x0000000702000000, 0x0000000702000000|100%| O|  |TAMS 0x0000000702000000, 0x0000000701f00000| Untracked 
|   6|0x0000000702000000, 0x0000000702100000, 0x0000000702100000|100%| O|  |TAMS 0x0000000702100000, 0x0000000702000000| Untracked 
|   7|0x0000000702100000, 0x0000000702200000, 0x0000000702200000|100%| O|  |TAMS 0x0000000702200000, 0x0000000702100000| Untracked 
|   8|0x0000000702200000, 0x0000000702300000, 0x0000000702300000|100%|HS|  |TAMS 0x0000000702300000, 0x0000000702200000| Complete 
|   9|0x0000000702300000, 0x0000000702400000, 0x0000000702400000|100%|HC|  |TAMS 0x0000000702400000, 0x0000000702300000| Complete 
|  10|0x0000000702400000, 0x0000000702500000, 0x0000000702500000|100%|HS|  |TAMS 0x0000000702500000, 0x0000000702400000| Complete 
|  11|0x0000000702500000, 0x0000000702600000, 0x0000000702600000|100%| O|  |TAMS 0x0000000702600000, 0x0000000702500000| Untracked 
|  12|0x0000000702600000, 0x0000000702700000, 0x0000000702700000|100%| O|  |TAMS 0x0000000702700000, 0x0000000702600000| Untracked 
|  13|0x0000000702700000, 0x0000000702800000, 0x0000000702800000|100%| O|  |TAMS 0x0000000702800000, 0x0000000702700000| Untracked 
|  14|0x0000000702800000, 0x00000007028e9800, 0x0000000702900000| 91%| O|  |TAMS 0x00000007028e9800, 0x0000000702800000| Untracked 
|  15|0x0000000702900000, 0x0000000702a00000, 0x0000000702a00000|100%|HS|  |TAMS 0x0000000702a00000, 0x0000000702900000| Complete 
|  16|0x0000000702a00000, 0x0000000702b00000, 0x0000000702b00000|100%|HC|  |TAMS 0x0000000702b00000, 0x0000000702a00000| Complete 
|  17|0x0000000702b00000, 0x0000000702c00000, 0x0000000702c00000|100%|HC|  |TAMS 0x0000000702c00000, 0x0000000702b00000| Complete 
|  18|0x0000000702c00000, 0x0000000702d00000, 0x0000000702d00000|100%|HC|  |TAMS 0x0000000702d00000, 0x0000000702c00000| Complete 
|  19|0x0000000702d00000, 0x0000000702e00000, 0x0000000702e00000|100%|HC|  |TAMS 0x0000000702e00000, 0x0000000702d00000| Complete 
|  20|0x0000000702e00000, 0x0000000702f00000, 0x0000000702f00000|100%|HC|  |TAMS 0x0000000702f00000, 0x0000000702e00000| Complete 
|  21|0x0000000702f00000, 0x0000000703000000, 0x0000000703000000|100%|HC|  |TAMS 0x0000000703000000, 0x0000000702f00000| Complete 
|  22|0x0000000703000000, 0x0000000703100000, 0x0000000703100000|100%|HC|  |TAMS 0x0000000703100000, 0x0000000703000000| Complete 
|  23|0x0000000703100000, 0x0000000703200000, 0x0000000703200000|100%|HS|  |TAMS 0x0000000703200000, 0x0000000703100000| Complete 
|  24|0x0000000703200000, 0x0000000703300000, 0x0000000703300000|100%|HC|  |TAMS 0x0000000703300000, 0x0000000703200000| Complete 
|  25|0x0000000703300000, 0x0000000703400000, 0x0000000703400000|100%|HC|  |TAMS 0x0000000703400000, 0x0000000703300000| Complete 
|  26|0x0000000703400000, 0x0000000703500000, 0x0000000703500000|100%|HC|  |TAMS 0x0000000703500000, 0x0000000703400000| Complete 
|  27|0x0000000703500000, 0x0000000703600000, 0x0000000703600000|100%|HC|  |TAMS 0x0000000703600000, 0x0000000703500000| Complete 
|  28|0x0000000703600000, 0x0000000703700000, 0x0000000703700000|100%|HC|  |TAMS 0x0000000703700000, 0x0000000703600000| Complete 
|  29|0x0000000703700000, 0x0000000703800000, 0x0000000703800000|100%|HS|  |TAMS 0x0000000703800000, 0x0000000703700000| Complete 
|  30|0x0000000703800000, 0x0000000703900000, 0x0000000703900000|100%|HS|  |TAMS 0x0000000703900000, 0x0000000703800000| Complete 
|  31|0x0000000703900000, 0x0000000703a00000, 0x0000000703a00000|100%|HC|  |TAMS 0x0000000703a00000, 0x0000000703900000| Complete 
|  32|0x0000000703a00000, 0x0000000703a00000, 0x0000000703b00000|  0%| F|  |TAMS 0x0000000703a00000, 0x0000000703a00000| Untracked 
|  33|0x0000000703b00000, 0x0000000703b00000, 0x0000000703c00000|  0%| F|  |TAMS 0x0000000703b00000, 0x0000000703b00000| Untracked 
|  34|0x0000000703c00000, 0x0000000703c00000, 0x0000000703d00000|  0%| F|  |TAMS 0x0000000703c00000, 0x0000000703c00000| Untracked 
|  35|0x0000000703d00000, 0x0000000703e00000, 0x0000000703e00000|100%|HS|  |TAMS 0x0000000703e00000, 0x0000000703d00000| Complete 
|  36|0x0000000703e00000, 0x0000000703f00000, 0x0000000703f00000|100%|HS|  |TAMS 0x0000000703e00000, 0x0000000703e00000| Complete 
|  37|0x0000000703f00000, 0x0000000704000000, 0x0000000704000000|100%|HC|  |TAMS 0x0000000703f00000, 0x0000000703f00000| Complete 
|  38|0x0000000704000000, 0x0000000704100000, 0x0000000704100000|100%|HC|  |TAMS 0x0000000704000000, 0x0000000704000000| Complete 
|  39|0x0000000704100000, 0x0000000704200000, 0x0000000704200000|100%|HC|  |TAMS 0x0000000704100000, 0x0000000704100000| Complete 
|  40|0x0000000704200000, 0x0000000704300000, 0x0000000704300000|100%|HC|  |TAMS 0x0000000704200000, 0x0000000704200000| Complete 
|  41|0x0000000704300000, 0x0000000704400000, 0x0000000704400000|100%|HC|  |TAMS 0x0000000704300000, 0x0000000704300000| Complete 
|  42|0x0000000704400000, 0x0000000704500000, 0x0000000704500000|100%|HC|  |TAMS 0x0000000704400000, 0x0000000704400000| Complete 
|  43|0x0000000704500000, 0x0000000704600000, 0x0000000704600000|100%|HC|  |TAMS 0x0000000704500000, 0x0000000704500000| Complete 
|  44|0x0000000704600000, 0x0000000704700000, 0x0000000704700000|100%|HS|  |TAMS 0x0000000704600000, 0x0000000704600000| Complete 
|  45|0x0000000704700000, 0x0000000704800000, 0x0000000704800000|100%|HC|  |TAMS 0x0000000704700000, 0x0000000704700000| Complete 
|  46|0x0000000704800000, 0x0000000704900000, 0x0000000704900000|100%|HC|  |TAMS 0x0000000704800000, 0x0000000704800000| Complete 
|  47|0x0000000704900000, 0x0000000704a00000, 0x0000000704a00000|100%|HC|  |TAMS 0x0000000704900000, 0x0000000704900000| Complete 
|  48|0x0000000704a00000, 0x0000000704b00000, 0x0000000704b00000|100%|HC|  |TAMS 0x0000000704a00000, 0x0000000704a00000| Complete 
|  49|0x0000000704b00000, 0x0000000704c00000, 0x0000000704c00000|100%|HC|  |TAMS 0x0000000704b00000, 0x0000000704b00000| Complete 
|  50|0x0000000704c00000, 0x0000000704d00000, 0x0000000704d00000|100%|HS|  |TAMS 0x0000000704d00000, 0x0000000704c00000| Complete 
|  51|0x0000000704d00000, 0x0000000704e00000, 0x0000000704e00000|100%|HC|  |TAMS 0x0000000704e00000, 0x0000000704d00000| Complete 
|  52|0x0000000704e00000, 0x0000000704f00000, 0x0000000704f00000|100%|HS|  |TAMS 0x0000000704e00000, 0x0000000704e00000| Complete 
|  53|0x0000000704f00000, 0x0000000705000000, 0x0000000705000000|100%|HC|  |TAMS 0x0000000704f00000, 0x0000000704f00000| Complete 
|  54|0x0000000705000000, 0x0000000705100000, 0x0000000705100000|100%|HC|  |TAMS 0x0000000705000000, 0x0000000705000000| Complete 
|  55|0x0000000705100000, 0x0000000705200000, 0x0000000705200000|100%|HC|  |TAMS 0x0000000705100000, 0x0000000705100000| Complete 
|  56|0x0000000705200000, 0x0000000705300000, 0x0000000705300000|100%|HC|  |TAMS 0x0000000705200000, 0x0000000705200000| Complete 
|  57|0x0000000705300000, 0x0000000705400000, 0x0000000705400000|100%|HC|  |TAMS 0x0000000705300000, 0x0000000705300000| Complete 
|  58|0x0000000705400000, 0x0000000705500000, 0x0000000705500000|100%|HC|  |TAMS 0x0000000705400000, 0x0000000705400000| Complete 
|  59|0x0000000705500000, 0x0000000705600000, 0x0000000705600000|100%|HC|  |TAMS 0x0000000705500000, 0x0000000705500000| Complete 
|  60|0x0000000705600000, 0x0000000705700000, 0x0000000705700000|100%|HS|  |TAMS 0x0000000705600000, 0x0000000705600000| Complete 
|  61|0x0000000705700000, 0x0000000705800000, 0x0000000705800000|100%|HC|  |TAMS 0x0000000705700000, 0x0000000705700000| Complete 
|  62|0x0000000705800000, 0x0000000705900000, 0x0000000705900000|100%|HC|  |TAMS 0x0000000705800000, 0x0000000705800000| Complete 
|  63|0x0000000705900000, 0x0000000705a00000, 0x0000000705a00000|100%|HC|  |TAMS 0x0000000705900000, 0x0000000705900000| Complete 
|  64|0x0000000705a00000, 0x0000000705b00000, 0x0000000705b00000|100%|HC|  |TAMS 0x0000000705a00000, 0x0000000705a00000| Complete 
|  65|0x0000000705b00000, 0x0000000705c00000, 0x0000000705c00000|100%|HC|  |TAMS 0x0000000705b00000, 0x0000000705b00000| Complete 
|  66|0x0000000705c00000, 0x0000000705d00000, 0x0000000705d00000|100%|HS|  |TAMS 0x0000000705c00000, 0x0000000705c00000| Complete 
|  67|0x0000000705d00000, 0x0000000705e00000, 0x0000000705e00000|100%|HC|  |TAMS 0x0000000705d00000, 0x0000000705d00000| Complete 
|  68|0x0000000705e00000, 0x0000000705f00000, 0x0000000705f00000|100%|HC|  |TAMS 0x0000000705e00000, 0x0000000705e00000| Complete 
|  69|0x0000000705f00000, 0x0000000706000000, 0x0000000706000000|100%|HC|  |TAMS 0x0000000705f00000, 0x0000000705f00000| Complete 
|  70|0x0000000706000000, 0x0000000706100000, 0x0000000706100000|100%|HC|  |TAMS 0x0000000706000000, 0x0000000706000000| Complete 
|  71|0x0000000706100000, 0x0000000706200000, 0x0000000706200000|100%|HC|  |TAMS 0x0000000706100000, 0x0000000706100000| Complete 
|  72|0x0000000706200000, 0x0000000706300000, 0x0000000706300000|100%|HC|  |TAMS 0x0000000706200000, 0x0000000706200000| Complete 
|  73|0x0000000706300000, 0x0000000706400000, 0x0000000706400000|100%|HC|  |TAMS 0x0000000706300000, 0x0000000706300000| Complete 
|  74|0x0000000706400000, 0x0000000706500000, 0x0000000706500000|100%|HS|  |TAMS 0x0000000706400000, 0x0000000706400000| Complete 
|  75|0x0000000706500000, 0x0000000706600000, 0x0000000706600000|100%|HC|  |TAMS 0x0000000706500000, 0x0000000706500000| Complete 
|  76|0x0000000706600000, 0x0000000706700000, 0x0000000706700000|100%|HC|  |TAMS 0x0000000706600000, 0x0000000706600000| Complete 
|  77|0x0000000706700000, 0x0000000706800000, 0x0000000706800000|100%|HC|  |TAMS 0x0000000706700000, 0x0000000706700000| Complete 
|  78|0x0000000706800000, 0x0000000706900000, 0x0000000706900000|100%|HC|  |TAMS 0x0000000706800000, 0x0000000706800000| Complete 
|  79|0x0000000706900000, 0x0000000706a00000, 0x0000000706a00000|100%|HC|  |TAMS 0x0000000706900000, 0x0000000706900000| Complete 
|  80|0x0000000706a00000, 0x0000000706a00000, 0x0000000706b00000|  0%| F|  |TAMS 0x0000000706a00000, 0x0000000706a00000| Untracked 
|  81|0x0000000706b00000, 0x0000000706b00000, 0x0000000706c00000|  0%| F|  |TAMS 0x0000000706b00000, 0x0000000706b00000| Untracked 
|  82|0x0000000706c00000, 0x0000000706c00000, 0x0000000706d00000|  0%| F|  |TAMS 0x0000000706c00000, 0x0000000706c00000| Untracked 
|  83|0x0000000706d00000, 0x0000000706d00000, 0x0000000706e00000|  0%| F|  |TAMS 0x0000000706d00000, 0x0000000706d00000| Untracked 
|  84|0x0000000706e00000, 0x0000000706e00000, 0x0000000706f00000|  0%| F|  |TAMS 0x0000000706e00000, 0x0000000706e00000| Untracked 
|  85|0x0000000706f00000, 0x0000000706f00000, 0x0000000707000000|  0%| F|  |TAMS 0x0000000706f00000, 0x0000000706f00000| Untracked 
|  86|0x0000000707000000, 0x0000000707000000, 0x0000000707100000|  0%| F|  |TAMS 0x0000000707000000, 0x0000000707000000| Untracked 
|  87|0x0000000707100000, 0x0000000707100000, 0x0000000707200000|  0%| F|  |TAMS 0x0000000707100000, 0x0000000707100000| Untracked 
|  88|0x0000000707200000, 0x0000000707200000, 0x0000000707300000|  0%| F|  |TAMS 0x0000000707200000, 0x0000000707200000| Untracked 
|  89|0x0000000707300000, 0x0000000707300000, 0x0000000707400000|  0%| F|  |TAMS 0x0000000707300000, 0x0000000707300000| Untracked 
|  90|0x0000000707400000, 0x0000000707400000, 0x0000000707500000|  0%| F|  |TAMS 0x0000000707400000, 0x0000000707400000| Untracked 
|  91|0x0000000707500000, 0x0000000707500000, 0x0000000707600000|  0%| F|  |TAMS 0x0000000707500000, 0x0000000707500000| Untracked 
|  92|0x0000000707600000, 0x0000000707600000, 0x0000000707700000|  0%| F|  |TAMS 0x0000000707600000, 0x0000000707600000| Untracked 
|  93|0x0000000707700000, 0x0000000707700000, 0x0000000707800000|  0%| F|  |TAMS 0x0000000707700000, 0x0000000707700000| Untracked 
|  94|0x0000000707800000, 0x0000000707800000, 0x0000000707900000|  0%| F|  |TAMS 0x0000000707800000, 0x0000000707800000| Untracked 
|  95|0x0000000707900000, 0x0000000707900000, 0x0000000707a00000|  0%| F|  |TAMS 0x0000000707900000, 0x0000000707900000| Untracked 
|  96|0x0000000707a00000, 0x0000000707a00000, 0x0000000707b00000|  0%| F|  |TAMS 0x0000000707a00000, 0x0000000707a00000| Untracked 
|  97|0x0000000707b00000, 0x0000000707b00000, 0x0000000707c00000|  0%| F|  |TAMS 0x0000000707b00000, 0x0000000707b00000| Untracked 
|  98|0x0000000707c00000, 0x0000000707c00000, 0x0000000707d00000|  0%| F|  |TAMS 0x0000000707c00000, 0x0000000707c00000| Untracked 
|  99|0x0000000707d00000, 0x0000000707d00000, 0x0000000707e00000|  0%| F|  |TAMS 0x0000000707d00000, 0x0000000707d00000| Untracked 
| 100|0x0000000707e00000, 0x0000000707e00000, 0x0000000707f00000|  0%| F|  |TAMS 0x0000000707e00000, 0x0000000707e00000| Untracked 
| 101|0x0000000707f00000, 0x0000000707f00000, 0x0000000708000000|  0%| F|  |TAMS 0x0000000707f00000, 0x0000000707f00000| Untracked 
| 102|0x0000000708000000, 0x0000000708000000, 0x0000000708100000|  0%| F|  |TAMS 0x0000000708000000, 0x0000000708000000| Untracked 
| 103|0x0000000708100000, 0x0000000708100000, 0x0000000708200000|  0%| F|  |TAMS 0x0000000708100000, 0x0000000708100000| Untracked 
| 104|0x0000000708200000, 0x0000000708300000, 0x0000000708300000|100%|HS|  |TAMS 0x0000000708300000, 0x0000000708200000| Complete 
| 105|0x0000000708300000, 0x0000000708400000, 0x0000000708400000|100%|HC|  |TAMS 0x0000000708400000, 0x0000000708300000| Complete 
| 106|0x0000000708400000, 0x0000000708500000, 0x0000000708500000|100%|HS|  |TAMS 0x0000000708500000, 0x0000000708400000| Complete 
| 107|0x0000000708500000, 0x0000000708600000, 0x0000000708600000|100%|HC|  |TAMS 0x0000000708600000, 0x0000000708500000| Complete 
| 108|0x0000000708600000, 0x0000000708700000, 0x0000000708700000|100%|HC|  |TAMS 0x0000000708700000, 0x0000000708600000| Complete 
| 109|0x0000000708700000, 0x0000000708800000, 0x0000000708800000|100%|HC|  |TAMS 0x0000000708800000, 0x0000000708700000| Complete 
| 110|0x0000000708800000, 0x0000000708900000, 0x0000000708900000|100%|HC|  |TAMS 0x0000000708900000, 0x0000000708800000| Complete 
| 111|0x0000000708900000, 0x0000000708a00000, 0x0000000708a00000|100%|HC|  |TAMS 0x0000000708a00000, 0x0000000708900000| Complete 
| 112|0x0000000708a00000, 0x0000000708b00000, 0x0000000708b00000|100%|HS|  |TAMS 0x0000000708b00000, 0x0000000708a00000| Complete 
| 113|0x0000000708b00000, 0x0000000708c00000, 0x0000000708c00000|100%|HC|  |TAMS 0x0000000708c00000, 0x0000000708b00000| Complete 
| 114|0x0000000708c00000, 0x0000000708d00000, 0x0000000708d00000|100%|HC|  |TAMS 0x0000000708d00000, 0x0000000708c00000| Complete 
| 115|0x0000000708d00000, 0x0000000708e00000, 0x0000000708e00000|100%|HC|  |TAMS 0x0000000708e00000, 0x0000000708d00000| Complete 
| 116|0x0000000708e00000, 0x0000000708f00000, 0x0000000708f00000|100%|HC|  |TAMS 0x0000000708f00000, 0x0000000708e00000| Complete 
| 117|0x0000000708f00000, 0x0000000709000000, 0x0000000709000000|100%|HC|  |TAMS 0x0000000709000000, 0x0000000708f00000| Complete 
| 118|0x0000000709000000, 0x0000000709100000, 0x0000000709100000|100%| O|  |TAMS 0x0000000709100000, 0x0000000709000000| Untracked 
| 119|0x0000000709100000, 0x0000000709200000, 0x0000000709200000|100%| O|  |TAMS 0x0000000709200000, 0x0000000709100000| Untracked 
| 120|0x0000000709200000, 0x0000000709300000, 0x0000000709300000|100%| O|  |TAMS 0x0000000709300000, 0x0000000709200000| Untracked 
| 121|0x0000000709300000, 0x0000000709400000, 0x0000000709400000|100%|HS|  |TAMS 0x0000000709400000, 0x0000000709300000| Complete 
| 122|0x0000000709400000, 0x0000000709500000, 0x0000000709500000|100%|HC|  |TAMS 0x0000000709500000, 0x0000000709400000| Complete 
| 123|0x0000000709500000, 0x0000000709600000, 0x0000000709600000|100%|HC|  |TAMS 0x0000000709600000, 0x0000000709500000| Complete 
| 124|0x0000000709600000, 0x0000000709700000, 0x0000000709700000|100%|HC|  |TAMS 0x0000000709700000, 0x0000000709600000| Complete 
| 125|0x0000000709700000, 0x0000000709800000, 0x0000000709800000|100%|HC|  |TAMS 0x0000000709800000, 0x0000000709700000| Complete 
| 126|0x0000000709800000, 0x0000000709900000, 0x0000000709900000|100%|HC|  |TAMS 0x0000000709900000, 0x0000000709800000| Complete 
| 127|0x0000000709900000, 0x0000000709a00000, 0x0000000709a00000|100%|HC|  |TAMS 0x0000000709a00000, 0x0000000709900000| Complete 
| 128|0x0000000709a00000, 0x0000000709b00000, 0x0000000709b00000|100%|HC|  |TAMS 0x0000000709b00000, 0x0000000709a00000| Complete 
| 129|0x0000000709b00000, 0x0000000709c00000, 0x0000000709c00000|100%|HS|  |TAMS 0x0000000709c00000, 0x0000000709b00000| Complete 
| 130|0x0000000709c00000, 0x0000000709d00000, 0x0000000709d00000|100%|HC|  |TAMS 0x0000000709d00000, 0x0000000709c00000| Complete 
| 131|0x0000000709d00000, 0x0000000709e00000, 0x0000000709e00000|100%|HC|  |TAMS 0x0000000709e00000, 0x0000000709d00000| Complete 
| 132|0x0000000709e00000, 0x0000000709f00000, 0x0000000709f00000|100%|HC|  |TAMS 0x0000000709f00000, 0x0000000709e00000| Complete 
| 133|0x0000000709f00000, 0x000000070a000000, 0x000000070a000000|100%|HC|  |TAMS 0x000000070a000000, 0x0000000709f00000| Complete 
| 134|0x000000070a000000, 0x000000070a100000, 0x000000070a100000|100%|HC|  |TAMS 0x000000070a100000, 0x000000070a000000| Complete 
| 135|0x000000070a100000, 0x000000070a200000, 0x000000070a200000|100%|HC|  |TAMS 0x000000070a200000, 0x000000070a100000| Complete 
| 136|0x000000070a200000, 0x000000070a300000, 0x000000070a300000|100%|HC|  |TAMS 0x000000070a300000, 0x000000070a200000| Complete 
| 137|0x000000070a300000, 0x000000070a400000, 0x000000070a400000|100%| O|  |TAMS 0x000000070a400000, 0x000000070a300000| Untracked 
| 138|0x000000070a400000, 0x000000070a500000, 0x000000070a500000|100%| O|  |TAMS 0x000000070a500000, 0x000000070a400000| Untracked 
| 139|0x000000070a500000, 0x000000070a600000, 0x000000070a600000|100%|HS|  |TAMS 0x000000070a600000, 0x000000070a500000| Complete 
| 140|0x000000070a600000, 0x000000070a700000, 0x000000070a700000|100%|HC|  |TAMS 0x000000070a700000, 0x000000070a600000| Complete 
| 141|0x000000070a700000, 0x000000070a800000, 0x000000070a800000|100%|HC|  |TAMS 0x000000070a800000, 0x000000070a700000| Complete 
| 142|0x000000070a800000, 0x000000070a900000, 0x000000070a900000|100%|HC|  |TAMS 0x000000070a900000, 0x000000070a800000| Complete 
| 143|0x000000070a900000, 0x000000070aa00000, 0x000000070aa00000|100%|HC|  |TAMS 0x000000070aa00000, 0x000000070a900000| Complete 
| 144|0x000000070aa00000, 0x000000070ab00000, 0x000000070ab00000|100%|HC|  |TAMS 0x000000070ab00000, 0x000000070aa00000| Complete 
| 145|0x000000070ab00000, 0x000000070ac00000, 0x000000070ac00000|100%|HC|  |TAMS 0x000000070ac00000, 0x000000070ab00000| Complete 
| 146|0x000000070ac00000, 0x000000070ad00000, 0x000000070ad00000|100%|HC|  |TAMS 0x000000070ad00000, 0x000000070ac00000| Complete 
| 147|0x000000070ad00000, 0x000000070ae00000, 0x000000070ae00000|100%|HS|  |TAMS 0x000000070ae00000, 0x000000070ad00000| Complete 
| 148|0x000000070ae00000, 0x000000070af00000, 0x000000070af00000|100%|HC|  |TAMS 0x000000070af00000, 0x000000070ae00000| Complete 
| 149|0x000000070af00000, 0x000000070b000000, 0x000000070b000000|100%|HC|  |TAMS 0x000000070b000000, 0x000000070af00000| Complete 
| 150|0x000000070b000000, 0x000000070b100000, 0x000000070b100000|100%|HC|  |TAMS 0x000000070b100000, 0x000000070b000000| Complete 
| 151|0x000000070b100000, 0x000000070b200000, 0x000000070b200000|100%|HC|  |TAMS 0x000000070b200000, 0x000000070b100000| Complete 
| 152|0x000000070b200000, 0x000000070b300000, 0x000000070b300000|100%|HC|  |TAMS 0x000000070b300000, 0x000000070b200000| Complete 
| 153|0x000000070b300000, 0x000000070b400000, 0x000000070b400000|100%|HC|  |TAMS 0x000000070b400000, 0x000000070b300000| Complete 
| 154|0x000000070b400000, 0x000000070b500000, 0x000000070b500000|100%|HC|  |TAMS 0x000000070b500000, 0x000000070b400000| Complete 
| 155|0x000000070b500000, 0x000000070b500000, 0x000000070b600000|  0%| F|  |TAMS 0x000000070b500000, 0x000000070b500000| Untracked 
| 156|0x000000070b600000, 0x000000070b600000, 0x000000070b700000|  0%| F|  |TAMS 0x000000070b600000, 0x000000070b600000| Untracked 
| 157|0x000000070b700000, 0x000000070b700000, 0x000000070b800000|  0%| F|  |TAMS 0x000000070b700000, 0x000000070b700000| Untracked 
| 158|0x000000070b800000, 0x000000070b800000, 0x000000070b900000|  0%| F|  |TAMS 0x000000070b800000, 0x000000070b800000| Untracked 
| 159|0x000000070b900000, 0x000000070ba00000, 0x000000070ba00000|100%| O|  |TAMS 0x000000070ba00000, 0x000000070b900000| Untracked 
| 160|0x000000070ba00000, 0x000000070bb00000, 0x000000070bb00000|100%| O|  |TAMS 0x000000070bb00000, 0x000000070ba00000| Untracked 
| 161|0x000000070bb00000, 0x000000070bc00000, 0x000000070bc00000|100%| O|  |TAMS 0x000000070bc00000, 0x000000070bb00000| Untracked 
| 162|0x000000070bc00000, 0x000000070bd00000, 0x000000070bd00000|100%| O|  |TAMS 0x000000070bd00000, 0x000000070bc00000| Untracked 
| 163|0x000000070bd00000, 0x000000070be00000, 0x000000070be00000|100%| O|  |TAMS 0x000000070be00000, 0x000000070bd00000| Untracked 
| 164|0x000000070be00000, 0x000000070bf00000, 0x000000070bf00000|100%|HS|  |TAMS 0x000000070bf00000, 0x000000070be00000| Complete 
| 165|0x000000070bf00000, 0x000000070c000000, 0x000000070c000000|100%|HC|  |TAMS 0x000000070c000000, 0x000000070bf00000| Complete 
| 166|0x000000070c000000, 0x000000070c100000, 0x000000070c100000|100%|HC|  |TAMS 0x000000070c100000, 0x000000070c000000| Complete 
| 167|0x000000070c100000, 0x000000070c200000, 0x000000070c200000|100%|HC|  |TAMS 0x000000070c200000, 0x000000070c100000| Complete 
| 168|0x000000070c200000, 0x000000070c300000, 0x000000070c300000|100%|HC|  |TAMS 0x000000070c300000, 0x000000070c200000| Complete 
| 169|0x000000070c300000, 0x000000070c400000, 0x000000070c400000|100%|HC|  |TAMS 0x000000070c400000, 0x000000070c300000| Complete 
| 170|0x000000070c400000, 0x000000070c400000, 0x000000070c500000|  0%| F|  |TAMS 0x000000070c400000, 0x000000070c400000| Untracked 
| 171|0x000000070c500000, 0x000000070c500000, 0x000000070c600000|  0%| F|  |TAMS 0x000000070c500000, 0x000000070c500000| Untracked 
| 172|0x000000070c600000, 0x000000070c600000, 0x000000070c700000|  0%| F|  |TAMS 0x000000070c600000, 0x000000070c600000| Untracked 
| 173|0x000000070c700000, 0x000000070c700000, 0x000000070c800000|  0%| F|  |TAMS 0x000000070c700000, 0x000000070c700000| Untracked 
| 174|0x000000070c800000, 0x000000070c800000, 0x000000070c900000|  0%| F|  |TAMS 0x000000070c800000, 0x000000070c800000| Untracked 
| 175|0x000000070c900000, 0x000000070c900000, 0x000000070ca00000|  0%| F|  |TAMS 0x000000070c900000, 0x000000070c900000| Untracked 
| 176|0x000000070ca00000, 0x000000070ca00000, 0x000000070cb00000|  0%| F|  |TAMS 0x000000070ca00000, 0x000000070ca00000| Untracked 
| 177|0x000000070cb00000, 0x000000070cb00000, 0x000000070cc00000|  0%| F|  |TAMS 0x000000070cb00000, 0x000000070cb00000| Untracked 
| 178|0x000000070cc00000, 0x000000070cc00000, 0x000000070cd00000|  0%| F|  |TAMS 0x000000070cc00000, 0x000000070cc00000| Untracked 
| 179|0x000000070cd00000, 0x000000070cd00000, 0x000000070ce00000|  0%| F|  |TAMS 0x000000070cd00000, 0x000000070cd00000| Untracked 
| 180|0x000000070ce00000, 0x000000070ce00000, 0x000000070cf00000|  0%| F|  |TAMS 0x000000070ce00000, 0x000000070ce00000| Untracked 
| 181|0x000000070cf00000, 0x000000070cf00000, 0x000000070d000000|  0%| F|  |TAMS 0x000000070cf00000, 0x000000070cf00000| Untracked 
| 182|0x000000070d000000, 0x000000070d000000, 0x000000070d100000|  0%| F|  |TAMS 0x000000070d000000, 0x000000070d000000| Untracked 
| 183|0x000000070d100000, 0x000000070d100000, 0x000000070d200000|  0%| F|  |TAMS 0x000000070d100000, 0x000000070d100000| Untracked 
| 184|0x000000070d200000, 0x000000070d200000, 0x000000070d300000|  0%| F|  |TAMS 0x000000070d200000, 0x000000070d200000| Untracked 
| 185|0x000000070d300000, 0x000000070d300000, 0x000000070d400000|  0%| F|  |TAMS 0x000000070d300000, 0x000000070d300000| Untracked 
| 186|0x000000070d400000, 0x000000070d400000, 0x000000070d500000|  0%| F|  |TAMS 0x000000070d400000, 0x000000070d400000| Untracked 
| 187|0x000000070d500000, 0x000000070d500000, 0x000000070d600000|  0%| F|  |TAMS 0x000000070d500000, 0x000000070d500000| Untracked 
| 188|0x000000070d600000, 0x000000070d600000, 0x000000070d700000|  0%| F|  |TAMS 0x000000070d600000, 0x000000070d600000| Untracked 
| 189|0x000000070d700000, 0x000000070d700000, 0x000000070d800000|  0%| F|  |TAMS 0x000000070d700000, 0x000000070d700000| Untracked 
| 190|0x000000070d800000, 0x000000070d800000, 0x000000070d900000|  0%| F|  |TAMS 0x000000070d800000, 0x000000070d800000| Untracked 
| 191|0x000000070d900000, 0x000000070d900000, 0x000000070da00000|  0%| F|  |TAMS 0x000000070d900000, 0x000000070d900000| Untracked 
| 192|0x000000070da00000, 0x000000070da00000, 0x000000070db00000|  0%| F|  |TAMS 0x000000070da00000, 0x000000070da00000| Untracked 
| 193|0x000000070db00000, 0x000000070db00000, 0x000000070dc00000|  0%| F|  |TAMS 0x000000070db00000, 0x000000070db00000| Untracked 
| 194|0x000000070dc00000, 0x000000070dc00000, 0x000000070dd00000|  0%| F|  |TAMS 0x000000070dc00000, 0x000000070dc00000| Untracked 
| 195|0x000000070dd00000, 0x000000070dd00000, 0x000000070de00000|  0%| F|  |TAMS 0x000000070dd00000, 0x000000070dd00000| Untracked 
| 196|0x000000070de00000, 0x000000070de00000, 0x000000070df00000|  0%| F|  |TAMS 0x000000070de00000, 0x000000070de00000| Untracked 
| 197|0x000000070df00000, 0x000000070df00000, 0x000000070e000000|  0%| F|  |TAMS 0x000000070df00000, 0x000000070df00000| Untracked 
| 198|0x000000070e000000, 0x000000070e000000, 0x000000070e100000|  0%| F|  |TAMS 0x000000070e000000, 0x000000070e000000| Untracked 
| 199|0x000000070e100000, 0x000000070e100000, 0x000000070e200000|  0%| F|  |TAMS 0x000000070e100000, 0x000000070e100000| Untracked 
| 200|0x000000070e200000, 0x000000070e200000, 0x000000070e300000|  0%| F|  |TAMS 0x000000070e200000, 0x000000070e200000| Untracked 
| 201|0x000000070e300000, 0x000000070e300000, 0x000000070e400000|  0%| F|  |TAMS 0x000000070e300000, 0x000000070e300000| Untracked 
| 202|0x000000070e400000, 0x000000070e400000, 0x000000070e500000|  0%| F|  |TAMS 0x000000070e400000, 0x000000070e400000| Untracked 
| 203|0x000000070e500000, 0x000000070e500000, 0x000000070e600000|  0%| F|  |TAMS 0x000000070e500000, 0x000000070e500000| Untracked 
| 204|0x000000070e600000, 0x000000070e600000, 0x000000070e700000|  0%| F|  |TAMS 0x000000070e600000, 0x000000070e600000| Untracked 
| 205|0x000000070e700000, 0x000000070e700000, 0x000000070e800000|  0%| F|  |TAMS 0x000000070e700000, 0x000000070e700000| Untracked 
| 206|0x000000070e800000, 0x000000070e800000, 0x000000070e900000|  0%| F|  |TAMS 0x000000070e800000, 0x000000070e800000| Untracked 
| 207|0x000000070e900000, 0x000000070e900000, 0x000000070ea00000|  0%| F|  |TAMS 0x000000070e900000, 0x000000070e900000| Untracked 
| 208|0x000000070ea00000, 0x000000070ea00000, 0x000000070eb00000|  0%| F|  |TAMS 0x000000070ea00000, 0x000000070ea00000| Untracked 
| 209|0x000000070eb00000, 0x000000070eb00000, 0x000000070ec00000|  0%| F|  |TAMS 0x000000070eb00000, 0x000000070eb00000| Untracked 
| 210|0x000000070ec00000, 0x000000070ec00000, 0x000000070ed00000|  0%| F|  |TAMS 0x000000070ec00000, 0x000000070ec00000| Untracked 
| 211|0x000000070ed00000, 0x000000070ed00000, 0x000000070ee00000|  0%| F|  |TAMS 0x000000070ed00000, 0x000000070ed00000| Untracked 
| 212|0x000000070ee00000, 0x000000070ee00000, 0x000000070ef00000|  0%| F|  |TAMS 0x000000070ee00000, 0x000000070ee00000| Untracked 
| 213|0x000000070ef00000, 0x000000070ef00000, 0x000000070f000000|  0%| F|  |TAMS 0x000000070ef00000, 0x000000070ef00000| Untracked 
| 214|0x000000070f000000, 0x000000070f000000, 0x000000070f100000|  0%| F|  |TAMS 0x000000070f000000, 0x000000070f000000| Untracked 
| 215|0x000000070f100000, 0x000000070f100000, 0x000000070f200000|  0%| F|  |TAMS 0x000000070f100000, 0x000000070f100000| Untracked 
| 216|0x000000070f200000, 0x000000070f200000, 0x000000070f300000|  0%| F|  |TAMS 0x000000070f200000, 0x000000070f200000| Untracked 
| 217|0x000000070f300000, 0x000000070f300000, 0x000000070f400000|  0%| F|  |TAMS 0x000000070f300000, 0x000000070f300000| Untracked 
| 218|0x000000070f400000, 0x000000070f400000, 0x000000070f500000|  0%| F|  |TAMS 0x000000070f400000, 0x000000070f400000| Untracked 
| 219|0x000000070f500000, 0x000000070f500000, 0x000000070f600000|  0%| F|  |TAMS 0x000000070f500000, 0x000000070f500000| Untracked 
| 220|0x000000070f600000, 0x000000070f600000, 0x000000070f700000|  0%| F|  |TAMS 0x000000070f600000, 0x000000070f600000| Untracked 
| 221|0x000000070f700000, 0x000000070f700000, 0x000000070f800000|  0%| F|  |TAMS 0x000000070f700000, 0x000000070f700000| Untracked 
| 222|0x000000070f800000, 0x000000070f800000, 0x000000070f900000|  0%| F|  |TAMS 0x000000070f800000, 0x000000070f800000| Untracked 
| 223|0x000000070f900000, 0x000000070f900000, 0x000000070fa00000|  0%| F|  |TAMS 0x000000070f900000, 0x000000070f900000| Untracked 
| 224|0x000000070fa00000, 0x000000070fa00000, 0x000000070fb00000|  0%| F|  |TAMS 0x000000070fa00000, 0x000000070fa00000| Untracked 
| 225|0x000000070fb00000, 0x000000070fb00000, 0x000000070fc00000|  0%| F|  |TAMS 0x000000070fb00000, 0x000000070fb00000| Untracked 
| 226|0x000000070fc00000, 0x000000070fc00000, 0x000000070fd00000|  0%| F|  |TAMS 0x000000070fc00000, 0x000000070fc00000| Untracked 
| 227|0x000000070fd00000, 0x000000070fd00000, 0x000000070fe00000|  0%| F|  |TAMS 0x000000070fd00000, 0x000000070fd00000| Untracked 
| 228|0x000000070fe00000, 0x000000070fe00000, 0x000000070ff00000|  0%| F|  |TAMS 0x000000070fe00000, 0x000000070fe00000| Untracked 
| 229|0x000000070ff00000, 0x000000070ff00000, 0x0000000710000000|  0%| F|  |TAMS 0x000000070ff00000, 0x000000070ff00000| Untracked 
| 230|0x0000000710000000, 0x0000000710000000, 0x0000000710100000|  0%| F|  |TAMS 0x0000000710000000, 0x0000000710000000| Untracked 
| 231|0x0000000710100000, 0x0000000710100000, 0x0000000710200000|  0%| F|  |TAMS 0x0000000710100000, 0x0000000710100000| Untracked 
| 232|0x0000000710200000, 0x0000000710200000, 0x0000000710300000|  0%| F|  |TAMS 0x0000000710200000, 0x0000000710200000| Untracked 
| 233|0x0000000710300000, 0x0000000710300000, 0x0000000710400000|  0%| F|  |TAMS 0x0000000710300000, 0x0000000710300000| Untracked 
| 234|0x0000000710400000, 0x0000000710400000, 0x0000000710500000|  0%| F|  |TAMS 0x0000000710400000, 0x0000000710400000| Untracked 
| 235|0x0000000710500000, 0x0000000710500000, 0x0000000710600000|  0%| F|  |TAMS 0x0000000710500000, 0x0000000710500000| Untracked 
| 236|0x0000000710600000, 0x0000000710600000, 0x0000000710700000|  0%| F|  |TAMS 0x0000000710600000, 0x0000000710600000| Untracked 
| 237|0x0000000710700000, 0x0000000710700000, 0x0000000710800000|  0%| F|  |TAMS 0x0000000710700000, 0x0000000710700000| Untracked 
| 238|0x0000000710800000, 0x0000000710800000, 0x0000000710900000|  0%| F|  |TAMS 0x0000000710800000, 0x0000000710800000| Untracked 
| 239|0x0000000710900000, 0x0000000710900000, 0x0000000710a00000|  0%| F|  |TAMS 0x0000000710900000, 0x0000000710900000| Untracked 
| 240|0x0000000710a00000, 0x0000000710a00000, 0x0000000710b00000|  0%| F|  |TAMS 0x0000000710a00000, 0x0000000710a00000| Untracked 
| 241|0x0000000710b00000, 0x0000000710b00000, 0x0000000710c00000|  0%| F|  |TAMS 0x0000000710b00000, 0x0000000710b00000| Untracked 
| 242|0x0000000710c00000, 0x0000000710c00000, 0x0000000710d00000|  0%| F|  |TAMS 0x0000000710c00000, 0x0000000710c00000| Untracked 
| 243|0x0000000710d00000, 0x0000000710d00000, 0x0000000710e00000|  0%| F|  |TAMS 0x0000000710d00000, 0x0000000710d00000| Untracked 
| 244|0x0000000710e00000, 0x0000000710e00000, 0x0000000710f00000|  0%| F|  |TAMS 0x0000000710e00000, 0x0000000710e00000| Untracked 
| 245|0x0000000710f00000, 0x0000000710f00000, 0x0000000711000000|  0%| F|  |TAMS 0x0000000710f00000, 0x0000000710f00000| Untracked 
| 246|0x0000000711000000, 0x0000000711000000, 0x0000000711100000|  0%| F|  |TAMS 0x0000000711000000, 0x0000000711000000| Untracked 
| 247|0x0000000711100000, 0x0000000711100000, 0x0000000711200000|  0%| F|  |TAMS 0x0000000711100000, 0x0000000711100000| Untracked 
| 248|0x0000000711200000, 0x0000000711200000, 0x0000000711300000|  0%| F|  |TAMS 0x0000000711200000, 0x0000000711200000| Untracked 
| 249|0x0000000711300000, 0x0000000711300000, 0x0000000711400000|  0%| F|  |TAMS 0x0000000711300000, 0x0000000711300000| Untracked 
| 250|0x0000000711400000, 0x0000000711400000, 0x0000000711500000|  0%| F|  |TAMS 0x0000000711400000, 0x0000000711400000| Untracked 
| 251|0x0000000711500000, 0x0000000711500000, 0x0000000711600000|  0%| F|  |TAMS 0x0000000711500000, 0x0000000711500000| Untracked 
| 252|0x0000000711600000, 0x0000000711600000, 0x0000000711700000|  0%| F|  |TAMS 0x0000000711600000, 0x0000000711600000| Untracked 
| 253|0x0000000711700000, 0x0000000711700000, 0x0000000711800000|  0%| F|  |TAMS 0x0000000711700000, 0x0000000711700000| Untracked 
| 254|0x0000000711800000, 0x0000000711800000, 0x0000000711900000|  0%| F|  |TAMS 0x0000000711800000, 0x0000000711800000| Untracked 
| 255|0x0000000711900000, 0x0000000711900000, 0x0000000711a00000|  0%| F|  |TAMS 0x0000000711900000, 0x0000000711900000| Untracked 
| 256|0x0000000711a00000, 0x0000000711a00000, 0x0000000711b00000|  0%| F|  |TAMS 0x0000000711a00000, 0x0000000711a00000| Untracked 
| 257|0x0000000711b00000, 0x0000000711b00000, 0x0000000711c00000|  0%| F|  |TAMS 0x0000000711b00000, 0x0000000711b00000| Untracked 
| 258|0x0000000711c00000, 0x0000000711c00000, 0x0000000711d00000|  0%| F|  |TAMS 0x0000000711c00000, 0x0000000711c00000| Untracked 
| 259|0x0000000711d00000, 0x0000000711d00000, 0x0000000711e00000|  0%| F|  |TAMS 0x0000000711d00000, 0x0000000711d00000| Untracked 
| 260|0x0000000711e00000, 0x0000000711e00000, 0x0000000711f00000|  0%| F|  |TAMS 0x0000000711e00000, 0x0000000711e00000| Untracked 
| 261|0x0000000711f00000, 0x0000000711f00000, 0x0000000712000000|  0%| F|  |TAMS 0x0000000711f00000, 0x0000000711f00000| Untracked 
| 262|0x0000000712000000, 0x0000000712000000, 0x0000000712100000|  0%| F|  |TAMS 0x0000000712000000, 0x0000000712000000| Untracked 
| 263|0x0000000712100000, 0x0000000712100000, 0x0000000712200000|  0%| F|  |TAMS 0x0000000712100000, 0x0000000712100000| Untracked 
| 264|0x0000000712200000, 0x0000000712200000, 0x0000000712300000|  0%| F|  |TAMS 0x0000000712200000, 0x0000000712200000| Untracked 
| 265|0x0000000712300000, 0x0000000712300000, 0x0000000712400000|  0%| F|  |TAMS 0x0000000712300000, 0x0000000712300000| Untracked 
| 266|0x0000000712400000, 0x0000000712400000, 0x0000000712500000|  0%| F|  |TAMS 0x0000000712400000, 0x0000000712400000| Untracked 
| 267|0x0000000712500000, 0x0000000712500000, 0x0000000712600000|  0%| F|  |TAMS 0x0000000712500000, 0x0000000712500000| Untracked 
| 268|0x0000000712600000, 0x0000000712600000, 0x0000000712700000|  0%| F|  |TAMS 0x0000000712600000, 0x0000000712600000| Untracked 
| 269|0x0000000712700000, 0x0000000712700000, 0x0000000712800000|  0%| F|  |TAMS 0x0000000712700000, 0x0000000712700000| Untracked 
| 270|0x0000000712800000, 0x0000000712800000, 0x0000000712900000|  0%| F|  |TAMS 0x0000000712800000, 0x0000000712800000| Untracked 
| 271|0x0000000712900000, 0x0000000712900000, 0x0000000712a00000|  0%| F|  |TAMS 0x0000000712900000, 0x0000000712900000| Untracked 
| 272|0x0000000712a00000, 0x0000000712a00000, 0x0000000712b00000|  0%| F|  |TAMS 0x0000000712a00000, 0x0000000712a00000| Untracked 
| 273|0x0000000712b00000, 0x0000000712b00000, 0x0000000712c00000|  0%| F|  |TAMS 0x0000000712b00000, 0x0000000712b00000| Untracked 
| 274|0x0000000712c00000, 0x0000000712c00000, 0x0000000712d00000|  0%| F|  |TAMS 0x0000000712c00000, 0x0000000712c00000| Untracked 
| 275|0x0000000712d00000, 0x0000000712d00000, 0x0000000712e00000|  0%| F|  |TAMS 0x0000000712d00000, 0x0000000712d00000| Untracked 
| 276|0x0000000712e00000, 0x0000000712e00000, 0x0000000712f00000|  0%| F|  |TAMS 0x0000000712e00000, 0x0000000712e00000| Untracked 
| 277|0x0000000712f00000, 0x0000000712f00000, 0x0000000713000000|  0%| F|  |TAMS 0x0000000712f00000, 0x0000000712f00000| Untracked 
| 278|0x0000000713000000, 0x0000000713000000, 0x0000000713100000|  0%| F|  |TAMS 0x0000000713000000, 0x0000000713000000| Untracked 
| 279|0x0000000713100000, 0x0000000713100000, 0x0000000713200000|  0%| F|  |TAMS 0x0000000713100000, 0x0000000713100000| Untracked 
| 280|0x0000000713200000, 0x0000000713200000, 0x0000000713300000|  0%| F|  |TAMS 0x0000000713200000, 0x0000000713200000| Untracked 
| 281|0x0000000713300000, 0x0000000713300000, 0x0000000713400000|  0%| F|  |TAMS 0x0000000713300000, 0x0000000713300000| Untracked 
| 282|0x0000000713400000, 0x0000000713400000, 0x0000000713500000|  0%| F|  |TAMS 0x0000000713400000, 0x0000000713400000| Untracked 
| 283|0x0000000713500000, 0x0000000713500000, 0x0000000713600000|  0%| F|  |TAMS 0x0000000713500000, 0x0000000713500000| Untracked 
| 284|0x0000000713600000, 0x0000000713600000, 0x0000000713700000|  0%| F|  |TAMS 0x0000000713600000, 0x0000000713600000| Untracked 
| 285|0x0000000713700000, 0x0000000713700000, 0x0000000713800000|  0%| F|  |TAMS 0x0000000713700000, 0x0000000713700000| Untracked 
| 286|0x0000000713800000, 0x0000000713800000, 0x0000000713900000|  0%| F|  |TAMS 0x0000000713800000, 0x0000000713800000| Untracked 
| 287|0x0000000713900000, 0x0000000713900000, 0x0000000713a00000|  0%| F|  |TAMS 0x0000000713900000, 0x0000000713900000| Untracked 
| 288|0x0000000713a00000, 0x0000000713a00000, 0x0000000713b00000|  0%| F|  |TAMS 0x0000000713a00000, 0x0000000713a00000| Untracked 
| 289|0x0000000713b00000, 0x0000000713b00000, 0x0000000713c00000|  0%| F|  |TAMS 0x0000000713b00000, 0x0000000713b00000| Untracked 
| 290|0x0000000713c00000, 0x0000000713c00000, 0x0000000713d00000|  0%| F|  |TAMS 0x0000000713c00000, 0x0000000713c00000| Untracked 
| 291|0x0000000713d00000, 0x0000000713d00000, 0x0000000713e00000|  0%| F|  |TAMS 0x0000000713d00000, 0x0000000713d00000| Untracked 
| 292|0x0000000713e00000, 0x0000000713e00000, 0x0000000713f00000|  0%| F|  |TAMS 0x0000000713e00000, 0x0000000713e00000| Untracked 
| 293|0x0000000713f00000, 0x0000000713f00000, 0x0000000714000000|  0%| F|  |TAMS 0x0000000713f00000, 0x0000000713f00000| Untracked 
| 294|0x0000000714000000, 0x0000000714000000, 0x0000000714100000|  0%| F|  |TAMS 0x0000000714000000, 0x0000000714000000| Untracked 
| 295|0x0000000714100000, 0x0000000714100000, 0x0000000714200000|  0%| F|  |TAMS 0x0000000714100000, 0x0000000714100000| Untracked 
| 296|0x0000000714200000, 0x0000000714200000, 0x0000000714300000|  0%| F|  |TAMS 0x0000000714200000, 0x0000000714200000| Untracked 
| 297|0x0000000714300000, 0x0000000714300000, 0x0000000714400000|  0%| F|  |TAMS 0x0000000714300000, 0x0000000714300000| Untracked 
| 298|0x0000000714400000, 0x0000000714400000, 0x0000000714500000|  0%| F|  |TAMS 0x0000000714400000, 0x0000000714400000| Untracked 
| 299|0x0000000714500000, 0x0000000714500000, 0x0000000714600000|  0%| F|  |TAMS 0x0000000714500000, 0x0000000714500000| Untracked 
| 300|0x0000000714600000, 0x0000000714600000, 0x0000000714700000|  0%| F|  |TAMS 0x0000000714600000, 0x0000000714600000| Untracked 
| 301|0x0000000714700000, 0x0000000714700000, 0x0000000714800000|  0%| F|  |TAMS 0x0000000714700000, 0x0000000714700000| Untracked 
| 302|0x0000000714800000, 0x0000000714800000, 0x0000000714900000|  0%| F|  |TAMS 0x0000000714800000, 0x0000000714800000| Untracked 
| 303|0x0000000714900000, 0x0000000714900000, 0x0000000714a00000|  0%| F|  |TAMS 0x0000000714900000, 0x0000000714900000| Untracked 
| 304|0x0000000714a00000, 0x0000000714a00000, 0x0000000714b00000|  0%| F|  |TAMS 0x0000000714a00000, 0x0000000714a00000| Untracked 
| 305|0x0000000714b00000, 0x0000000714b00000, 0x0000000714c00000|  0%| F|  |TAMS 0x0000000714b00000, 0x0000000714b00000| Untracked 
| 306|0x0000000714c00000, 0x0000000714c00000, 0x0000000714d00000|  0%| F|  |TAMS 0x0000000714c00000, 0x0000000714c00000| Untracked 
| 307|0x0000000714d00000, 0x0000000714d00000, 0x0000000714e00000|  0%| F|  |TAMS 0x0000000714d00000, 0x0000000714d00000| Untracked 
| 308|0x0000000714e00000, 0x0000000714e00000, 0x0000000714f00000|  0%| F|  |TAMS 0x0000000714e00000, 0x0000000714e00000| Untracked 
| 309|0x0000000714f00000, 0x0000000714f00000, 0x0000000715000000|  0%| F|  |TAMS 0x0000000714f00000, 0x0000000714f00000| Untracked 
| 310|0x0000000715000000, 0x0000000715000000, 0x0000000715100000|  0%| F|  |TAMS 0x0000000715000000, 0x0000000715000000| Untracked 
| 311|0x0000000715100000, 0x0000000715100000, 0x0000000715200000|  0%| F|  |TAMS 0x0000000715100000, 0x0000000715100000| Untracked 
| 312|0x0000000715200000, 0x0000000715200000, 0x0000000715300000|  0%| F|  |TAMS 0x0000000715200000, 0x0000000715200000| Untracked 
| 313|0x0000000715300000, 0x0000000715300000, 0x0000000715400000|  0%| F|  |TAMS 0x0000000715300000, 0x0000000715300000| Untracked 
| 314|0x0000000715400000, 0x0000000715400000, 0x0000000715500000|  0%| F|  |TAMS 0x0000000715400000, 0x0000000715400000| Untracked 
| 315|0x0000000715500000, 0x0000000715500000, 0x0000000715600000|  0%| F|  |TAMS 0x0000000715500000, 0x0000000715500000| Untracked 
| 316|0x0000000715600000, 0x0000000715600000, 0x0000000715700000|  0%| F|  |TAMS 0x0000000715600000, 0x0000000715600000| Untracked 
| 317|0x0000000715700000, 0x0000000715700000, 0x0000000715800000|  0%| F|  |TAMS 0x0000000715700000, 0x0000000715700000| Untracked 
| 318|0x0000000715800000, 0x0000000715800000, 0x0000000715900000|  0%| F|  |TAMS 0x0000000715800000, 0x0000000715800000| Untracked 
| 319|0x0000000715900000, 0x0000000715900000, 0x0000000715a00000|  0%| F|  |TAMS 0x0000000715900000, 0x0000000715900000| Untracked 
| 320|0x0000000715a00000, 0x0000000715a00000, 0x0000000715b00000|  0%| F|  |TAMS 0x0000000715a00000, 0x0000000715a00000| Untracked 
| 321|0x0000000715b00000, 0x0000000715b00000, 0x0000000715c00000|  0%| F|  |TAMS 0x0000000715b00000, 0x0000000715b00000| Untracked 
| 322|0x0000000715c00000, 0x0000000715c00000, 0x0000000715d00000|  0%| F|  |TAMS 0x0000000715c00000, 0x0000000715c00000| Untracked 
| 323|0x0000000715d00000, 0x0000000715d00000, 0x0000000715e00000|  0%| F|  |TAMS 0x0000000715d00000, 0x0000000715d00000| Untracked 
| 324|0x0000000715e00000, 0x0000000715e00000, 0x0000000715f00000|  0%| F|  |TAMS 0x0000000715e00000, 0x0000000715e00000| Untracked 
| 325|0x0000000715f00000, 0x0000000715f00000, 0x0000000716000000|  0%| F|  |TAMS 0x0000000715f00000, 0x0000000715f00000| Untracked 
| 326|0x0000000716000000, 0x0000000716000000, 0x0000000716100000|  0%| F|  |TAMS 0x0000000716000000, 0x0000000716000000| Untracked 
| 327|0x0000000716100000, 0x0000000716100000, 0x0000000716200000|  0%| F|  |TAMS 0x0000000716100000, 0x0000000716100000| Untracked 
| 328|0x0000000716200000, 0x0000000716200000, 0x0000000716300000|  0%| F|  |TAMS 0x0000000716200000, 0x0000000716200000| Untracked 
| 329|0x0000000716300000, 0x0000000716300000, 0x0000000716400000|  0%| F|  |TAMS 0x0000000716300000, 0x0000000716300000| Untracked 
| 330|0x0000000716400000, 0x0000000716400000, 0x0000000716500000|  0%| F|  |TAMS 0x0000000716400000, 0x0000000716400000| Untracked 
| 331|0x0000000716500000, 0x0000000716500000, 0x0000000716600000|  0%| F|  |TAMS 0x0000000716500000, 0x0000000716500000| Untracked 
| 332|0x0000000716600000, 0x0000000716600000, 0x0000000716700000|  0%| F|  |TAMS 0x0000000716600000, 0x0000000716600000| Untracked 
| 333|0x0000000716700000, 0x0000000716700000, 0x0000000716800000|  0%| F|  |TAMS 0x0000000716700000, 0x0000000716700000| Untracked 
| 334|0x0000000716800000, 0x0000000716800000, 0x0000000716900000|  0%| F|  |TAMS 0x0000000716800000, 0x0000000716800000| Untracked 
| 335|0x0000000716900000, 0x0000000716900000, 0x0000000716a00000|  0%| F|  |TAMS 0x0000000716900000, 0x0000000716900000| Untracked 
| 336|0x0000000716a00000, 0x0000000716a00000, 0x0000000716b00000|  0%| F|  |TAMS 0x0000000716a00000, 0x0000000716a00000| Untracked 
| 337|0x0000000716b00000, 0x0000000716b00000, 0x0000000716c00000|  0%| F|  |TAMS 0x0000000716b00000, 0x0000000716b00000| Untracked 
| 338|0x0000000716c00000, 0x0000000716c00000, 0x0000000716d00000|  0%| F|  |TAMS 0x0000000716c00000, 0x0000000716c00000| Untracked 
| 339|0x0000000716d00000, 0x0000000716d00000, 0x0000000716e00000|  0%| F|  |TAMS 0x0000000716d00000, 0x0000000716d00000| Untracked 
| 340|0x0000000716e00000, 0x0000000716e00000, 0x0000000716f00000|  0%| F|  |TAMS 0x0000000716e00000, 0x0000000716e00000| Untracked 
| 341|0x0000000716f00000, 0x0000000716f00000, 0x0000000717000000|  0%| F|  |TAMS 0x0000000716f00000, 0x0000000716f00000| Untracked 
| 342|0x0000000717000000, 0x0000000717000000, 0x0000000717100000|  0%| F|  |TAMS 0x0000000717000000, 0x0000000717000000| Untracked 
| 343|0x0000000717100000, 0x0000000717100000, 0x0000000717200000|  0%| F|  |TAMS 0x0000000717100000, 0x0000000717100000| Untracked 
| 344|0x0000000717200000, 0x0000000717200000, 0x0000000717300000|  0%| F|  |TAMS 0x0000000717200000, 0x0000000717200000| Untracked 
| 345|0x0000000717300000, 0x0000000717300000, 0x0000000717400000|  0%| F|  |TAMS 0x0000000717300000, 0x0000000717300000| Untracked 
| 346|0x0000000717400000, 0x0000000717400000, 0x0000000717500000|  0%| F|  |TAMS 0x0000000717400000, 0x0000000717400000| Untracked 
| 347|0x0000000717500000, 0x0000000717500000, 0x0000000717600000|  0%| F|  |TAMS 0x0000000717500000, 0x0000000717500000| Untracked 
| 348|0x0000000717600000, 0x0000000717600000, 0x0000000717700000|  0%| F|  |TAMS 0x0000000717600000, 0x0000000717600000| Untracked 
| 349|0x0000000717700000, 0x0000000717700000, 0x0000000717800000|  0%| F|  |TAMS 0x0000000717700000, 0x0000000717700000| Untracked 
| 350|0x0000000717800000, 0x0000000717800000, 0x0000000717900000|  0%| F|  |TAMS 0x0000000717800000, 0x0000000717800000| Untracked 
| 351|0x0000000717900000, 0x0000000717900000, 0x0000000717a00000|  0%| F|  |TAMS 0x0000000717900000, 0x0000000717900000| Untracked 
| 352|0x0000000717a00000, 0x0000000717a00000, 0x0000000717b00000|  0%| F|  |TAMS 0x0000000717a00000, 0x0000000717a00000| Untracked 
| 353|0x0000000717b00000, 0x0000000717b00000, 0x0000000717c00000|  0%| F|  |TAMS 0x0000000717b00000, 0x0000000717b00000| Untracked 
| 354|0x0000000717c00000, 0x0000000717c00000, 0x0000000717d00000|  0%| F|  |TAMS 0x0000000717c00000, 0x0000000717c00000| Untracked 
| 355|0x0000000717d00000, 0x0000000717d00000, 0x0000000717e00000|  0%| F|  |TAMS 0x0000000717d00000, 0x0000000717d00000| Untracked 
| 356|0x0000000717e00000, 0x0000000717e00000, 0x0000000717f00000|  0%| F|  |TAMS 0x0000000717e00000, 0x0000000717e00000| Untracked 
| 357|0x0000000717f00000, 0x0000000717f00000, 0x0000000718000000|  0%| F|  |TAMS 0x0000000717f00000, 0x0000000717f00000| Untracked 
| 358|0x0000000718000000, 0x0000000718000000, 0x0000000718100000|  0%| F|  |TAMS 0x0000000718000000, 0x0000000718000000| Untracked 
| 359|0x0000000718100000, 0x0000000718100000, 0x0000000718200000|  0%| F|  |TAMS 0x0000000718100000, 0x0000000718100000| Untracked 
| 360|0x0000000718200000, 0x0000000718200000, 0x0000000718300000|  0%| F|  |TAMS 0x0000000718200000, 0x0000000718200000| Untracked 
| 361|0x0000000718300000, 0x0000000718300000, 0x0000000718400000|  0%| F|  |TAMS 0x0000000718300000, 0x0000000718300000| Untracked 
| 362|0x0000000718400000, 0x0000000718400000, 0x0000000718500000|  0%| F|  |TAMS 0x0000000718400000, 0x0000000718400000| Untracked 
| 363|0x0000000718500000, 0x0000000718500000, 0x0000000718600000|  0%| F|  |TAMS 0x0000000718500000, 0x0000000718500000| Untracked 
| 364|0x0000000718600000, 0x0000000718600000, 0x0000000718700000|  0%| F|  |TAMS 0x0000000718600000, 0x0000000718600000| Untracked 
| 365|0x0000000718700000, 0x0000000718700000, 0x0000000718800000|  0%| F|  |TAMS 0x0000000718700000, 0x0000000718700000| Untracked 
| 366|0x0000000718800000, 0x0000000718800000, 0x0000000718900000|  0%| F|  |TAMS 0x0000000718800000, 0x0000000718800000| Untracked 
| 367|0x0000000718900000, 0x00000007189094f8, 0x0000000718a00000|  3%| S|CS|TAMS 0x0000000718900000, 0x0000000718900000| Complete 
| 368|0x0000000718a00000, 0x0000000718b00000, 0x0000000718b00000|100%| E|  |TAMS 0x0000000718a00000, 0x0000000718a00000| Complete 
| 369|0x0000000718b00000, 0x0000000718c00000, 0x0000000718c00000|100%| E|CS|TAMS 0x0000000718b00000, 0x0000000718b00000| Complete 

Card table byte_map: [0x0000022c22de0000,0x0000022c235e0000] _byte_map_base: 0x0000022c1f5d3000

Marking Bits (Prev, Next): (CMBitMap*) 0x0000022c0bc57e40, (CMBitMap*) 0x0000022c0bc57e08
 Prev Bits: [0x0000022c27d80000, 0x0000022c2bd18000)
 Next Bits: [0x0000022c23de0000, 0x0000022c27d78000)

Polling page: 0x0000022c09bb0000

Metaspace:

Usage:
  Non-class:     42.64 MB capacity,    41.83 MB ( 98%) used,   662.37 KB (  2%) free+waste,   172.81 KB ( <1%) overhead. 
      Class:      5.92 MB capacity,     5.32 MB ( 90%) used,   523.02 KB (  9%) free+waste,    86.50 KB (  1%) overhead. 
       Both:     48.56 MB capacity,    47.15 MB ( 97%) used,     1.16 MB (  2%) free+waste,   259.31 KB ( <1%) overhead. 

Virtual space:
  Non-class space:       44.00 MB reserved,      42.67 MB ( 97%) committed 
      Class space:        1.00 GB reserved,       5.95 MB ( <1%) committed 
             Both:        1.04 GB reserved,      48.62 MB (  5%) committed 

Chunk freelists:
   Non-Class:  3.88 KB
       Class:  2.75 KB
        Both:  6.62 KB

CodeHeap 'non-profiled nmethods': size=120000Kb used=3625Kb max_used=3625Kb free=116374Kb
 bounds [0x0000022c1ad80000, 0x0000022c1b110000, 0x0000022c222b0000]
CodeHeap 'profiled nmethods': size=120000Kb used=13855Kb max_used=13855Kb free=106145Kb
 bounds [0x0000022c13850000, 0x0000022c145e0000, 0x0000022c1ad80000]
CodeHeap 'non-nmethods': size=5760Kb used=1885Kb max_used=1954Kb free=3874Kb
 bounds [0x0000022c132b0000, 0x0000022c13520000, 0x0000022c13850000]
 total_blobs=7471 nmethods=5973 adapters=1406
 compilation: enabled
              stopped_count=0, restarted_count=0
 full_count=0

Compilation events (10 events):
Event: 124.406 Thread 0x0000022c2f1db000 5972       3       javafx.scene.control.Labeled::getGraphic (22 bytes)
Event: 124.406 Thread 0x0000022c2f1db000 nmethod 5972 0x0000022c145d5390 code [0x0000022c145d5540, 0x0000022c145d5948]
Event: 124.453 Thread 0x0000022c2f1db000 5973       3       com.sun.javafx.text.TextRun::<init> (97 bytes)
Event: 124.454 Thread 0x0000022c2f1db000 nmethod 5973 0x0000022c145d5a90 code [0x0000022c145d5c40, 0x0000022c145d5ed8]
Event: 124.454 Thread 0x0000022c2f1db000 5974       3       com.sun.javafx.text.TextRun::setMetrics (16 bytes)
Event: 124.454 Thread 0x0000022c2f1db000 nmethod 5974 0x0000022c145d6010 code [0x0000022c145d61a0, 0x0000022c145d62b8]
Event: 124.496 Thread 0x0000022c2f1db000 5975       3       org.bytedeco.javacv.OpenCVFrameConverter::isEqual (130 bytes)
Event: 124.497 Thread 0x0000022c2f1db000 nmethod 5975 0x0000022c145d6390 code [0x0000022c145d65e0, 0x0000022c145d6ee8]
Event: 124.504 Thread 0x0000022c2f1db000 5978       3       org.bytedeco.javacv.CanvasFrame::showImage (76 bytes)
Event: 124.504 Thread 0x0000022c2f1db000 nmethod 5978 0x0000022c145d7210 code [0x0000022c145d7420, 0x0000022c145d7a98]

GC Heap History (10 events):
Event: 123.121 GC heap before
{Heap before GC invocations=172 (full 0):
 garbage-first heap   total 378880K, used 166827K [0x0000000701a00000, 0x0000000800000000)
  region size 1024K, 2 young (2048K), 1 survivors (1024K)
 Metaspace       used 48229K, capacity 49720K, committed 49788K, reserved 1093632K
  class space    used 5447K, capacity 6057K, committed 6092K, reserved 1048576K
}
Event: 123.122 GC heap after
{Heap after GC invocations=173 (full 0):
 garbage-first heap   total 378880K, used 84919K [0x0000000701a00000, 0x0000000800000000)
  region size 1024K, 1 young (1024K), 1 survivors (1024K)
 Metaspace       used 48229K, capacity 49720K, committed 49788K, reserved 1093632K
  class space    used 5447K, capacity 6057K, committed 6092K, reserved 1048576K
}
Event: 123.625 GC heap before
{Heap before GC invocations=174 (full 0):
 garbage-first heap   total 378880K, used 165815K [0x0000000701a00000, 0x0000000800000000)
  region size 1024K, 3 young (3072K), 1 survivors (1024K)
 Metaspace       used 48233K, capacity 49720K, committed 49788K, reserved 1093632K
  class space    used 5447K, capacity 6057K, committed 6092K, reserved 1048576K
}
Event: 123.627 GC heap after
{Heap after GC invocations=175 (full 0):
 garbage-first heap   total 378880K, used 113599K [0x0000000701a00000, 0x0000000800000000)
  region size 1024K, 1 young (1024K), 1 survivors (1024K)
 Metaspace       used 48233K, capacity 49720K, committed 49788K, reserved 1093632K
  class space    used 5447K, capacity 6057K, committed 6092K, reserved 1048576K
}
Event: 123.828 GC heap before
{Heap before GC invocations=176 (full 0):
 garbage-first heap   total 378880K, used 165823K [0x0000000701a00000, 0x0000000800000000)
  region size 1024K, 3 young (3072K), 1 survivors (1024K)
 Metaspace       used 48237K, capacity 49720K, committed 49788K, reserved 1093632K
  class space    used 5447K, capacity 6057K, committed 6092K, reserved 1048576K
}
Event: 123.829 GC heap after
{Heap after GC invocations=177 (full 0):
 garbage-first heap   total 378880K, used 99264K [0x0000000701a00000, 0x0000000800000000)
  region size 1024K, 1 young (1024K), 1 survivors (1024K)
 Metaspace       used 48237K, capacity 49720K, committed 49788K, reserved 1093632K
  class space    used 5447K, capacity 6057K, committed 6092K, reserved 1048576K
}
Event: 124.120 GC heap before
{Heap before GC invocations=178 (full 0):
 garbage-first heap   total 378880K, used 163776K [0x0000000701a00000, 0x0000000800000000)
  region size 1024K, 3 young (3072K), 1 survivors (1024K)
 Metaspace       used 48244K, capacity 49720K, committed 49788K, reserved 1093632K
  class space    used 5447K, capacity 6057K, committed 6092K, reserved 1048576K
}
Event: 124.122 GC heap after
{Heap after GC invocations=179 (full 0):
 garbage-first heap   total 378880K, used 105419K [0x0000000701a00000, 0x0000000800000000)
  region size 1024K, 1 young (1024K), 1 survivors (1024K)
 Metaspace       used 48244K, capacity 49720K, committed 49788K, reserved 1093632K
  class space    used 5447K, capacity 6057K, committed 6092K, reserved 1048576K
}
Event: 124.362 GC heap before
{Heap before GC invocations=180 (full 0):
 garbage-first heap   total 378880K, used 165835K [0x0000000701a00000, 0x0000000800000000)
  region size 1024K, 3 young (3072K), 1 survivors (1024K)
 Metaspace       used 48271K, capacity 49720K, committed 49788K, reserved 1093632K
  class space    used 5447K, capacity 6057K, committed 6092K, reserved 1048576K
}
Event: 124.363 GC heap after
{Heap after GC invocations=181 (full 0):
 garbage-first heap   total 378880K, used 99275K [0x0000000701a00000, 0x0000000800000000)
  region size 1024K, 1 young (1024K), 1 survivors (1024K)
 Metaspace       used 48271K, capacity 49720K, committed 49788K, reserved 1093632K
  class space    used 5447K, capacity 6057K, committed 6092K, reserved 1048576K
}

Deoptimization events (10 events):
Event: 95.910 Thread 0x0000022c30df3800 Uncommon trap: reason=bimorphic_or_optimized_type_check action=maybe_recompile pc=0x0000022c1afa02dc method=java.util.HashMap.putVal(ILjava/lang/Object;Ljava/lang/Object;ZZ)Ljava/lang/Object; @ 203 c2
Event: 95.931 Thread 0x0000022c30df1000 Uncommon trap: reason=unstable_if action=reinterpret pc=0x0000022c1aefb3e0 method=java.util.StringTokenizer.scanToken(I)I @ 42 c2
Event: 96.423 Thread 0x0000022c305c0800 Uncommon trap: reason=unstable_if action=reinterpret pc=0x0000022c1b048d44 method=com.sun.prism.d3d.D3DTextureResource.isValid()Z @ 4 c2
Event: 96.795 Thread 0x0000022c30df3800 Uncommon trap: reason=unstable_if action=reinterpret pc=0x0000022c1b0b54a4 method=java.util.concurrent.locks.AbstractQueuedSynchronizer.acquire(I)V @ 5 c2
Event: 114.293 Thread 0x0000022c30ff8800 Uncommon trap: reason=profile_predicate action=maybe_recompile pc=0x0000022c1b0cddc4 method=javafx.scene.CssStyleHelper.transitionToState(Ljavafx/scene/Node;)V @ 285 c2
Event: 114.309 Thread 0x0000022c30ff8800 Uncommon trap: reason=profile_predicate action=maybe_recompile pc=0x0000022c1b0cddc4 method=javafx.scene.CssStyleHelper.transitionToState(Ljavafx/scene/Node;)V @ 285 c2
Event: 114.834 Thread 0x0000022c30def800 Uncommon trap: reason=profile_predicate action=maybe_recompile pc=0x0000022c1b0395ac method=org.bytedeco.javacv.Java2DFrameConverter.flipCopyWithGamma(Ljava/nio/ByteBuffer;IILjava/nio/ByteBuffer;IIZDZI)V @ 505 c2
Event: 114.834 Thread 0x0000022c30def800 Uncommon trap: reason=profile_predicate action=maybe_recompile pc=0x0000022c1b02e62c method=org.bytedeco.javacv.Java2DFrameConverter.flipCopyWithGamma(Ljava/nio/ByteBuffer;IILjava/nio/ByteBuffer;IIZDZI)V @ 501 c2
Event: 114.834 Thread 0x0000022c30def800 Uncommon trap: reason=profile_predicate action=maybe_recompile pc=0x0000022c1b02e62c method=org.bytedeco.javacv.Java2DFrameConverter.flipCopyWithGamma(Ljava/nio/ByteBuffer;IILjava/nio/ByteBuffer;IIZDZI)V @ 501 c2
Event: 114.926 Thread 0x0000022c30def800 Uncommon trap: reason=profile_predicate action=maybe_recompile pc=0x0000022c1b0395ac method=org.bytedeco.javacv.Java2DFrameConverter.flipCopyWithGamma(Ljava/nio/ByteBuffer;IILjava/nio/ByteBuffer;IIZDZI)V @ 505 c2

Classes redefined (0 events):
No events

Internal exceptions (10 events):
Event: 95.886 Thread 0x0000022c30def800 Exception <a 'java/lang/NoSuchMethodError'{0x0000000712e14e00}: java.lang.invoke.DirectMethodHandle$Holder.invokeStatic(Ljava/lang/Object;ILjava/lang/Object;Ljava/lang/Object;Ljava/lang/Object;Ljava/lang/Object;)Ljava/lang/Object;> (0x0000000712e14e00) th
Event: 95.886 Thread 0x0000022c30def800 Exception <a 'java/lang/NoSuchMethodError'{0x0000000712e1bec0}: java.lang.invoke.DirectMethodHandle$Holder.invokeStatic(Ljava/lang/Object;ILjava/lang/Object;Ljava/lang/Object;Ljava/lang/Object;)Ljava/lang/Object;> (0x0000000712e1bec0) thrown at [./open/sr
Event: 95.887 Thread 0x0000022c30def800 Exception <a 'java/lang/NoSuchMethodError'{0x0000000712e1fa00}: java.lang.invoke.DirectMethodHandle$Holder.invokeSpecial(Ljava/lang/Object;Ljava/lang/Object;ILjava/lang/Object;Ljava/lang/Object;Ljava/lang/Object;)Ljava/lang/Object;> (0x0000000712e1fa00) t
Event: 95.888 Thread 0x0000022c30def800 Exception <a 'java/lang/NoSuchMethodError'{0x0000000712e37308}: java.lang.invoke.DirectMethodHandle$Holder.invokeStatic(Ljava/lang/Object;ILjava/lang/Object;)Ljava/lang/Object;> (0x0000000712e37308) thrown at [./open/src/hotspot/share/interpreter/linkReso
Event: 95.896 Thread 0x0000022c30def800 Exception <a 'java/lang/ClassNotFoundException'{0x0000000712d5fc58}: com/sun/swing/internal/plaf/metal/resources/spi/metalProvider> (0x0000000712d5fc58) thrown at [./open/src/hotspot/share/classfile/systemDictionary.cpp, line 226]
Event: 95.897 Thread 0x0000022c30def800 Exception <a 'java/lang/ClassNotFoundException'{0x0000000712d65f50}: com/sun/swing/internal/plaf/basic/resources/spi/basicProvider> (0x0000000712d65f50) thrown at [./open/src/hotspot/share/classfile/systemDictionary.cpp, line 226]
Event: 95.912 Thread 0x0000022c30df3800 Exception <a 'java/lang/NoSuchMethodError'{0x0000000713088b18}: java.lang.invoke.DirectMethodHandle$Holder.invokeVirtual(Ljava/lang/Object;Ljava/lang/Object;)V> (0x0000000713088b18) thrown at [./open/src/hotspot/share/interpreter/linkResolver.cpp, line 77
Event: 95.926 Thread 0x0000022c30df1000 Exception <a 'java/io/FileNotFoundException'{0x0000000712c12c08}> (0x0000000712c12c08) thrown at [./open/src/hotspot/share/prims/jni.cpp, line 611]
Event: 95.926 Thread 0x0000022c30df1000 Exception <a 'java/security/PrivilegedActionException'{0x0000000712c13468}> (0x0000000712c13468) thrown at [./open/src/hotspot/share/prims/jvm.cpp, line 1305]
Event: 96.423 Thread 0x0000022c305c0800 Implicit null exception at 0x0000022c1b048cd0 to 0x0000022c1b048d30

Events (10 events):
Event: 124.382 Executing VM operation: CGC_Operation done
Event: 124.389 Executing VM operation: CGC_Operation
Event: 124.389 Executing VM operation: CGC_Operation done
Event: 124.557 Executing VM operation: RevokeBias
Event: 124.557 Executing VM operation: RevokeBias done
Event: 124.565 Executing VM operation: RevokeBias
Event: 124.565 Executing VM operation: RevokeBias done
Event: 124.568 Executing VM operation: RevokeBias
Event: 124.568 Executing VM operation: RevokeBias done
Event: 124.568 Thread 0x0000022c30df1000 Thread exited: 0x0000022c30df1000


Dynamic libraries:
0x00007ff671740000 - 0x00007ff671750000 	C:\Program Files\Java\jdk-11\bin\java.exe
0x00007ffa327d0000 - 0x00007ffa329c8000 	C:\windows\SYSTEM32\ntdll.dll
0x00007ffa326d0000 - 0x00007ffa3278f000 	C:\windows\System32\KERNEL32.DLL
0x00007ffa301b0000 - 0x00007ffa30482000 	C:\windows\System32\KERNELBASE.dll
0x00007ffa2fcf0000 - 0x00007ffa2fdf0000 	C:\windows\System32\ucrtbase.dll
0x00007ffa29200000 - 0x00007ffa29218000 	C:\Program Files\Java\jdk-11\bin\jli.dll
0x00007ffa1fe30000 - 0x00007ffa1fe4b000 	C:\Program Files\Java\jdk-11\bin\VCRUNTIME140.dll
0x00007ffa321e0000 - 0x00007ffa3228e000 	C:\windows\System32\ADVAPI32.dll
0x00007ffa32520000 - 0x00007ffa325be000 	C:\windows\System32\msvcrt.dll
0x00007ffa317e0000 - 0x00007ffa3187c000 	C:\windows\System32\sechost.dll
0x00007ffa31880000 - 0x00007ffa319a4000 	C:\windows\System32\RPCRT4.dll
0x00007ffa32350000 - 0x00007ffa324f1000 	C:\windows\System32\USER32.dll
0x00007ffa30630000 - 0x00007ffa30652000 	C:\windows\System32\win32u.dll
0x00007ffa1e940000 - 0x00007ffa1ebda000 	C:\windows\WinSxS\amd64_microsoft.windows.common-controls_6595b64144ccf1df_6.0.19041.1110_none_60b5254171f9507e\COMCTL32.dll
0x00007ffa31450000 - 0x00007ffa3147b000 	C:\windows\System32\GDI32.dll
0x00007ffa2fbe0000 - 0x00007ffa2fcef000 	C:\windows\System32\gdi32full.dll
0x00007ffa30490000 - 0x00007ffa3052d000 	C:\windows\System32\msvcp_win.dll
0x00007ffa28700000 - 0x00007ffa2870a000 	C:\windows\SYSTEM32\VERSION.dll
0x00007ffa30fb0000 - 0x00007ffa30fe0000 	C:\windows\System32\IMM32.DLL
0x00007ffa2b800000 - 0x00007ffa2b80c000 	C:\Program Files\Java\jdk-11\bin\vcruntime140_1.dll
0x00007ffa098f0000 - 0x00007ffa0997e000 	C:\Program Files\Java\jdk-11\bin\msvcp140.dll
0x00007ff9d7c10000 - 0x00007ff9d8778000 	C:\Program Files\Java\jdk-11\bin\server\jvm.dll
0x00007ffa32290000 - 0x00007ffa32298000 	C:\windows\System32\PSAPI.DLL
0x00007ffa1a1e0000 - 0x00007ffa1a1e9000 	C:\windows\SYSTEM32\WSOCK32.dll
0x00007ffa1c440000 - 0x00007ffa1c467000 	C:\windows\SYSTEM32\WINMM.dll
0x00007ffa32160000 - 0x00007ffa321cb000 	C:\windows\System32\WS2_32.dll
0x00007ffa2fdf0000 - 0x00007ffa2fe02000 	C:\windows\System32\kernel.appcore.dll
0x00007ffa2a150000 - 0x00007ffa2a160000 	C:\Program Files\Java\jdk-11\bin\verify.dll
0x00007ffa1b9f0000 - 0x00007ffa1bbd4000 	C:\windows\SYSTEM32\DBGHELP.DLL
0x00007ffa18dc0000 - 0x00007ffa18df5000 	C:\windows\SYSTEM32\dbgcore.DLL
0x00007ffa2ff80000 - 0x00007ffa30002000 	C:\windows\System32\bcryptPrimitives.dll
0x00007ffa1c690000 - 0x00007ffa1c6b8000 	C:\Program Files\Java\jdk-11\bin\java.dll
0x00007ffa1d210000 - 0x00007ffa1d21a000 	C:\Program Files\Java\jdk-11\bin\jimage.dll
0x00007ffa1c680000 - 0x00007ffa1c68e000 	C:\Program Files\Java\jdk-11\bin\instrument.dll
0x00007ffa162f0000 - 0x00007ffa16307000 	C:\Program Files\Java\jdk-11\bin\zip.dll
0x00007ffa31a10000 - 0x00007ffa32155000 	C:\windows\System32\SHELL32.dll
0x00007ffa2dd70000 - 0x00007ffa2e502000 	C:\windows\SYSTEM32\windows.storage.dll
0x00007ffa30b20000 - 0x00007ffa30e75000 	C:\windows\System32\combase.dll
0x00007ffa2f5c0000 - 0x00007ffa2f5f0000 	C:\windows\SYSTEM32\Wldp.dll
0x00007ffa30740000 - 0x00007ffa307ed000 	C:\windows\System32\SHCORE.dll
0x00007ffa319b0000 - 0x00007ffa31a05000 	C:\windows\System32\shlwapi.dll
0x00007ffa2faa0000 - 0x00007ffa2fabf000 	C:\windows\SYSTEM32\profapi.dll
0x00007ffa16260000 - 0x00007ffa16279000 	C:\Program Files\Java\jdk-11\bin\net.dll
0x00007ffa27da0000 - 0x00007ffa27eaa000 	C:\windows\SYSTEM32\WINHTTP.dll
0x00007ffa293f0000 - 0x00007ffa29433000 	C:\Windows\Netease\Booster\udp_connect_lsp64.dll
0x00007ffa2f320000 - 0x00007ffa2f38a000 	C:\windows\system32\mswsock.dll
0x00007ffa16240000 - 0x00007ffa16252000 	C:\Program Files\Java\jdk-11\bin\nio.dll
0x00007ffa09a80000 - 0x00007ffa09a9a000 	D:\tools\IntelliJ IDEA 2021.1.1\bin\breakgen64.dll
0x0000022c2fd50000 - 0x0000022c2fd53000 	C:\Program Files\Java\jdk-11\bin\api-ms-win-core-console-l1-1-0.dll
0x0000022c31270000 - 0x0000022c31273000 	C:\Program Files\Java\jdk-11\bin\api-ms-win-core-datetime-l1-1-0.dll
0x0000022c31280000 - 0x0000022c31283000 	C:\Program Files\Java\jdk-11\bin\api-ms-win-core-debug-l1-1-0.dll
0x0000022c31290000 - 0x0000022c31293000 	C:\Program Files\Java\jdk-11\bin\api-ms-win-core-errorhandling-l1-1-0.dll
0x0000022c312a0000 - 0x0000022c312a4000 	C:\Program Files\Java\jdk-11\bin\api-ms-win-core-file-l1-1-0.dll
0x0000022c312b0000 - 0x0000022c312b3000 	C:\Program Files\Java\jdk-11\bin\api-ms-win-core-file-l1-2-0.dll
0x0000022c312c0000 - 0x0000022c312c3000 	C:\Program Files\Java\jdk-11\bin\api-ms-win-core-file-l2-1-0.dll
0x0000022c312d0000 - 0x0000022c312d3000 	C:\Program Files\Java\jdk-11\bin\api-ms-win-core-handle-l1-1-0.dll
0x0000022c312e0000 - 0x0000022c312e3000 	C:\Program Files\Java\jdk-11\bin\api-ms-win-core-heap-l1-1-0.dll
0x0000022c312f0000 - 0x0000022c312f3000 	C:\Program Files\Java\jdk-11\bin\api-ms-win-core-interlocked-l1-1-0.dll
0x0000022c31300000 - 0x0000022c31303000 	C:\Program Files\Java\jdk-11\bin\api-ms-win-core-libraryloader-l1-1-0.dll
0x0000022c31310000 - 0x0000022c31313000 	C:\Program Files\Java\jdk-11\bin\api-ms-win-core-localization-l1-2-0.dll
0x0000022c31320000 - 0x0000022c31323000 	C:\Program Files\Java\jdk-11\bin\api-ms-win-core-memory-l1-1-0.dll
0x0000022c31330000 - 0x0000022c31333000 	C:\Program Files\Java\jdk-11\bin\api-ms-win-core-namedpipe-l1-1-0.dll
0x0000022c31340000 - 0x0000022c31343000 	C:\Program Files\Java\jdk-11\bin\api-ms-win-core-processenvironment-l1-1-0.dll
0x0000022c31350000 - 0x0000022c31353000 	C:\Program Files\Java\jdk-11\bin\api-ms-win-core-processthreads-l1-1-0.dll
0x0000022c31360000 - 0x0000022c31363000 	C:\Program Files\Java\jdk-11\bin\api-ms-win-core-processthreads-l1-1-1.dll
0x0000022c31370000 - 0x0000022c31373000 	C:\Program Files\Java\jdk-11\bin\api-ms-win-core-profile-l1-1-0.dll
0x0000022c31380000 - 0x0000022c31383000 	C:\Program Files\Java\jdk-11\bin\api-ms-win-core-rtlsupport-l1-1-0.dll
0x0000022c31390000 - 0x0000022c31393000 	C:\Program Files\Java\jdk-11\bin\api-ms-win-core-string-l1-1-0.dll
0x0000022c313a0000 - 0x0000022c313a3000 	C:\Program Files\Java\jdk-11\bin\api-ms-win-core-synch-l1-1-0.dll
0x0000022c313b0000 - 0x0000022c313b3000 	C:\Program Files\Java\jdk-11\bin\api-ms-win-core-synch-l1-2-0.dll
0x0000022c313c0000 - 0x0000022c313c3000 	C:\Program Files\Java\jdk-11\bin\api-ms-win-core-sysinfo-l1-1-0.dll
0x0000022c313d0000 - 0x0000022c313d3000 	C:\Program Files\Java\jdk-11\bin\api-ms-win-core-timezone-l1-1-0.dll
0x0000022c313e0000 - 0x0000022c313e3000 	C:\Program Files\Java\jdk-11\bin\api-ms-win-core-util-l1-1-0.dll
0x0000022c313f0000 - 0x0000022c313f3000 	C:\Program Files\Java\jdk-11\bin\api-ms-win-crt-conio-l1-1-0.dll
0x0000022c31400000 - 0x0000022c31404000 	C:\Program Files\Java\jdk-11\bin\api-ms-win-crt-convert-l1-1-0.dll
0x0000022c31410000 - 0x0000022c31413000 	C:\Program Files\Java\jdk-11\bin\api-ms-win-crt-environment-l1-1-0.dll
0x0000022c31420000 - 0x0000022c31423000 	C:\Program Files\Java\jdk-11\bin\api-ms-win-crt-filesystem-l1-1-0.dll
0x0000022c31430000 - 0x0000022c31433000 	C:\Program Files\Java\jdk-11\bin\api-ms-win-crt-heap-l1-1-0.dll
0x0000022c31440000 - 0x0000022c31443000 	C:\Program Files\Java\jdk-11\bin\api-ms-win-crt-locale-l1-1-0.dll
0x0000022c31450000 - 0x0000022c31455000 	C:\Program Files\Java\jdk-11\bin\api-ms-win-crt-math-l1-1-0.dll
0x0000022c31460000 - 0x0000022c31465000 	C:\Program Files\Java\jdk-11\bin\api-ms-win-crt-multibyte-l1-1-0.dll
0x0000022c31470000 - 0x0000022c31480000 	C:\Program Files\Java\jdk-11\bin\api-ms-win-crt-private-l1-1-0.dll
0x0000022c31480000 - 0x0000022c31483000 	C:\Program Files\Java\jdk-11\bin\api-ms-win-crt-process-l1-1-0.dll
0x0000022c31490000 - 0x0000022c31494000 	C:\Program Files\Java\jdk-11\bin\api-ms-win-crt-runtime-l1-1-0.dll
0x0000022c314a0000 - 0x0000022c314a4000 	C:\Program Files\Java\jdk-11\bin\api-ms-win-crt-stdio-l1-1-0.dll
0x0000022c314b0000 - 0x0000022c314b4000 	C:\Program Files\Java\jdk-11\bin\api-ms-win-crt-string-l1-1-0.dll
0x0000022c314c0000 - 0x0000022c314c3000 	C:\Program Files\Java\jdk-11\bin\api-ms-win-crt-time-l1-1-0.dll
0x0000022c314d0000 - 0x0000022c314d3000 	C:\Program Files\Java\jdk-11\bin\api-ms-win-crt-utility-l1-1-0.dll
0x00007ff9f8b80000 - 0x00007ff9f8c80000 	C:\Program Files\Java\jdk-11\bin\ucrtbase.dll
0x00007ffa09a30000 - 0x00007ffa09a7e000 	C:\Windows\System32\concrt140.dll
0x00007ffa098c0000 - 0x00007ffa098e3000 	C:\Users\Administrator\.openjfx\cache\12.0.1\prism_d3d.dll
0x00007ffa1cf70000 - 0x00007ffa1d13e000 	C:\windows\system32\d3d9.dll
0x00007ffa2d7a0000 - 0x00007ffa2d7cf000 	C:\windows\SYSTEM32\dwmapi.dll
0x00007ffa2d650000 - 0x00007ffa2d6ee000 	C:\windows\system32\uxtheme.dll
0x00007ff9f4530000 - 0x00007ff9f46fd000 	C:\windows\System32\DriverStore\FileRepository\iigd_dch.inf_amd64_b261b2ab559fdee8\igdumdim64.dll
0x00007ffa265f0000 - 0x00007ffa26710000 	C:\windows\System32\DriverStore\FileRepository\iigd_dch.inf_amd64_b261b2ab559fdee8\igdgmm64.dll
0x00007ff9bc250000 - 0x00007ff9bfe61000 	C:\windows\System32\DriverStore\FileRepository\iigd_dch.inf_amd64_b261b2ab559fdee8\igd9dxva64.dll
0x00007ffa30e80000 - 0x00007ffa30faa000 	C:\windows\System32\OLE32.dll
0x00007ffa31710000 - 0x00007ffa317dd000 	C:\windows\System32\OLEAUT32.dll
0x00007ff9fa480000 - 0x00007ff9fa4c5000 	C:\Users\Administrator\.openjfx\cache\12.0.1\glass.dll
0x00007ffa31480000 - 0x00007ffa3155a000 	C:\windows\System32\COMDLG32.dll
0x00007ffa30a00000 - 0x00007ffa30b14000 	C:\windows\System32\MSCTF.dll
0x00007ff9fccd0000 - 0x00007ff9fccf1000 	C:\windows\System32\DriverStore\FileRepository\iigd_dch.inf_amd64_b261b2ab559fdee8\igdinfo64.dll
0x00007ffa24290000 - 0x00007ffa265f0000 	C:\windows\System32\DriverStore\FileRepository\iigd_dch.inf_amd64_b261b2ab559fdee8\igc64.dll
0x00007ffa27610000 - 0x00007ffa2764b000 	C:\windows\SYSTEM32\dxcore.dll
0x00007ffa2fb60000 - 0x00007ffa2fbae000 	C:\windows\System32\cfgmgr32.dll
0x00007ff9fa460000 - 0x00007ff9fa474000 	C:\Users\Administrator\.openjfx\cache\12.0.1\javafx_font.dll
0x00007ffa1ccf0000 - 0x00007ffa1cf6f000 	C:\windows\SYSTEM32\dwrite.dll
0x00007ffa30950000 - 0x00007ffa309f9000 	C:\windows\System32\clbcatq.dll
0x00007ffa29a70000 - 0x00007ffa29c24000 	C:\windows\SYSTEM32\WindowsCodecs.dll
0x00007ffa2fbb0000 - 0x00007ffa2fbd7000 	C:\windows\System32\bcrypt.dll
0x00007ffa103e0000 - 0x00007ffa1041e000 	C:\windows\system32\dataexchange.dll
0x00007ffa2c880000 - 0x00007ffa2ca63000 	C:\windows\system32\dcomp.dll
0x00007ffa2c050000 - 0x00007ffa2c2b3000 	C:\windows\system32\d3d11.dll
0x00007ffa30530000 - 0x00007ffa30623000 	C:\windows\System32\dxgi.dll
0x00007ffa29870000 - 0x00007ffa29a70000 	C:\windows\system32\twinapi.appcore.dll
0x00007ff9fa3a0000 - 0x00007ff9fa3d4000 	C:\Program Files\Common Files\Microsoft Shared\Ink\rtscom.dll
0x00007ffa1ef30000 - 0x00007ffa1f029000 	C:\windows\SYSTEM32\textinputframework.dll
0x00007ffa2ca70000 - 0x00007ffa2cdce000 	C:\windows\System32\CoreUIComponents.dll
0x00007ffa2d230000 - 0x00007ffa2d322000 	C:\windows\System32\CoreMessaging.dll
0x00007ffa2ed40000 - 0x00007ffa2ed73000 	C:\windows\SYSTEM32\ntmarta.dll
0x00007ffa2ba80000 - 0x00007ffa2bbd4000 	C:\windows\SYSTEM32\wintypes.dll
0x00007ffa2f050000 - 0x00007ffa2f11b000 	C:\windows\SYSTEM32\DNSAPI.dll
0x00007ffa2f010000 - 0x00007ffa2f04b000 	C:\windows\SYSTEM32\IPHLPAPI.DLL
0x00007ffa321d0000 - 0x00007ffa321d8000 	C:\windows\System32\NSI.dll
0x00007ffa23d30000 - 0x00007ffa23d3a000 	C:\Windows\System32\rasadhlp.dll
0x00007ffa29290000 - 0x00007ffa29310000 	C:\windows\System32\fwpuclnt.dll
0x00007ff9f3a60000 - 0x00007ff9f3be2000 	C:\Program Files\Java\jdk-11\bin\awt.dll

dbghelp: loaded successfully - version: 4.0.5 - missing functions: none
symbol engine: initialized successfully - sym options: 0x614 - pdb path: .;C:\Program Files\Java\jdk-11\bin;C:\windows\SYSTEM32;C:\windows\WinSxS\amd64_microsoft.windows.common-controls_6595b64144ccf1df_6.0.19041.1110_none_60b5254171f9507e;C:\Program Files\Java\jdk-11\bin\server;C:\Windows\Netease\Booster;D:\tools\IntelliJ IDEA 2021.1.1\bin;C:\Users\Administrator\.openjfx\cache\12.0.1;C:\windows\System32\DriverStore\FileRepository\iigd_dch.inf_amd64_b261b2ab559fdee8;C:\Program Files\Common Files\Microsoft Shared\Ink;D:\game tools\BaiduNetdisk;C:\windows\WinSxS\amd64_microsoft.windows.gdiplus_6595b64144ccf1df_1.1.19041.2251_none_91a40448cc8846c1;C:\Users\Administrator\.javacpp\cache\ffmpeg-4.2.1-1.5.2-windows-x86_64.jar\org\bytedeco\ffmpeg\windows-x86_64;C:\Users\Administrator\.javacpp\cache\openblas-0.3.7-1.5.2-windows-x86_64.jar\org\bytedeco\openblas\windows-x86_64;C:\Users\Administrator\.javacpp\cache\opencv-4.1.2-1.5.2-windows-x86_64.jar\org\bytedeco\opencv\windows-x86_64;C:\windows\System32\DriverStore\FileRepository\nvhm.inf_amd64_4a725c9a083cb6dc

VM Arguments:
jvm_args: -javaagent:D:\tools\IntelliJ IDEA 2021.1.1\lib\idea_rt.jar=50956:D:\tools\IntelliJ IDEA 2021.1.1\bin -Dfile.encoding=UTF-8 
java_command: org.openjfx.Main
java_class_path (initial): C:\Users\Administrator\Desktop\project01\target\classes;C:\Users\Administrator\.m2\repository\org\openjfx\javafx-controls\11.0.2\javafx-controls-11.0.2.jar;C:\Users\Administrator\.m2\repository\org\openjfx\javafx-controls\11.0.2\javafx-controls-11.0.2-win.jar;C:\Users\Administrator\.m2\repository\org\openjfx\javafx-fxml\11.0.2\javafx-fxml-11.0.2.jar;C:\Users\Administrator\.m2\repository\org\openjfx\javafx-fxml\11.0.2\javafx-fxml-11.0.2-win.jar;C:\Users\Administrator\.m2\repository\org\openjfx\javafx-media\12.0.1\javafx-media-12.0.1.jar;C:\Users\Administrator\.m2\repository\org\openjfx\javafx-media\12.0.1\javafx-media-12.0.1-win.jar;C:\Users\Administrator\.m2\repository\org\openjfx\javafx-graphics\12.0.1\javafx-graphics-12.0.1.jar;C:\Users\Administrator\.m2\repository\org\openjfx\javafx-graphics\12.0.1\javafx-graphics-12.0.1-win.jar;C:\Users\Administrator\.m2\repository\org\openjfx\javafx-base\12.0.1\javafx-base-12.0.1.jar;C:\Users\Administrator\.m2\repository\org\openjfx\javafx-base\12.0.1\javafx-base-12.0.1-win.jar;C:\Users\Administrator\.m2\repository\org\bytedeco\javacv-platform\1.5.2\javacv-platform-1.5.2.jar;C:\Users\Administrator\.m2\repository\org\bytedeco\openblas-platform\0.3.7-1.5.2\openblas-platform-0.3.7-1.5.2.jar;C:\Users\Administrator\.m2\repository\org\bytedeco\openblas\0.3.7-1.5.2\openblas-0.3.7-1.5.2-android-arm.jar;C:\Users\Administrator\.m2\repository\org\bytedeco\openblas\0.3.7-1.5.2\openblas-0.3.7-1.5.2-android-arm64.jar;C:\Users\Administrator\.m2\repository\org\bytedeco\openblas\0.3.7-1.5.2\openblas-0.3.7-1.5.2-android-x86.jar;C:\Users\Administrator\.m2\repository\org\bytedeco\openblas\0.3.7-1.5.2\openblas-0.3.7-1.5.2-android-x86_64.jar;C:\Users\Administrator\.m2\repository\org\bytedeco\openblas\0.3.7-1.5.2\openblas-0.3.7-1.5.2-ios-arm64.jar;C:\Users\Administrator\.m2\repository\org\bytedeco\openblas\0.3.7-1.5.2\openblas-0.3.7-1.5.2-ios-x86_64.jar;C:\Users\Administrator\.m2\repository\org\bytedeco\openblas\0.3.7-1.5
Launcher Type: SUN_STANDARD

[Global flags]
     intx CICompilerCount                          = 4                                         {product} {ergonomic}
     uint ConcGCThreads                            = 2                                         {product} {ergonomic}
     uint G1ConcRefinementThreads                  = 8                                         {product} {ergonomic}
   size_t G1HeapRegionSize                         = 1048576                                   {product} {ergonomic}
    uintx GCDrainStackTargetSize                   = 64                                        {product} {ergonomic}
   size_t InitialHeapSize                          = 268435456                                 {product} {ergonomic}
   size_t MarkStackSize                            = 4194304                                   {product} {ergonomic}
   size_t MaxHeapSize                              = 4267704320                                {product} {ergonomic}
   size_t MaxNewSize                               = 2560622592                                {product} {ergonomic}
   size_t MinHeapDeltaBytes                        = 1048576                                   {product} {ergonomic}
    uintx NonNMethodCodeHeapSize                   = 5836300                                {pd product} {ergonomic}
    uintx NonProfiledCodeHeapSize                  = 122910970                              {pd product} {ergonomic}
    uintx ProfiledCodeHeapSize                     = 122910970                              {pd product} {ergonomic}
    uintx ReservedCodeCacheSize                    = 251658240                              {pd product} {ergonomic}
     bool SegmentedCodeCache                       = true                                      {product} {ergonomic}
     bool UseCompressedClassPointers               = true                                 {lp64_product} {ergonomic}
     bool UseCompressedOops                        = true                                 {lp64_product} {ergonomic}
     bool UseG1GC                                  = true                                      {product} {ergonomic}
     bool UseLargePagesIndividualAllocation        = false                                  {pd product} {ergonomic}

Logging:
Log output configuration:
 #0: stdout all=warning uptime,level,tags
 #1: stderr all=off uptime,level,tags

Environment Variables:
PATH=C:\Program Files\Common Files\Oracle\Java\javapath;C:\Program Files\Java\jdk1.8.0_201\bin;C:\windows\system32;C:\windows;C:\windows\System32\Wbem;C:\windows\System32\WindowsPowerShell\v1.0\;C:\windows\System32\OpenSSH\;D:\MySQL\MySQL Server 8.0\bin;D:\tools\ffmpeg\ffmpeg-master-latest-win64-gpl-shared\bin;C:\Program Files\Git\cmd;D:\tools\apache-maven-3.9.0\bin;D:\tools\VLC;C:\Program Files\Java\jdk-11\bin;C:\Program Files\dotnet\;D:\MySQL\MySQL Shell 8.0\bin\;C:\Users\Administrator\AppData\Local\Microsoft\WindowsApps;C:\Users\Administrator\.dotnet\tools
USERNAME=Administrator
OS=Windows_NT
PROCESSOR_IDENTIFIER=Intel64 Family 6 Model 158 Stepping 10, GenuineIntel



---------------  S Y S T E M  ---------------

OS: Windows 10 , 64 bit Build 19041 (10.0.19041.2546)

CPU:total 8 (initial active 8) (4 cores per cpu, 2 threads per core) family 6 model 158 stepping 10 microcode 0xb4, cmov, cx8, fxsr, mmx, sse, sse2, sse3, ssse3, sse4.1, sse4.2, popcnt, avx, avx2, aes, clmul, erms, 3dnowpref, lzcnt, ht, tsc, tscinvbit, bmi1, bmi2, adx, fma

Memory: 4k page, system-wide physical 16273M (7851M free)
TotalPageFile size 18705M (AvailPageFile size 6511M)
current process WorkingSet (physical memory assigned to process): 822M, peak: 926M
current process commit charge ("private bytes"): 1280M, peak: 1409M

vm_info: Java HotSpot(TM) 64-Bit Server VM (11.0.18+9-LTS-195) for windows-amd64 JRE (11.0.18+9-LTS-195), built on Dec  6 2022 15:50:58 by "mach5one" with MS VC++ 17.1 (VS2022)

END.
