#
# A fatal error has been detected by the Java Runtime Environment:
#
#  EXCEPTION_ACCESS_VIOLATION (0xc0000005) at pc=0x00007ff9c2358e7a, pid=13468, tid=12560
#
# JRE version: Java(TM) SE Runtime Environment 18.9 (11.0.18+9) (build 11.0.18+9-LTS-195)
# Java VM: Java HotSpot(TM) 64-Bit Server VM 18.9 (11.0.18+9-LTS-195, mixed mode, tiered, compressed oops, g1 gc, windows-amd64)
# Problematic frame:
# C  0x00007ff9c2358e7a
#
# No core dump will be written. Minidumps are not enabled by default on client versions of Windows
#
# If you would like to submit a bug report, please visit:
#   https://bugreport.java.com/bugreport/crash.jsp
# The crash happened outside the Java Virtual Machine in native code.
# See problematic frame for where to report the bug.
#

---------------  S U M M A R Y ------------

Command Line: -javaagent:D:\tools\IntelliJ IDEA 2021.1.1\lib\idea_rt.jar=50862:D:\tools\IntelliJ IDEA 2021.1.1\bin -Dfile.encoding=UTF-8 org.openjfx.Main

Host: Intel(R) Core(TM) i5-8300H CPU @ 2.30GHz, 8 cores, 15G,  Windows 10 , 64 bit Build 19041 (10.0.19041.2546)
Time: Fri Apr  7 16:25:19 2023  Windows 10 , 64 bit Build 19041 (10.0.19041.2546) elapsed time: 79.870754 seconds (0d 0h 1m 19s)

---------------  T H R E A D  ---------------

Current thread (0x00000178b2d26000):  JavaThread "pool-3-thread-1" [_thread_in_native, id=12560, stack(0x000000737a800000,0x000000737a900000)]

Stack: [0x000000737a800000,0x000000737a900000],  sp=0x000000737a8fe7a0,  free space=1017k
Native frames: (J=compiled Java code, j=interpreted, Vv=VM code, C=native code)
C  0x00007ff9c2358e7a

Java frames: (J=compiled Java code, j=interpreted, Vv=VM code)
J 4807  org.bytedeco.ffmpeg.global.avcodec.avcodec_encode_video2(Lorg/bytedeco/ffmpeg/avcodec/AVCodecContext;Lorg/bytedeco/ffmpeg/avcodec/AVPacket;Lorg/bytedeco/ffmpeg/avutil/AVFrame;[I)I (0 bytes) @ 0x000001788f356d48 [0x000001788f356ca0+0x00000000000000a8]
J 4783 c1 org.bytedeco.javacv.FFmpegFrameRecorder.recordImage(IIIIII[Ljava/nio/Buffer;)Z (1008 bytes) @ 0x00000178885c10b4 [0x00000178885be980+0x0000000000002734]
j  org.bytedeco.javacv.FFmpegFrameRecorder.record(Lorg/bytedeco/javacv/Frame;I)V+70
j  org.bytedeco.javacv.FFmpegFrameRecorder.record(Lorg/bytedeco/javacv/Frame;)V+26
j  org.openjfx.service.VideoRecording.dealImage()V+153
j  org.openjfx.service.VideoRecording$2.run()V+4
J 4551 c1 java.util.concurrent.Executors$RunnableAdapter.call()Ljava/lang/Object; java.base@11.0.18 (14 bytes) @ 0x00000178885158d4 [0x00000178885157c0+0x0000000000000114]
J 4550 c1 java.util.concurrent.FutureTask.runAndReset()Z java.base@11.0.18 (125 bytes) @ 0x0000017888513bf4 [0x0000017888513500+0x00000000000006f4]
j  java.util.concurrent.ScheduledThreadPoolExecutor$ScheduledFutureTask.run()V+35 java.base@11.0.18
j  java.util.concurrent.ThreadPoolExecutor.runWorker(Ljava/util/concurrent/ThreadPoolExecutor$Worker;)V+92 java.base@11.0.18
j  java.util.concurrent.ThreadPoolExecutor$Worker.run()V+5 java.base@11.0.18
j  java.lang.Thread.run()V+11 java.base@11.0.18
v  ~StubRoutines::call_stub

siginfo: EXCEPTION_ACCESS_VIOLATION (0xc0000005), writing address 0x0000000000000070


Register to memory mapping:

RIP=0x00007ff9c2358e7a points into unknown readable memory: 48 89 0a 48 89 93
RAX=0x000000000000000f is an unknown value
RBX=0x00000178b3ede840 points into unknown readable memory: 0x00007ff9c448ffc0 | c0 ff 48 c4 f9 7f 00 00
RCX=0x0 is NULL
RDX=0x0000000000000070 is an unknown value
RSP=0x000000737a8fe7a0 is pointing into the stack for thread: 0x00000178b2d26000
RBP=0x000000737a8fe810 is pointing into the stack for thread: 0x00000178b2d26000
RSI=0x00000178b3ede3c0 points into unknown readable memory: 0x00007ff9c4533540 | 40 35 53 c4 f9 7f 00 00
RDI=0x000000737a8fe900 is pointing into the stack for thread: 0x00000178b2d26000
R8 =0x00000178b424fd00 is an unknown value
R9 =0x00000178a2e4d270 points into unknown readable memory: 0x0000017800000000 | 00 00 00 00 78 01 00 00
R10=0x0 is NULL
R11=0xbc0000000000000f is an unknown value
R12=0x00000178fba8c590 points into unknown readable memory: 0x0000000000000000 | 00 00 00 00 00 00 00 00
R13=0x00000178b424fd00 is an unknown value
R14=0x0 is NULL
R15=0x0000000000000008 is an unknown value


Registers:
RAX=0x000000000000000f, RBX=0x00000178b3ede840, RCX=0x0000000000000000, RDX=0x0000000000000070
RSP=0x000000737a8fe7a0, RBP=0x000000737a8fe810, RSI=0x00000178b3ede3c0, RDI=0x000000737a8fe900
R8 =0x00000178b424fd00, R9 =0x00000178a2e4d270, R10=0x0000000000000000, R11=0xbc0000000000000f
R12=0x00000178fba8c590, R13=0x00000178b424fd00, R14=0x0000000000000000, R15=0x0000000000000008
RIP=0x00007ff9c2358e7a, EFLAGS=0x0000000000010206

Top of Stack: (sp=0x000000737a8fe7a0)
0x000000737a8fe7a0:   00000178fb940000 0000017800000007
0x000000737a8fe7b0:   0000000000000004 ffffdac800000000
0x000000737a8fe7c0:   0000383800003838 00000003ffffd0e3
0x000000737a8fe7d0:   00000178b3edec00 0000000000001680
0x000000737a8fe7e0:   0000000000000f00 00000003000003c0
0x000000737a8fe7f0:   0000000000002d00 0000000000000000
0x000000737a8fe800:   0000000000000780 0000000000001680
0x000000737a8fe810:   0000000000000000 0000000000000000
0x000000737a8fe820:   0000000000000000 0000000000000000
0x000000737a8fe830:   0000000000000000 0000000000000000
0x000000737a8fe840:   0000000000000000 0000000000000000
0x000000737a8fe850:   0000000000000000 0000000000000000
0x000000737a8fe860:   0000000000000000 0000000000000000
0x000000737a8fe870:   0000000000000000 0000000000000000
0x000000737a8fe880:   0000000000000000 0000000000000000
0x000000737a8fe890:   0000000000000000 0000000000000000 

Instructions: (pc=0x00007ff9c2358e7a)
0x00007ff9c2358e5a:   00 48 8b 93 b0 05 00 00 48 89 83 d0 03 00 00 48
0x00007ff9c2358e6a:   8d 14 ca 48 89 c8 49 8b 8d 08 01 00 00 83 c0 01
0x00007ff9c2358e7a:   48 89 0a 48 89 93 a8 04 00 00 99 f7 bb a8 05 00
0x00007ff9c2358e8a:   00 41 8b 45 7c 83 f8 02 89 93 ac 05 00 00 0f 84 


Stack slot to memory mapping:
stack at sp + 0 slots: 0x00000178fb940000 points into unknown readable memory: 0x0000000000000000 | 00 00 00 00 00 00 00 00
stack at sp + 1 slots: 0x0000017800000007 is an unknown value
stack at sp + 2 slots: 0x0000000000000004 is an unknown value
stack at sp + 3 slots: 0xffffdac800000000 is an unknown value
stack at sp + 4 slots: 0x0000383800003838 is an unknown value
stack at sp + 5 slots: 0x00000003ffffd0e3 is an unknown value
stack at sp + 6 slots: 0x00000178b3edec00 points into unknown readable memory: 0x0000000000000000 | 00 00 00 00 00 00 00 00
stack at sp + 7 slots: 0x0000000000001680 is an unknown value


---------------  P R O C E S S  ---------------

Threads class SMR info:
_java_thread_list=0x00000178aa040720, length=24, elements={
0x00000178fdaeb800, 0x00000178a10d8000, 0x00000178a10d9000, 0x00000178a116a800,
0x00000178a116c800, 0x00000178a116f000, 0x00000178a117a000, 0x00000178a1181800,
0x00000178a1182800, 0x00000178a1455000, 0x00000178a23e5800, 0x00000178a1b57000,
0x00000178a262a800, 0x00000178a2d8d000, 0x00000178a2cdf800, 0x00000178a2bce000,
0x00000178a8512000, 0x00000178aa24b000, 0x00000178a9aeb800, 0x00000178a9ae9800,
0x00000178a9aea800, 0x00000178a9ae9000, 0x00000178b2d26000, 0x00000178b2d23800
}

Java Threads: ( => current thread )
  0x00000178fdaeb800 JavaThread "main" [_thread_blocked, id=7800, stack(0x0000007376400000,0x0000007376500000)]
  0x00000178a10d8000 JavaThread "Reference Handler" daemon [_thread_blocked, id=7312, stack(0x0000007376b00000,0x0000007376c00000)]
  0x00000178a10d9000 JavaThread "Finalizer" daemon [_thread_blocked, id=13452, stack(0x0000007376c00000,0x0000007376d00000)]
  0x00000178a116a800 JavaThread "Signal Dispatcher" daemon [_thread_blocked, id=9928, stack(0x0000007376d00000,0x0000007376e00000)]
  0x00000178a116c800 JavaThread "Attach Listener" daemon [_thread_blocked, id=10004, stack(0x0000007376e00000,0x0000007376f00000)]
  0x00000178a116f000 JavaThread "Service Thread" daemon [_thread_blocked, id=11528, stack(0x0000007376f00000,0x0000007377000000)]
  0x00000178a117a000 JavaThread "C2 CompilerThread0" daemon [_thread_blocked, id=1140, stack(0x0000007377000000,0x0000007377100000)]
  0x00000178a1181800 JavaThread "C1 CompilerThread0" daemon [_thread_blocked, id=5964, stack(0x0000007377100000,0x0000007377200000)]
  0x00000178a1182800 JavaThread "Sweeper thread" daemon [_thread_blocked, id=2720, stack(0x0000007377200000,0x0000007377300000)]
  0x00000178a1455000 JavaThread "Common-Cleaner" daemon [_thread_blocked, id=7992, stack(0x0000007377300000,0x0000007377400000)]
  0x00000178a23e5800 JavaThread "Monitor Ctrl-Break" daemon [_thread_in_native, id=3512, stack(0x0000007377500000,0x0000007377600000)]
  0x00000178a1b57000 JavaThread "JavaFX-Launcher" [_thread_blocked, id=10088, stack(0x0000007377700000,0x0000007377800000)]
  0x00000178a262a800 JavaThread "QuantumRenderer-0" daemon [_thread_blocked, id=6996, stack(0x0000007377800000,0x0000007377900000)]
  0x00000178a2d8d000 JavaThread "InvokeLaterDispatcher" daemon [_thread_blocked, id=6288, stack(0x0000007377900000,0x0000007377a00000)]
  0x00000178a2cdf800 JavaThread "JavaFX Application Thread" [_thread_in_native, id=6304, stack(0x0000007377a00000,0x0000007377b00000)]
  0x00000178a2bce000 JavaThread "Thread-2" daemon [_thread_in_native, id=2376, stack(0x0000007378300000,0x0000007378400000)]
  0x00000178a8512000 JavaThread "Prism Font Disposer" daemon [_thread_blocked, id=12964, stack(0x0000007378700000,0x0000007378800000)]
  0x00000178aa24b000 JavaThread "Cleaner-0" daemon [_thread_blocked, id=14120, stack(0x0000007378b00000,0x0000007378c00000)]
  0x00000178a9aeb800 JavaThread "mysql-cj-abandoned-connection-cleanup" daemon [_thread_blocked, id=2044, stack(0x0000007377400000,0x0000007377500000)]
  0x00000178a9ae9800 JavaThread "Java2D Disposer" daemon [_thread_blocked, id=1832, stack(0x0000007378d00000,0x0000007378e00000)]
  0x00000178a9aea800 JavaThread "AWT-Windows" daemon [_thread_in_native, id=10652, stack(0x0000007378f00000,0x0000007379000000)]
  0x00000178a9ae9000 JavaThread "JavaCPP Deallocator" daemon [_thread_blocked, id=12876, stack(0x0000007378e00000,0x0000007378f00000)]
=>0x00000178b2d26000 JavaThread "pool-3-thread-1" [_thread_in_native, id=12560, stack(0x000000737a800000,0x000000737a900000)]
  0x00000178b2d23800 JavaThread "AWT-Shutdown" [_thread_blocked, id=14848, stack(0x000000737a900000,0x000000737aa00000)]

Other Threads:
  0x00000178a10d5000 VMThread "VM Thread" [stack: 0x0000007376a00000,0x0000007376b00000] [id=3756]
  0x00000178a1ab8800 WatcherThread [stack: 0x0000007377600000,0x0000007377700000] [id=12992]
  0x00000178fdb00800 GCTaskThread "GC Thread#0" [stack: 0x0000007376500000,0x0000007376600000] [id=6368]
  0x00000178a2dba800 GCTaskThread "GC Thread#1" [stack: 0x0000007377e00000,0x0000007377f00000] [id=6840]
  0x00000178a2d1a800 GCTaskThread "GC Thread#2" [stack: 0x0000007377f00000,0x0000007378000000] [id=8420]
  0x00000178a2d82800 GCTaskThread "GC Thread#3" [stack: 0x0000007378000000,0x0000007378100000] [id=14168]
  0x00000178a2dbe000 GCTaskThread "GC Thread#4" [stack: 0x0000007378100000,0x0000007378200000] [id=8212]
  0x00000178a2dbb800 GCTaskThread "GC Thread#5" [stack: 0x0000007378200000,0x0000007378300000] [id=14448]
  0x00000178aa21a000 GCTaskThread "GC Thread#6" [stack: 0x0000007378800000,0x0000007378900000] [id=6852]
  0x00000178ab383800 GCTaskThread "GC Thread#7" [stack: 0x0000007378c00000,0x0000007378d00000] [id=3564]
  0x00000178fdb5c000 ConcurrentGCThread "G1 Main Marker" [stack: 0x0000007376600000,0x0000007376700000] [id=6908]
  0x00000178fdb5e000 ConcurrentGCThread "G1 Conc#0" [stack: 0x0000007376700000,0x0000007376800000] [id=4472]
  0x00000178a842c000 ConcurrentGCThread "G1 Conc#1" [stack: 0x0000007378900000,0x0000007378a00000] [id=12700]
  0x00000178a0730800 ConcurrentGCThread "G1 Refine#0" [stack: 0x0000007376800000,0x0000007376900000] [id=9332]
  0x00000178a0731800 ConcurrentGCThread "G1 Young RemSet Sampling" [stack: 0x0000007376900000,0x0000007376a00000] [id=9560]

Threads with active compile tasks:

VM state:not at safepoint (normal execution)

VM Mutex/Monitor currently owned by a thread: None

Heap address: 0x0000000701a00000, size: 4070 MB, Compressed Oops mode: Zero based, Oop shift amount: 3
Narrow klass base: 0x0000000800000000, Narrow klass shift: 0
Compressed class space size: 1073741824 Address: 0x0000000800000000

Heap:
 garbage-first heap   total 262144K, used 113749K [0x0000000701a00000, 0x0000000800000000)
  region size 1024K, 3 young (3072K), 1 survivors (1024K)
 Metaspace       used 39392K, capacity 40778K, committed 40912K, reserved 1085440K
  class space    used 4779K, capacity 5356K, committed 5460K, reserved 1048576K
Heap Regions: E=young(eden), S=young(survivor), O=old, HS=humongous(starts), HC=humongous(continues), CS=collection set, F=free, A=archive, TAMS=top-at-mark-start (previous, next)
|   0|0x0000000701a00000, 0x0000000701b00000, 0x0000000701b00000|100%| O|  |TAMS 0x0000000701b00000, 0x0000000701a00000| Untracked 
|   1|0x0000000701b00000, 0x0000000701c00000, 0x0000000701c00000|100%| O|  |TAMS 0x0000000701c00000, 0x0000000701b00000| Untracked 
|   2|0x0000000701c00000, 0x0000000701d00000, 0x0000000701d00000|100%| O|  |TAMS 0x0000000701d00000, 0x0000000701c00000| Untracked 
|   3|0x0000000701d00000, 0x0000000701e00000, 0x0000000701e00000|100%| O|  |TAMS 0x0000000701e00000, 0x0000000701d00000| Untracked 
|   4|0x0000000701e00000, 0x0000000701f00000, 0x0000000701f00000|100%| O|  |TAMS 0x0000000701f00000, 0x0000000701e00000| Untracked 
|   5|0x0000000701f00000, 0x0000000702000000, 0x0000000702000000|100%| O|  |TAMS 0x0000000702000000, 0x0000000701f00000| Untracked 
|   6|0x0000000702000000, 0x0000000702100000, 0x0000000702100000|100%| O|  |TAMS 0x0000000702100000, 0x0000000702000000| Untracked 
|   7|0x0000000702100000, 0x0000000702200000, 0x0000000702200000|100%| O|  |TAMS 0x0000000702200000, 0x0000000702100000| Untracked 
|   8|0x0000000702200000, 0x0000000702300000, 0x0000000702300000|100%|HS|  |TAMS 0x0000000702300000, 0x0000000702200000| Complete 
|   9|0x0000000702300000, 0x0000000702400000, 0x0000000702400000|100%|HC|  |TAMS 0x0000000702400000, 0x0000000702300000| Complete 
|  10|0x0000000702400000, 0x0000000702500000, 0x0000000702500000|100%| O|  |TAMS 0x0000000702500000, 0x0000000702400000| Untracked 
|  11|0x0000000702500000, 0x0000000702600000, 0x0000000702600000|100%| O|  |TAMS 0x0000000702600000, 0x0000000702500000| Untracked 
|  12|0x0000000702600000, 0x0000000702700000, 0x0000000702700000|100%|HS|  |TAMS 0x0000000702700000, 0x0000000702600000| Complete 
|  13|0x0000000702700000, 0x0000000702800000, 0x0000000702800000|100%|HS|  |TAMS 0x0000000702800000, 0x0000000702700000| Complete 
|  14|0x0000000702800000, 0x0000000702900000, 0x0000000702900000|100%|HC|  |TAMS 0x0000000702900000, 0x0000000702800000| Complete 
|  15|0x0000000702900000, 0x0000000702a00000, 0x0000000702a00000|100%|HC|  |TAMS 0x0000000702a00000, 0x0000000702900000| Complete 
|  16|0x0000000702a00000, 0x0000000702b00000, 0x0000000702b00000|100%|HC|  |TAMS 0x0000000702b00000, 0x0000000702a00000| Complete 
|  17|0x0000000702b00000, 0x0000000702c00000, 0x0000000702c00000|100%|HC|  |TAMS 0x0000000702c00000, 0x0000000702b00000| Complete 
|  18|0x0000000702c00000, 0x0000000702d00000, 0x0000000702d00000|100%|HC|  |TAMS 0x0000000702d00000, 0x0000000702c00000| Complete 
|  19|0x0000000702d00000, 0x0000000702e00000, 0x0000000702e00000|100%|HC|  |TAMS 0x0000000702e00000, 0x0000000702d00000| Complete 
|  20|0x0000000702e00000, 0x0000000702f00000, 0x0000000702f00000|100%|HC|  |TAMS 0x0000000702f00000, 0x0000000702e00000| Complete 
|  21|0x0000000702f00000, 0x0000000703000000, 0x0000000703000000|100%|HS|  |TAMS 0x0000000703000000, 0x0000000702f00000| Complete 
|  22|0x0000000703000000, 0x0000000703100000, 0x0000000703100000|100%|HC|  |TAMS 0x0000000703100000, 0x0000000703000000| Complete 
|  23|0x0000000703100000, 0x0000000703200000, 0x0000000703200000|100%|HC|  |TAMS 0x0000000703200000, 0x0000000703100000| Complete 
|  24|0x0000000703200000, 0x0000000703300000, 0x0000000703300000|100%|HC|  |TAMS 0x0000000703300000, 0x0000000703200000| Complete 
|  25|0x0000000703300000, 0x0000000703400000, 0x0000000703400000|100%|HC|  |TAMS 0x0000000703400000, 0x0000000703300000| Complete 
|  26|0x0000000703400000, 0x0000000703500000, 0x0000000703500000|100%|HC|  |TAMS 0x0000000703500000, 0x0000000703400000| Complete 
|  27|0x0000000703500000, 0x0000000703600000, 0x0000000703600000|100%|HS|  |TAMS 0x0000000703600000, 0x0000000703500000| Complete 
|  28|0x0000000703600000, 0x0000000703700000, 0x0000000703700000|100%|HC|  |TAMS 0x0000000703700000, 0x0000000703600000| Complete 
|  29|0x0000000703700000, 0x0000000703800000, 0x0000000703800000|100%|HC|  |TAMS 0x0000000703800000, 0x0000000703700000| Complete 
|  30|0x0000000703800000, 0x0000000703900000, 0x0000000703900000|100%|HC|  |TAMS 0x0000000703900000, 0x0000000703800000| Complete 
|  31|0x0000000703900000, 0x0000000703a00000, 0x0000000703a00000|100%|HC|  |TAMS 0x0000000703a00000, 0x0000000703900000| Complete 
|  32|0x0000000703a00000, 0x0000000703b00000, 0x0000000703b00000|100%|HC|  |TAMS 0x0000000703b00000, 0x0000000703a00000| Complete 
|  33|0x0000000703b00000, 0x0000000703c00000, 0x0000000703c00000|100%|HC|  |TAMS 0x0000000703c00000, 0x0000000703b00000| Complete 
|  34|0x0000000703c00000, 0x0000000703d00000, 0x0000000703d00000|100%|HC|  |TAMS 0x0000000703d00000, 0x0000000703c00000| Complete 
|  35|0x0000000703d00000, 0x0000000703e00000, 0x0000000703e00000|100%|HS|  |TAMS 0x0000000703e00000, 0x0000000703d00000| Complete 
|  36|0x0000000703e00000, 0x0000000703f00000, 0x0000000703f00000|100%|HC|  |TAMS 0x0000000703f00000, 0x0000000703e00000| Complete 
|  37|0x0000000703f00000, 0x0000000704000000, 0x0000000704000000|100%|HC|  |TAMS 0x0000000704000000, 0x0000000703f00000| Complete 
|  38|0x0000000704000000, 0x0000000704100000, 0x0000000704100000|100%|HC|  |TAMS 0x0000000704100000, 0x0000000704000000| Complete 
|  39|0x0000000704100000, 0x0000000704200000, 0x0000000704200000|100%|HC|  |TAMS 0x0000000704200000, 0x0000000704100000| Complete 
|  40|0x0000000704200000, 0x0000000704300000, 0x0000000704300000|100%|HC|  |TAMS 0x0000000704300000, 0x0000000704200000| Complete 
|  41|0x0000000704300000, 0x0000000704400000, 0x0000000704400000|100%|HS|  |TAMS 0x0000000704400000, 0x0000000704300000| Complete 
|  42|0x0000000704400000, 0x0000000704500000, 0x0000000704500000|100%|HC|  |TAMS 0x0000000704500000, 0x0000000704400000| Complete 
|  43|0x0000000704500000, 0x0000000704600000, 0x0000000704600000|100%|HC|  |TAMS 0x0000000704600000, 0x0000000704500000| Complete 
|  44|0x0000000704600000, 0x0000000704700000, 0x0000000704700000|100%|HC|  |TAMS 0x0000000704700000, 0x0000000704600000| Complete 
|  45|0x0000000704700000, 0x0000000704800000, 0x0000000704800000|100%|HC|  |TAMS 0x0000000704800000, 0x0000000704700000| Complete 
|  46|0x0000000704800000, 0x0000000704900000, 0x0000000704900000|100%|HC|  |TAMS 0x0000000704900000, 0x0000000704800000| Complete 
|  47|0x0000000704900000, 0x0000000704a00000, 0x0000000704a00000|100%|HC|  |TAMS 0x0000000704a00000, 0x0000000704900000| Complete 
|  48|0x0000000704a00000, 0x0000000704b00000, 0x0000000704b00000|100%|HC|  |TAMS 0x0000000704b00000, 0x0000000704a00000| Complete 
|  49|0x0000000704b00000, 0x0000000704c00000, 0x0000000704c00000|100%|HS|  |TAMS 0x0000000704c00000, 0x0000000704b00000| Complete 
|  50|0x0000000704c00000, 0x0000000704d00000, 0x0000000704d00000|100%|HC|  |TAMS 0x0000000704d00000, 0x0000000704c00000| Complete 
|  51|0x0000000704d00000, 0x0000000704e00000, 0x0000000704e00000|100%|HC|  |TAMS 0x0000000704e00000, 0x0000000704d00000| Complete 
|  52|0x0000000704e00000, 0x0000000704f00000, 0x0000000704f00000|100%|HC|  |TAMS 0x0000000704f00000, 0x0000000704e00000| Complete 
|  53|0x0000000704f00000, 0x0000000705000000, 0x0000000705000000|100%|HC|  |TAMS 0x0000000705000000, 0x0000000704f00000| Complete 
|  54|0x0000000705000000, 0x0000000705100000, 0x0000000705100000|100%|HC|  |TAMS 0x0000000705100000, 0x0000000705000000| Complete 
|  55|0x0000000705100000, 0x0000000705200000, 0x0000000705200000|100%|HS|  |TAMS 0x0000000705200000, 0x0000000705100000| Complete 
|  56|0x0000000705200000, 0x0000000705300000, 0x0000000705300000|100%|HC|  |TAMS 0x0000000705300000, 0x0000000705200000| Complete 
|  57|0x0000000705300000, 0x0000000705400000, 0x0000000705400000|100%|HC|  |TAMS 0x0000000705400000, 0x0000000705300000| Complete 
|  58|0x0000000705400000, 0x0000000705500000, 0x0000000705500000|100%|HC|  |TAMS 0x0000000705500000, 0x0000000705400000| Complete 
|  59|0x0000000705500000, 0x0000000705600000, 0x0000000705600000|100%|HC|  |TAMS 0x0000000705600000, 0x0000000705500000| Complete 
|  60|0x0000000705600000, 0x0000000705700000, 0x0000000705700000|100%|HC|  |TAMS 0x0000000705700000, 0x0000000705600000| Complete 
|  61|0x0000000705700000, 0x0000000705800000, 0x0000000705800000|100%|HC|  |TAMS 0x0000000705800000, 0x0000000705700000| Complete 
|  62|0x0000000705800000, 0x0000000705900000, 0x0000000705900000|100%|HC|  |TAMS 0x0000000705900000, 0x0000000705800000| Complete 
|  63|0x0000000705900000, 0x0000000705a00000, 0x0000000705a00000|100%|HS|  |TAMS 0x0000000705a00000, 0x0000000705900000| Complete 
|  64|0x0000000705a00000, 0x0000000705b00000, 0x0000000705b00000|100%|HC|  |TAMS 0x0000000705b00000, 0x0000000705a00000| Complete 
|  65|0x0000000705b00000, 0x0000000705c00000, 0x0000000705c00000|100%|HC|  |TAMS 0x0000000705c00000, 0x0000000705b00000| Complete 
|  66|0x0000000705c00000, 0x0000000705d00000, 0x0000000705d00000|100%|HC|  |TAMS 0x0000000705d00000, 0x0000000705c00000| Complete 
|  67|0x0000000705d00000, 0x0000000705e00000, 0x0000000705e00000|100%|HC|  |TAMS 0x0000000705e00000, 0x0000000705d00000| Complete 
|  68|0x0000000705e00000, 0x0000000705f00000, 0x0000000705f00000|100%|HC|  |TAMS 0x0000000705f00000, 0x0000000705e00000| Complete 
|  69|0x0000000705f00000, 0x0000000706000000, 0x0000000706000000|100%|HS|  |TAMS 0x0000000706000000, 0x0000000705f00000| Complete 
|  70|0x0000000706000000, 0x0000000706100000, 0x0000000706100000|100%|HC|  |TAMS 0x0000000706100000, 0x0000000706000000| Complete 
|  71|0x0000000706100000, 0x0000000706200000, 0x0000000706200000|100%|HC|  |TAMS 0x0000000706200000, 0x0000000706100000| Complete 
|  72|0x0000000706200000, 0x0000000706300000, 0x0000000706300000|100%|HC|  |TAMS 0x0000000706300000, 0x0000000706200000| Complete 
|  73|0x0000000706300000, 0x0000000706400000, 0x0000000706400000|100%|HC|  |TAMS 0x0000000706400000, 0x0000000706300000| Complete 
|  74|0x0000000706400000, 0x0000000706500000, 0x0000000706500000|100%|HC|  |TAMS 0x0000000706500000, 0x0000000706400000| Complete 
|  75|0x0000000706500000, 0x0000000706600000, 0x0000000706600000|100%|HS|  |TAMS 0x0000000706500000, 0x0000000706500000| Complete 
|  76|0x0000000706600000, 0x0000000706700000, 0x0000000706700000|100%|HC|  |TAMS 0x0000000706600000, 0x0000000706600000| Complete 
|  77|0x0000000706700000, 0x0000000706800000, 0x0000000706800000|100%|HC|  |TAMS 0x0000000706700000, 0x0000000706700000| Complete 
|  78|0x0000000706800000, 0x0000000706900000, 0x0000000706900000|100%|HC|  |TAMS 0x0000000706800000, 0x0000000706800000| Complete 
|  79|0x0000000706900000, 0x0000000706a00000, 0x0000000706a00000|100%|HC|  |TAMS 0x0000000706900000, 0x0000000706900000| Complete 
|  80|0x0000000706a00000, 0x0000000706b00000, 0x0000000706b00000|100%|HC|  |TAMS 0x0000000706a00000, 0x0000000706a00000| Complete 
|  81|0x0000000706b00000, 0x0000000706c00000, 0x0000000706c00000|100%|HS|  |TAMS 0x0000000706c00000, 0x0000000706b00000| Complete 
|  82|0x0000000706c00000, 0x0000000706d00000, 0x0000000706d00000|100%|HC|  |TAMS 0x0000000706d00000, 0x0000000706c00000| Complete 
|  83|0x0000000706d00000, 0x0000000706e00000, 0x0000000706e00000|100%|HC|  |TAMS 0x0000000706e00000, 0x0000000706d00000| Complete 
|  84|0x0000000706e00000, 0x0000000706f00000, 0x0000000706f00000|100%|HC|  |TAMS 0x0000000706f00000, 0x0000000706e00000| Complete 
|  85|0x0000000706f00000, 0x0000000707000000, 0x0000000707000000|100%|HC|  |TAMS 0x0000000707000000, 0x0000000706f00000| Complete 
|  86|0x0000000707000000, 0x0000000707100000, 0x0000000707100000|100%|HC|  |TAMS 0x0000000707100000, 0x0000000707000000| Complete 
|  87|0x0000000707100000, 0x0000000707200000, 0x0000000707200000|100%|HC|  |TAMS 0x0000000707200000, 0x0000000707100000| Complete 
|  88|0x0000000707200000, 0x0000000707300000, 0x0000000707300000|100%|HC|  |TAMS 0x0000000707300000, 0x0000000707200000| Complete 
|  89|0x0000000707300000, 0x0000000707400000, 0x0000000707400000|100%| O|  |TAMS 0x0000000707400000, 0x0000000707300000| Untracked 
|  90|0x0000000707400000, 0x0000000707500000, 0x0000000707500000|100%| O|  |TAMS 0x0000000707500000, 0x0000000707400000| Untracked 
|  91|0x0000000707500000, 0x0000000707600000, 0x0000000707600000|100%|HS|  |TAMS 0x0000000707500000, 0x0000000707500000| Complete 
|  92|0x0000000707600000, 0x0000000707700000, 0x0000000707700000|100%|HC|  |TAMS 0x0000000707600000, 0x0000000707600000| Complete 
|  93|0x0000000707700000, 0x0000000707800000, 0x0000000707800000|100%|HC|  |TAMS 0x0000000707700000, 0x0000000707700000| Complete 
|  94|0x0000000707800000, 0x0000000707900000, 0x0000000707900000|100%|HC|  |TAMS 0x0000000707800000, 0x0000000707800000| Complete 
|  95|0x0000000707900000, 0x0000000707a00000, 0x0000000707a00000|100%|HC|  |TAMS 0x0000000707900000, 0x0000000707900000| Complete 
|  96|0x0000000707a00000, 0x0000000707b00000, 0x0000000707b00000|100%|HC|  |TAMS 0x0000000707a00000, 0x0000000707a00000| Complete 
|  97|0x0000000707b00000, 0x0000000707c00000, 0x0000000707c00000|100%|HC|  |TAMS 0x0000000707b00000, 0x0000000707b00000| Complete 
|  98|0x0000000707c00000, 0x0000000707d00000, 0x0000000707d00000|100%|HC|  |TAMS 0x0000000707c00000, 0x0000000707c00000| Complete 
|  99|0x0000000707d00000, 0x0000000707e00000, 0x0000000707e00000|100%| O|  |TAMS 0x0000000707e00000, 0x0000000707d00000| Untracked 
| 100|0x0000000707e00000, 0x0000000707f00000, 0x0000000707f00000|100%| O|  |TAMS 0x0000000707f00000, 0x0000000707e00000| Untracked 
| 101|0x0000000707f00000, 0x0000000708000000, 0x0000000708000000|100%| O|  |TAMS 0x0000000708000000, 0x0000000707f00000| Untracked 
| 102|0x0000000708000000, 0x0000000708100000, 0x0000000708100000|100%| O|  |TAMS 0x0000000708100000, 0x0000000708000000| Untracked 
| 103|0x0000000708100000, 0x0000000708100000, 0x0000000708200000|  0%| F|  |TAMS 0x0000000708100000, 0x0000000708100000| Untracked 
| 104|0x0000000708200000, 0x0000000708200000, 0x0000000708300000|  0%| F|  |TAMS 0x0000000708200000, 0x0000000708200000| Untracked 
| 105|0x0000000708300000, 0x0000000708300000, 0x0000000708400000|  0%| F|  |TAMS 0x0000000708300000, 0x0000000708300000| Untracked 
| 106|0x0000000708400000, 0x0000000708400000, 0x0000000708500000|  0%| F|  |TAMS 0x0000000708400000, 0x0000000708400000| Untracked 
| 107|0x0000000708500000, 0x0000000708500000, 0x0000000708600000|  0%| F|  |TAMS 0x0000000708500000, 0x0000000708500000| Untracked 
| 108|0x0000000708600000, 0x0000000708600000, 0x0000000708700000|  0%| F|  |TAMS 0x0000000708600000, 0x0000000708600000| Untracked 
| 109|0x0000000708700000, 0x0000000708700000, 0x0000000708800000|  0%| F|  |TAMS 0x0000000708700000, 0x0000000708700000| Untracked 
| 110|0x0000000708800000, 0x0000000708800000, 0x0000000708900000|  0%| F|  |TAMS 0x0000000708800000, 0x0000000708800000| Untracked 
| 111|0x0000000708900000, 0x0000000708a00000, 0x0000000708a00000|100%| O|  |TAMS 0x0000000708a00000, 0x0000000708900000| Untracked 
| 112|0x0000000708a00000, 0x0000000708b00000, 0x0000000708b00000|100%| O|  |TAMS 0x0000000708b00000, 0x0000000708a00000| Untracked 
| 113|0x0000000708b00000, 0x0000000708c00000, 0x0000000708c00000|100%| O|  |TAMS 0x0000000708c00000, 0x0000000708b00000| Untracked 
| 114|0x0000000708c00000, 0x0000000708d00000, 0x0000000708d00000|100%| O|  |TAMS 0x0000000708d00000, 0x0000000708c00000| Untracked 
| 115|0x0000000708d00000, 0x0000000708e00000, 0x0000000708e00000|100%| O|  |TAMS 0x0000000708e00000, 0x0000000708d00000| Untracked 
| 116|0x0000000708e00000, 0x0000000708e11e00, 0x0000000708f00000|  6%| O|  |TAMS 0x0000000708e11e00, 0x0000000708e00000| Untracked 
| 117|0x0000000708f00000, 0x0000000708f00000, 0x0000000709000000|  0%| F|  |TAMS 0x0000000708f00000, 0x0000000708f00000| Untracked 
| 118|0x0000000709000000, 0x0000000709000000, 0x0000000709100000|  0%| F|  |TAMS 0x0000000709000000, 0x0000000709000000| Untracked 
| 119|0x0000000709100000, 0x0000000709100000, 0x0000000709200000|  0%| F|  |TAMS 0x0000000709100000, 0x0000000709100000| Untracked 
| 120|0x0000000709200000, 0x0000000709200000, 0x0000000709300000|  0%| F|  |TAMS 0x0000000709200000, 0x0000000709200000| Untracked 
| 121|0x0000000709300000, 0x0000000709300000, 0x0000000709400000|  0%| F|  |TAMS 0x0000000709300000, 0x0000000709300000| Untracked 
| 122|0x0000000709400000, 0x0000000709400000, 0x0000000709500000|  0%| F|  |TAMS 0x0000000709400000, 0x0000000709400000| Untracked 
| 123|0x0000000709500000, 0x0000000709500000, 0x0000000709600000|  0%| F|  |TAMS 0x0000000709500000, 0x0000000709500000| Untracked 
| 124|0x0000000709600000, 0x0000000709600000, 0x0000000709700000|  0%| F|  |TAMS 0x0000000709600000, 0x0000000709600000| Untracked 
| 125|0x0000000709700000, 0x0000000709800000, 0x0000000709800000|100%| O|  |TAMS 0x0000000709800000, 0x0000000709700000| Untracked 
| 126|0x0000000709800000, 0x0000000709900000, 0x0000000709900000|100%| O|  |TAMS 0x0000000709900000, 0x0000000709800000| Untracked 
| 127|0x0000000709900000, 0x0000000709900000, 0x0000000709a00000|  0%| F|  |TAMS 0x0000000709900000, 0x0000000709900000| Untracked 
| 128|0x0000000709a00000, 0x0000000709a00000, 0x0000000709b00000|  0%| F|  |TAMS 0x0000000709a00000, 0x0000000709a00000| Untracked 
| 129|0x0000000709b00000, 0x0000000709b00000, 0x0000000709c00000|  0%| F|  |TAMS 0x0000000709b00000, 0x0000000709b00000| Untracked 
| 130|0x0000000709c00000, 0x0000000709c00000, 0x0000000709d00000|  0%| F|  |TAMS 0x0000000709c00000, 0x0000000709c00000| Untracked 
| 131|0x0000000709d00000, 0x0000000709d00000, 0x0000000709e00000|  0%| F|  |TAMS 0x0000000709d00000, 0x0000000709d00000| Untracked 
| 132|0x0000000709e00000, 0x0000000709e00000, 0x0000000709f00000|  0%| F|  |TAMS 0x0000000709e00000, 0x0000000709e00000| Untracked 
| 133|0x0000000709f00000, 0x0000000709f00000, 0x000000070a000000|  0%| F|  |TAMS 0x0000000709f00000, 0x0000000709f00000| Untracked 
| 134|0x000000070a000000, 0x000000070a000000, 0x000000070a100000|  0%| F|  |TAMS 0x000000070a000000, 0x000000070a000000| Untracked 
| 135|0x000000070a100000, 0x000000070a100000, 0x000000070a200000|  0%| F|  |TAMS 0x000000070a100000, 0x000000070a100000| Untracked 
| 136|0x000000070a200000, 0x000000070a200000, 0x000000070a300000|  0%| F|  |TAMS 0x000000070a200000, 0x000000070a200000| Untracked 
| 137|0x000000070a300000, 0x000000070a300000, 0x000000070a400000|  0%| F|  |TAMS 0x000000070a300000, 0x000000070a300000| Untracked 
| 138|0x000000070a400000, 0x000000070a400000, 0x000000070a500000|  0%| F|  |TAMS 0x000000070a400000, 0x000000070a400000| Untracked 
| 139|0x000000070a500000, 0x000000070a500000, 0x000000070a600000|  0%| F|  |TAMS 0x000000070a500000, 0x000000070a500000| Untracked 
| 140|0x000000070a600000, 0x000000070a600000, 0x000000070a700000|  0%| F|  |TAMS 0x000000070a600000, 0x000000070a600000| Untracked 
| 141|0x000000070a700000, 0x000000070a700000, 0x000000070a800000|  0%| F|  |TAMS 0x000000070a700000, 0x000000070a700000| Untracked 
| 142|0x000000070a800000, 0x000000070a800000, 0x000000070a900000|  0%| F|  |TAMS 0x000000070a800000, 0x000000070a800000| Untracked 
| 143|0x000000070a900000, 0x000000070a900000, 0x000000070aa00000|  0%| F|  |TAMS 0x000000070a900000, 0x000000070a900000| Untracked 
| 144|0x000000070aa00000, 0x000000070aa00000, 0x000000070ab00000|  0%| F|  |TAMS 0x000000070aa00000, 0x000000070aa00000| Untracked 
| 145|0x000000070ab00000, 0x000000070ab00000, 0x000000070ac00000|  0%| F|  |TAMS 0x000000070ab00000, 0x000000070ab00000| Untracked 
| 146|0x000000070ac00000, 0x000000070ac00000, 0x000000070ad00000|  0%| F|  |TAMS 0x000000070ac00000, 0x000000070ac00000| Untracked 
| 147|0x000000070ad00000, 0x000000070ad00000, 0x000000070ae00000|  0%| F|  |TAMS 0x000000070ad00000, 0x000000070ad00000| Untracked 
| 148|0x000000070ae00000, 0x000000070ae00000, 0x000000070af00000|  0%| F|  |TAMS 0x000000070ae00000, 0x000000070ae00000| Untracked 
| 149|0x000000070af00000, 0x000000070af00000, 0x000000070b000000|  0%| F|  |TAMS 0x000000070af00000, 0x000000070af00000| Untracked 
| 150|0x000000070b000000, 0x000000070b000000, 0x000000070b100000|  0%| F|  |TAMS 0x000000070b000000, 0x000000070b000000| Untracked 
| 151|0x000000070b100000, 0x000000070b100000, 0x000000070b200000|  0%| F|  |TAMS 0x000000070b100000, 0x000000070b100000| Untracked 
| 152|0x000000070b200000, 0x000000070b200000, 0x000000070b300000|  0%| F|  |TAMS 0x000000070b200000, 0x000000070b200000| Untracked 
| 153|0x000000070b300000, 0x000000070b300000, 0x000000070b400000|  0%| F|  |TAMS 0x000000070b300000, 0x000000070b300000| Untracked 
| 154|0x000000070b400000, 0x000000070b400000, 0x000000070b500000|  0%| F|  |TAMS 0x000000070b400000, 0x000000070b400000| Untracked 
| 155|0x000000070b500000, 0x000000070b500000, 0x000000070b600000|  0%| F|  |TAMS 0x000000070b500000, 0x000000070b500000| Untracked 
| 156|0x000000070b600000, 0x000000070b600000, 0x000000070b700000|  0%| F|  |TAMS 0x000000070b600000, 0x000000070b600000| Untracked 
| 157|0x000000070b700000, 0x000000070b700000, 0x000000070b800000|  0%| F|  |TAMS 0x000000070b700000, 0x000000070b700000| Untracked 
| 158|0x000000070b800000, 0x000000070b800000, 0x000000070b900000|  0%| F|  |TAMS 0x000000070b800000, 0x000000070b800000| Untracked 
| 159|0x000000070b900000, 0x000000070b900000, 0x000000070ba00000|  0%| F|  |TAMS 0x000000070b900000, 0x000000070b900000| Untracked 
| 160|0x000000070ba00000, 0x000000070ba00000, 0x000000070bb00000|  0%| F|  |TAMS 0x000000070ba00000, 0x000000070ba00000| Untracked 
| 161|0x000000070bb00000, 0x000000070bb00000, 0x000000070bc00000|  0%| F|  |TAMS 0x000000070bb00000, 0x000000070bb00000| Untracked 
| 162|0x000000070bc00000, 0x000000070bc00000, 0x000000070bd00000|  0%| F|  |TAMS 0x000000070bc00000, 0x000000070bc00000| Untracked 
| 163|0x000000070bd00000, 0x000000070bd00000, 0x000000070be00000|  0%| F|  |TAMS 0x000000070bd00000, 0x000000070bd00000| Untracked 
| 164|0x000000070be00000, 0x000000070be00000, 0x000000070bf00000|  0%| F|  |TAMS 0x000000070be00000, 0x000000070be00000| Untracked 
| 165|0x000000070bf00000, 0x000000070bf00000, 0x000000070c000000|  0%| F|  |TAMS 0x000000070bf00000, 0x000000070bf00000| Untracked 
| 166|0x000000070c000000, 0x000000070c000000, 0x000000070c100000|  0%| F|  |TAMS 0x000000070c000000, 0x000000070c000000| Untracked 
| 167|0x000000070c100000, 0x000000070c100000, 0x000000070c200000|  0%| F|  |TAMS 0x000000070c100000, 0x000000070c100000| Untracked 
| 168|0x000000070c200000, 0x000000070c200000, 0x000000070c300000|  0%| F|  |TAMS 0x000000070c200000, 0x000000070c200000| Untracked 
| 169|0x000000070c300000, 0x000000070c300000, 0x000000070c400000|  0%| F|  |TAMS 0x000000070c300000, 0x000000070c300000| Untracked 
| 170|0x000000070c400000, 0x000000070c400000, 0x000000070c500000|  0%| F|  |TAMS 0x000000070c400000, 0x000000070c400000| Untracked 
| 171|0x000000070c500000, 0x000000070c500000, 0x000000070c600000|  0%| F|  |TAMS 0x000000070c500000, 0x000000070c500000| Untracked 
| 172|0x000000070c600000, 0x000000070c600000, 0x000000070c700000|  0%| F|  |TAMS 0x000000070c600000, 0x000000070c600000| Untracked 
| 173|0x000000070c700000, 0x000000070c700000, 0x000000070c800000|  0%| F|  |TAMS 0x000000070c700000, 0x000000070c700000| Untracked 
| 174|0x000000070c800000, 0x000000070c800000, 0x000000070c900000|  0%| F|  |TAMS 0x000000070c800000, 0x000000070c800000| Untracked 
| 175|0x000000070c900000, 0x000000070c900000, 0x000000070ca00000|  0%| F|  |TAMS 0x000000070c900000, 0x000000070c900000| Untracked 
| 176|0x000000070ca00000, 0x000000070ca00000, 0x000000070cb00000|  0%| F|  |TAMS 0x000000070ca00000, 0x000000070ca00000| Untracked 
| 177|0x000000070cb00000, 0x000000070cb00000, 0x000000070cc00000|  0%| F|  |TAMS 0x000000070cb00000, 0x000000070cb00000| Untracked 
| 178|0x000000070cc00000, 0x000000070cc00000, 0x000000070cd00000|  0%| F|  |TAMS 0x000000070cc00000, 0x000000070cc00000| Untracked 
| 179|0x000000070cd00000, 0x000000070cd00000, 0x000000070ce00000|  0%| F|  |TAMS 0x000000070cd00000, 0x000000070cd00000| Untracked 
| 180|0x000000070ce00000, 0x000000070ce00000, 0x000000070cf00000|  0%| F|  |TAMS 0x000000070ce00000, 0x000000070ce00000| Untracked 
| 181|0x000000070cf00000, 0x000000070cf00000, 0x000000070d000000|  0%| F|  |TAMS 0x000000070cf00000, 0x000000070cf00000| Untracked 
| 182|0x000000070d000000, 0x000000070d000000, 0x000000070d100000|  0%| F|  |TAMS 0x000000070d000000, 0x000000070d000000| Untracked 
| 183|0x000000070d100000, 0x000000070d100000, 0x000000070d200000|  0%| F|  |TAMS 0x000000070d100000, 0x000000070d100000| Untracked 
| 184|0x000000070d200000, 0x000000070d200000, 0x000000070d300000|  0%| F|  |TAMS 0x000000070d200000, 0x000000070d200000| Untracked 
| 185|0x000000070d300000, 0x000000070d300000, 0x000000070d400000|  0%| F|  |TAMS 0x000000070d300000, 0x000000070d300000| Untracked 
| 186|0x000000070d400000, 0x000000070d400000, 0x000000070d500000|  0%| F|  |TAMS 0x000000070d400000, 0x000000070d400000| Untracked 
| 187|0x000000070d500000, 0x000000070d500000, 0x000000070d600000|  0%| F|  |TAMS 0x000000070d500000, 0x000000070d500000| Untracked 
| 188|0x000000070d600000, 0x000000070d600000, 0x000000070d700000|  0%| F|  |TAMS 0x000000070d600000, 0x000000070d600000| Untracked 
| 189|0x000000070d700000, 0x000000070d700000, 0x000000070d800000|  0%| F|  |TAMS 0x000000070d700000, 0x000000070d700000| Untracked 
| 190|0x000000070d800000, 0x000000070d800000, 0x000000070d900000|  0%| F|  |TAMS 0x000000070d800000, 0x000000070d800000| Untracked 
| 191|0x000000070d900000, 0x000000070d900000, 0x000000070da00000|  0%| F|  |TAMS 0x000000070d900000, 0x000000070d900000| Untracked 
| 192|0x000000070da00000, 0x000000070da00000, 0x000000070db00000|  0%| F|  |TAMS 0x000000070da00000, 0x000000070da00000| Untracked 
| 193|0x000000070db00000, 0x000000070db00000, 0x000000070dc00000|  0%| F|  |TAMS 0x000000070db00000, 0x000000070db00000| Untracked 
| 194|0x000000070dc00000, 0x000000070dc00000, 0x000000070dd00000|  0%| F|  |TAMS 0x000000070dc00000, 0x000000070dc00000| Untracked 
| 195|0x000000070dd00000, 0x000000070dd00000, 0x000000070de00000|  0%| F|  |TAMS 0x000000070dd00000, 0x000000070dd00000| Untracked 
| 196|0x000000070de00000, 0x000000070de00000, 0x000000070df00000|  0%| F|  |TAMS 0x000000070de00000, 0x000000070de00000| Untracked 
| 197|0x000000070df00000, 0x000000070df00000, 0x000000070e000000|  0%| F|  |TAMS 0x000000070df00000, 0x000000070df00000| Untracked 
| 198|0x000000070e000000, 0x000000070e000000, 0x000000070e100000|  0%| F|  |TAMS 0x000000070e000000, 0x000000070e000000| Untracked 
| 199|0x000000070e100000, 0x000000070e100000, 0x000000070e200000|  0%| F|  |TAMS 0x000000070e100000, 0x000000070e100000| Untracked 
| 200|0x000000070e200000, 0x000000070e200000, 0x000000070e300000|  0%| F|  |TAMS 0x000000070e200000, 0x000000070e200000| Untracked 
| 201|0x000000070e300000, 0x000000070e300000, 0x000000070e400000|  0%| F|  |TAMS 0x000000070e300000, 0x000000070e300000| Untracked 
| 202|0x000000070e400000, 0x000000070e400000, 0x000000070e500000|  0%| F|  |TAMS 0x000000070e400000, 0x000000070e400000| Untracked 
| 203|0x000000070e500000, 0x000000070e500000, 0x000000070e600000|  0%| F|  |TAMS 0x000000070e500000, 0x000000070e500000| Untracked 
| 204|0x000000070e600000, 0x000000070e600000, 0x000000070e700000|  0%| F|  |TAMS 0x000000070e600000, 0x000000070e600000| Untracked 
| 205|0x000000070e700000, 0x000000070e700000, 0x000000070e800000|  0%| F|  |TAMS 0x000000070e700000, 0x000000070e700000| Untracked 
| 206|0x000000070e800000, 0x000000070e800000, 0x000000070e900000|  0%| F|  |TAMS 0x000000070e800000, 0x000000070e800000| Untracked 
| 207|0x000000070e900000, 0x000000070e900000, 0x000000070ea00000|  0%| F|  |TAMS 0x000000070e900000, 0x000000070e900000| Untracked 
| 208|0x000000070ea00000, 0x000000070ea00000, 0x000000070eb00000|  0%| F|  |TAMS 0x000000070ea00000, 0x000000070ea00000| Untracked 
| 209|0x000000070eb00000, 0x000000070eb00000, 0x000000070ec00000|  0%| F|  |TAMS 0x000000070eb00000, 0x000000070eb00000| Untracked 
| 210|0x000000070ec00000, 0x000000070ec00000, 0x000000070ed00000|  0%| F|  |TAMS 0x000000070ec00000, 0x000000070ec00000| Untracked 
| 211|0x000000070ed00000, 0x000000070ed00000, 0x000000070ee00000|  0%| F|  |TAMS 0x000000070ed00000, 0x000000070ed00000| Untracked 
| 212|0x000000070ee00000, 0x000000070ee00000, 0x000000070ef00000|  0%| F|  |TAMS 0x000000070ee00000, 0x000000070ee00000| Untracked 
| 213|0x000000070ef00000, 0x000000070ef00000, 0x000000070f000000|  0%| F|  |TAMS 0x000000070ef00000, 0x000000070ef00000| Untracked 
| 214|0x000000070f000000, 0x000000070f000000, 0x000000070f100000|  0%| F|  |TAMS 0x000000070f000000, 0x000000070f000000| Untracked 
| 215|0x000000070f100000, 0x000000070f100000, 0x000000070f200000|  0%| F|  |TAMS 0x000000070f100000, 0x000000070f100000| Untracked 
| 216|0x000000070f200000, 0x000000070f200000, 0x000000070f300000|  0%| F|  |TAMS 0x000000070f200000, 0x000000070f200000| Untracked 
| 217|0x000000070f300000, 0x000000070f300000, 0x000000070f400000|  0%| F|  |TAMS 0x000000070f300000, 0x000000070f300000| Untracked 
| 218|0x000000070f400000, 0x000000070f400000, 0x000000070f500000|  0%| F|  |TAMS 0x000000070f400000, 0x000000070f400000| Untracked 
| 219|0x000000070f500000, 0x000000070f500000, 0x000000070f600000|  0%| F|  |TAMS 0x000000070f500000, 0x000000070f500000| Untracked 
| 220|0x000000070f600000, 0x000000070f600000, 0x000000070f700000|  0%| F|  |TAMS 0x000000070f600000, 0x000000070f600000| Untracked 
| 221|0x000000070f700000, 0x000000070f700000, 0x000000070f800000|  0%| F|  |TAMS 0x000000070f700000, 0x000000070f700000| Untracked 
| 222|0x000000070f800000, 0x000000070f800000, 0x000000070f900000|  0%| F|  |TAMS 0x000000070f800000, 0x000000070f800000| Untracked 
| 223|0x000000070f900000, 0x000000070f900000, 0x000000070fa00000|  0%| F|  |TAMS 0x000000070f900000, 0x000000070f900000| Untracked 
| 224|0x000000070fa00000, 0x000000070fa00000, 0x000000070fb00000|  0%| F|  |TAMS 0x000000070fa00000, 0x000000070fa00000| Untracked 
| 225|0x000000070fb00000, 0x000000070fb00000, 0x000000070fc00000|  0%| F|  |TAMS 0x000000070fb00000, 0x000000070fb00000| Untracked 
| 226|0x000000070fc00000, 0x000000070fc00000, 0x000000070fd00000|  0%| F|  |TAMS 0x000000070fc00000, 0x000000070fc00000| Untracked 
| 227|0x000000070fd00000, 0x000000070fd00000, 0x000000070fe00000|  0%| F|  |TAMS 0x000000070fd00000, 0x000000070fd00000| Untracked 
| 228|0x000000070fe00000, 0x000000070fe00000, 0x000000070ff00000|  0%| F|  |TAMS 0x000000070fe00000, 0x000000070fe00000| Untracked 
| 229|0x000000070ff00000, 0x000000070ff00000, 0x0000000710000000|  0%| F|  |TAMS 0x000000070ff00000, 0x000000070ff00000| Untracked 
| 230|0x0000000710000000, 0x0000000710000000, 0x0000000710100000|  0%| F|  |TAMS 0x0000000710000000, 0x0000000710000000| Untracked 
| 231|0x0000000710100000, 0x0000000710100000, 0x0000000710200000|  0%| F|  |TAMS 0x0000000710100000, 0x0000000710100000| Untracked 
| 232|0x0000000710200000, 0x0000000710200000, 0x0000000710300000|  0%| F|  |TAMS 0x0000000710200000, 0x0000000710200000| Untracked 
| 233|0x0000000710300000, 0x0000000710300000, 0x0000000710400000|  0%| F|  |TAMS 0x0000000710300000, 0x0000000710300000| Untracked 
| 234|0x0000000710400000, 0x0000000710400000, 0x0000000710500000|  0%| F|  |TAMS 0x0000000710400000, 0x0000000710400000| Untracked 
| 235|0x0000000710500000, 0x0000000710500000, 0x0000000710600000|  0%| F|  |TAMS 0x0000000710500000, 0x0000000710500000| Untracked 
| 236|0x0000000710600000, 0x0000000710600000, 0x0000000710700000|  0%| F|  |TAMS 0x0000000710600000, 0x0000000710600000| Untracked 
| 237|0x0000000710700000, 0x0000000710700000, 0x0000000710800000|  0%| F|  |TAMS 0x0000000710700000, 0x0000000710700000| Untracked 
| 238|0x0000000710800000, 0x0000000710800000, 0x0000000710900000|  0%| F|  |TAMS 0x0000000710800000, 0x0000000710800000| Untracked 
| 239|0x0000000710900000, 0x0000000710900000, 0x0000000710a00000|  0%| F|  |TAMS 0x0000000710900000, 0x0000000710900000| Untracked 
| 240|0x0000000710a00000, 0x0000000710a00000, 0x0000000710b00000|  0%| F|  |TAMS 0x0000000710a00000, 0x0000000710a00000| Untracked 
| 241|0x0000000710b00000, 0x0000000710b00000, 0x0000000710c00000|  0%| F|  |TAMS 0x0000000710b00000, 0x0000000710b00000| Untracked 
| 242|0x0000000710c00000, 0x0000000710c00000, 0x0000000710d00000|  0%| F|  |TAMS 0x0000000710c00000, 0x0000000710c00000| Untracked 
| 243|0x0000000710d00000, 0x0000000710d00000, 0x0000000710e00000|  0%| F|  |TAMS 0x0000000710d00000, 0x0000000710d00000| Untracked 
| 244|0x0000000710e00000, 0x0000000710e00000, 0x0000000710f00000|  0%| F|  |TAMS 0x0000000710e00000, 0x0000000710e00000| Untracked 
| 245|0x0000000710f00000, 0x0000000710f00000, 0x0000000711000000|  0%| F|  |TAMS 0x0000000710f00000, 0x0000000710f00000| Untracked 
| 246|0x0000000711000000, 0x0000000711000000, 0x0000000711100000|  0%| F|  |TAMS 0x0000000711000000, 0x0000000711000000| Untracked 
| 247|0x0000000711100000, 0x0000000711100000, 0x0000000711200000|  0%| F|  |TAMS 0x0000000711100000, 0x0000000711100000| Untracked 
| 248|0x0000000711200000, 0x0000000711200000, 0x0000000711300000|  0%| F|  |TAMS 0x0000000711200000, 0x0000000711200000| Untracked 
| 249|0x0000000711300000, 0x0000000711300000, 0x0000000711400000|  0%| F|  |TAMS 0x0000000711300000, 0x0000000711300000| Untracked 
| 250|0x0000000711400000, 0x0000000711400000, 0x0000000711500000|  0%| F|  |TAMS 0x0000000711400000, 0x0000000711400000| Untracked 
| 251|0x0000000711500000, 0x0000000711503870, 0x0000000711600000|  1%| S|CS|TAMS 0x0000000711500000, 0x0000000711500000| Complete 
| 252|0x0000000711600000, 0x0000000711600000, 0x0000000711700000|  0%| F|  |TAMS 0x0000000711600000, 0x0000000711600000| Untracked 
| 253|0x0000000711700000, 0x0000000711700000, 0x0000000711800000|  0%| F|  |TAMS 0x0000000711700000, 0x0000000711700000| Untracked 
| 254|0x0000000711800000, 0x0000000711893520, 0x0000000711900000| 57%| E|  |TAMS 0x0000000711800000, 0x0000000711800000| Complete 
| 255|0x0000000711900000, 0x0000000711a00000, 0x0000000711a00000|100%| E|CS|TAMS 0x0000000711900000, 0x0000000711900000| Complete 

Card table byte_map: [0x00000178fe6d0000,0x00000178feed0000] _byte_map_base: 0x00000178faec3000

Marking Bits (Prev, Next): (CMBitMap*) 0x00000178fdb4b150, (CMBitMap*) 0x00000178fdb4b118
 Prev Bits: [0x000001789a5a0000, 0x000001789e538000)
 Next Bits: [0x0000017896600000, 0x000001789a598000)

Polling page: 0x00000178fd2a0000

Metaspace:

Usage:
  Non-class:     34.59 MB capacity,    33.80 MB ( 98%) used,   653.71 KB (  2%) free+waste,   154.75 KB ( <1%) overhead. 
      Class:      5.23 MB capacity,     4.67 MB ( 89%) used,   499.17 KB (  9%) free+waste,    77.50 KB (  1%) overhead. 
       Both:     39.82 MB capacity,    38.47 MB ( 97%) used,     1.13 MB (  3%) free+waste,   232.25 KB ( <1%) overhead. 

Virtual space:
  Non-class space:       36.00 MB reserved,      34.62 MB ( 96%) committed 
      Class space:        1.00 GB reserved,       5.33 MB ( <1%) committed 
             Both:        1.04 GB reserved,      39.95 MB (  4%) committed 

Chunk freelists:
   Non-Class:  3.75 KB
       Class:  0 bytes
        Both:  3.75 KB

CodeHeap 'non-profiled nmethods': size=120000Kb used=2616Kb max_used=2616Kb free=117383Kb
 bounds [0x000001788f0d0000, 0x000001788f360000, 0x0000017896600000]
CodeHeap 'profiled nmethods': size=120000Kb used=10486Kb max_used=10486Kb free=109513Kb
 bounds [0x0000017887ba0000, 0x00000178885e0000, 0x000001788f0d0000]
CodeHeap 'non-nmethods': size=5760Kb used=1466Kb max_used=1496Kb free=4293Kb
 bounds [0x0000017887600000, 0x0000017887870000, 0x0000017887ba0000]
 total_blobs=5797 nmethods=4852 adapters=854
 compilation: enabled
              stopped_count=0, restarted_count=0
 full_count=0

Compilation events (10 events):
Event: 79.727 Thread 0x00000178a1181800 nmethod 4852 0x00000178885db110 code [0x00000178885db300, 0x00000178885db7d8]
Event: 79.727 Thread 0x00000178a117a000 nmethod 4849 0x000001788f35c590 code [0x000001788f35c740, 0x000001788f35c998]
Event: 79.815 Thread 0x00000178a117a000 4853       4       com.sun.javafx.scene.NodeHelper::markDirtyImpl (11 bytes)
Event: 79.824 Thread 0x00000178a1181800 4854       3       javafx.scene.control.skin.LabeledSkinBase::bottomLabelPadding (18 bytes)
Event: 79.824 Thread 0x00000178a1181800 nmethod 4854 0x00000178885dba10 code [0x00000178885dbc80, 0x00000178885dc838]
Event: 79.824 Thread 0x00000178a1181800 4855       3       javafx.scene.text.Text::getY (19 bytes)
Event: 79.824 Thread 0x00000178a1181800 nmethod 4855 0x00000178885dcc10 code [0x00000178885dcdc0, 0x00000178885dd148]
Event: 79.824 Thread 0x00000178a1181800 4856       3       javafx.scene.text.Text::getTextOrigin (29 bytes)
Event: 79.825 Thread 0x00000178a1181800 nmethod 4856 0x00000178885dd290 code [0x00000178885dd460, 0x00000178885dd888]
Event: 79.827 Thread 0x00000178a117a000 nmethod 4853 0x000001788f35cc90 code [0x000001788f35ce60, 0x000001788f35dbe8]

GC Heap History (10 events):
Event: 79.211 GC heap before
{Heap before GC invocations=199 (full 0):
 garbage-first heap   total 262144K, used 113728K [0x0000000701a00000, 0x0000000800000000)
  region size 1024K, 3 young (3072K), 1 survivors (1024K)
 Metaspace       used 39386K, capacity 40777K, committed 40912K, reserved 1085440K
  class space    used 4779K, capacity 5356K, committed 5460K, reserved 1048576K
}
Event: 79.213 GC heap after
{Heap after GC invocations=200 (full 0):
 garbage-first heap   total 262144K, used 98370K [0x0000000701a00000, 0x0000000800000000)
  region size 1024K, 1 young (1024K), 1 survivors (1024K)
 Metaspace       used 39386K, capacity 40777K, committed 40912K, reserved 1085440K
  class space    used 4779K, capacity 5356K, committed 5460K, reserved 1048576K
}
Event: 79.260 GC heap before
{Heap before GC invocations=201 (full 0):
 garbage-first heap   total 262144K, used 112706K [0x0000000701a00000, 0x0000000800000000)
  region size 1024K, 2 young (2048K), 1 survivors (1024K)
 Metaspace       used 39386K, capacity 40777K, committed 40912K, reserved 1085440K
  class space    used 4779K, capacity 5356K, committed 5460K, reserved 1048576K
}
Event: 79.261 GC heap after
{Heap after GC invocations=202 (full 0):
 garbage-first heap   total 262144K, used 41026K [0x0000000701a00000, 0x0000000800000000)
  region size 1024K, 1 young (1024K), 1 survivors (1024K)
 Metaspace       used 39386K, capacity 40777K, committed 40912K, reserved 1085440K
  class space    used 4779K, capacity 5356K, committed 5460K, reserved 1048576K
}
Event: 79.487 GC heap before
{Heap before GC invocations=203 (full 0):
 garbage-first heap   total 262144K, used 113730K [0x0000000701a00000, 0x0000000800000000)
  region size 1024K, 3 young (3072K), 1 survivors (1024K)
 Metaspace       used 39387K, capacity 40777K, committed 40912K, reserved 1085440K
  class space    used 4779K, capacity 5356K, committed 5460K, reserved 1048576K
}
Event: 79.488 GC heap after
{Heap after GC invocations=204 (full 0):
 garbage-first heap   total 262144K, used 98372K [0x0000000701a00000, 0x0000000800000000)
  region size 1024K, 1 young (1024K), 1 survivors (1024K)
 Metaspace       used 39387K, capacity 40777K, committed 40912K, reserved 1085440K
  class space    used 4779K, capacity 5356K, committed 5460K, reserved 1048576K
}
Event: 79.537 GC heap before
{Heap before GC invocations=205 (full 0):
 garbage-first heap   total 262144K, used 112708K [0x0000000701a00000, 0x0000000800000000)
  region size 1024K, 2 young (2048K), 1 survivors (1024K)
 Metaspace       used 39387K, capacity 40777K, committed 40912K, reserved 1085440K
  class space    used 4779K, capacity 5356K, committed 5460K, reserved 1048576K
}
Event: 79.538 GC heap after
{Heap after GC invocations=206 (full 0):
 garbage-first heap   total 262144K, used 41031K [0x0000000701a00000, 0x0000000800000000)
  region size 1024K, 1 young (1024K), 1 survivors (1024K)
 Metaspace       used 39387K, capacity 40777K, committed 40912K, reserved 1085440K
  class space    used 4779K, capacity 5356K, committed 5460K, reserved 1048576K
}
Event: 79.774 GC heap before
{Heap before GC invocations=207 (full 0):
 garbage-first heap   total 262144K, used 114759K [0x0000000701a00000, 0x0000000800000000)
  region size 1024K, 4 young (4096K), 1 survivors (1024K)
 Metaspace       used 39390K, capacity 40778K, committed 40912K, reserved 1085440K
  class space    used 4779K, capacity 5356K, committed 5460K, reserved 1048576K
}
Event: 79.775 GC heap after
{Heap after GC invocations=208 (full 0):
 garbage-first heap   total 262144K, used 98389K [0x0000000701a00000, 0x0000000800000000)
  region size 1024K, 1 young (1024K), 1 survivors (1024K)
 Metaspace       used 39390K, capacity 40778K, committed 40912K, reserved 1085440K
  class space    used 4779K, capacity 5356K, committed 5460K, reserved 1048576K
}

Deoptimization events (10 events):
Event: 69.558 Thread 0x00000178a2cdf800 Uncommon trap: reason=class_check action=maybe_recompile pc=0x000001788f306718 method=javafx.scene.Node.updateLocalToParentTransform()V @ 11 c2
Event: 69.558 Thread 0x00000178a2cdf800 Uncommon trap: reason=class_check action=maybe_recompile pc=0x000001788f306718 method=javafx.scene.Node.updateLocalToParentTransform()V @ 11 c2
Event: 69.563 Thread 0x00000178a2cdf800 Uncommon trap: reason=class_check action=maybe_recompile pc=0x000001788f30f770 method=javafx.scene.Node$MiscProperties.getEffect()Ljavafx/scene/effect/Effect; @ 20 c2
Event: 69.563 Thread 0x00000178a2cdf800 Uncommon trap: reason=class_check action=maybe_recompile pc=0x000001788f30f770 method=javafx.scene.Node$MiscProperties.getEffect()Ljavafx/scene/effect/Effect; @ 20 c2
Event: 69.563 Thread 0x00000178a2cdf800 Uncommon trap: reason=class_check action=maybe_recompile pc=0x000001788f30f770 method=javafx.scene.Node$MiscProperties.getEffect()Ljavafx/scene/effect/Effect; @ 20 c2
Event: 69.563 Thread 0x00000178a2cdf800 Uncommon trap: reason=class_check action=maybe_recompile pc=0x000001788f30fcb8 method=javafx.scene.Node$MiscProperties.getEffect()Ljavafx/scene/effect/Effect; @ 20 c2
Event: 69.563 Thread 0x00000178a2cdf800 Uncommon trap: reason=class_check action=maybe_recompile pc=0x000001788f30f770 method=javafx.scene.Node$MiscProperties.getEffect()Ljavafx/scene/effect/Effect; @ 20 c2
Event: 69.873 Thread 0x00000178a2cdf800 Uncommon trap: reason=unstable_if action=reinterpret pc=0x000001788f2b7da8 method=javafx.scene.Scene$ClickCounter.stopTimeout()V @ 4 c2
Event: 69.971 Thread 0x00000178a2cdf800 Uncommon trap: reason=bimorphic_or_optimized_type_check action=maybe_recompile pc=0x000001788f223384 method=javafx.beans.property.BooleanPropertyBase.get()Z @ 23 c2
Event: 71.511 Thread 0x00000178a2cdf800 Uncommon trap: reason=unstable_if action=reinterpret pc=0x000001788f267d7c method=java.lang.String.getChars(II[CI)V @ 23 c2

Classes redefined (0 events):
No events

Internal exceptions (10 events):
Event: 5.246 Thread 0x00000178a2cdf800 Exception <a 'java/lang/NoSuchMethodError'{0x0000000710aea040}: java.lang.invoke.DirectMethodHandle$Holder.invokeVirtual(Ljava/lang/Object;Ljava/lang/Object;Ljava/lang/Object;)Ljava/lang/Object;> (0x0000000710aea040) thrown at [./open/src/hotspot/share/in
Event: 5.415 Thread 0x00000178a2cdf800 Exception <a 'java/lang/ClassNotFoundException'{0x00000007112e69e0}: sun/awt/resources/spi/awtProvider> (0x00000007112e69e0) thrown at [./open/src/hotspot/share/classfile/systemDictionary.cpp, line 226]
Event: 5.420 Thread 0x00000178a2cdf800 Exception <a 'java/io/FileNotFoundException'{0x000000071112f988}> (0x000000071112f988) thrown at [./open/src/hotspot/share/prims/jni.cpp, line 611]
Event: 5.420 Thread 0x00000178a2cdf800 Exception <a 'java/io/FileNotFoundException'{0x0000000711133bf0}> (0x0000000711133bf0) thrown at [./open/src/hotspot/share/prims/jni.cpp, line 611]
Event: 5.566 Thread 0x00000178a262a800 Exception <a 'java/lang/NoSuchMethodError'{0x00000007109143c0}: java.lang.invoke.DirectMethodHandle$Holder.invokeStaticInit(Ljava/lang/Object;I)Ljava/lang/Object;> (0x00000007109143c0) thrown at [./open/src/hotspot/share/interpreter/linkResolver.cpp, line
Event: 29.929 Thread 0x00000178a2cdf800 Exception <a 'java/lang/NoSuchMethodError'{0x0000000709be37d8}: java.lang.invoke.DirectMethodHandle$Holder.invokeStaticInit(Ljava/lang/Object;Ljava/lang/Object;Ljava/lang/Object;Ljava/lang/Object;)I> (0x0000000709be37d8) thrown at [./open/src/hotspot/shar
Event: 29.929 Thread 0x00000178a2cdf800 Exception <a 'java/lang/IncompatibleClassChangeError'{0x0000000709bec8b0}: Found class java.lang.Object, but interface was expected> (0x0000000709bec8b0) thrown at [./open/src/hotspot/share/interpreter/linkResolver.cpp, line 838]
Event: 63.382 Thread 0x00000178a2cdf800 Exception <a 'java/io/FileNotFoundException'{0x0000000711303448}> (0x0000000711303448) thrown at [./open/src/hotspot/share/prims/jni.cpp, line 611]
Event: 63.443 Thread 0x00000178a2cdf800 Exception <a 'java/lang/NoSuchMethodError'{0x000000071108a180}: java.lang.invoke.DirectMethodHandle$Holder.invokeSpecialIFC(Ljava/lang/Object;Ljava/lang/Object;Ljava/lang/Object;Ljava/lang/Object;)V> (0x000000071108a180) thrown at [./open/src/hotspot/shar
Event: 69.551 Thread 0x00000178a2cdf800 Implicit null exception at 0x000001788f21e98c to 0x000001788f21ef80

Events (10 events):
Event: 79.558 Executing VM operation: CGC_Operation
Event: 79.558 Executing VM operation: CGC_Operation done
Event: 79.774 Executing VM operation: G1CollectForAllocation
Event: 79.775 Executing VM operation: G1CollectForAllocation done
Event: 79.787 Executing VM operation: CGC_Operation
Event: 79.789 Executing VM operation: CGC_Operation done
Event: 79.795 Executing VM operation: CGC_Operation
Event: 79.795 Executing VM operation: CGC_Operation done
Event: 79.815 Executing VM operation: RevokeBias
Event: 79.816 Executing VM operation: RevokeBias done


Dynamic libraries:
0x00007ff671740000 - 0x00007ff671750000 	C:\Program Files\Java\jdk-11\bin\java.exe
0x00007ffa327d0000 - 0x00007ffa329c8000 	C:\windows\SYSTEM32\ntdll.dll
0x00007ffa326d0000 - 0x00007ffa3278f000 	C:\windows\System32\KERNEL32.DLL
0x00007ffa301b0000 - 0x00007ffa30482000 	C:\windows\System32\KERNELBASE.dll
0x00007ffa2fcf0000 - 0x00007ffa2fdf0000 	C:\windows\System32\ucrtbase.dll
0x00007ffa1fe30000 - 0x00007ffa1fe48000 	C:\Program Files\Java\jdk-11\bin\jli.dll
0x00007ffa1c6a0000 - 0x00007ffa1c6bb000 	C:\Program Files\Java\jdk-11\bin\VCRUNTIME140.dll
0x00007ffa321e0000 - 0x00007ffa3228e000 	C:\windows\System32\ADVAPI32.dll
0x00007ffa32520000 - 0x00007ffa325be000 	C:\windows\System32\msvcrt.dll
0x00007ffa317e0000 - 0x00007ffa3187c000 	C:\windows\System32\sechost.dll
0x00007ffa31880000 - 0x00007ffa319a4000 	C:\windows\System32\RPCRT4.dll
0x00007ffa32350000 - 0x00007ffa324f1000 	C:\windows\System32\USER32.dll
0x00007ffa30630000 - 0x00007ffa30652000 	C:\windows\System32\win32u.dll
0x00007ffa1e940000 - 0x00007ffa1ebda000 	C:\windows\WinSxS\amd64_microsoft.windows.common-controls_6595b64144ccf1df_6.0.19041.1110_none_60b5254171f9507e\COMCTL32.dll
0x00007ffa31450000 - 0x00007ffa3147b000 	C:\windows\System32\GDI32.dll
0x00007ffa2fbe0000 - 0x00007ffa2fcef000 	C:\windows\System32\gdi32full.dll
0x00007ffa30490000 - 0x00007ffa3052d000 	C:\windows\System32\msvcp_win.dll
0x00007ffa28700000 - 0x00007ffa2870a000 	C:\windows\SYSTEM32\VERSION.dll
0x00007ffa30fb0000 - 0x00007ffa30fe0000 	C:\windows\System32\IMM32.DLL
0x00007ffa2b800000 - 0x00007ffa2b80c000 	C:\Program Files\Java\jdk-11\bin\vcruntime140_1.dll
0x00007ffa098f0000 - 0x00007ffa0997e000 	C:\Program Files\Java\jdk-11\bin\msvcp140.dll
0x00007ff9d7c10000 - 0x00007ff9d8778000 	C:\Program Files\Java\jdk-11\bin\server\jvm.dll
0x00007ffa32290000 - 0x00007ffa32298000 	C:\windows\System32\PSAPI.DLL
0x00007ffa1c440000 - 0x00007ffa1c467000 	C:\windows\SYSTEM32\WINMM.dll
0x00007ffa1a1e0000 - 0x00007ffa1a1e9000 	C:\windows\SYSTEM32\WSOCK32.dll
0x00007ffa32160000 - 0x00007ffa321cb000 	C:\windows\System32\WS2_32.dll
0x00007ffa2fdf0000 - 0x00007ffa2fe02000 	C:\windows\System32\kernel.appcore.dll
0x00007ffa2a150000 - 0x00007ffa2a160000 	C:\Program Files\Java\jdk-11\bin\verify.dll
0x00007ffa1b9f0000 - 0x00007ffa1bbd4000 	C:\windows\SYSTEM32\DBGHELP.DLL
0x00007ffa18dc0000 - 0x00007ffa18df5000 	C:\windows\SYSTEM32\dbgcore.DLL
0x00007ffa2ff80000 - 0x00007ffa30002000 	C:\windows\System32\bcryptPrimitives.dll
0x00007ffa16250000 - 0x00007ffa16278000 	C:\Program Files\Java\jdk-11\bin\java.dll
0x00007ffa1d210000 - 0x00007ffa1d21a000 	C:\Program Files\Java\jdk-11\bin\jimage.dll
0x00007ffa19000000 - 0x00007ffa1900e000 	C:\Program Files\Java\jdk-11\bin\instrument.dll
0x00007ffa1c680000 - 0x00007ffa1c697000 	C:\Program Files\Java\jdk-11\bin\zip.dll
0x00007ffa31a10000 - 0x00007ffa32155000 	C:\windows\System32\SHELL32.dll
0x00007ffa2dd70000 - 0x00007ffa2e502000 	C:\windows\SYSTEM32\windows.storage.dll
0x00007ffa30b20000 - 0x00007ffa30e75000 	C:\windows\System32\combase.dll
0x00007ffa2f5c0000 - 0x00007ffa2f5f0000 	C:\windows\SYSTEM32\Wldp.dll
0x00007ffa30740000 - 0x00007ffa307ed000 	C:\windows\System32\SHCORE.dll
0x00007ffa319b0000 - 0x00007ffa31a05000 	C:\windows\System32\shlwapi.dll
0x00007ffa2faa0000 - 0x00007ffa2fabf000 	C:\windows\SYSTEM32\profapi.dll
0x00007ffa098d0000 - 0x00007ffa098e9000 	C:\Program Files\Java\jdk-11\bin\net.dll
0x00007ffa27da0000 - 0x00007ffa27eaa000 	C:\windows\SYSTEM32\WINHTTP.dll
0x00007ffa293f0000 - 0x00007ffa29433000 	C:\Windows\Netease\Booster\udp_connect_lsp64.dll
0x00007ffa2f320000 - 0x00007ffa2f38a000 	C:\windows\system32\mswsock.dll
0x00007ffa098b0000 - 0x00007ffa098c2000 	C:\Program Files\Java\jdk-11\bin\nio.dll
0x00007ff9fc710000 - 0x00007ff9fc72a000 	D:\tools\IntelliJ IDEA 2021.1.1\bin\breakgen64.dll
0x00000178a3270000 - 0x00000178a3273000 	C:\Program Files\Java\jdk-11\bin\api-ms-win-core-console-l1-1-0.dll
0x00000178a3280000 - 0x00000178a3283000 	C:\Program Files\Java\jdk-11\bin\api-ms-win-core-datetime-l1-1-0.dll
0x00000178a3290000 - 0x00000178a3293000 	C:\Program Files\Java\jdk-11\bin\api-ms-win-core-debug-l1-1-0.dll
0x00000178a32a0000 - 0x00000178a32a3000 	C:\Program Files\Java\jdk-11\bin\api-ms-win-core-errorhandling-l1-1-0.dll
0x00000178a32b0000 - 0x00000178a32b4000 	C:\Program Files\Java\jdk-11\bin\api-ms-win-core-file-l1-1-0.dll
0x00000178a32c0000 - 0x00000178a32c3000 	C:\Program Files\Java\jdk-11\bin\api-ms-win-core-file-l1-2-0.dll
0x00000178a32d0000 - 0x00000178a32d3000 	C:\Program Files\Java\jdk-11\bin\api-ms-win-core-file-l2-1-0.dll
0x00000178a32e0000 - 0x00000178a32e3000 	C:\Program Files\Java\jdk-11\bin\api-ms-win-core-handle-l1-1-0.dll
0x00000178a32f0000 - 0x00000178a32f3000 	C:\Program Files\Java\jdk-11\bin\api-ms-win-core-heap-l1-1-0.dll
0x00000178a3300000 - 0x00000178a3303000 	C:\Program Files\Java\jdk-11\bin\api-ms-win-core-interlocked-l1-1-0.dll
0x00000178a3310000 - 0x00000178a3313000 	C:\Program Files\Java\jdk-11\bin\api-ms-win-core-libraryloader-l1-1-0.dll
0x00000178a3320000 - 0x00000178a3323000 	C:\Program Files\Java\jdk-11\bin\api-ms-win-core-localization-l1-2-0.dll
0x00000178a3330000 - 0x00000178a3333000 	C:\Program Files\Java\jdk-11\bin\api-ms-win-core-memory-l1-1-0.dll
0x00000178a3340000 - 0x00000178a3343000 	C:\Program Files\Java\jdk-11\bin\api-ms-win-core-namedpipe-l1-1-0.dll
0x00000178a3350000 - 0x00000178a3353000 	C:\Program Files\Java\jdk-11\bin\api-ms-win-core-processenvironment-l1-1-0.dll
0x00000178a3360000 - 0x00000178a3363000 	C:\Program Files\Java\jdk-11\bin\api-ms-win-core-processthreads-l1-1-0.dll
0x00000178a3370000 - 0x00000178a3373000 	C:\Program Files\Java\jdk-11\bin\api-ms-win-core-processthreads-l1-1-1.dll
0x00000178a3380000 - 0x00000178a3383000 	C:\Program Files\Java\jdk-11\bin\api-ms-win-core-profile-l1-1-0.dll
0x00000178a3390000 - 0x00000178a3393000 	C:\Program Files\Java\jdk-11\bin\api-ms-win-core-rtlsupport-l1-1-0.dll
0x00000178a33a0000 - 0x00000178a33a3000 	C:\Program Files\Java\jdk-11\bin\api-ms-win-core-string-l1-1-0.dll
0x00000178a33b0000 - 0x00000178a33b3000 	C:\Program Files\Java\jdk-11\bin\api-ms-win-core-synch-l1-1-0.dll
0x00000178a33c0000 - 0x00000178a33c3000 	C:\Program Files\Java\jdk-11\bin\api-ms-win-core-synch-l1-2-0.dll
0x00000178a33d0000 - 0x00000178a33d3000 	C:\Program Files\Java\jdk-11\bin\api-ms-win-core-sysinfo-l1-1-0.dll
0x00000178a33e0000 - 0x00000178a33e3000 	C:\Program Files\Java\jdk-11\bin\api-ms-win-core-timezone-l1-1-0.dll
0x00000178a33f0000 - 0x00000178a33f3000 	C:\Program Files\Java\jdk-11\bin\api-ms-win-core-util-l1-1-0.dll
0x00000178a3400000 - 0x00000178a3403000 	C:\Program Files\Java\jdk-11\bin\api-ms-win-crt-conio-l1-1-0.dll
0x00000178a3410000 - 0x00000178a3414000 	C:\Program Files\Java\jdk-11\bin\api-ms-win-crt-convert-l1-1-0.dll
0x00000178a3420000 - 0x00000178a3423000 	C:\Program Files\Java\jdk-11\bin\api-ms-win-crt-environment-l1-1-0.dll
0x00000178a3430000 - 0x00000178a3433000 	C:\Program Files\Java\jdk-11\bin\api-ms-win-crt-filesystem-l1-1-0.dll
0x00000178a3440000 - 0x00000178a3443000 	C:\Program Files\Java\jdk-11\bin\api-ms-win-crt-heap-l1-1-0.dll
0x00000178a3450000 - 0x00000178a3453000 	C:\Program Files\Java\jdk-11\bin\api-ms-win-crt-locale-l1-1-0.dll
0x00000178a3460000 - 0x00000178a3465000 	C:\Program Files\Java\jdk-11\bin\api-ms-win-crt-math-l1-1-0.dll
0x00000178a3470000 - 0x00000178a3475000 	C:\Program Files\Java\jdk-11\bin\api-ms-win-crt-multibyte-l1-1-0.dll
0x00000178a3480000 - 0x00000178a3490000 	C:\Program Files\Java\jdk-11\bin\api-ms-win-crt-private-l1-1-0.dll
0x00000178a3490000 - 0x00000178a3493000 	C:\Program Files\Java\jdk-11\bin\api-ms-win-crt-process-l1-1-0.dll
0x00000178a34a0000 - 0x00000178a34a4000 	C:\Program Files\Java\jdk-11\bin\api-ms-win-crt-runtime-l1-1-0.dll
0x00000178a34b0000 - 0x00000178a34b4000 	C:\Program Files\Java\jdk-11\bin\api-ms-win-crt-stdio-l1-1-0.dll
0x00000178a34c0000 - 0x00000178a34c4000 	C:\Program Files\Java\jdk-11\bin\api-ms-win-crt-string-l1-1-0.dll
0x00000178a34d0000 - 0x00000178a34d3000 	C:\Program Files\Java\jdk-11\bin\api-ms-win-crt-time-l1-1-0.dll
0x00000178a34e0000 - 0x00000178a34e3000 	C:\Program Files\Java\jdk-11\bin\api-ms-win-crt-utility-l1-1-0.dll
0x00007ff9f9f40000 - 0x00007ff9fa040000 	C:\Program Files\Java\jdk-11\bin\ucrtbase.dll
0x00007ff9fa410000 - 0x00007ff9fa45e000 	C:\Windows\System32\concrt140.dll
0x00007ff9fa3e0000 - 0x00007ff9fa403000 	C:\Users\Administrator\.openjfx\cache\12.0.1\prism_d3d.dll
0x00007ffa1cf70000 - 0x00007ffa1d13e000 	C:\windows\system32\d3d9.dll
0x00007ffa2d7a0000 - 0x00007ffa2d7cf000 	C:\windows\SYSTEM32\dwmapi.dll
0x00007ffa2d650000 - 0x00007ffa2d6ee000 	C:\windows\system32\uxtheme.dll
0x00007ff9f4740000 - 0x00007ff9f490d000 	C:\windows\System32\DriverStore\FileRepository\iigd_dch.inf_amd64_b261b2ab559fdee8\igdumdim64.dll
0x00007ffa265f0000 - 0x00007ffa26710000 	C:\windows\System32\DriverStore\FileRepository\iigd_dch.inf_amd64_b261b2ab559fdee8\igdgmm64.dll
0x00007ff9bc250000 - 0x00007ff9bfe61000 	C:\windows\System32\DriverStore\FileRepository\iigd_dch.inf_amd64_b261b2ab559fdee8\igd9dxva64.dll
0x00007ffa30e80000 - 0x00007ffa30faa000 	C:\windows\System32\OLE32.dll
0x00007ffa31710000 - 0x00007ffa317dd000 	C:\windows\System32\OLEAUT32.dll
0x00007ff9fa390000 - 0x00007ff9fa3d5000 	C:\Users\Administrator\.openjfx\cache\12.0.1\glass.dll
0x00007ffa31480000 - 0x00007ffa3155a000 	C:\windows\System32\COMDLG32.dll
0x00007ffa30a00000 - 0x00007ffa30b14000 	C:\windows\System32\MSCTF.dll
0x00007ff9fccd0000 - 0x00007ff9fccf1000 	C:\windows\System32\DriverStore\FileRepository\iigd_dch.inf_amd64_b261b2ab559fdee8\igdinfo64.dll
0x00007ffa24290000 - 0x00007ffa265f0000 	C:\windows\System32\DriverStore\FileRepository\iigd_dch.inf_amd64_b261b2ab559fdee8\igc64.dll
0x00007ffa27610000 - 0x00007ffa2764b000 	C:\windows\SYSTEM32\dxcore.dll
0x00007ffa2fb60000 - 0x00007ffa2fbae000 	C:\windows\System32\cfgmgr32.dll
0x00007ff9fa110000 - 0x00007ff9fa124000 	C:\Users\Administrator\.openjfx\cache\12.0.1\javafx_font.dll
0x00007ffa1ccf0000 - 0x00007ffa1cf6f000 	C:\windows\SYSTEM32\dwrite.dll
0x00007ffa30950000 - 0x00007ffa309f9000 	C:\windows\System32\clbcatq.dll
0x00007ffa29a70000 - 0x00007ffa29c24000 	C:\windows\SYSTEM32\WindowsCodecs.dll
0x00007ffa2fbb0000 - 0x00007ffa2fbd7000 	C:\windows\System32\bcrypt.dll
0x00007ffa103e0000 - 0x00007ffa1041e000 	C:\windows\system32\dataexchange.dll
0x00007ffa2c880000 - 0x00007ffa2ca63000 	C:\windows\system32\dcomp.dll
0x00007ffa2c050000 - 0x00007ffa2c2b3000 	C:\windows\system32\d3d11.dll
0x00007ffa30530000 - 0x00007ffa30623000 	C:\windows\System32\dxgi.dll
0x00007ffa29870000 - 0x00007ffa29a70000 	C:\windows\system32\twinapi.appcore.dll
0x00007ff9f9f00000 - 0x00007ff9f9f34000 	C:\Program Files\Common Files\Microsoft Shared\Ink\rtscom.dll
0x00007ffa1ef30000 - 0x00007ffa1f029000 	C:\windows\SYSTEM32\textinputframework.dll
0x00007ffa2ca70000 - 0x00007ffa2cdce000 	C:\windows\System32\CoreUIComponents.dll
0x00007ffa2d230000 - 0x00007ffa2d322000 	C:\windows\System32\CoreMessaging.dll
0x00007ffa2ed40000 - 0x00007ffa2ed73000 	C:\windows\SYSTEM32\ntmarta.dll
0x00007ffa2ba80000 - 0x00007ffa2bbd4000 	C:\windows\SYSTEM32\wintypes.dll
0x00007ffa2f050000 - 0x00007ffa2f11b000 	C:\windows\SYSTEM32\DNSAPI.dll
0x00007ffa2f010000 - 0x00007ffa2f04b000 	C:\windows\SYSTEM32\IPHLPAPI.DLL
0x00007ffa321d0000 - 0x00007ffa321d8000 	C:\windows\System32\NSI.dll
0x00007ffa23d30000 - 0x00007ffa23d3a000 	C:\Windows\System32\rasadhlp.dll
0x00007ffa29290000 - 0x00007ffa29310000 	C:\windows\System32\fwpuclnt.dll
0x00007ff9f45b0000 - 0x00007ff9f4732000 	C:\Program Files\Java\jdk-11\bin\awt.dll

dbghelp: loaded successfully - version: 4.0.5 - missing functions: none
symbol engine: initialized successfully - sym options: 0x614 - pdb path: .;C:\Program Files\Java\jdk-11\bin;C:\windows\SYSTEM32;C:\windows\WinSxS\amd64_microsoft.windows.common-controls_6595b64144ccf1df_6.0.19041.1110_none_60b5254171f9507e;C:\Program Files\Java\jdk-11\bin\server;C:\Windows\Netease\Booster;D:\tools\IntelliJ IDEA 2021.1.1\bin;C:\Users\Administrator\.openjfx\cache\12.0.1;C:\windows\System32\DriverStore\FileRepository\iigd_dch.inf_amd64_b261b2ab559fdee8;C:\Program Files\Common Files\Microsoft Shared\Ink;C:\Users\Administrator\.javacpp\cache\ffmpeg-4.2.1-1.5.2-windows-x86_64.jar\org\bytedeco\ffmpeg\windows-x86_64;D:\game tools\BaiduNetdisk;C:\windows\WinSxS\amd64_microsoft.windows.gdiplus_6595b64144ccf1df_1.1.19041.2251_none_91a40448cc8846c1

VM Arguments:
jvm_args: -javaagent:D:\tools\IntelliJ IDEA 2021.1.1\lib\idea_rt.jar=50862:D:\tools\IntelliJ IDEA 2021.1.1\bin -Dfile.encoding=UTF-8 
java_command: org.openjfx.Main
java_class_path (initial): C:\Users\Administrator\Desktop\project01\target\classes;C:\Users\Administrator\.m2\repository\org\openjfx\javafx-controls\11.0.2\javafx-controls-11.0.2.jar;C:\Users\Administrator\.m2\repository\org\openjfx\javafx-controls\11.0.2\javafx-controls-11.0.2-win.jar;C:\Users\Administrator\.m2\repository\org\openjfx\javafx-fxml\11.0.2\javafx-fxml-11.0.2.jar;C:\Users\Administrator\.m2\repository\org\openjfx\javafx-fxml\11.0.2\javafx-fxml-11.0.2-win.jar;C:\Users\Administrator\.m2\repository\org\openjfx\javafx-media\12.0.1\javafx-media-12.0.1.jar;C:\Users\Administrator\.m2\repository\org\openjfx\javafx-media\12.0.1\javafx-media-12.0.1-win.jar;C:\Users\Administrator\.m2\repository\org\openjfx\javafx-graphics\12.0.1\javafx-graphics-12.0.1.jar;C:\Users\Administrator\.m2\repository\org\openjfx\javafx-graphics\12.0.1\javafx-graphics-12.0.1-win.jar;C:\Users\Administrator\.m2\repository\org\openjfx\javafx-base\12.0.1\javafx-base-12.0.1.jar;C:\Users\Administrator\.m2\repository\org\openjfx\javafx-base\12.0.1\javafx-base-12.0.1-win.jar;C:\Users\Administrator\.m2\repository\org\bytedeco\javacv-platform\1.5.2\javacv-platform-1.5.2.jar;C:\Users\Administrator\.m2\repository\org\bytedeco\openblas-platform\0.3.7-1.5.2\openblas-platform-0.3.7-1.5.2.jar;C:\Users\Administrator\.m2\repository\org\bytedeco\openblas\0.3.7-1.5.2\openblas-0.3.7-1.5.2-android-arm.jar;C:\Users\Administrator\.m2\repository\org\bytedeco\openblas\0.3.7-1.5.2\openblas-0.3.7-1.5.2-android-arm64.jar;C:\Users\Administrator\.m2\repository\org\bytedeco\openblas\0.3.7-1.5.2\openblas-0.3.7-1.5.2-android-x86.jar;C:\Users\Administrator\.m2\repository\org\bytedeco\openblas\0.3.7-1.5.2\openblas-0.3.7-1.5.2-android-x86_64.jar;C:\Users\Administrator\.m2\repository\org\bytedeco\openblas\0.3.7-1.5.2\openblas-0.3.7-1.5.2-ios-arm64.jar;C:\Users\Administrator\.m2\repository\org\bytedeco\openblas\0.3.7-1.5.2\openblas-0.3.7-1.5.2-ios-x86_64.jar;C:\Users\Administrator\.m2\repository\org\bytedeco\openblas\0.3.7-1.5
Launcher Type: SUN_STANDARD

[Global flags]
     intx CICompilerCount                          = 4                                         {product} {ergonomic}
     uint ConcGCThreads                            = 2                                         {product} {ergonomic}
     uint G1ConcRefinementThreads                  = 8                                         {product} {ergonomic}
   size_t G1HeapRegionSize                         = 1048576                                   {product} {ergonomic}
    uintx GCDrainStackTargetSize                   = 64                                        {product} {ergonomic}
   size_t InitialHeapSize                          = 268435456                                 {product} {ergonomic}
   size_t MarkStackSize                            = 4194304                                   {product} {ergonomic}
   size_t MaxHeapSize                              = 4267704320                                {product} {ergonomic}
   size_t MaxNewSize                               = 2560622592                                {product} {ergonomic}
   size_t MinHeapDeltaBytes                        = 1048576                                   {product} {ergonomic}
    uintx NonNMethodCodeHeapSize                   = 5836300                                {pd product} {ergonomic}
    uintx NonProfiledCodeHeapSize                  = 122910970                              {pd product} {ergonomic}
    uintx ProfiledCodeHeapSize                     = 122910970                              {pd product} {ergonomic}
    uintx ReservedCodeCacheSize                    = 251658240                              {pd product} {ergonomic}
     bool SegmentedCodeCache                       = true                                      {product} {ergonomic}
     bool UseCompressedClassPointers               = true                                 {lp64_product} {ergonomic}
     bool UseCompressedOops                        = true                                 {lp64_product} {ergonomic}
     bool UseG1GC                                  = true                                      {product} {ergonomic}
     bool UseLargePagesIndividualAllocation        = false                                  {pd product} {ergonomic}

Logging:
Log output configuration:
 #0: stdout all=warning uptime,level,tags
 #1: stderr all=off uptime,level,tags

Environment Variables:
PATH=C:\Program Files\Common Files\Oracle\Java\javapath;C:\Program Files\Java\jdk1.8.0_201\bin;C:\windows\system32;C:\windows;C:\windows\System32\Wbem;C:\windows\System32\WindowsPowerShell\v1.0\;C:\windows\System32\OpenSSH\;D:\MySQL\MySQL Server 8.0\bin;D:\tools\ffmpeg\ffmpeg-master-latest-win64-gpl-shared\bin;C:\Program Files\Git\cmd;D:\tools\apache-maven-3.9.0\bin;D:\tools\VLC;C:\Program Files\Java\jdk-11\bin;C:\Program Files\dotnet\;D:\MySQL\MySQL Shell 8.0\bin\;C:\Users\Administrator\AppData\Local\Microsoft\WindowsApps;C:\Users\Administrator\.dotnet\tools
USERNAME=Administrator
OS=Windows_NT
PROCESSOR_IDENTIFIER=Intel64 Family 6 Model 158 Stepping 10, GenuineIntel



---------------  S Y S T E M  ---------------

OS: Windows 10 , 64 bit Build 19041 (10.0.19041.2546)

CPU:total 8 (initial active 8) (4 cores per cpu, 2 threads per core) family 6 model 158 stepping 10 microcode 0xb4, cmov, cx8, fxsr, mmx, sse, sse2, sse3, ssse3, sse4.1, sse4.2, popcnt, avx, avx2, aes, clmul, erms, 3dnowpref, lzcnt, ht, tsc, tscinvbit, bmi1, bmi2, adx, fma

Memory: 4k page, system-wide physical 16273M (8273M free)
TotalPageFile size 18705M (AvailPageFile size 7410M)
current process WorkingSet (physical memory assigned to process): 495M, peak: 620M
current process commit charge ("private bytes"): 507M, peak: 666M

vm_info: Java HotSpot(TM) 64-Bit Server VM (11.0.18+9-LTS-195) for windows-amd64 JRE (11.0.18+9-LTS-195), built on Dec  6 2022 15:50:58 by "mach5one" with MS VC++ 17.1 (VS2022)

END.
